<?xml version="1.0" encoding="UTF-8"?>
<testsuites name="01HU-Login-Cierre de Sesión" time="1418.189" tests="17" failures="7" errors="0">
   <testsuite name="01HU-Login-Cierre de Sesión" tests="17" failures="7" errors="0" time="1418.189" skipped="0" timestamp="2022-04-29 16:22:16" hostname="Jesus_Berbin - Ender-Lobo" id="Test Suites/01HU-Login-Cierre de Sesión">
      <properties>
         <property name="deviceName" value="samsung SM-A105M (Android 11)"/>
         <property name="devicePlatform" value=""/>
         <property name="logFolder" value="C:\\Users\\Jesus_Berbin\\git\\UENO-App-Android\\Reports\\20220429_162154\\01HU-Login-Cierre de Sesi\u00F3n\\20220429_162201"/>
         <property name="logFiles" value="C:\\Users\\Jesus_Berbin\\git\\UENO-App-Android\\Reports\\20220429_162154\\01HU-Login-Cierre de Sesi\u00F3n\\20220429_162201\\appium.log, C:\\Users\\Jesus_Berbin\\git\\UENO-App-Android\\Reports\\20220429_162154\\01HU-Login-Cierre de Sesi\u00F3n\\20220429_162201\\execution0.log"/>
         <property name="attachments" value="C:\\Users\\Jesus_Berbin\\git\\UENO-App-Android\\Reports\\20220429_162154\\01HU-Login-Cierre de Sesi\u00F3n\\20220429_162201\\1651263903559.png, C:\\Users\\Jesus_Berbin\\git\\UENO-App-Android\\Reports\\20220429_162154\\01HU-Login-Cierre de Sesi\u00F3n\\20220429_162201\\1651263904388.png, C:\\Users\\Jesus_Berbin\\git\\UENO-App-Android\\Reports\\20220429_162154\\01HU-Login-Cierre de Sesi\u00F3n\\20220429_162201\\1651263905675.png, C:\\Users\\Jesus_Berbin\\git\\UENO-App-Android\\Reports\\20220429_162154\\01HU-Login-Cierre de Sesi\u00F3n\\20220429_162201\\1651264644234.png"/>
         <property name="hostName" value="Jesus_Berbin - Ender-Lobo"/>
         <property name="os" value="Windows 10 64bit"/>
         <property name="appiumServerStatus" value="{&quot;value&quot;:{&quot;build&quot;:{&quot;version&quot;:&quot;1.22.0&quot;}},&quot;sessionId&quot;:null,&quot;status&quot;:0}"/>
         <property name="katalonVersion" value="8.3.0.208"/>
         <property name="deviceOS" value="Android"/>
         <property name="appiumVersion" value="1.22.0"/>
         <property name="deviceModel" value="SM-A105M"/>
         <property name="hostAddress" value="192.168.17.1"/>
         <property name="deviceManufacturer" value="samsung"/>
         <property name="deviceId" value="R28M42G369B"/>
         <property name="deviceName" value="samsung SM-A105M (Android 11)"/>
         <property name="deviceOSVersion" value="11"/>
      </properties>
      <testcase name="Test Cases/01HU-Login-Cierre de Sesión/01 Especificaciones Funcionales - Primer Login exitoso del Cliente" time="41.803" classname="Test Cases/01HU-Login-Cierre de Sesión/01 Especificaciones Funcionales - Primer Login exitoso del Cliente" status="FAILED">
         <failure type="FAILED" message="Test Cases/01HU-Login-Cierre de Sesión/01 Especificaciones Funcionales - Primer Login exitoso del Cliente FAILED.
Reason:
com.kms.katalon.core.exception.StepFailedException: Unable to start app at: 'C:\Users\Jesus_Berbin\Documents\Cursos\Sybven\UENO\crtopyinfinitymobilebanking-release.apk' (Root cause: org.openqa.selenium.SessionNotCreatedException: Unable to create a new remote session. Please check the server log for more details. Original error: An unknown server-side error occurred while processing the command. Original error: Error executing adbExec. Original error: 'Command 'C:\\Users\\Jesus_Berbin\\AppData\\Local\\Android\\Sdk\\platform-tools\\adb.exe -P 5037 -s R28M42G369B install -r -g C:\\Users\\Jesus_Berbin\\Documents\\Cursos\\Sybven\\UENO\\crtopyinfinitymobilebanking-release.apk' exited with code 1'; Stderr: 'adb: failed to install C:\Users\Jesus_Berbin\Documents\Cursos\Sybven\UENO\crtopyinfinitymobilebanking-release.apk: Failure [INSTALL_FAILED_PACKAGE_CHANGED: Package was removed before install could complete.]'; Code: '1'
Build info: version: '3.141.59', revision: 'e82be7d358', time: '2018-11-14T08:25:53'
System info: host: 'ENDER-LOBO', ip: '192.168.17.1', os.name: 'Windows 10', os.arch: 'amd64', os.version: '10.0', java.version: '1.8.0_282'
Driver info: driver.version: SwipeableAndroidDriver
remote stacktrace: UnknownError: An unknown server-side error occurred while processing the command. Original error: Error executing adbExec. Original error: 'Command 'C:\\Users\\Jesus_Berbin\\AppData\\Local\\Android\\Sdk\\platform-tools\\adb.exe -P 5037 -s R28M42G369B install -r -g C:\\Users\\Jesus_Berbin\\Documents\\Cursos\\Sybven\\UENO\\crtopyinfinitymobilebanking-release.apk' exited with code 1'; Stderr: 'adb: failed to install C:\Users\Jesus_Berbin\Documents\Cursos\Sybven\UENO\crtopyinfinitymobilebanking-release.apk: Failure [INSTALL_FAILED_PACKAGE_CHANGED: Package was removed before install could complete.]'; Code: '1'
    at getResponseForW3CError (C:\Users\Jesus_Berbin\AppData\Roaming\npm\node_modules\appium\node_modules\appium-base-driver\lib\protocol\errors.js:804:9)
    at asyncHandler (C:\Users\Jesus_Berbin\AppData\Roaming\npm\node_modules\appium\node_modules\appium-base-driver\lib\protocol\protocol.js:380:37)
Build info: version: '3.141.59', revision: 'e82be7d358', time: '2018-11-14T08:25:53'
System info: host: 'ENDER-LOBO', ip: '192.168.17.1', os.name: 'Windows 10', os.arch: 'amd64', os.version: '10.0', java.version: '1.8.0_282'
Driver info: driver.version: SwipeableAndroidDriver
	at io.appium.java_client.remote.AppiumCommandExecutor$1.createSession(AppiumCommandExecutor.java:208)
	at io.appium.java_client.remote.AppiumCommandExecutor.createSession(AppiumCommandExecutor.java:217)
	at io.appium.java_client.remote.AppiumCommandExecutor.execute(AppiumCommandExecutor.java:239)
	at org.openqa.selenium.remote.RemoteWebDriver.execute(RemoteWebDriver.java:552)
	at io.appium.java_client.DefaultGenericMobileDriver.execute(DefaultGenericMobileDriver.java:42)
	at io.appium.java_client.AppiumDriver.execute(AppiumDriver.java:1)
	at io.appium.java_client.android.AndroidDriver.execute(AndroidDriver.java:1)
	at com.kms.katalon.core.appium.driver.SwipeableAndroidDriver.execute(SwipeableAndroidDriver.java:1)
	at org.openqa.selenium.remote.RemoteWebDriver.startSession(RemoteWebDriver.java:213)
	at org.openqa.selenium.remote.RemoteWebDriver.&lt;init>(RemoteWebDriver.java:131)
	at io.appium.java_client.DefaultGenericMobileDriver.&lt;init>(DefaultGenericMobileDriver.java:38)
	at io.appium.java_client.AppiumDriver.&lt;init>(AppiumDriver.java:84)
	at io.appium.java_client.android.AndroidDriver.&lt;init>(AndroidDriver.java:85)
	at com.kms.katalon.core.appium.driver.SwipeableAndroidDriver.&lt;init>(SwipeableAndroidDriver.java:24)
	at com.kms.katalon.core.appium.driver.AppiumDriverManager.createMobileDriver(AppiumDriverManager.java:503)
	at com.kms.katalon.core.appium.driver.AppiumDriverManager.createMobileDriver(AppiumDriverManager.java:485)
	at com.kms.katalon.core.mobile.keyword.internal.MobileDriverFactory.startLocalMobileDriver(MobileDriverFactory.java:539)
	at com.kms.katalon.core.mobile.keyword.internal.MobileDriverFactory.startMobileDriver(MobileDriverFactory.java:452)
	at com.kms.katalon.core.mobile.keyword.builtin.StartApplicationKeyword$_startApplication_closure1.doCall(StartApplicationKeyword.groovy:49)
	at com.kms.katalon.core.mobile.keyword.builtin.StartApplicationKeyword$_startApplication_closure1.call(StartApplicationKeyword.groovy)
	at com.kms.katalon.core.mobile.keyword.internal.MobileKeywordMain.runKeyword(MobileKeywordMain.groovy:21)
	at com.kms.katalon.core.mobile.keyword.builtin.StartApplicationKeyword.startApplication(StartApplicationKeyword.groovy:51)
	at com.kms.katalon.core.mobile.keyword.builtin.StartApplicationKeyword.execute(StartApplicationKeyword.groovy:40)
	at com.kms.katalon.core.keyword.internal.KeywordExecutor.executeKeywordForPlatform(KeywordExecutor.groovy:74)
	at com.kms.katalon.core.mobile.keyword.MobileBuiltInKeywords.startApplication(MobileBuiltInKeywords.groovy:78)
	at com.kms.katalon.core.mobile.keyword.MobileBuiltInKeywords$startApplication.call(Unknown Source)
	at 01 Especificaciones Funcionales - Primer Login exitoso del Cliente.run(01 Especificaciones Funcionales - Primer Login exitoso del Cliente:20)
	at com.kms.katalon.core.main.ScriptEngine.run(ScriptEngine.java:194)
	at com.kms.katalon.core.main.ScriptEngine.runScriptAsRawText(ScriptEngine.java:119)
	at com.kms.katalon.core.main.TestCaseExecutor.runScript(TestCaseExecutor.java:445)
	at com.kms.katalon.core.main.TestCaseExecutor.doExecute(TestCaseExecutor.java:436)
	at com.kms.katalon.core.main.TestCaseExecutor.processExecutionPhase(TestCaseExecutor.java:415)
	at com.kms.katalon.core.main.TestCaseExecutor.accessMainPhase(TestCaseExecutor.java:407)
	at com.kms.katalon.core.main.TestCaseExecutor.execute(TestCaseExecutor.java:284)
	at com.kms.katalon.core.common.CommonExecutor.accessTestCaseMainPhase(CommonExecutor.java:65)
	at com.kms.katalon.core.main.TestSuiteExecutor.accessTestSuiteMainPhase(TestSuiteExecutor.java:144)
	at com.kms.katalon.core.main.TestSuiteExecutor.execute(TestSuiteExecutor.java:106)
	at com.kms.katalon.core.main.TestCaseMain.startTestSuite(TestCaseMain.java:185)
	at com.kms.katalon.core.main.TestCaseMain$startTestSuite$0.call(Unknown Source)
	at TempTestSuite1651263721294.run(TempTestSuite1651263721294.groovy:36)
Caused by: java.lang.reflect.InvocationTargetException
	at io.appium.java_client.remote.AppiumCommandExecutor$1.createSession(AppiumCommandExecutor.java:186)
	at io.appium.java_client.remote.AppiumCommandExecutor.createSession(AppiumCommandExecutor.java:217)
	at io.appium.java_client.remote.AppiumCommandExecutor.execute(AppiumCommandExecutor.java:239)
	at org.openqa.selenium.remote.RemoteWebDriver.execute(RemoteWebDriver.java:552)
	at io.appium.java_client.DefaultGenericMobileDriver.execute(DefaultGenericMobileDriver.java:42)
	at io.appium.java_client.AppiumDriver.execute(AppiumDriver.java:1)
	at io.appium.java_client.android.AndroidDriver.execute(AndroidDriver.java:1)
	at com.kms.katalon.core.appium.driver.SwipeableAndroidDriver.execute(SwipeableAndroidDriver.java:1)
	at org.openqa.selenium.remote.RemoteWebDriver.startSession(RemoteWebDriver.java:213)
	at org.openqa.selenium.remote.RemoteWebDriver.&lt;init>(RemoteWebDriver.java:131)
	at io.appium.java_client.DefaultGenericMobileDriver.&lt;init>(DefaultGenericMobileDriver.java:38)
	at io.appium.java_client.AppiumDriver.&lt;init>(AppiumDriver.java:84)
	at io.appium.java_client.android.AndroidDriver.&lt;init>(AndroidDriver.java:85)
	at com.kms.katalon.core.appium.driver.SwipeableAndroidDriver.&lt;init>(SwipeableAndroidDriver.java:24)
	at com.kms.katalon.core.appium.driver.AppiumDriverManager.createMobileDriver(AppiumDriverManager.java:503)
	at com.kms.katalon.core.appium.driver.AppiumDriverManager.createMobileDriver(AppiumDriverManager.java:485)
	at com.kms.katalon.core.mobile.keyword.internal.MobileDriverFactory.startLocalMobileDriver(MobileDriverFactory.java:539)
	at com.kms.katalon.core.mobile.keyword.internal.MobileDriverFactory.startMobileDriver(MobileDriverFactory.java:452)
	at com.kms.katalon.core.mobile.keyword.builtin.StartApplicationKeyword$_startApplication_closure1.doCall(StartApplicationKeyword.groovy:49)
	at com.kms.katalon.core.mobile.keyword.builtin.StartApplicationKeyword$_startApplication_closure1.call(StartApplicationKeyword.groovy)
	at com.kms.katalon.core.mobile.keyword.internal.MobileKeywordMain.runKeyword(MobileKeywordMain.groovy:21)
	at com.kms.katalon.core.mobile.keyword.builtin.StartApplicationKeyword.startApplication(StartApplicationKeyword.groovy:51)
	at com.kms.katalon.core.mobile.keyword.builtin.StartApplicationKeyword.execute(StartApplicationKeyword.groovy:40)
	at com.kms.katalon.core.keyword.internal.KeywordExecutor.executeKeywordForPlatform(KeywordExecutor.groovy:74)
	at com.kms.katalon.core.mobile.keyword.MobileBuiltInKeywords.startApplication(MobileBuiltInKeywords.groovy:78)
	at com.kms.katalon.core.mobile.keyword.MobileBuiltInKeywords$startApplication.call(Unknown Source)
	at Script1650980472078.run(Script1650980472078.groovy:20)
	... 13 more
Caused by: org.openqa.selenium.WebDriverException: An unknown server-side error occurred while processing the command. Original error: Error executing adbExec. Original error: 'Command 'C:\\Users\\Jesus_Berbin\\AppData\\Local\\Android\\Sdk\\platform-tools\\adb.exe -P 5037 -s R28M42G369B install -r -g C:\\Users\\Jesus_Berbin\\Documents\\Cursos\\Sybven\\UENO\\crtopyinfinitymobilebanking-release.apk' exited with code 1'; Stderr: 'adb: failed to install C:\Users\Jesus_Berbin\Documents\Cursos\Sybven\UENO\crtopyinfinitymobilebanking-release.apk: Failure [INSTALL_FAILED_PACKAGE_CHANGED: Package was removed before install could complete.]'; Code: '1'
Build info: version: '3.141.59', revision: 'e82be7d358', time: '2018-11-14T08:25:53'
System info: host: 'ENDER-LOBO', ip: '192.168.17.1', os.name: 'Windows 10', os.arch: 'amd64', os.version: '10.0', java.version: '1.8.0_282'
Driver info: driver.version: SwipeableAndroidDriver
remote stacktrace: UnknownError: An unknown server-side error occurred while processing the command. Original error: Error executing adbExec. Original error: 'Command 'C:\\Users\\Jesus_Berbin\\AppData\\Local\\Android\\Sdk\\platform-tools\\adb.exe -P 5037 -s R28M42G369B install -r -g C:\\Users\\Jesus_Berbin\\Documents\\Cursos\\Sybven\\UENO\\crtopyinfinitymobilebanking-release.apk' exited with code 1'; Stderr: 'adb: failed to install C:\Users\Jesus_Berbin\Documents\Cursos\Sybven\UENO\crtopyinfinitymobilebanking-release.apk: Failure [INSTALL_FAILED_PACKAGE_CHANGED: Package was removed before install could complete.]'; Code: '1'
    at getResponseForW3CError (C:\Users\Jesus_Berbin\AppData\Roaming\npm\node_modules\appium\node_modules\appium-base-driver\lib\protocol\errors.js:804:9)
    at asyncHandler (C:\Users\Jesus_Berbin\AppData\Roaming\npm\node_modules\appium\node_modules\appium-base-driver\lib\protocol\protocol.js:380:37)
	at org.openqa.selenium.remote.W3CHandshakeResponse.lambda$errorHandler$0(W3CHandshakeResponse.java:62)
	at org.openqa.selenium.remote.HandshakeResponse.lambda$getResponseFunction$0(HandshakeResponse.java:30)
	at org.openqa.selenium.remote.ProtocolHandshake.lambda$createSession$0(ProtocolHandshake.java:126)
	at org.openqa.selenium.remote.ProtocolHandshake.createSession(ProtocolHandshake.java:128)
	... 40 more
)
	at com.kms.katalon.core.keyword.internal.KeywordMain.stepFailed(KeywordMain.groovy:39)
	at com.kms.katalon.core.mobile.keyword.internal.MobileKeywordMain.stepFailed(MobileKeywordMain.groovy:40)
	at com.kms.katalon.core.mobile.keyword.internal.MobileKeywordMain.runKeyword(MobileKeywordMain.groovy:23)
	at com.kms.katalon.core.mobile.keyword.builtin.StartApplicationKeyword.startApplication(StartApplicationKeyword.groovy:51)
	at com.kms.katalon.core.mobile.keyword.builtin.StartApplicationKeyword.execute(StartApplicationKeyword.groovy:40)
	at com.kms.katalon.core.keyword.internal.KeywordExecutor.executeKeywordForPlatform(KeywordExecutor.groovy:74)
	at com.kms.katalon.core.mobile.keyword.MobileBuiltInKeywords.startApplication(MobileBuiltInKeywords.groovy:78)
	at com.kms.katalon.core.mobile.keyword.MobileBuiltInKeywords$startApplication.call(Unknown Source)
	at 01 Especificaciones Funcionales - Primer Login exitoso del Cliente.run(01 Especificaciones Funcionales - Primer Login exitoso del Cliente:20)
	at com.kms.katalon.core.main.ScriptEngine.run(ScriptEngine.java:194)
	at com.kms.katalon.core.main.ScriptEngine.runScriptAsRawText(ScriptEngine.java:119)
	at com.kms.katalon.core.main.TestCaseExecutor.runScript(TestCaseExecutor.java:445)
	at com.kms.katalon.core.main.TestCaseExecutor.doExecute(TestCaseExecutor.java:436)
	at com.kms.katalon.core.main.TestCaseExecutor.processExecutionPhase(TestCaseExecutor.java:415)
	at com.kms.katalon.core.main.TestCaseExecutor.accessMainPhase(TestCaseExecutor.java:407)
	at com.kms.katalon.core.main.TestCaseExecutor.execute(TestCaseExecutor.java:284)
	at com.kms.katalon.core.common.CommonExecutor.accessTestCaseMainPhase(CommonExecutor.java:65)
	at com.kms.katalon.core.main.TestSuiteExecutor.accessTestSuiteMainPhase(TestSuiteExecutor.java:144)
	at com.kms.katalon.core.main.TestSuiteExecutor.execute(TestSuiteExecutor.java:106)
	at com.kms.katalon.core.main.TestCaseMain.startTestSuite(TestCaseMain.java:185)
	at com.kms.katalon.core.main.TestCaseMain$startTestSuite$0.call(Unknown Source)
	at TempTestSuite1651263721294.run(TempTestSuite1651263721294.groovy:36)
Caused by: org.openqa.selenium.SessionNotCreatedException: Unable to create a new remote session. Please check the server log for more details. Original error: An unknown server-side error occurred while processing the command. Original error: Error executing adbExec. Original error: 'Command 'C:\\Users\\Jesus_Berbin\\AppData\\Local\\Android\\Sdk\\platform-tools\\adb.exe -P 5037 -s R28M42G369B install -r -g C:\\Users\\Jesus_Berbin\\Documents\\Cursos\\Sybven\\UENO\\crtopyinfinitymobilebanking-release.apk' exited with code 1'; Stderr: 'adb: failed to install C:\Users\Jesus_Berbin\Documents\Cursos\Sybven\UENO\crtopyinfinitymobilebanking-release.apk: Failure [INSTALL_FAILED_PACKAGE_CHANGED: Package was removed before install could complete.]'; Code: '1'
Build info: version: '3.141.59', revision: 'e82be7d358', time: '2018-11-14T08:25:53'
System info: host: 'ENDER-LOBO', ip: '192.168.17.1', os.name: 'Windows 10', os.arch: 'amd64', os.version: '10.0', java.version: '1.8.0_282'
Driver info: driver.version: SwipeableAndroidDriver
remote stacktrace: UnknownError: An unknown server-side error occurred while processing the command. Original error: Error executing adbExec. Original error: 'Command 'C:\\Users\\Jesus_Berbin\\AppData\\Local\\Android\\Sdk\\platform-tools\\adb.exe -P 5037 -s R28M42G369B install -r -g C:\\Users\\Jesus_Berbin\\Documents\\Cursos\\Sybven\\UENO\\crtopyinfinitymobilebanking-release.apk' exited with code 1'; Stderr: 'adb: failed to install C:\Users\Jesus_Berbin\Documents\Cursos\Sybven\UENO\crtopyinfinitymobilebanking-release.apk: Failure [INSTALL_FAILED_PACKAGE_CHANGED: Package was removed before install could complete.]'; Code: '1'
    at getResponseForW3CError (C:\Users\Jesus_Berbin\AppData\Roaming\npm\node_modules\appium\node_modules\appium-base-driver\lib\protocol\errors.js:804:9)
    at asyncHandler (C:\Users\Jesus_Berbin\AppData\Roaming\npm\node_modules\appium\node_modules\appium-base-driver\lib\protocol\protocol.js:380:37)
Build info: version: '3.141.59', revision: 'e82be7d358', time: '2018-11-14T08:25:53'
System info: host: 'ENDER-LOBO', ip: '192.168.17.1', os.name: 'Windows 10', os.arch: 'amd64', os.version: '10.0', java.version: '1.8.0_282'
Driver info: driver.version: SwipeableAndroidDriver
	at io.appium.java_client.remote.AppiumCommandExecutor$1.createSession(AppiumCommandExecutor.java:208)
	at io.appium.java_client.remote.AppiumCommandExecutor.createSession(AppiumCommandExecutor.java:217)
	at io.appium.java_client.remote.AppiumCommandExecutor.execute(AppiumCommandExecutor.java:239)
	at org.openqa.selenium.remote.RemoteWebDriver.execute(RemoteWebDriver.java:552)
	at io.appium.java_client.DefaultGenericMobileDriver.execute(DefaultGenericMobileDriver.java:42)
	at io.appium.java_client.AppiumDriver.execute(AppiumDriver.java:1)
	at io.appium.java_client.android.AndroidDriver.execute(AndroidDriver.java:1)
	at com.kms.katalon.core.appium.driver.SwipeableAndroidDriver.execute(SwipeableAndroidDriver.java:1)
	at org.openqa.selenium.remote.RemoteWebDriver.startSession(RemoteWebDriver.java:213)
	at org.openqa.selenium.remote.RemoteWebDriver.&lt;init>(RemoteWebDriver.java:131)
	at io.appium.java_client.DefaultGenericMobileDriver.&lt;init>(DefaultGenericMobileDriver.java:38)
	at io.appium.java_client.AppiumDriver.&lt;init>(AppiumDriver.java:84)
	at io.appium.java_client.android.AndroidDriver.&lt;init>(AndroidDriver.java:85)
	at com.kms.katalon.core.appium.driver.SwipeableAndroidDriver.&lt;init>(SwipeableAndroidDriver.java:24)
	at com.kms.katalon.core.appium.driver.AppiumDriverManager.createMobileDriver(AppiumDriverManager.java:503)
	at com.kms.katalon.core.appium.driver.AppiumDriverManager.createMobileDriver(AppiumDriverManager.java:485)
	at com.kms.katalon.core.mobile.keyword.internal.MobileDriverFactory.startLocalMobileDriver(MobileDriverFactory.java:539)
	at com.kms.katalon.core.mobile.keyword.internal.MobileDriverFactory.startMobileDriver(MobileDriverFactory.java:452)
	at com.kms.katalon.core.mobile.keyword.builtin.StartApplicationKeyword$_startApplication_closure1.doCall(StartApplicationKeyword.groovy:49)
	at com.kms.katalon.core.mobile.keyword.builtin.StartApplicationKeyword$_startApplication_closure1.call(StartApplicationKeyword.groovy)
	at com.kms.katalon.core.mobile.keyword.internal.MobileKeywordMain.runKeyword(MobileKeywordMain.groovy:21)
	... 19 more
Caused by: java.lang.reflect.InvocationTargetException
	at io.appium.java_client.remote.AppiumCommandExecutor$1.createSession(AppiumCommandExecutor.java:186)
	at io.appium.java_client.remote.AppiumCommandExecutor.createSession(AppiumCommandExecutor.java:217)
	at io.appium.java_client.remote.AppiumCommandExecutor.execute(AppiumCommandExecutor.java:239)
	at org.openqa.selenium.remote.RemoteWebDriver.execute(RemoteWebDriver.java:552)
	at io.appium.java_client.DefaultGenericMobileDriver.execute(DefaultGenericMobileDriver.java:42)
	at io.appium.java_client.AppiumDriver.execute(AppiumDriver.java:1)
	at io.appium.java_client.android.AndroidDriver.execute(AndroidDriver.java:1)
	at com.kms.katalon.core.appium.driver.SwipeableAndroidDriver.execute(SwipeableAndroidDriver.java:1)
	at org.openqa.selenium.remote.RemoteWebDriver.startSession(RemoteWebDriver.java:213)
	at org.openqa.selenium.remote.RemoteWebDriver.&lt;init>(RemoteWebDriver.java:131)
	at io.appium.java_client.DefaultGenericMobileDriver.&lt;init>(DefaultGenericMobileDriver.java:38)
	at io.appium.java_client.AppiumDriver.&lt;init>(AppiumDriver.java:84)
	at io.appium.java_client.android.AndroidDriver.&lt;init>(AndroidDriver.java:85)
	at com.kms.katalon.core.appium.driver.SwipeableAndroidDriver.&lt;init>(SwipeableAndroidDriver.java:24)
	at com.kms.katalon.core.appium.driver.AppiumDriverManager.createMobileDriver(AppiumDriverManager.java:503)
	at com.kms.katalon.core.appium.driver.AppiumDriverManager.createMobileDriver(AppiumDriverManager.java:485)
	at com.kms.katalon.core.mobile.keyword.internal.MobileDriverFactory.startLocalMobileDriver(MobileDriverFactory.java:539)
	at com.kms.katalon.core.mobile.keyword.internal.MobileDriverFactory.startMobileDriver(MobileDriverFactory.java:452)
	at com.kms.katalon.core.mobile.keyword.builtin.StartApplicationKeyword$_startApplication_closure1.doCall(StartApplicationKeyword.groovy:49)
	at com.kms.katalon.core.mobile.keyword.builtin.StartApplicationKeyword$_startApplication_closure1.call(StartApplicationKeyword.groovy)
	at com.kms.katalon.core.mobile.keyword.internal.MobileKeywordMain.runKeyword(MobileKeywordMain.groovy:21)
	at com.kms.katalon.core.mobile.keyword.builtin.StartApplicationKeyword.startApplication(StartApplicationKeyword.groovy:51)
	at com.kms.katalon.core.mobile.keyword.builtin.StartApplicationKeyword.execute(StartApplicationKeyword.groovy:40)
	at com.kms.katalon.core.keyword.internal.KeywordExecutor.executeKeywordForPlatform(KeywordExecutor.groovy:74)
	at com.kms.katalon.core.mobile.keyword.MobileBuiltInKeywords.startApplication(MobileBuiltInKeywords.groovy:78)
	at com.kms.katalon.core.mobile.keyword.MobileBuiltInKeywords$startApplication.call(Unknown Source)
	at Script1650980472078.run(Script1650980472078.groovy:20)
	... 13 more
Caused by: org.openqa.selenium.WebDriverException: An unknown server-side error occurred while processing the command. Original error: Error executing adbExec. Original error: 'Command 'C:\\Users\\Jesus_Berbin\\AppData\\Local\\Android\\Sdk\\platform-tools\\adb.exe -P 5037 -s R28M42G369B install -r -g C:\\Users\\Jesus_Berbin\\Documents\\Cursos\\Sybven\\UENO\\crtopyinfinitymobilebanking-release.apk' exited with code 1'; Stderr: 'adb: failed to install C:\Users\Jesus_Berbin\Documents\Cursos\Sybven\UENO\crtopyinfinitymobilebanking-release.apk: Failure [INSTALL_FAILED_PACKAGE_CHANGED: Package was removed before install could complete.]'; Code: '1'
Build info: version: '3.141.59', revision: 'e82be7d358', time: '2018-11-14T08:25:53'
System info: host: 'ENDER-LOBO', ip: '192.168.17.1', os.name: 'Windows 10', os.arch: 'amd64', os.version: '10.0', java.version: '1.8.0_282'
Driver info: driver.version: SwipeableAndroidDriver
remote stacktrace: UnknownError: An unknown server-side error occurred while processing the command. Original error: Error executing adbExec. Original error: 'Command 'C:\\Users\\Jesus_Berbin\\AppData\\Local\\Android\\Sdk\\platform-tools\\adb.exe -P 5037 -s R28M42G369B install -r -g C:\\Users\\Jesus_Berbin\\Documents\\Cursos\\Sybven\\UENO\\crtopyinfinitymobilebanking-release.apk' exited with code 1'; Stderr: 'adb: failed to install C:\Users\Jesus_Berbin\Documents\Cursos\Sybven\UENO\crtopyinfinitymobilebanking-release.apk: Failure [INSTALL_FAILED_PACKAGE_CHANGED: Package was removed before install could complete.]'; Code: '1'
    at getResponseForW3CError (C:\Users\Jesus_Berbin\AppData\Roaming\npm\node_modules\appium\node_modules\appium-base-driver\lib\protocol\errors.js:804:9)
    at asyncHandler (C:\Users\Jesus_Berbin\AppData\Roaming\npm\node_modules\appium\node_modules\appium-base-driver\lib\protocol\protocol.js:380:37)
	at org.openqa.selenium.remote.W3CHandshakeResponse.lambda$errorHandler$0(W3CHandshakeResponse.java:62)
	at org.openqa.selenium.remote.HandshakeResponse.lambda$getResponseFunction$0(HandshakeResponse.java:30)
	at org.openqa.selenium.remote.ProtocolHandshake.lambda$createSession$0(ProtocolHandshake.java:126)
	at org.openqa.selenium.remote.ProtocolHandshake.createSession(ProtocolHandshake.java:128)
	at io.appium.java_client.remote.AppiumCommandExecutor$1.createSession(AppiumCommandExecutor.java:186)
	at io.appium.java_client.remote.AppiumCommandExecutor.createSession(AppiumCommandExecutor.java:217)
	at io.appium.java_client.remote.AppiumCommandExecutor.execute(AppiumCommandExecutor.java:239)
	at org.openqa.selenium.remote.RemoteWebDriver.execute(RemoteWebDriver.java:552)
	at io.appium.java_client.DefaultGenericMobileDriver.execute(DefaultGenericMobileDriver.java:42)
	at io.appium.java_client.AppiumDriver.execute(AppiumDriver.java:1)
	at io.appium.java_client.android.AndroidDriver.execute(AndroidDriver.java:1)
	at com.kms.katalon.core.appium.driver.SwipeableAndroidDriver.execute(SwipeableAndroidDriver.java:1)
	at org.openqa.selenium.remote.RemoteWebDriver.startSession(RemoteWebDriver.java:213)
	at org.openqa.selenium.remote.RemoteWebDriver.&lt;init>(RemoteWebDriver.java:131)
	at io.appium.java_client.DefaultGenericMobileDriver.&lt;init>(DefaultGenericMobileDriver.java:38)
	at io.appium.java_client.AppiumDriver.&lt;init>(AppiumDriver.java:84)
	at io.appium.java_client.android.AndroidDriver.&lt;init>(AndroidDriver.java:85)
	at com.kms.katalon.core.appium.driver.SwipeableAndroidDriver.&lt;init>(SwipeableAndroidDriver.java:24)
	at com.kms.katalon.core.appium.driver.AppiumDriverManager.createMobileDriver(AppiumDriverManager.java:503)
	at com.kms.katalon.core.appium.driver.AppiumDriverManager.createMobileDriver(AppiumDriverManager.java:485)
	at com.kms.katalon.core.mobile.keyword.internal.MobileDriverFactory.startLocalMobileDriver(MobileDriverFactory.java:539)
	at com.kms.katalon.core.mobile.keyword.internal.MobileDriverFactory.startMobileDriver(MobileDriverFactory.java:452)
	at com.kms.katalon.core.mobile.keyword.builtin.StartApplicationKeyword$_startApplication_closure1.doCall(StartApplicationKeyword.groovy:49)
	at com.kms.katalon.core.mobile.keyword.builtin.StartApplicationKeyword$_startApplication_closure1.call(StartApplicationKeyword.groovy)
	at com.kms.katalon.core.mobile.keyword.internal.MobileKeywordMain.runKeyword(MobileKeywordMain.groovy:21)
	at com.kms.katalon.core.mobile.keyword.builtin.StartApplicationKeyword.startApplication(StartApplicationKeyword.groovy:51)
	at com.kms.katalon.core.mobile.keyword.builtin.StartApplicationKeyword.execute(StartApplicationKeyword.groovy:40)
	at com.kms.katalon.core.keyword.internal.KeywordExecutor.executeKeywordForPlatform(KeywordExecutor.groovy:74)
	at com.kms.katalon.core.mobile.keyword.MobileBuiltInKeywords.startApplication(MobileBuiltInKeywords.groovy:78)
	at com.kms.katalon.core.mobile.keyword.MobileBuiltInKeywords$startApplication.call(Unknown Source)
	at 01 Especificaciones Funcionales - Primer Login exitoso del Cliente.run(01 Especificaciones Funcionales - Primer Login exitoso del Cliente:20)
	... 13 more
"/>
         <system-out><![CDATA[2022-04-29 16:22:16 - [TEST_CASE][FAILED] - Test Cases/01HU-Login-Cierre de Sesión/01 Especificaciones Funcionales - Primer Login exitoso del Cliente: Test Cases/01HU-Login-Cierre de Sesión/01 Especificaciones Funcionales - Primer Login exitoso del Cliente FAILED.
Reason:
com.kms.katalon.core.exception.StepFailedException: Unable to start app at: 'C:\Users\Jesus_Berbin\Documents\Cursos\Sybven\UENO\crtopyinfinitymobilebanking-release.apk' (Root cause: org.openqa.selenium.SessionNotCreatedException: Unable to create a new remote session. Please check the server log for more details. Original error: An unknown server-side error occurred while processing the command. Original error: Error executing adbExec. Original error: 'Command 'C:\\Users\\Jesus_Berbin\\AppData\\Local\\Android\\Sdk\\platform-tools\\adb.exe -P 5037 -s R28M42G369B install -r -g C:\\Users\\Jesus_Berbin\\Documents\\Cursos\\Sybven\\UENO\\crtopyinfinitymobilebanking-release.apk' exited with code 1'; Stderr: 'adb: failed to install C:\Users\Jesus_Berbin\Documents\Cursos\Sybven\UENO\crtopyinfinitymobilebanking-release.apk: Failure [INSTALL_FAILED_PACKAGE_CHANGED: Package was removed before install could complete.]'; Code: '1'
Build info: version: '3.141.59', revision: 'e82be7d358', time: '2018-11-14T08:25:53'
System info: host: 'ENDER-LOBO', ip: '192.168.17.1', os.name: 'Windows 10', os.arch: 'amd64', os.version: '10.0', java.version: '1.8.0_282'
Driver info: driver.version: SwipeableAndroidDriver
remote stacktrace: UnknownError: An unknown server-side error occurred while processing the command. Original error: Error executing adbExec. Original error: 'Command 'C:\\Users\\Jesus_Berbin\\AppData\\Local\\Android\\Sdk\\platform-tools\\adb.exe -P 5037 -s R28M42G369B install -r -g C:\\Users\\Jesus_Berbin\\Documents\\Cursos\\Sybven\\UENO\\crtopyinfinitymobilebanking-release.apk' exited with code 1'; Stderr: 'adb: failed to install C:\Users\Jesus_Berbin\Documents\Cursos\Sybven\UENO\crtopyinfinitymobilebanking-release.apk: Failure [INSTALL_FAILED_PACKAGE_CHANGED: Package was removed before install could complete.]'; Code: '1'
    at getResponseForW3CError (C:\Users\Jesus_Berbin\AppData\Roaming\npm\node_modules\appium\node_modules\appium-base-driver\lib\protocol\errors.js:804:9)
    at asyncHandler (C:\Users\Jesus_Berbin\AppData\Roaming\npm\node_modules\appium\node_modules\appium-base-driver\lib\protocol\protocol.js:380:37)
Build info: version: '3.141.59', revision: 'e82be7d358', time: '2018-11-14T08:25:53'
System info: host: 'ENDER-LOBO', ip: '192.168.17.1', os.name: 'Windows 10', os.arch: 'amd64', os.version: '10.0', java.version: '1.8.0_282'
Driver info: driver.version: SwipeableAndroidDriver
	at io.appium.java_client.remote.AppiumCommandExecutor$1.createSession(AppiumCommandExecutor.java:208)
	at io.appium.java_client.remote.AppiumCommandExecutor.createSession(AppiumCommandExecutor.java:217)
	at io.appium.java_client.remote.AppiumCommandExecutor.execute(AppiumCommandExecutor.java:239)
	at org.openqa.selenium.remote.RemoteWebDriver.execute(RemoteWebDriver.java:552)
	at io.appium.java_client.DefaultGenericMobileDriver.execute(DefaultGenericMobileDriver.java:42)
	at io.appium.java_client.AppiumDriver.execute(AppiumDriver.java:1)
	at io.appium.java_client.android.AndroidDriver.execute(AndroidDriver.java:1)
	at com.kms.katalon.core.appium.driver.SwipeableAndroidDriver.execute(SwipeableAndroidDriver.java:1)
	at org.openqa.selenium.remote.RemoteWebDriver.startSession(RemoteWebDriver.java:213)
	at org.openqa.selenium.remote.RemoteWebDriver.<init>(RemoteWebDriver.java:131)
	at io.appium.java_client.DefaultGenericMobileDriver.<init>(DefaultGenericMobileDriver.java:38)
	at io.appium.java_client.AppiumDriver.<init>(AppiumDriver.java:84)
	at io.appium.java_client.android.AndroidDriver.<init>(AndroidDriver.java:85)
	at com.kms.katalon.core.appium.driver.SwipeableAndroidDriver.<init>(SwipeableAndroidDriver.java:24)
	at com.kms.katalon.core.appium.driver.AppiumDriverManager.createMobileDriver(AppiumDriverManager.java:503)
	at com.kms.katalon.core.appium.driver.AppiumDriverManager.createMobileDriver(AppiumDriverManager.java:485)
	at com.kms.katalon.core.mobile.keyword.internal.MobileDriverFactory.startLocalMobileDriver(MobileDriverFactory.java:539)
	at com.kms.katalon.core.mobile.keyword.internal.MobileDriverFactory.startMobileDriver(MobileDriverFactory.java:452)
	at com.kms.katalon.core.mobile.keyword.builtin.StartApplicationKeyword$_startApplication_closure1.doCall(StartApplicationKeyword.groovy:49)
	at com.kms.katalon.core.mobile.keyword.builtin.StartApplicationKeyword$_startApplication_closure1.call(StartApplicationKeyword.groovy)
	at com.kms.katalon.core.mobile.keyword.internal.MobileKeywordMain.runKeyword(MobileKeywordMain.groovy:21)
	at com.kms.katalon.core.mobile.keyword.builtin.StartApplicationKeyword.startApplication(StartApplicationKeyword.groovy:51)
	at com.kms.katalon.core.mobile.keyword.builtin.StartApplicationKeyword.execute(StartApplicationKeyword.groovy:40)
	at com.kms.katalon.core.keyword.internal.KeywordExecutor.executeKeywordForPlatform(KeywordExecutor.groovy:74)
	at com.kms.katalon.core.mobile.keyword.MobileBuiltInKeywords.startApplication(MobileBuiltInKeywords.groovy:78)
	at com.kms.katalon.core.mobile.keyword.MobileBuiltInKeywords$startApplication.call(Unknown Source)
	at 01 Especificaciones Funcionales - Primer Login exitoso del Cliente.run(01 Especificaciones Funcionales - Primer Login exitoso del Cliente:20)
	at com.kms.katalon.core.main.ScriptEngine.run(ScriptEngine.java:194)
	at com.kms.katalon.core.main.ScriptEngine.runScriptAsRawText(ScriptEngine.java:119)
	at com.kms.katalon.core.main.TestCaseExecutor.runScript(TestCaseExecutor.java:445)
	at com.kms.katalon.core.main.TestCaseExecutor.doExecute(TestCaseExecutor.java:436)
	at com.kms.katalon.core.main.TestCaseExecutor.processExecutionPhase(TestCaseExecutor.java:415)
	at com.kms.katalon.core.main.TestCaseExecutor.accessMainPhase(TestCaseExecutor.java:407)
	at com.kms.katalon.core.main.TestCaseExecutor.execute(TestCaseExecutor.java:284)
	at com.kms.katalon.core.common.CommonExecutor.accessTestCaseMainPhase(CommonExecutor.java:65)
	at com.kms.katalon.core.main.TestSuiteExecutor.accessTestSuiteMainPhase(TestSuiteExecutor.java:144)
	at com.kms.katalon.core.main.TestSuiteExecutor.execute(TestSuiteExecutor.java:106)
	at com.kms.katalon.core.main.TestCaseMain.startTestSuite(TestCaseMain.java:185)
	at com.kms.katalon.core.main.TestCaseMain$startTestSuite$0.call(Unknown Source)
	at TempTestSuite1651263721294.run(TempTestSuite1651263721294.groovy:36)
Caused by: java.lang.reflect.InvocationTargetException
	at io.appium.java_client.remote.AppiumCommandExecutor$1.createSession(AppiumCommandExecutor.java:186)
	at io.appium.java_client.remote.AppiumCommandExecutor.createSession(AppiumCommandExecutor.java:217)
	at io.appium.java_client.remote.AppiumCommandExecutor.execute(AppiumCommandExecutor.java:239)
	at org.openqa.selenium.remote.RemoteWebDriver.execute(RemoteWebDriver.java:552)
	at io.appium.java_client.DefaultGenericMobileDriver.execute(DefaultGenericMobileDriver.java:42)
	at io.appium.java_client.AppiumDriver.execute(AppiumDriver.java:1)
	at io.appium.java_client.android.AndroidDriver.execute(AndroidDriver.java:1)
	at com.kms.katalon.core.appium.driver.SwipeableAndroidDriver.execute(SwipeableAndroidDriver.java:1)
	at org.openqa.selenium.remote.RemoteWebDriver.startSession(RemoteWebDriver.java:213)
	at org.openqa.selenium.remote.RemoteWebDriver.<init>(RemoteWebDriver.java:131)
	at io.appium.java_client.DefaultGenericMobileDriver.<init>(DefaultGenericMobileDriver.java:38)
	at io.appium.java_client.AppiumDriver.<init>(AppiumDriver.java:84)
	at io.appium.java_client.android.AndroidDriver.<init>(AndroidDriver.java:85)
	at com.kms.katalon.core.appium.driver.SwipeableAndroidDriver.<init>(SwipeableAndroidDriver.java:24)
	at com.kms.katalon.core.appium.driver.AppiumDriverManager.createMobileDriver(AppiumDriverManager.java:503)
	at com.kms.katalon.core.appium.driver.AppiumDriverManager.createMobileDriver(AppiumDriverManager.java:485)
	at com.kms.katalon.core.mobile.keyword.internal.MobileDriverFactory.startLocalMobileDriver(MobileDriverFactory.java:539)
	at com.kms.katalon.core.mobile.keyword.internal.MobileDriverFactory.startMobileDriver(MobileDriverFactory.java:452)
	at com.kms.katalon.core.mobile.keyword.builtin.StartApplicationKeyword$_startApplication_closure1.doCall(StartApplicationKeyword.groovy:49)
	at com.kms.katalon.core.mobile.keyword.builtin.StartApplicationKeyword$_startApplication_closure1.call(StartApplicationKeyword.groovy)
	at com.kms.katalon.core.mobile.keyword.internal.MobileKeywordMain.runKeyword(MobileKeywordMain.groovy:21)
	at com.kms.katalon.core.mobile.keyword.builtin.StartApplicationKeyword.startApplication(StartApplicationKeyword.groovy:51)
	at com.kms.katalon.core.mobile.keyword.builtin.StartApplicationKeyword.execute(StartApplicationKeyword.groovy:40)
	at com.kms.katalon.core.keyword.internal.KeywordExecutor.executeKeywordForPlatform(KeywordExecutor.groovy:74)
	at com.kms.katalon.core.mobile.keyword.MobileBuiltInKeywords.startApplication(MobileBuiltInKeywords.groovy:78)
	at com.kms.katalon.core.mobile.keyword.MobileBuiltInKeywords$startApplication.call(Unknown Source)
	at Script1650980472078.run(Script1650980472078.groovy:20)
	... 13 more
Caused by: org.openqa.selenium.WebDriverException: An unknown server-side error occurred while processing the command. Original error: Error executing adbExec. Original error: 'Command 'C:\\Users\\Jesus_Berbin\\AppData\\Local\\Android\\Sdk\\platform-tools\\adb.exe -P 5037 -s R28M42G369B install -r -g C:\\Users\\Jesus_Berbin\\Documents\\Cursos\\Sybven\\UENO\\crtopyinfinitymobilebanking-release.apk' exited with code 1'; Stderr: 'adb: failed to install C:\Users\Jesus_Berbin\Documents\Cursos\Sybven\UENO\crtopyinfinitymobilebanking-release.apk: Failure [INSTALL_FAILED_PACKAGE_CHANGED: Package was removed before install could complete.]'; Code: '1'
Build info: version: '3.141.59', revision: 'e82be7d358', time: '2018-11-14T08:25:53'
System info: host: 'ENDER-LOBO', ip: '192.168.17.1', os.name: 'Windows 10', os.arch: 'amd64', os.version: '10.0', java.version: '1.8.0_282'
Driver info: driver.version: SwipeableAndroidDriver
remote stacktrace: UnknownError: An unknown server-side error occurred while processing the command. Original error: Error executing adbExec. Original error: 'Command 'C:\\Users\\Jesus_Berbin\\AppData\\Local\\Android\\Sdk\\platform-tools\\adb.exe -P 5037 -s R28M42G369B install -r -g C:\\Users\\Jesus_Berbin\\Documents\\Cursos\\Sybven\\UENO\\crtopyinfinitymobilebanking-release.apk' exited with code 1'; Stderr: 'adb: failed to install C:\Users\Jesus_Berbin\Documents\Cursos\Sybven\UENO\crtopyinfinitymobilebanking-release.apk: Failure [INSTALL_FAILED_PACKAGE_CHANGED: Package was removed before install could complete.]'; Code: '1'
    at getResponseForW3CError (C:\Users\Jesus_Berbin\AppData\Roaming\npm\node_modules\appium\node_modules\appium-base-driver\lib\protocol\errors.js:804:9)
    at asyncHandler (C:\Users\Jesus_Berbin\AppData\Roaming\npm\node_modules\appium\node_modules\appium-base-driver\lib\protocol\protocol.js:380:37)
	at org.openqa.selenium.remote.W3CHandshakeResponse.lambda$errorHandler$0(W3CHandshakeResponse.java:62)
	at org.openqa.selenium.remote.HandshakeResponse.lambda$getResponseFunction$0(HandshakeResponse.java:30)
	at org.openqa.selenium.remote.ProtocolHandshake.lambda$createSession$0(ProtocolHandshake.java:126)
	at org.openqa.selenium.remote.ProtocolHandshake.createSession(ProtocolHandshake.java:128)
	... 40 more
)
	at com.kms.katalon.core.keyword.internal.KeywordMain.stepFailed(KeywordMain.groovy:39)
	at com.kms.katalon.core.mobile.keyword.internal.MobileKeywordMain.stepFailed(MobileKeywordMain.groovy:40)
	at com.kms.katalon.core.mobile.keyword.internal.MobileKeywordMain.runKeyword(MobileKeywordMain.groovy:23)
	at com.kms.katalon.core.mobile.keyword.builtin.StartApplicationKeyword.startApplication(StartApplicationKeyword.groovy:51)
	at com.kms.katalon.core.mobile.keyword.builtin.StartApplicationKeyword.execute(StartApplicationKeyword.groovy:40)
	at com.kms.katalon.core.keyword.internal.KeywordExecutor.executeKeywordForPlatform(KeywordExecutor.groovy:74)
	at com.kms.katalon.core.mobile.keyword.MobileBuiltInKeywords.startApplication(MobileBuiltInKeywords.groovy:78)
	at com.kms.katalon.core.mobile.keyword.MobileBuiltInKeywords$startApplication.call(Unknown Source)
	at 01 Especificaciones Funcionales - Primer Login exitoso del Cliente.run(01 Especificaciones Funcionales - Primer Login exitoso del Cliente:20)
	at com.kms.katalon.core.main.ScriptEngine.run(ScriptEngine.java:194)
	at com.kms.katalon.core.main.ScriptEngine.runScriptAsRawText(ScriptEngine.java:119)
	at com.kms.katalon.core.main.TestCaseExecutor.runScript(TestCaseExecutor.java:445)
	at com.kms.katalon.core.main.TestCaseExecutor.doExecute(TestCaseExecutor.java:436)
	at com.kms.katalon.core.main.TestCaseExecutor.processExecutionPhase(TestCaseExecutor.java:415)
	at com.kms.katalon.core.main.TestCaseExecutor.accessMainPhase(TestCaseExecutor.java:407)
	at com.kms.katalon.core.main.TestCaseExecutor.execute(TestCaseExecutor.java:284)
	at com.kms.katalon.core.common.CommonExecutor.accessTestCaseMainPhase(CommonExecutor.java:65)
	at com.kms.katalon.core.main.TestSuiteExecutor.accessTestSuiteMainPhase(TestSuiteExecutor.java:144)
	at com.kms.katalon.core.main.TestSuiteExecutor.execute(TestSuiteExecutor.java:106)
	at com.kms.katalon.core.main.TestCaseMain.startTestSuite(TestCaseMain.java:185)
	at com.kms.katalon.core.main.TestCaseMain$startTestSuite$0.call(Unknown Source)
	at TempTestSuite1651263721294.run(TempTestSuite1651263721294.groovy:36)
Caused by: org.openqa.selenium.SessionNotCreatedException: Unable to create a new remote session. Please check the server log for more details. Original error: An unknown server-side error occurred while processing the command. Original error: Error executing adbExec. Original error: 'Command 'C:\\Users\\Jesus_Berbin\\AppData\\Local\\Android\\Sdk\\platform-tools\\adb.exe -P 5037 -s R28M42G369B install -r -g C:\\Users\\Jesus_Berbin\\Documents\\Cursos\\Sybven\\UENO\\crtopyinfinitymobilebanking-release.apk' exited with code 1'; Stderr: 'adb: failed to install C:\Users\Jesus_Berbin\Documents\Cursos\Sybven\UENO\crtopyinfinitymobilebanking-release.apk: Failure [INSTALL_FAILED_PACKAGE_CHANGED: Package was removed before install could complete.]'; Code: '1'
Build info: version: '3.141.59', revision: 'e82be7d358', time: '2018-11-14T08:25:53'
System info: host: 'ENDER-LOBO', ip: '192.168.17.1', os.name: 'Windows 10', os.arch: 'amd64', os.version: '10.0', java.version: '1.8.0_282'
Driver info: driver.version: SwipeableAndroidDriver
remote stacktrace: UnknownError: An unknown server-side error occurred while processing the command. Original error: Error executing adbExec. Original error: 'Command 'C:\\Users\\Jesus_Berbin\\AppData\\Local\\Android\\Sdk\\platform-tools\\adb.exe -P 5037 -s R28M42G369B install -r -g C:\\Users\\Jesus_Berbin\\Documents\\Cursos\\Sybven\\UENO\\crtopyinfinitymobilebanking-release.apk' exited with code 1'; Stderr: 'adb: failed to install C:\Users\Jesus_Berbin\Documents\Cursos\Sybven\UENO\crtopyinfinitymobilebanking-release.apk: Failure [INSTALL_FAILED_PACKAGE_CHANGED: Package was removed before install could complete.]'; Code: '1'
    at getResponseForW3CError (C:\Users\Jesus_Berbin\AppData\Roaming\npm\node_modules\appium\node_modules\appium-base-driver\lib\protocol\errors.js:804:9)
    at asyncHandler (C:\Users\Jesus_Berbin\AppData\Roaming\npm\node_modules\appium\node_modules\appium-base-driver\lib\protocol\protocol.js:380:37)
Build info: version: '3.141.59', revision: 'e82be7d358', time: '2018-11-14T08:25:53'
System info: host: 'ENDER-LOBO', ip: '192.168.17.1', os.name: 'Windows 10', os.arch: 'amd64', os.version: '10.0', java.version: '1.8.0_282'
Driver info: driver.version: SwipeableAndroidDriver
	at io.appium.java_client.remote.AppiumCommandExecutor$1.createSession(AppiumCommandExecutor.java:208)
	at io.appium.java_client.remote.AppiumCommandExecutor.createSession(AppiumCommandExecutor.java:217)
	at io.appium.java_client.remote.AppiumCommandExecutor.execute(AppiumCommandExecutor.java:239)
	at org.openqa.selenium.remote.RemoteWebDriver.execute(RemoteWebDriver.java:552)
	at io.appium.java_client.DefaultGenericMobileDriver.execute(DefaultGenericMobileDriver.java:42)
	at io.appium.java_client.AppiumDriver.execute(AppiumDriver.java:1)
	at io.appium.java_client.android.AndroidDriver.execute(AndroidDriver.java:1)
	at com.kms.katalon.core.appium.driver.SwipeableAndroidDriver.execute(SwipeableAndroidDriver.java:1)
	at org.openqa.selenium.remote.RemoteWebDriver.startSession(RemoteWebDriver.java:213)
	at org.openqa.selenium.remote.RemoteWebDriver.<init>(RemoteWebDriver.java:131)
	at io.appium.java_client.DefaultGenericMobileDriver.<init>(DefaultGenericMobileDriver.java:38)
	at io.appium.java_client.AppiumDriver.<init>(AppiumDriver.java:84)
	at io.appium.java_client.android.AndroidDriver.<init>(AndroidDriver.java:85)
	at com.kms.katalon.core.appium.driver.SwipeableAndroidDriver.<init>(SwipeableAndroidDriver.java:24)
	at com.kms.katalon.core.appium.driver.AppiumDriverManager.createMobileDriver(AppiumDriverManager.java:503)
	at com.kms.katalon.core.appium.driver.AppiumDriverManager.createMobileDriver(AppiumDriverManager.java:485)
	at com.kms.katalon.core.mobile.keyword.internal.MobileDriverFactory.startLocalMobileDriver(MobileDriverFactory.java:539)
	at com.kms.katalon.core.mobile.keyword.internal.MobileDriverFactory.startMobileDriver(MobileDriverFactory.java:452)
	at com.kms.katalon.core.mobile.keyword.builtin.StartApplicationKeyword$_startApplication_closure1.doCall(StartApplicationKeyword.groovy:49)
	at com.kms.katalon.core.mobile.keyword.builtin.StartApplicationKeyword$_startApplication_closure1.call(StartApplicationKeyword.groovy)
	at com.kms.katalon.core.mobile.keyword.internal.MobileKeywordMain.runKeyword(MobileKeywordMain.groovy:21)
	... 19 more
Caused by: java.lang.reflect.InvocationTargetException
	at io.appium.java_client.remote.AppiumCommandExecutor$1.createSession(AppiumCommandExecutor.java:186)
	at io.appium.java_client.remote.AppiumCommandExecutor.createSession(AppiumCommandExecutor.java:217)
	at io.appium.java_client.remote.AppiumCommandExecutor.execute(AppiumCommandExecutor.java:239)
	at org.openqa.selenium.remote.RemoteWebDriver.execute(RemoteWebDriver.java:552)
	at io.appium.java_client.DefaultGenericMobileDriver.execute(DefaultGenericMobileDriver.java:42)
	at io.appium.java_client.AppiumDriver.execute(AppiumDriver.java:1)
	at io.appium.java_client.android.AndroidDriver.execute(AndroidDriver.java:1)
	at com.kms.katalon.core.appium.driver.SwipeableAndroidDriver.execute(SwipeableAndroidDriver.java:1)
	at org.openqa.selenium.remote.RemoteWebDriver.startSession(RemoteWebDriver.java:213)
	at org.openqa.selenium.remote.RemoteWebDriver.<init>(RemoteWebDriver.java:131)
	at io.appium.java_client.DefaultGenericMobileDriver.<init>(DefaultGenericMobileDriver.java:38)
	at io.appium.java_client.AppiumDriver.<init>(AppiumDriver.java:84)
	at io.appium.java_client.android.AndroidDriver.<init>(AndroidDriver.java:85)
	at com.kms.katalon.core.appium.driver.SwipeableAndroidDriver.<init>(SwipeableAndroidDriver.java:24)
	at com.kms.katalon.core.appium.driver.AppiumDriverManager.createMobileDriver(AppiumDriverManager.java:503)
	at com.kms.katalon.core.appium.driver.AppiumDriverManager.createMobileDriver(AppiumDriverManager.java:485)
	at com.kms.katalon.core.mobile.keyword.internal.MobileDriverFactory.startLocalMobileDriver(MobileDriverFactory.java:539)
	at com.kms.katalon.core.mobile.keyword.internal.MobileDriverFactory.startMobileDriver(MobileDriverFactory.java:452)
	at com.kms.katalon.core.mobile.keyword.builtin.StartApplicationKeyword$_startApplication_closure1.doCall(StartApplicationKeyword.groovy:49)
	at com.kms.katalon.core.mobile.keyword.builtin.StartApplicationKeyword$_startApplication_closure1.call(StartApplicationKeyword.groovy)
	at com.kms.katalon.core.mobile.keyword.internal.MobileKeywordMain.runKeyword(MobileKeywordMain.groovy:21)
	at com.kms.katalon.core.mobile.keyword.builtin.StartApplicationKeyword.startApplication(StartApplicationKeyword.groovy:51)
	at com.kms.katalon.core.mobile.keyword.builtin.StartApplicationKeyword.execute(StartApplicationKeyword.groovy:40)
	at com.kms.katalon.core.keyword.internal.KeywordExecutor.executeKeywordForPlatform(KeywordExecutor.groovy:74)
	at com.kms.katalon.core.mobile.keyword.MobileBuiltInKeywords.startApplication(MobileBuiltInKeywords.groovy:78)
	at com.kms.katalon.core.mobile.keyword.MobileBuiltInKeywords$startApplication.call(Unknown Source)
	at Script1650980472078.run(Script1650980472078.groovy:20)
	... 13 more
Caused by: org.openqa.selenium.WebDriverException: An unknown server-side error occurred while processing the command. Original error: Error executing adbExec. Original error: 'Command 'C:\\Users\\Jesus_Berbin\\AppData\\Local\\Android\\Sdk\\platform-tools\\adb.exe -P 5037 -s R28M42G369B install -r -g C:\\Users\\Jesus_Berbin\\Documents\\Cursos\\Sybven\\UENO\\crtopyinfinitymobilebanking-release.apk' exited with code 1'; Stderr: 'adb: failed to install C:\Users\Jesus_Berbin\Documents\Cursos\Sybven\UENO\crtopyinfinitymobilebanking-release.apk: Failure [INSTALL_FAILED_PACKAGE_CHANGED: Package was removed before install could complete.]'; Code: '1'
Build info: version: '3.141.59', revision: 'e82be7d358', time: '2018-11-14T08:25:53'
System info: host: 'ENDER-LOBO', ip: '192.168.17.1', os.name: 'Windows 10', os.arch: 'amd64', os.version: '10.0', java.version: '1.8.0_282'
Driver info: driver.version: SwipeableAndroidDriver
remote stacktrace: UnknownError: An unknown server-side error occurred while processing the command. Original error: Error executing adbExec. Original error: 'Command 'C:\\Users\\Jesus_Berbin\\AppData\\Local\\Android\\Sdk\\platform-tools\\adb.exe -P 5037 -s R28M42G369B install -r -g C:\\Users\\Jesus_Berbin\\Documents\\Cursos\\Sybven\\UENO\\crtopyinfinitymobilebanking-release.apk' exited with code 1'; Stderr: 'adb: failed to install C:\Users\Jesus_Berbin\Documents\Cursos\Sybven\UENO\crtopyinfinitymobilebanking-release.apk: Failure [INSTALL_FAILED_PACKAGE_CHANGED: Package was removed before install could complete.]'; Code: '1'
    at getResponseForW3CError (C:\Users\Jesus_Berbin\AppData\Roaming\npm\node_modules\appium\node_modules\appium-base-driver\lib\protocol\errors.js:804:9)
    at asyncHandler (C:\Users\Jesus_Berbin\AppData\Roaming\npm\node_modules\appium\node_modules\appium-base-driver\lib\protocol\protocol.js:380:37)
	at org.openqa.selenium.remote.W3CHandshakeResponse.lambda$errorHandler$0(W3CHandshakeResponse.java:62)
	at org.openqa.selenium.remote.HandshakeResponse.lambda$getResponseFunction$0(HandshakeResponse.java:30)
	at org.openqa.selenium.remote.ProtocolHandshake.lambda$createSession$0(ProtocolHandshake.java:126)
	at org.openqa.selenium.remote.ProtocolHandshake.createSession(ProtocolHandshake.java:128)
	at io.appium.java_client.remote.AppiumCommandExecutor$1.createSession(AppiumCommandExecutor.java:186)
	at io.appium.java_client.remote.AppiumCommandExecutor.createSession(AppiumCommandExecutor.java:217)
	at io.appium.java_client.remote.AppiumCommandExecutor.execute(AppiumCommandExecutor.java:239)
	at org.openqa.selenium.remote.RemoteWebDriver.execute(RemoteWebDriver.java:552)
	at io.appium.java_client.DefaultGenericMobileDriver.execute(DefaultGenericMobileDriver.java:42)
	at io.appium.java_client.AppiumDriver.execute(AppiumDriver.java:1)
	at io.appium.java_client.android.AndroidDriver.execute(AndroidDriver.java:1)
	at com.kms.katalon.core.appium.driver.SwipeableAndroidDriver.execute(SwipeableAndroidDriver.java:1)
	at org.openqa.selenium.remote.RemoteWebDriver.startSession(RemoteWebDriver.java:213)
	at org.openqa.selenium.remote.RemoteWebDriver.<init>(RemoteWebDriver.java:131)
	at io.appium.java_client.DefaultGenericMobileDriver.<init>(DefaultGenericMobileDriver.java:38)
	at io.appium.java_client.AppiumDriver.<init>(AppiumDriver.java:84)
	at io.appium.java_client.android.AndroidDriver.<init>(AndroidDriver.java:85)
	at com.kms.katalon.core.appium.driver.SwipeableAndroidDriver.<init>(SwipeableAndroidDriver.java:24)
	at com.kms.katalon.core.appium.driver.AppiumDriverManager.createMobileDriver(AppiumDriverManager.java:503)
	at com.kms.katalon.core.appium.driver.AppiumDriverManager.createMobileDriver(AppiumDriverManager.java:485)
	at com.kms.katalon.core.mobile.keyword.internal.MobileDriverFactory.startLocalMobileDriver(MobileDriverFactory.java:539)
	at com.kms.katalon.core.mobile.keyword.internal.MobileDriverFactory.startMobileDriver(MobileDriverFactory.java:452)
	at com.kms.katalon.core.mobile.keyword.builtin.StartApplicationKeyword$_startApplication_closure1.doCall(StartApplicationKeyword.groovy:49)
	at com.kms.katalon.core.mobile.keyword.builtin.StartApplicationKeyword$_startApplication_closure1.call(StartApplicationKeyword.groovy)
	at com.kms.katalon.core.mobile.keyword.internal.MobileKeywordMain.runKeyword(MobileKeywordMain.groovy:21)
	at com.kms.katalon.core.mobile.keyword.builtin.StartApplicationKeyword.startApplication(StartApplicationKeyword.groovy:51)
	at com.kms.katalon.core.mobile.keyword.builtin.StartApplicationKeyword.execute(StartApplicationKeyword.groovy:40)
	at com.kms.katalon.core.keyword.internal.KeywordExecutor.executeKeywordForPlatform(KeywordExecutor.groovy:74)
	at com.kms.katalon.core.mobile.keyword.MobileBuiltInKeywords.startApplication(MobileBuiltInKeywords.groovy:78)
	at com.kms.katalon.core.mobile.keyword.MobileBuiltInKeywords$startApplication.call(Unknown Source)
	at 01 Especificaciones Funcionales - Primer Login exitoso del Cliente.run(01 Especificaciones Funcionales - Primer Login exitoso del Cliente:20)
	... 13 more


2022-04-29 16:22:18 - [TEST_STEP][FAILED] - startApplication(URL, true): Unable to start app at: 'C:\Users\Jesus_Berbin\Documents\Cursos\Sybven\UENO\crtopyinfinitymobilebanking-release.apk' (Root cause: org.openqa.selenium.SessionNotCreatedException: Unable to create a new remote session. Please check the server log for more details. Original error: An unknown server-side error occurred while processing the command. Original error: Error executing adbExec. Original error: 'Command 'C:\\Users\\Jesus_Berbin\\AppData\\Local\\Android\\Sdk\\platform-tools\\adb.exe -P 5037 -s R28M42G369B install -r -g C:\\Users\\Jesus_Berbin\\Documents\\Cursos\\Sybven\\UENO\\crtopyinfinitymobilebanking-release.apk' exited with code 1'; Stderr: 'adb: failed to install C:\Users\Jesus_Berbin\Documents\Cursos\Sybven\UENO\crtopyinfinitymobilebanking-release.apk: Failure [INSTALL_FAILED_PACKAGE_CHANGED: Package was removed before install could complete.]'; Code: '1'
Build info: version: '3.141.59', revision: 'e82be7d358', time: '2018-11-14T08:25:53'
System info: host: 'ENDER-LOBO', ip: '192.168.17.1', os.name: 'Windows 10', os.arch: 'amd64', os.version: '10.0', java.version: '1.8.0_282'
Driver info: driver.version: SwipeableAndroidDriver
remote stacktrace: UnknownError: An unknown server-side error occurred while processing the command. Original error: Error executing adbExec. Original error: 'Command 'C:\\Users\\Jesus_Berbin\\AppData\\Local\\Android\\Sdk\\platform-tools\\adb.exe -P 5037 -s R28M42G369B install -r -g C:\\Users\\Jesus_Berbin\\Documents\\Cursos\\Sybven\\UENO\\crtopyinfinitymobilebanking-release.apk' exited with code 1'; Stderr: 'adb: failed to install C:\Users\Jesus_Berbin\Documents\Cursos\Sybven\UENO\crtopyinfinitymobilebanking-release.apk: Failure [INSTALL_FAILED_PACKAGE_CHANGED: Package was removed before install could complete.]'; Code: '1'
    at getResponseForW3CError (C:\Users\Jesus_Berbin\AppData\Roaming\npm\node_modules\appium\node_modules\appium-base-driver\lib\protocol\errors.js:804:9)
    at asyncHandler (C:\Users\Jesus_Berbin\AppData\Roaming\npm\node_modules\appium\node_modules\appium-base-driver\lib\protocol\protocol.js:380:37)
Build info: version: '3.141.59', revision: 'e82be7d358', time: '2018-11-14T08:25:53'
System info: host: 'ENDER-LOBO', ip: '192.168.17.1', os.name: 'Windows 10', os.arch: 'amd64', os.version: '10.0', java.version: '1.8.0_282'
Driver info: driver.version: SwipeableAndroidDriver
	at io.appium.java_client.remote.AppiumCommandExecutor$1.createSession(AppiumCommandExecutor.java:208)
	at io.appium.java_client.remote.AppiumCommandExecutor.createSession(AppiumCommandExecutor.java:217)
	at io.appium.java_client.remote.AppiumCommandExecutor.execute(AppiumCommandExecutor.java:239)
	at org.openqa.selenium.remote.RemoteWebDriver.execute(RemoteWebDriver.java:552)
	at io.appium.java_client.DefaultGenericMobileDriver.execute(DefaultGenericMobileDriver.java:42)
	at io.appium.java_client.AppiumDriver.execute(AppiumDriver.java:1)
	at io.appium.java_client.android.AndroidDriver.execute(AndroidDriver.java:1)
	at com.kms.katalon.core.appium.driver.SwipeableAndroidDriver.execute(SwipeableAndroidDriver.java:1)
	at org.openqa.selenium.remote.RemoteWebDriver.startSession(RemoteWebDriver.java:213)
	at org.openqa.selenium.remote.RemoteWebDriver.<init>(RemoteWebDriver.java:131)
	at io.appium.java_client.DefaultGenericMobileDriver.<init>(DefaultGenericMobileDriver.java:38)
	at io.appium.java_client.AppiumDriver.<init>(AppiumDriver.java:84)
	at io.appium.java_client.android.AndroidDriver.<init>(AndroidDriver.java:85)
	at com.kms.katalon.core.appium.driver.SwipeableAndroidDriver.<init>(SwipeableAndroidDriver.java:24)
	at com.kms.katalon.core.appium.driver.AppiumDriverManager.createMobileDriver(AppiumDriverManager.java:503)
	at com.kms.katalon.core.appium.driver.AppiumDriverManager.createMobileDriver(AppiumDriverManager.java:485)
	at com.kms.katalon.core.mobile.keyword.internal.MobileDriverFactory.startLocalMobileDriver(MobileDriverFactory.java:539)
	at com.kms.katalon.core.mobile.keyword.internal.MobileDriverFactory.startMobileDriver(MobileDriverFactory.java:452)
	at com.kms.katalon.core.mobile.keyword.builtin.StartApplicationKeyword$_startApplication_closure1.doCall(StartApplicationKeyword.groovy:49)
	at com.kms.katalon.core.mobile.keyword.builtin.StartApplicationKeyword$_startApplication_closure1.call(StartApplicationKeyword.groovy)
	at com.kms.katalon.core.mobile.keyword.internal.MobileKeywordMain.runKeyword(MobileKeywordMain.groovy:21)
	at com.kms.katalon.core.mobile.keyword.builtin.StartApplicationKeyword.startApplication(StartApplicationKeyword.groovy:51)
	at com.kms.katalon.core.mobile.keyword.builtin.StartApplicationKeyword.execute(StartApplicationKeyword.groovy:40)
	at com.kms.katalon.core.keyword.internal.KeywordExecutor.executeKeywordForPlatform(KeywordExecutor.groovy:74)
	at com.kms.katalon.core.mobile.keyword.MobileBuiltInKeywords.startApplication(MobileBuiltInKeywords.groovy:78)
	at com.kms.katalon.core.mobile.keyword.MobileBuiltInKeywords$startApplication.call(Unknown Source)
	at 01 Especificaciones Funcionales - Primer Login exitoso del Cliente.run(01 Especificaciones Funcionales - Primer Login exitoso del Cliente:20)
	at com.kms.katalon.core.main.ScriptEngine.run(ScriptEngine.java:194)
	at com.kms.katalon.core.main.ScriptEngine.runScriptAsRawText(ScriptEngine.java:119)
	at com.kms.katalon.core.main.TestCaseExecutor.runScript(TestCaseExecutor.java:445)
	at com.kms.katalon.core.main.TestCaseExecutor.doExecute(TestCaseExecutor.java:436)
	at com.kms.katalon.core.main.TestCaseExecutor.processExecutionPhase(TestCaseExecutor.java:415)
	at com.kms.katalon.core.main.TestCaseExecutor.accessMainPhase(TestCaseExecutor.java:407)
	at com.kms.katalon.core.main.TestCaseExecutor.execute(TestCaseExecutor.java:284)
	at com.kms.katalon.core.common.CommonExecutor.accessTestCaseMainPhase(CommonExecutor.java:65)
	at com.kms.katalon.core.main.TestSuiteExecutor.accessTestSuiteMainPhase(TestSuiteExecutor.java:144)
	at com.kms.katalon.core.main.TestSuiteExecutor.execute(TestSuiteExecutor.java:106)
	at com.kms.katalon.core.main.TestCaseMain.startTestSuite(TestCaseMain.java:185)
	at com.kms.katalon.core.main.TestCaseMain$startTestSuite$0.call(Unknown Source)
	at TempTestSuite1651263721294.run(TempTestSuite1651263721294.groovy:36)
Caused by: java.lang.reflect.InvocationTargetException
	at io.appium.java_client.remote.AppiumCommandExecutor$1.createSession(AppiumCommandExecutor.java:186)
	at io.appium.java_client.remote.AppiumCommandExecutor.createSession(AppiumCommandExecutor.java:217)
	at io.appium.java_client.remote.AppiumCommandExecutor.execute(AppiumCommandExecutor.java:239)
	at org.openqa.selenium.remote.RemoteWebDriver.execute(RemoteWebDriver.java:552)
	at io.appium.java_client.DefaultGenericMobileDriver.execute(DefaultGenericMobileDriver.java:42)
	at io.appium.java_client.AppiumDriver.execute(AppiumDriver.java:1)
	at io.appium.java_client.android.AndroidDriver.execute(AndroidDriver.java:1)
	at com.kms.katalon.core.appium.driver.SwipeableAndroidDriver.execute(SwipeableAndroidDriver.java:1)
	at org.openqa.selenium.remote.RemoteWebDriver.startSession(RemoteWebDriver.java:213)
	at org.openqa.selenium.remote.RemoteWebDriver.<init>(RemoteWebDriver.java:131)
	at io.appium.java_client.DefaultGenericMobileDriver.<init>(DefaultGenericMobileDriver.java:38)
	at io.appium.java_client.AppiumDriver.<init>(AppiumDriver.java:84)
	at io.appium.java_client.android.AndroidDriver.<init>(AndroidDriver.java:85)
	at com.kms.katalon.core.appium.driver.SwipeableAndroidDriver.<init>(SwipeableAndroidDriver.java:24)
	at com.kms.katalon.core.appium.driver.AppiumDriverManager.createMobileDriver(AppiumDriverManager.java:503)
	at com.kms.katalon.core.appium.driver.AppiumDriverManager.createMobileDriver(AppiumDriverManager.java:485)
	at com.kms.katalon.core.mobile.keyword.internal.MobileDriverFactory.startLocalMobileDriver(MobileDriverFactory.java:539)
	at com.kms.katalon.core.mobile.keyword.internal.MobileDriverFactory.startMobileDriver(MobileDriverFactory.java:452)
	at com.kms.katalon.core.mobile.keyword.builtin.StartApplicationKeyword$_startApplication_closure1.doCall(StartApplicationKeyword.groovy:49)
	at com.kms.katalon.core.mobile.keyword.builtin.StartApplicationKeyword$_startApplication_closure1.call(StartApplicationKeyword.groovy)
	at com.kms.katalon.core.mobile.keyword.internal.MobileKeywordMain.runKeyword(MobileKeywordMain.groovy:21)
	at com.kms.katalon.core.mobile.keyword.builtin.StartApplicationKeyword.startApplication(StartApplicationKeyword.groovy:51)
	at com.kms.katalon.core.mobile.keyword.builtin.StartApplicationKeyword.execute(StartApplicationKeyword.groovy:40)
	at com.kms.katalon.core.keyword.internal.KeywordExecutor.executeKeywordForPlatform(KeywordExecutor.groovy:74)
	at com.kms.katalon.core.mobile.keyword.MobileBuiltInKeywords.startApplication(MobileBuiltInKeywords.groovy:78)
	at com.kms.katalon.core.mobile.keyword.MobileBuiltInKeywords$startApplication.call(Unknown Source)
	at Script1650980472078.run(Script1650980472078.groovy:20)
	... 13 more
Caused by: org.openqa.selenium.WebDriverException: An unknown server-side error occurred while processing the command. Original error: Error executing adbExec. Original error: 'Command 'C:\\Users\\Jesus_Berbin\\AppData\\Local\\Android\\Sdk\\platform-tools\\adb.exe -P 5037 -s R28M42G369B install -r -g C:\\Users\\Jesus_Berbin\\Documents\\Cursos\\Sybven\\UENO\\crtopyinfinitymobilebanking-release.apk' exited with code 1'; Stderr: 'adb: failed to install C:\Users\Jesus_Berbin\Documents\Cursos\Sybven\UENO\crtopyinfinitymobilebanking-release.apk: Failure [INSTALL_FAILED_PACKAGE_CHANGED: Package was removed before install could complete.]'; Code: '1'
Build info: version: '3.141.59', revision: 'e82be7d358', time: '2018-11-14T08:25:53'
System info: host: 'ENDER-LOBO', ip: '192.168.17.1', os.name: 'Windows 10', os.arch: 'amd64', os.version: '10.0', java.version: '1.8.0_282'
Driver info: driver.version: SwipeableAndroidDriver
remote stacktrace: UnknownError: An unknown server-side error occurred while processing the command. Original error: Error executing adbExec. Original error: 'Command 'C:\\Users\\Jesus_Berbin\\AppData\\Local\\Android\\Sdk\\platform-tools\\adb.exe -P 5037 -s R28M42G369B install -r -g C:\\Users\\Jesus_Berbin\\Documents\\Cursos\\Sybven\\UENO\\crtopyinfinitymobilebanking-release.apk' exited with code 1'; Stderr: 'adb: failed to install C:\Users\Jesus_Berbin\Documents\Cursos\Sybven\UENO\crtopyinfinitymobilebanking-release.apk: Failure [INSTALL_FAILED_PACKAGE_CHANGED: Package was removed before install could complete.]'; Code: '1'
    at getResponseForW3CError (C:\Users\Jesus_Berbin\AppData\Roaming\npm\node_modules\appium\node_modules\appium-base-driver\lib\protocol\errors.js:804:9)
    at asyncHandler (C:\Users\Jesus_Berbin\AppData\Roaming\npm\node_modules\appium\node_modules\appium-base-driver\lib\protocol\protocol.js:380:37)
	at org.openqa.selenium.remote.W3CHandshakeResponse.lambda$errorHandler$0(W3CHandshakeResponse.java:62)
	at org.openqa.selenium.remote.HandshakeResponse.lambda$getResponseFunction$0(HandshakeResponse.java:30)
	at org.openqa.selenium.remote.ProtocolHandshake.lambda$createSession$0(ProtocolHandshake.java:126)
	at org.openqa.selenium.remote.ProtocolHandshake.createSession(ProtocolHandshake.java:128)
	... 40 more
)

2022-04-29 16:22:18 - [MESSAGE][INFO] - User set preference: ['deviceId', '']

2022-04-29 16:22:19 - [MESSAGE][INFO] - Detected NodeJS location: "C:\Program Files\nodejs\node.exe"

2022-04-29 16:22:20 - [MESSAGE][INFO] - Appium server started on port 64.771

2022-04-29 16:22:48 - [MESSAGE][FAILED] - Unable to start app at: 'C:\Users\Jesus_Berbin\Documents\Cursos\Sybven\UENO\crtopyinfinitymobilebanking-release.apk' (Root cause: org.openqa.selenium.SessionNotCreatedException: Unable to create a new remote session. Please check the server log for more details. Original error: An unknown server-side error occurred while processing the command. Original error: Error executing adbExec. Original error: 'Command 'C:\\Users\\Jesus_Berbin\\AppData\\Local\\Android\\Sdk\\platform-tools\\adb.exe -P 5037 -s R28M42G369B install -r -g C:\\Users\\Jesus_Berbin\\Documents\\Cursos\\Sybven\\UENO\\crtopyinfinitymobilebanking-release.apk' exited with code 1'; Stderr: 'adb: failed to install C:\Users\Jesus_Berbin\Documents\Cursos\Sybven\UENO\crtopyinfinitymobilebanking-release.apk: Failure [INSTALL_FAILED_PACKAGE_CHANGED: Package was removed before install could complete.]'; Code: '1'
Build info: version: '3.141.59', revision: 'e82be7d358', time: '2018-11-14T08:25:53'
System info: host: 'ENDER-LOBO', ip: '192.168.17.1', os.name: 'Windows 10', os.arch: 'amd64', os.version: '10.0', java.version: '1.8.0_282'
Driver info: driver.version: SwipeableAndroidDriver
remote stacktrace: UnknownError: An unknown server-side error occurred while processing the command. Original error: Error executing adbExec. Original error: 'Command 'C:\\Users\\Jesus_Berbin\\AppData\\Local\\Android\\Sdk\\platform-tools\\adb.exe -P 5037 -s R28M42G369B install -r -g C:\\Users\\Jesus_Berbin\\Documents\\Cursos\\Sybven\\UENO\\crtopyinfinitymobilebanking-release.apk' exited with code 1'; Stderr: 'adb: failed to install C:\Users\Jesus_Berbin\Documents\Cursos\Sybven\UENO\crtopyinfinitymobilebanking-release.apk: Failure [INSTALL_FAILED_PACKAGE_CHANGED: Package was removed before install could complete.]'; Code: '1'
    at getResponseForW3CError (C:\Users\Jesus_Berbin\AppData\Roaming\npm\node_modules\appium\node_modules\appium-base-driver\lib\protocol\errors.js:804:9)
    at asyncHandler (C:\Users\Jesus_Berbin\AppData\Roaming\npm\node_modules\appium\node_modules\appium-base-driver\lib\protocol\protocol.js:380:37)
Build info: version: '3.141.59', revision: 'e82be7d358', time: '2018-11-14T08:25:53'
System info: host: 'ENDER-LOBO', ip: '192.168.17.1', os.name: 'Windows 10', os.arch: 'amd64', os.version: '10.0', java.version: '1.8.0_282'
Driver info: driver.version: SwipeableAndroidDriver
	at io.appium.java_client.remote.AppiumCommandExecutor$1.createSession(AppiumCommandExecutor.java:208)
	at io.appium.java_client.remote.AppiumCommandExecutor.createSession(AppiumCommandExecutor.java:217)
	at io.appium.java_client.remote.AppiumCommandExecutor.execute(AppiumCommandExecutor.java:239)
	at org.openqa.selenium.remote.RemoteWebDriver.execute(RemoteWebDriver.java:552)
	at io.appium.java_client.DefaultGenericMobileDriver.execute(DefaultGenericMobileDriver.java:42)
	at io.appium.java_client.AppiumDriver.execute(AppiumDriver.java:1)
	at io.appium.java_client.android.AndroidDriver.execute(AndroidDriver.java:1)
	at com.kms.katalon.core.appium.driver.SwipeableAndroidDriver.execute(SwipeableAndroidDriver.java:1)
	at org.openqa.selenium.remote.RemoteWebDriver.startSession(RemoteWebDriver.java:213)
	at org.openqa.selenium.remote.RemoteWebDriver.<init>(RemoteWebDriver.java:131)
	at io.appium.java_client.DefaultGenericMobileDriver.<init>(DefaultGenericMobileDriver.java:38)
	at io.appium.java_client.AppiumDriver.<init>(AppiumDriver.java:84)
	at io.appium.java_client.android.AndroidDriver.<init>(AndroidDriver.java:85)
	at com.kms.katalon.core.appium.driver.SwipeableAndroidDriver.<init>(SwipeableAndroidDriver.java:24)
	at com.kms.katalon.core.appium.driver.AppiumDriverManager.createMobileDriver(AppiumDriverManager.java:503)
	at com.kms.katalon.core.appium.driver.AppiumDriverManager.createMobileDriver(AppiumDriverManager.java:485)
	at com.kms.katalon.core.mobile.keyword.internal.MobileDriverFactory.startLocalMobileDriver(MobileDriverFactory.java:539)
	at com.kms.katalon.core.mobile.keyword.internal.MobileDriverFactory.startMobileDriver(MobileDriverFactory.java:452)
	at com.kms.katalon.core.mobile.keyword.builtin.StartApplicationKeyword$_startApplication_closure1.doCall(StartApplicationKeyword.groovy:49)
	at com.kms.katalon.core.mobile.keyword.builtin.StartApplicationKeyword$_startApplication_closure1.call(StartApplicationKeyword.groovy)
	at com.kms.katalon.core.mobile.keyword.internal.MobileKeywordMain.runKeyword(MobileKeywordMain.groovy:21)
	at com.kms.katalon.core.mobile.keyword.builtin.StartApplicationKeyword.startApplication(StartApplicationKeyword.groovy:51)
	at com.kms.katalon.core.mobile.keyword.builtin.StartApplicationKeyword.execute(StartApplicationKeyword.groovy:40)
	at com.kms.katalon.core.keyword.internal.KeywordExecutor.executeKeywordForPlatform(KeywordExecutor.groovy:74)
	at com.kms.katalon.core.mobile.keyword.MobileBuiltInKeywords.startApplication(MobileBuiltInKeywords.groovy:78)
	at com.kms.katalon.core.mobile.keyword.MobileBuiltInKeywords$startApplication.call(Unknown Source)
	at 01 Especificaciones Funcionales - Primer Login exitoso del Cliente.run(01 Especificaciones Funcionales - Primer Login exitoso del Cliente:20)
	at com.kms.katalon.core.main.ScriptEngine.run(ScriptEngine.java:194)
	at com.kms.katalon.core.main.ScriptEngine.runScriptAsRawText(ScriptEngine.java:119)
	at com.kms.katalon.core.main.TestCaseExecutor.runScript(TestCaseExecutor.java:445)
	at com.kms.katalon.core.main.TestCaseExecutor.doExecute(TestCaseExecutor.java:436)
	at com.kms.katalon.core.main.TestCaseExecutor.processExecutionPhase(TestCaseExecutor.java:415)
	at com.kms.katalon.core.main.TestCaseExecutor.accessMainPhase(TestCaseExecutor.java:407)
	at com.kms.katalon.core.main.TestCaseExecutor.execute(TestCaseExecutor.java:284)
	at com.kms.katalon.core.common.CommonExecutor.accessTestCaseMainPhase(CommonExecutor.java:65)
	at com.kms.katalon.core.main.TestSuiteExecutor.accessTestSuiteMainPhase(TestSuiteExecutor.java:144)
	at com.kms.katalon.core.main.TestSuiteExecutor.execute(TestSuiteExecutor.java:106)
	at com.kms.katalon.core.main.TestCaseMain.startTestSuite(TestCaseMain.java:185)
	at com.kms.katalon.core.main.TestCaseMain$startTestSuite$0.call(Unknown Source)
	at TempTestSuite1651263721294.run(TempTestSuite1651263721294.groovy:36)
Caused by: java.lang.reflect.InvocationTargetException
	at io.appium.java_client.remote.AppiumCommandExecutor$1.createSession(AppiumCommandExecutor.java:186)
	at io.appium.java_client.remote.AppiumCommandExecutor.createSession(AppiumCommandExecutor.java:217)
	at io.appium.java_client.remote.AppiumCommandExecutor.execute(AppiumCommandExecutor.java:239)
	at org.openqa.selenium.remote.RemoteWebDriver.execute(RemoteWebDriver.java:552)
	at io.appium.java_client.DefaultGenericMobileDriver.execute(DefaultGenericMobileDriver.java:42)
	at io.appium.java_client.AppiumDriver.execute(AppiumDriver.java:1)
	at io.appium.java_client.android.AndroidDriver.execute(AndroidDriver.java:1)
	at com.kms.katalon.core.appium.driver.SwipeableAndroidDriver.execute(SwipeableAndroidDriver.java:1)
	at org.openqa.selenium.remote.RemoteWebDriver.startSession(RemoteWebDriver.java:213)
	at org.openqa.selenium.remote.RemoteWebDriver.<init>(RemoteWebDriver.java:131)
	at io.appium.java_client.DefaultGenericMobileDriver.<init>(DefaultGenericMobileDriver.java:38)
	at io.appium.java_client.AppiumDriver.<init>(AppiumDriver.java:84)
	at io.appium.java_client.android.AndroidDriver.<init>(AndroidDriver.java:85)
	at com.kms.katalon.core.appium.driver.SwipeableAndroidDriver.<init>(SwipeableAndroidDriver.java:24)
	at com.kms.katalon.core.appium.driver.AppiumDriverManager.createMobileDriver(AppiumDriverManager.java:503)
	at com.kms.katalon.core.appium.driver.AppiumDriverManager.createMobileDriver(AppiumDriverManager.java:485)
	at com.kms.katalon.core.mobile.keyword.internal.MobileDriverFactory.startLocalMobileDriver(MobileDriverFactory.java:539)
	at com.kms.katalon.core.mobile.keyword.internal.MobileDriverFactory.startMobileDriver(MobileDriverFactory.java:452)
	at com.kms.katalon.core.mobile.keyword.builtin.StartApplicationKeyword$_startApplication_closure1.doCall(StartApplicationKeyword.groovy:49)
	at com.kms.katalon.core.mobile.keyword.builtin.StartApplicationKeyword$_startApplication_closure1.call(StartApplicationKeyword.groovy)
	at com.kms.katalon.core.mobile.keyword.internal.MobileKeywordMain.runKeyword(MobileKeywordMain.groovy:21)
	at com.kms.katalon.core.mobile.keyword.builtin.StartApplicationKeyword.startApplication(StartApplicationKeyword.groovy:51)
	at com.kms.katalon.core.mobile.keyword.builtin.StartApplicationKeyword.execute(StartApplicationKeyword.groovy:40)
	at com.kms.katalon.core.keyword.internal.KeywordExecutor.executeKeywordForPlatform(KeywordExecutor.groovy:74)
	at com.kms.katalon.core.mobile.keyword.MobileBuiltInKeywords.startApplication(MobileBuiltInKeywords.groovy:78)
	at com.kms.katalon.core.mobile.keyword.MobileBuiltInKeywords$startApplication.call(Unknown Source)
	at Script1650980472078.run(Script1650980472078.groovy:20)
	... 13 more
Caused by: org.openqa.selenium.WebDriverException: An unknown server-side error occurred while processing the command. Original error: Error executing adbExec. Original error: 'Command 'C:\\Users\\Jesus_Berbin\\AppData\\Local\\Android\\Sdk\\platform-tools\\adb.exe -P 5037 -s R28M42G369B install -r -g C:\\Users\\Jesus_Berbin\\Documents\\Cursos\\Sybven\\UENO\\crtopyinfinitymobilebanking-release.apk' exited with code 1'; Stderr: 'adb: failed to install C:\Users\Jesus_Berbin\Documents\Cursos\Sybven\UENO\crtopyinfinitymobilebanking-release.apk: Failure [INSTALL_FAILED_PACKAGE_CHANGED: Package was removed before install could complete.]'; Code: '1'
Build info: version: '3.141.59', revision: 'e82be7d358', time: '2018-11-14T08:25:53'
System info: host: 'ENDER-LOBO', ip: '192.168.17.1', os.name: 'Windows 10', os.arch: 'amd64', os.version: '10.0', java.version: '1.8.0_282'
Driver info: driver.version: SwipeableAndroidDriver
remote stacktrace: UnknownError: An unknown server-side error occurred while processing the command. Original error: Error executing adbExec. Original error: 'Command 'C:\\Users\\Jesus_Berbin\\AppData\\Local\\Android\\Sdk\\platform-tools\\adb.exe -P 5037 -s R28M42G369B install -r -g C:\\Users\\Jesus_Berbin\\Documents\\Cursos\\Sybven\\UENO\\crtopyinfinitymobilebanking-release.apk' exited with code 1'; Stderr: 'adb: failed to install C:\Users\Jesus_Berbin\Documents\Cursos\Sybven\UENO\crtopyinfinitymobilebanking-release.apk: Failure [INSTALL_FAILED_PACKAGE_CHANGED: Package was removed before install could complete.]'; Code: '1'
    at getResponseForW3CError (C:\Users\Jesus_Berbin\AppData\Roaming\npm\node_modules\appium\node_modules\appium-base-driver\lib\protocol\errors.js:804:9)
    at asyncHandler (C:\Users\Jesus_Berbin\AppData\Roaming\npm\node_modules\appium\node_modules\appium-base-driver\lib\protocol\protocol.js:380:37)
	at org.openqa.selenium.remote.W3CHandshakeResponse.lambda$errorHandler$0(W3CHandshakeResponse.java:62)
	at org.openqa.selenium.remote.HandshakeResponse.lambda$getResponseFunction$0(HandshakeResponse.java:30)
	at org.openqa.selenium.remote.ProtocolHandshake.lambda$createSession$0(ProtocolHandshake.java:126)
	at org.openqa.selenium.remote.ProtocolHandshake.createSession(ProtocolHandshake.java:128)
	... 40 more
)

2022-04-29 16:22:48 - [TEST_STEP][PASSED] - delay(10, CONTINUE_ON_FAILURE): Delayed 10 second(s)

2022-04-29 16:22:58 - [MESSAGE][PASSED] - Delayed 10 second(s)

2022-04-29 16:22:58 - [TEST_STEP][PASSED] - Hola = getText(findTestObject("Object Repository/Inicio primera vez y cierre de sesion/android.widget.TextView - Hola Primer Login"), 0): Timeout '0' is invalid. Using default page load timeout: '30'

2022-04-29 16:22:58 - [MESSAGE][WARNING] - Timeout '0' is invalid. Using default page load timeout: '30']]></system-out>
         <system-err><![CDATA[2022-04-29 16:22:16 - [TEST_CASE][FAILED] - Test Cases/01HU-Login-Cierre de Sesión/01 Especificaciones Funcionales - Primer Login exitoso del Cliente: Test Cases/01HU-Login-Cierre de Sesión/01 Especificaciones Funcionales - Primer Login exitoso del Cliente FAILED.
Reason:
com.kms.katalon.core.exception.StepFailedException: Unable to start app at: 'C:\Users\Jesus_Berbin\Documents\Cursos\Sybven\UENO\crtopyinfinitymobilebanking-release.apk' (Root cause: org.openqa.selenium.SessionNotCreatedException: Unable to create a new remote session. Please check the server log for more details. Original error: An unknown server-side error occurred while processing the command. Original error: Error executing adbExec. Original error: 'Command 'C:\\Users\\Jesus_Berbin\\AppData\\Local\\Android\\Sdk\\platform-tools\\adb.exe -P 5037 -s R28M42G369B install -r -g C:\\Users\\Jesus_Berbin\\Documents\\Cursos\\Sybven\\UENO\\crtopyinfinitymobilebanking-release.apk' exited with code 1'; Stderr: 'adb: failed to install C:\Users\Jesus_Berbin\Documents\Cursos\Sybven\UENO\crtopyinfinitymobilebanking-release.apk: Failure [INSTALL_FAILED_PACKAGE_CHANGED: Package was removed before install could complete.]'; Code: '1'
Build info: version: '3.141.59', revision: 'e82be7d358', time: '2018-11-14T08:25:53'
System info: host: 'ENDER-LOBO', ip: '192.168.17.1', os.name: 'Windows 10', os.arch: 'amd64', os.version: '10.0', java.version: '1.8.0_282'
Driver info: driver.version: SwipeableAndroidDriver
remote stacktrace: UnknownError: An unknown server-side error occurred while processing the command. Original error: Error executing adbExec. Original error: 'Command 'C:\\Users\\Jesus_Berbin\\AppData\\Local\\Android\\Sdk\\platform-tools\\adb.exe -P 5037 -s R28M42G369B install -r -g C:\\Users\\Jesus_Berbin\\Documents\\Cursos\\Sybven\\UENO\\crtopyinfinitymobilebanking-release.apk' exited with code 1'; Stderr: 'adb: failed to install C:\Users\Jesus_Berbin\Documents\Cursos\Sybven\UENO\crtopyinfinitymobilebanking-release.apk: Failure [INSTALL_FAILED_PACKAGE_CHANGED: Package was removed before install could complete.]'; Code: '1'
    at getResponseForW3CError (C:\Users\Jesus_Berbin\AppData\Roaming\npm\node_modules\appium\node_modules\appium-base-driver\lib\protocol\errors.js:804:9)
    at asyncHandler (C:\Users\Jesus_Berbin\AppData\Roaming\npm\node_modules\appium\node_modules\appium-base-driver\lib\protocol\protocol.js:380:37)
Build info: version: '3.141.59', revision: 'e82be7d358', time: '2018-11-14T08:25:53'
System info: host: 'ENDER-LOBO', ip: '192.168.17.1', os.name: 'Windows 10', os.arch: 'amd64', os.version: '10.0', java.version: '1.8.0_282'
Driver info: driver.version: SwipeableAndroidDriver
	at io.appium.java_client.remote.AppiumCommandExecutor$1.createSession(AppiumCommandExecutor.java:208)
	at io.appium.java_client.remote.AppiumCommandExecutor.createSession(AppiumCommandExecutor.java:217)
	at io.appium.java_client.remote.AppiumCommandExecutor.execute(AppiumCommandExecutor.java:239)
	at org.openqa.selenium.remote.RemoteWebDriver.execute(RemoteWebDriver.java:552)
	at io.appium.java_client.DefaultGenericMobileDriver.execute(DefaultGenericMobileDriver.java:42)
	at io.appium.java_client.AppiumDriver.execute(AppiumDriver.java:1)
	at io.appium.java_client.android.AndroidDriver.execute(AndroidDriver.java:1)
	at com.kms.katalon.core.appium.driver.SwipeableAndroidDriver.execute(SwipeableAndroidDriver.java:1)
	at org.openqa.selenium.remote.RemoteWebDriver.startSession(RemoteWebDriver.java:213)
	at org.openqa.selenium.remote.RemoteWebDriver.<init>(RemoteWebDriver.java:131)
	at io.appium.java_client.DefaultGenericMobileDriver.<init>(DefaultGenericMobileDriver.java:38)
	at io.appium.java_client.AppiumDriver.<init>(AppiumDriver.java:84)
	at io.appium.java_client.android.AndroidDriver.<init>(AndroidDriver.java:85)
	at com.kms.katalon.core.appium.driver.SwipeableAndroidDriver.<init>(SwipeableAndroidDriver.java:24)
	at com.kms.katalon.core.appium.driver.AppiumDriverManager.createMobileDriver(AppiumDriverManager.java:503)
	at com.kms.katalon.core.appium.driver.AppiumDriverManager.createMobileDriver(AppiumDriverManager.java:485)
	at com.kms.katalon.core.mobile.keyword.internal.MobileDriverFactory.startLocalMobileDriver(MobileDriverFactory.java:539)
	at com.kms.katalon.core.mobile.keyword.internal.MobileDriverFactory.startMobileDriver(MobileDriverFactory.java:452)
	at com.kms.katalon.core.mobile.keyword.builtin.StartApplicationKeyword$_startApplication_closure1.doCall(StartApplicationKeyword.groovy:49)
	at com.kms.katalon.core.mobile.keyword.builtin.StartApplicationKeyword$_startApplication_closure1.call(StartApplicationKeyword.groovy)
	at com.kms.katalon.core.mobile.keyword.internal.MobileKeywordMain.runKeyword(MobileKeywordMain.groovy:21)
	at com.kms.katalon.core.mobile.keyword.builtin.StartApplicationKeyword.startApplication(StartApplicationKeyword.groovy:51)
	at com.kms.katalon.core.mobile.keyword.builtin.StartApplicationKeyword.execute(StartApplicationKeyword.groovy:40)
	at com.kms.katalon.core.keyword.internal.KeywordExecutor.executeKeywordForPlatform(KeywordExecutor.groovy:74)
	at com.kms.katalon.core.mobile.keyword.MobileBuiltInKeywords.startApplication(MobileBuiltInKeywords.groovy:78)
	at com.kms.katalon.core.mobile.keyword.MobileBuiltInKeywords$startApplication.call(Unknown Source)
	at 01 Especificaciones Funcionales - Primer Login exitoso del Cliente.run(01 Especificaciones Funcionales - Primer Login exitoso del Cliente:20)
	at com.kms.katalon.core.main.ScriptEngine.run(ScriptEngine.java:194)
	at com.kms.katalon.core.main.ScriptEngine.runScriptAsRawText(ScriptEngine.java:119)
	at com.kms.katalon.core.main.TestCaseExecutor.runScript(TestCaseExecutor.java:445)
	at com.kms.katalon.core.main.TestCaseExecutor.doExecute(TestCaseExecutor.java:436)
	at com.kms.katalon.core.main.TestCaseExecutor.processExecutionPhase(TestCaseExecutor.java:415)
	at com.kms.katalon.core.main.TestCaseExecutor.accessMainPhase(TestCaseExecutor.java:407)
	at com.kms.katalon.core.main.TestCaseExecutor.execute(TestCaseExecutor.java:284)
	at com.kms.katalon.core.common.CommonExecutor.accessTestCaseMainPhase(CommonExecutor.java:65)
	at com.kms.katalon.core.main.TestSuiteExecutor.accessTestSuiteMainPhase(TestSuiteExecutor.java:144)
	at com.kms.katalon.core.main.TestSuiteExecutor.execute(TestSuiteExecutor.java:106)
	at com.kms.katalon.core.main.TestCaseMain.startTestSuite(TestCaseMain.java:185)
	at com.kms.katalon.core.main.TestCaseMain$startTestSuite$0.call(Unknown Source)
	at TempTestSuite1651263721294.run(TempTestSuite1651263721294.groovy:36)
Caused by: java.lang.reflect.InvocationTargetException
	at io.appium.java_client.remote.AppiumCommandExecutor$1.createSession(AppiumCommandExecutor.java:186)
	at io.appium.java_client.remote.AppiumCommandExecutor.createSession(AppiumCommandExecutor.java:217)
	at io.appium.java_client.remote.AppiumCommandExecutor.execute(AppiumCommandExecutor.java:239)
	at org.openqa.selenium.remote.RemoteWebDriver.execute(RemoteWebDriver.java:552)
	at io.appium.java_client.DefaultGenericMobileDriver.execute(DefaultGenericMobileDriver.java:42)
	at io.appium.java_client.AppiumDriver.execute(AppiumDriver.java:1)
	at io.appium.java_client.android.AndroidDriver.execute(AndroidDriver.java:1)
	at com.kms.katalon.core.appium.driver.SwipeableAndroidDriver.execute(SwipeableAndroidDriver.java:1)
	at org.openqa.selenium.remote.RemoteWebDriver.startSession(RemoteWebDriver.java:213)
	at org.openqa.selenium.remote.RemoteWebDriver.<init>(RemoteWebDriver.java:131)
	at io.appium.java_client.DefaultGenericMobileDriver.<init>(DefaultGenericMobileDriver.java:38)
	at io.appium.java_client.AppiumDriver.<init>(AppiumDriver.java:84)
	at io.appium.java_client.android.AndroidDriver.<init>(AndroidDriver.java:85)
	at com.kms.katalon.core.appium.driver.SwipeableAndroidDriver.<init>(SwipeableAndroidDriver.java:24)
	at com.kms.katalon.core.appium.driver.AppiumDriverManager.createMobileDriver(AppiumDriverManager.java:503)
	at com.kms.katalon.core.appium.driver.AppiumDriverManager.createMobileDriver(AppiumDriverManager.java:485)
	at com.kms.katalon.core.mobile.keyword.internal.MobileDriverFactory.startLocalMobileDriver(MobileDriverFactory.java:539)
	at com.kms.katalon.core.mobile.keyword.internal.MobileDriverFactory.startMobileDriver(MobileDriverFactory.java:452)
	at com.kms.katalon.core.mobile.keyword.builtin.StartApplicationKeyword$_startApplication_closure1.doCall(StartApplicationKeyword.groovy:49)
	at com.kms.katalon.core.mobile.keyword.builtin.StartApplicationKeyword$_startApplication_closure1.call(StartApplicationKeyword.groovy)
	at com.kms.katalon.core.mobile.keyword.internal.MobileKeywordMain.runKeyword(MobileKeywordMain.groovy:21)
	at com.kms.katalon.core.mobile.keyword.builtin.StartApplicationKeyword.startApplication(StartApplicationKeyword.groovy:51)
	at com.kms.katalon.core.mobile.keyword.builtin.StartApplicationKeyword.execute(StartApplicationKeyword.groovy:40)
	at com.kms.katalon.core.keyword.internal.KeywordExecutor.executeKeywordForPlatform(KeywordExecutor.groovy:74)
	at com.kms.katalon.core.mobile.keyword.MobileBuiltInKeywords.startApplication(MobileBuiltInKeywords.groovy:78)
	at com.kms.katalon.core.mobile.keyword.MobileBuiltInKeywords$startApplication.call(Unknown Source)
	at Script1650980472078.run(Script1650980472078.groovy:20)
	... 13 more
Caused by: org.openqa.selenium.WebDriverException: An unknown server-side error occurred while processing the command. Original error: Error executing adbExec. Original error: 'Command 'C:\\Users\\Jesus_Berbin\\AppData\\Local\\Android\\Sdk\\platform-tools\\adb.exe -P 5037 -s R28M42G369B install -r -g C:\\Users\\Jesus_Berbin\\Documents\\Cursos\\Sybven\\UENO\\crtopyinfinitymobilebanking-release.apk' exited with code 1'; Stderr: 'adb: failed to install C:\Users\Jesus_Berbin\Documents\Cursos\Sybven\UENO\crtopyinfinitymobilebanking-release.apk: Failure [INSTALL_FAILED_PACKAGE_CHANGED: Package was removed before install could complete.]'; Code: '1'
Build info: version: '3.141.59', revision: 'e82be7d358', time: '2018-11-14T08:25:53'
System info: host: 'ENDER-LOBO', ip: '192.168.17.1', os.name: 'Windows 10', os.arch: 'amd64', os.version: '10.0', java.version: '1.8.0_282'
Driver info: driver.version: SwipeableAndroidDriver
remote stacktrace: UnknownError: An unknown server-side error occurred while processing the command. Original error: Error executing adbExec. Original error: 'Command 'C:\\Users\\Jesus_Berbin\\AppData\\Local\\Android\\Sdk\\platform-tools\\adb.exe -P 5037 -s R28M42G369B install -r -g C:\\Users\\Jesus_Berbin\\Documents\\Cursos\\Sybven\\UENO\\crtopyinfinitymobilebanking-release.apk' exited with code 1'; Stderr: 'adb: failed to install C:\Users\Jesus_Berbin\Documents\Cursos\Sybven\UENO\crtopyinfinitymobilebanking-release.apk: Failure [INSTALL_FAILED_PACKAGE_CHANGED: Package was removed before install could complete.]'; Code: '1'
    at getResponseForW3CError (C:\Users\Jesus_Berbin\AppData\Roaming\npm\node_modules\appium\node_modules\appium-base-driver\lib\protocol\errors.js:804:9)
    at asyncHandler (C:\Users\Jesus_Berbin\AppData\Roaming\npm\node_modules\appium\node_modules\appium-base-driver\lib\protocol\protocol.js:380:37)
	at org.openqa.selenium.remote.W3CHandshakeResponse.lambda$errorHandler$0(W3CHandshakeResponse.java:62)
	at org.openqa.selenium.remote.HandshakeResponse.lambda$getResponseFunction$0(HandshakeResponse.java:30)
	at org.openqa.selenium.remote.ProtocolHandshake.lambda$createSession$0(ProtocolHandshake.java:126)
	at org.openqa.selenium.remote.ProtocolHandshake.createSession(ProtocolHandshake.java:128)
	... 40 more
)
	at com.kms.katalon.core.keyword.internal.KeywordMain.stepFailed(KeywordMain.groovy:39)
	at com.kms.katalon.core.mobile.keyword.internal.MobileKeywordMain.stepFailed(MobileKeywordMain.groovy:40)
	at com.kms.katalon.core.mobile.keyword.internal.MobileKeywordMain.runKeyword(MobileKeywordMain.groovy:23)
	at com.kms.katalon.core.mobile.keyword.builtin.StartApplicationKeyword.startApplication(StartApplicationKeyword.groovy:51)
	at com.kms.katalon.core.mobile.keyword.builtin.StartApplicationKeyword.execute(StartApplicationKeyword.groovy:40)
	at com.kms.katalon.core.keyword.internal.KeywordExecutor.executeKeywordForPlatform(KeywordExecutor.groovy:74)
	at com.kms.katalon.core.mobile.keyword.MobileBuiltInKeywords.startApplication(MobileBuiltInKeywords.groovy:78)
	at com.kms.katalon.core.mobile.keyword.MobileBuiltInKeywords$startApplication.call(Unknown Source)
	at 01 Especificaciones Funcionales - Primer Login exitoso del Cliente.run(01 Especificaciones Funcionales - Primer Login exitoso del Cliente:20)
	at com.kms.katalon.core.main.ScriptEngine.run(ScriptEngine.java:194)
	at com.kms.katalon.core.main.ScriptEngine.runScriptAsRawText(ScriptEngine.java:119)
	at com.kms.katalon.core.main.TestCaseExecutor.runScript(TestCaseExecutor.java:445)
	at com.kms.katalon.core.main.TestCaseExecutor.doExecute(TestCaseExecutor.java:436)
	at com.kms.katalon.core.main.TestCaseExecutor.processExecutionPhase(TestCaseExecutor.java:415)
	at com.kms.katalon.core.main.TestCaseExecutor.accessMainPhase(TestCaseExecutor.java:407)
	at com.kms.katalon.core.main.TestCaseExecutor.execute(TestCaseExecutor.java:284)
	at com.kms.katalon.core.common.CommonExecutor.accessTestCaseMainPhase(CommonExecutor.java:65)
	at com.kms.katalon.core.main.TestSuiteExecutor.accessTestSuiteMainPhase(TestSuiteExecutor.java:144)
	at com.kms.katalon.core.main.TestSuiteExecutor.execute(TestSuiteExecutor.java:106)
	at com.kms.katalon.core.main.TestCaseMain.startTestSuite(TestCaseMain.java:185)
	at com.kms.katalon.core.main.TestCaseMain$startTestSuite$0.call(Unknown Source)
	at TempTestSuite1651263721294.run(TempTestSuite1651263721294.groovy:36)
Caused by: org.openqa.selenium.SessionNotCreatedException: Unable to create a new remote session. Please check the server log for more details. Original error: An unknown server-side error occurred while processing the command. Original error: Error executing adbExec. Original error: 'Command 'C:\\Users\\Jesus_Berbin\\AppData\\Local\\Android\\Sdk\\platform-tools\\adb.exe -P 5037 -s R28M42G369B install -r -g C:\\Users\\Jesus_Berbin\\Documents\\Cursos\\Sybven\\UENO\\crtopyinfinitymobilebanking-release.apk' exited with code 1'; Stderr: 'adb: failed to install C:\Users\Jesus_Berbin\Documents\Cursos\Sybven\UENO\crtopyinfinitymobilebanking-release.apk: Failure [INSTALL_FAILED_PACKAGE_CHANGED: Package was removed before install could complete.]'; Code: '1'
Build info: version: '3.141.59', revision: 'e82be7d358', time: '2018-11-14T08:25:53'
System info: host: 'ENDER-LOBO', ip: '192.168.17.1', os.name: 'Windows 10', os.arch: 'amd64', os.version: '10.0', java.version: '1.8.0_282'
Driver info: driver.version: SwipeableAndroidDriver
remote stacktrace: UnknownError: An unknown server-side error occurred while processing the command. Original error: Error executing adbExec. Original error: 'Command 'C:\\Users\\Jesus_Berbin\\AppData\\Local\\Android\\Sdk\\platform-tools\\adb.exe -P 5037 -s R28M42G369B install -r -g C:\\Users\\Jesus_Berbin\\Documents\\Cursos\\Sybven\\UENO\\crtopyinfinitymobilebanking-release.apk' exited with code 1'; Stderr: 'adb: failed to install C:\Users\Jesus_Berbin\Documents\Cursos\Sybven\UENO\crtopyinfinitymobilebanking-release.apk: Failure [INSTALL_FAILED_PACKAGE_CHANGED: Package was removed before install could complete.]'; Code: '1'
    at getResponseForW3CError (C:\Users\Jesus_Berbin\AppData\Roaming\npm\node_modules\appium\node_modules\appium-base-driver\lib\protocol\errors.js:804:9)
    at asyncHandler (C:\Users\Jesus_Berbin\AppData\Roaming\npm\node_modules\appium\node_modules\appium-base-driver\lib\protocol\protocol.js:380:37)
Build info: version: '3.141.59', revision: 'e82be7d358', time: '2018-11-14T08:25:53'
System info: host: 'ENDER-LOBO', ip: '192.168.17.1', os.name: 'Windows 10', os.arch: 'amd64', os.version: '10.0', java.version: '1.8.0_282'
Driver info: driver.version: SwipeableAndroidDriver
	at io.appium.java_client.remote.AppiumCommandExecutor$1.createSession(AppiumCommandExecutor.java:208)
	at io.appium.java_client.remote.AppiumCommandExecutor.createSession(AppiumCommandExecutor.java:217)
	at io.appium.java_client.remote.AppiumCommandExecutor.execute(AppiumCommandExecutor.java:239)
	at org.openqa.selenium.remote.RemoteWebDriver.execute(RemoteWebDriver.java:552)
	at io.appium.java_client.DefaultGenericMobileDriver.execute(DefaultGenericMobileDriver.java:42)
	at io.appium.java_client.AppiumDriver.execute(AppiumDriver.java:1)
	at io.appium.java_client.android.AndroidDriver.execute(AndroidDriver.java:1)
	at com.kms.katalon.core.appium.driver.SwipeableAndroidDriver.execute(SwipeableAndroidDriver.java:1)
	at org.openqa.selenium.remote.RemoteWebDriver.startSession(RemoteWebDriver.java:213)
	at org.openqa.selenium.remote.RemoteWebDriver.<init>(RemoteWebDriver.java:131)
	at io.appium.java_client.DefaultGenericMobileDriver.<init>(DefaultGenericMobileDriver.java:38)
	at io.appium.java_client.AppiumDriver.<init>(AppiumDriver.java:84)
	at io.appium.java_client.android.AndroidDriver.<init>(AndroidDriver.java:85)
	at com.kms.katalon.core.appium.driver.SwipeableAndroidDriver.<init>(SwipeableAndroidDriver.java:24)
	at com.kms.katalon.core.appium.driver.AppiumDriverManager.createMobileDriver(AppiumDriverManager.java:503)
	at com.kms.katalon.core.appium.driver.AppiumDriverManager.createMobileDriver(AppiumDriverManager.java:485)
	at com.kms.katalon.core.mobile.keyword.internal.MobileDriverFactory.startLocalMobileDriver(MobileDriverFactory.java:539)
	at com.kms.katalon.core.mobile.keyword.internal.MobileDriverFactory.startMobileDriver(MobileDriverFactory.java:452)
	at com.kms.katalon.core.mobile.keyword.builtin.StartApplicationKeyword$_startApplication_closure1.doCall(StartApplicationKeyword.groovy:49)
	at com.kms.katalon.core.mobile.keyword.builtin.StartApplicationKeyword$_startApplication_closure1.call(StartApplicationKeyword.groovy)
	at com.kms.katalon.core.mobile.keyword.internal.MobileKeywordMain.runKeyword(MobileKeywordMain.groovy:21)
	... 19 more
Caused by: java.lang.reflect.InvocationTargetException
	at io.appium.java_client.remote.AppiumCommandExecutor$1.createSession(AppiumCommandExecutor.java:186)
	at io.appium.java_client.remote.AppiumCommandExecutor.createSession(AppiumCommandExecutor.java:217)
	at io.appium.java_client.remote.AppiumCommandExecutor.execute(AppiumCommandExecutor.java:239)
	at org.openqa.selenium.remote.RemoteWebDriver.execute(RemoteWebDriver.java:552)
	at io.appium.java_client.DefaultGenericMobileDriver.execute(DefaultGenericMobileDriver.java:42)
	at io.appium.java_client.AppiumDriver.execute(AppiumDriver.java:1)
	at io.appium.java_client.android.AndroidDriver.execute(AndroidDriver.java:1)
	at com.kms.katalon.core.appium.driver.SwipeableAndroidDriver.execute(SwipeableAndroidDriver.java:1)
	at org.openqa.selenium.remote.RemoteWebDriver.startSession(RemoteWebDriver.java:213)
	at org.openqa.selenium.remote.RemoteWebDriver.<init>(RemoteWebDriver.java:131)
	at io.appium.java_client.DefaultGenericMobileDriver.<init>(DefaultGenericMobileDriver.java:38)
	at io.appium.java_client.AppiumDriver.<init>(AppiumDriver.java:84)
	at io.appium.java_client.android.AndroidDriver.<init>(AndroidDriver.java:85)
	at com.kms.katalon.core.appium.driver.SwipeableAndroidDriver.<init>(SwipeableAndroidDriver.java:24)
	at com.kms.katalon.core.appium.driver.AppiumDriverManager.createMobileDriver(AppiumDriverManager.java:503)
	at com.kms.katalon.core.appium.driver.AppiumDriverManager.createMobileDriver(AppiumDriverManager.java:485)
	at com.kms.katalon.core.mobile.keyword.internal.MobileDriverFactory.startLocalMobileDriver(MobileDriverFactory.java:539)
	at com.kms.katalon.core.mobile.keyword.internal.MobileDriverFactory.startMobileDriver(MobileDriverFactory.java:452)
	at com.kms.katalon.core.mobile.keyword.builtin.StartApplicationKeyword$_startApplication_closure1.doCall(StartApplicationKeyword.groovy:49)
	at com.kms.katalon.core.mobile.keyword.builtin.StartApplicationKeyword$_startApplication_closure1.call(StartApplicationKeyword.groovy)
	at com.kms.katalon.core.mobile.keyword.internal.MobileKeywordMain.runKeyword(MobileKeywordMain.groovy:21)
	at com.kms.katalon.core.mobile.keyword.builtin.StartApplicationKeyword.startApplication(StartApplicationKeyword.groovy:51)
	at com.kms.katalon.core.mobile.keyword.builtin.StartApplicationKeyword.execute(StartApplicationKeyword.groovy:40)
	at com.kms.katalon.core.keyword.internal.KeywordExecutor.executeKeywordForPlatform(KeywordExecutor.groovy:74)
	at com.kms.katalon.core.mobile.keyword.MobileBuiltInKeywords.startApplication(MobileBuiltInKeywords.groovy:78)
	at com.kms.katalon.core.mobile.keyword.MobileBuiltInKeywords$startApplication.call(Unknown Source)
	at Script1650980472078.run(Script1650980472078.groovy:20)
	... 13 more
Caused by: org.openqa.selenium.WebDriverException: An unknown server-side error occurred while processing the command. Original error: Error executing adbExec. Original error: 'Command 'C:\\Users\\Jesus_Berbin\\AppData\\Local\\Android\\Sdk\\platform-tools\\adb.exe -P 5037 -s R28M42G369B install -r -g C:\\Users\\Jesus_Berbin\\Documents\\Cursos\\Sybven\\UENO\\crtopyinfinitymobilebanking-release.apk' exited with code 1'; Stderr: 'adb: failed to install C:\Users\Jesus_Berbin\Documents\Cursos\Sybven\UENO\crtopyinfinitymobilebanking-release.apk: Failure [INSTALL_FAILED_PACKAGE_CHANGED: Package was removed before install could complete.]'; Code: '1'
Build info: version: '3.141.59', revision: 'e82be7d358', time: '2018-11-14T08:25:53'
System info: host: 'ENDER-LOBO', ip: '192.168.17.1', os.name: 'Windows 10', os.arch: 'amd64', os.version: '10.0', java.version: '1.8.0_282'
Driver info: driver.version: SwipeableAndroidDriver
remote stacktrace: UnknownError: An unknown server-side error occurred while processing the command. Original error: Error executing adbExec. Original error: 'Command 'C:\\Users\\Jesus_Berbin\\AppData\\Local\\Android\\Sdk\\platform-tools\\adb.exe -P 5037 -s R28M42G369B install -r -g C:\\Users\\Jesus_Berbin\\Documents\\Cursos\\Sybven\\UENO\\crtopyinfinitymobilebanking-release.apk' exited with code 1'; Stderr: 'adb: failed to install C:\Users\Jesus_Berbin\Documents\Cursos\Sybven\UENO\crtopyinfinitymobilebanking-release.apk: Failure [INSTALL_FAILED_PACKAGE_CHANGED: Package was removed before install could complete.]'; Code: '1'
    at getResponseForW3CError (C:\Users\Jesus_Berbin\AppData\Roaming\npm\node_modules\appium\node_modules\appium-base-driver\lib\protocol\errors.js:804:9)
    at asyncHandler (C:\Users\Jesus_Berbin\AppData\Roaming\npm\node_modules\appium\node_modules\appium-base-driver\lib\protocol\protocol.js:380:37)
	at org.openqa.selenium.remote.W3CHandshakeResponse.lambda$errorHandler$0(W3CHandshakeResponse.java:62)
	at org.openqa.selenium.remote.HandshakeResponse.lambda$getResponseFunction$0(HandshakeResponse.java:30)
	at org.openqa.selenium.remote.ProtocolHandshake.lambda$createSession$0(ProtocolHandshake.java:126)
	at org.openqa.selenium.remote.ProtocolHandshake.createSession(ProtocolHandshake.java:128)
	at io.appium.java_client.remote.AppiumCommandExecutor$1.createSession(AppiumCommandExecutor.java:186)
	at io.appium.java_client.remote.AppiumCommandExecutor.createSession(AppiumCommandExecutor.java:217)
	at io.appium.java_client.remote.AppiumCommandExecutor.execute(AppiumCommandExecutor.java:239)
	at org.openqa.selenium.remote.RemoteWebDriver.execute(RemoteWebDriver.java:552)
	at io.appium.java_client.DefaultGenericMobileDriver.execute(DefaultGenericMobileDriver.java:42)
	at io.appium.java_client.AppiumDriver.execute(AppiumDriver.java:1)
	at io.appium.java_client.android.AndroidDriver.execute(AndroidDriver.java:1)
	at com.kms.katalon.core.appium.driver.SwipeableAndroidDriver.execute(SwipeableAndroidDriver.java:1)
	at org.openqa.selenium.remote.RemoteWebDriver.startSession(RemoteWebDriver.java:213)
	at org.openqa.selenium.remote.RemoteWebDriver.<init>(RemoteWebDriver.java:131)
	at io.appium.java_client.DefaultGenericMobileDriver.<init>(DefaultGenericMobileDriver.java:38)
	at io.appium.java_client.AppiumDriver.<init>(AppiumDriver.java:84)
	at io.appium.java_client.android.AndroidDriver.<init>(AndroidDriver.java:85)
	at com.kms.katalon.core.appium.driver.SwipeableAndroidDriver.<init>(SwipeableAndroidDriver.java:24)
	at com.kms.katalon.core.appium.driver.AppiumDriverManager.createMobileDriver(AppiumDriverManager.java:503)
	at com.kms.katalon.core.appium.driver.AppiumDriverManager.createMobileDriver(AppiumDriverManager.java:485)
	at com.kms.katalon.core.mobile.keyword.internal.MobileDriverFactory.startLocalMobileDriver(MobileDriverFactory.java:539)
	at com.kms.katalon.core.mobile.keyword.internal.MobileDriverFactory.startMobileDriver(MobileDriverFactory.java:452)
	at com.kms.katalon.core.mobile.keyword.builtin.StartApplicationKeyword$_startApplication_closure1.doCall(StartApplicationKeyword.groovy:49)
	at com.kms.katalon.core.mobile.keyword.builtin.StartApplicationKeyword$_startApplication_closure1.call(StartApplicationKeyword.groovy)
	at com.kms.katalon.core.mobile.keyword.internal.MobileKeywordMain.runKeyword(MobileKeywordMain.groovy:21)
	at com.kms.katalon.core.mobile.keyword.builtin.StartApplicationKeyword.startApplication(StartApplicationKeyword.groovy:51)
	at com.kms.katalon.core.mobile.keyword.builtin.StartApplicationKeyword.execute(StartApplicationKeyword.groovy:40)
	at com.kms.katalon.core.keyword.internal.KeywordExecutor.executeKeywordForPlatform(KeywordExecutor.groovy:74)
	at com.kms.katalon.core.mobile.keyword.MobileBuiltInKeywords.startApplication(MobileBuiltInKeywords.groovy:78)
	at com.kms.katalon.core.mobile.keyword.MobileBuiltInKeywords$startApplication.call(Unknown Source)
	at 01 Especificaciones Funcionales - Primer Login exitoso del Cliente.run(01 Especificaciones Funcionales - Primer Login exitoso del Cliente:20)
	... 13 more]]></system-err>
      </testcase>
      <testcase name="Test Cases/01HU-Login-Cierre de Sesión/02Estructura de la pantalla - Pantalla de Login" time="42.353" classname="Test Cases/01HU-Login-Cierre de Sesión/02Estructura de la pantalla - Pantalla de Login" status="PASSED">
         <system-out><![CDATA[2022-04-29 16:22:58 - [TEST_CASE][PASSED] - Test Cases/01HU-Login-Cierre de Sesión/02Estructura de la pantalla - Pantalla de Login: Test Cases/01HU-Login-Cierre de Sesión/02Estructura de la pantalla - Pantalla de Login

2022-04-29 16:22:59 - [TEST_STEP][PASSED] - startApplication(URL, false): Started app at: 'C:\Users\Jesus_Berbin\Documents\Cursos\Sybven\UENO\crtopyinfinitymobilebanking-release.apk'

2022-04-29 16:22:59 - [MESSAGE][INFO] - User set preference: ['deviceId', '']

2022-04-29 16:23:31 - [MESSAGE][PASSED] - Started app at: 'C:\Users\Jesus_Berbin\Documents\Cursos\Sybven\UENO\crtopyinfinitymobilebanking-release.apk'

2022-04-29 16:23:31 - [TEST_STEP][PASSED] - delay(5, CONTINUE_ON_FAILURE): Delayed 5 second(s)

2022-04-29 16:23:36 - [MESSAGE][PASSED] - Delayed 5 second(s)

2022-04-29 16:23:36 - [TEST_STEP][PASSED] - Banner = getAttribute(findTestObject("Login/android.widget.ImageView.Banner"), "resource-id", 0): Element 'Object Repository/Login/android.widget.ImageView.Banner' has attribute 'resource-id' is 'com.verticalapps.KonyMobileBanking:id/imgKonyLogo'

2022-04-29 16:23:36 - [MESSAGE][WARNING] - Timeout '0' is invalid. Using default page load timeout: '30'

2022-04-29 16:23:37 - [MESSAGE][PASSED] - Element 'Object Repository/Login/android.widget.ImageView.Banner' has attribute 'resource-id' is 'com.verticalapps.KonyMobileBanking:id/imgKonyLogo'

2022-04-29 16:23:37 - [TEST_STEP][PASSED] - verifyMatch(Banner, "com.verticalapps.KonyMobileBanking:id/imgKonyLogo", false): Actual text 'com.verticalapps.KonyMobileBanking:id/imgKonyLogo' and expected text 'com.verticalapps.KonyMobileBanking:id/imgKonyLogo' are matched 

2022-04-29 16:23:37 - [MESSAGE][PASSED] - Actual text 'com.verticalapps.KonyMobileBanking:id/imgKonyLogo' and expected text 'com.verticalapps.KonyMobileBanking:id/imgKonyLogo' are matched 

2022-04-29 16:23:37 - [TEST_STEP][PASSED] - Hola = getText(findTestObject("Login/android.widget.TextView - Hola (1)"), 0, CONTINUE_ON_FAILURE): Text of element 'Object Repository/Login/android.widget.TextView - Hola (1)' is: '¡Hola!'

2022-04-29 16:23:37 - [MESSAGE][WARNING] - Timeout '0' is invalid. Using default page load timeout: '30'

2022-04-29 16:23:38 - [MESSAGE][PASSED] - Text of element 'Object Repository/Login/android.widget.TextView - Hola (1)' is: '¡Hola!'

2022-04-29 16:23:38 - [TEST_STEP][PASSED] - verifyEqual(Hola, "¡Hola!"): Actual object '¡Hola!' and expected object '¡Hola!' are equal

2022-04-29 16:23:38 - [MESSAGE][PASSED] - Actual object '¡Hola!' and expected object '¡Hola!' are equal

2022-04-29 16:23:38 - [TEST_STEP][PASSED] - NumerodeCelular = getText(findTestObject("Login/android.widget.TextView - Nmero de celular"), 0): Text of element 'Object Repository/Login/android.widget.TextView - Nmero de celular' is: 'Número de celular:'

2022-04-29 16:23:38 - [MESSAGE][WARNING] - Timeout '0' is invalid. Using default page load timeout: '30'

2022-04-29 16:23:38 - [MESSAGE][PASSED] - Text of element 'Object Repository/Login/android.widget.TextView - Nmero de celular' is: 'Número de celular:'

2022-04-29 16:23:38 - [TEST_STEP][PASSED] - verifyEqual(NumerodeCelular, "Número de celular:"): Actual object 'Número de celular:' and expected object 'Número de celular:' are equal

2022-04-29 16:23:38 - [MESSAGE][PASSED] - Actual object 'Número de celular:' and expected object 'Número de celular:' are equal

2022-04-29 16:23:38 - [TEST_STEP][PASSED] - Contrasena = getText(findTestObject("Login/android.widget.TextView - Contrasea"), 0): Text of element 'Object Repository/Login/android.widget.TextView - Contrasea' is: 'Contraseña:'

2022-04-29 16:23:38 - [MESSAGE][WARNING] - Timeout '0' is invalid. Using default page load timeout: '30'

2022-04-29 16:23:38 - [MESSAGE][PASSED] - Text of element 'Object Repository/Login/android.widget.TextView - Contrasea' is: 'Contraseña:'

2022-04-29 16:23:38 - [TEST_STEP][PASSED] - verifyEqual(Contrasena, "Contraseña:"): Actual object 'Contraseña:' and expected object 'Contraseña:' are equal

2022-04-29 16:23:38 - [MESSAGE][PASSED] - Actual object 'Contraseña:' and expected object 'Contraseña:' are equal

2022-04-29 16:23:38 - [TEST_STEP][PASSED] - IconoContrasena = getAttribute(findTestObject("Login/android.widget.ImageView.IconoMostrarContraseña"), "resource-id", 0): Element 'Object Repository/Login/android.widget.ImageView.IconoMostrarContraseña' has attribute 'resource-id' is 'com.verticalapps.KonyMobileBanking:id/imgPwdVisiblityToggle'

2022-04-29 16:23:38 - [MESSAGE][WARNING] - Timeout '0' is invalid. Using default page load timeout: '30'

2022-04-29 16:23:39 - [MESSAGE][PASSED] - Element 'Object Repository/Login/android.widget.ImageView.IconoMostrarContraseña' has attribute 'resource-id' is 'com.verticalapps.KonyMobileBanking:id/imgPwdVisiblityToggle'

2022-04-29 16:23:39 - [TEST_STEP][PASSED] - verifyMatch(IconoContrasena, "com.verticalapps.KonyMobileBanking:id/imgPwdVisiblityToggle", false): Actual text 'com.verticalapps.KonyMobileBanking:id/imgPwdVisiblityToggle' and expected text 'com.verticalapps.KonyMobileBanking:id/imgPwdVisiblityToggle' are matched 

2022-04-29 16:23:39 - [MESSAGE][PASSED] - Actual text 'com.verticalapps.KonyMobileBanking:id/imgPwdVisiblityToggle' and expected text 'com.verticalapps.KonyMobileBanking:id/imgPwdVisiblityToggle' are matched 

2022-04-29 16:23:39 - [TEST_STEP][PASSED] - OlvidastetuContrasena = getText(findTestObject("Login/android.widget.TextView - Olvidaste tu contrasea"), 0): Text of element 'Object Repository/Login/android.widget.TextView - Olvidaste tu contrasea' is: '¿Olvidaste tu contraseña?'

2022-04-29 16:23:39 - [MESSAGE][WARNING] - Timeout '0' is invalid. Using default page load timeout: '30'

2022-04-29 16:23:39 - [MESSAGE][PASSED] - Text of element 'Object Repository/Login/android.widget.TextView - Olvidaste tu contrasea' is: '¿Olvidaste tu contraseña?'

2022-04-29 16:23:39 - [TEST_STEP][PASSED] - verifyEqual(OlvidastetuContrasena, "¿Olvidaste tu contraseña?"): Actual object '¿Olvidaste tu contraseña?' and expected object '¿Olvidaste tu contraseña?' are equal

2022-04-29 16:23:39 - [MESSAGE][PASSED] - Actual object '¿Olvidaste tu contraseña?' and expected object '¿Olvidaste tu contraseña?' are equal

2022-04-29 16:23:39 - [TEST_STEP][PASSED] - BotonIngresar = getAttribute(findTestObject("Login/android.widget.Button - Ingresar"), "text", 0): Element 'Object Repository/Login/android.widget.Button - Ingresar' has attribute 'text' is 'Ingresar'

2022-04-29 16:23:39 - [MESSAGE][WARNING] - Timeout '0' is invalid. Using default page load timeout: '30'

2022-04-29 16:23:39 - [MESSAGE][PASSED] - Element 'Object Repository/Login/android.widget.Button - Ingresar' has attribute 'text' is 'Ingresar'

2022-04-29 16:23:39 - [TEST_STEP][PASSED] - verifyEqual(BotonIngresar, "Ingresar"): Actual object 'Ingresar' and expected object 'Ingresar' are equal

2022-04-29 16:23:39 - [MESSAGE][PASSED] - Actual object 'Ingresar' and expected object 'Ingresar' are equal

2022-04-29 16:23:39 - [TEST_STEP][PASSED] - Registrarme = getAttribute(findTestObject("Login/android.widget.Button - Registrarme"), "text", 0): Element 'Object Repository/Login/android.widget.Button - Registrarme' has attribute 'text' is 'Registrarme'

2022-04-29 16:23:39 - [MESSAGE][WARNING] - Timeout '0' is invalid. Using default page load timeout: '30'

2022-04-29 16:23:40 - [MESSAGE][PASSED] - Element 'Object Repository/Login/android.widget.Button - Registrarme' has attribute 'text' is 'Registrarme'

2022-04-29 16:23:40 - [TEST_STEP][PASSED] - verifyEqual(Registrarme, "Registrarme"): Actual object 'Registrarme' and expected object 'Registrarme' are equal

2022-04-29 16:23:40 - [MESSAGE][PASSED] - Actual object 'Registrarme' and expected object 'Registrarme' are equal

2022-04-29 16:23:40 - [TEST_STEP][PASSED] - Soporte = getAttribute(findTestObject("Login/android.widget.Button - Soporte"), "text", 0): Element 'Object Repository/Login/android.widget.Button - Soporte' has attribute 'text' is 'Soporte'

2022-04-29 16:23:40 - [MESSAGE][WARNING] - Timeout '0' is invalid. Using default page load timeout: '30'

2022-04-29 16:23:40 - [MESSAGE][PASSED] - Element 'Object Repository/Login/android.widget.Button - Soporte' has attribute 'text' is 'Soporte'

2022-04-29 16:23:40 - [TEST_STEP][PASSED] - verifyEqual(Soporte, "Soporte"): Actual object 'Soporte' and expected object 'Soporte' are equal

2022-04-29 16:23:40 - [MESSAGE][PASSED] - Actual object 'Soporte' and expected object 'Soporte' are equal

2022-04-29 16:23:40 - [TEST_STEP][PASSED] - TextoAyuda = getAttribute(findTestObject("Login/android.widget.EditText - Ejemplo 0981123456"), "text", 0): Element 'Object Repository/Login/android.widget.EditText - Ejemplo 0981123456' has attribute 'text' is 'Ejemplo: 0981123456'

2022-04-29 16:23:40 - [MESSAGE][WARNING] - Timeout '0' is invalid. Using default page load timeout: '30'

2022-04-29 16:23:40 - [MESSAGE][PASSED] - Element 'Object Repository/Login/android.widget.EditText - Ejemplo 0981123456' has attribute 'text' is 'Ejemplo: 0981123456'

2022-04-29 16:23:40 - [TEST_STEP][PASSED] - verifyEqual(TextoAyuda, "Ejemplo: 0981123456"): Actual object 'Ejemplo: 0981123456' and expected object 'Ejemplo: 0981123456' are equal

2022-04-29 16:23:40 - [MESSAGE][PASSED] - Actual object 'Ejemplo: 0981123456' and expected object 'Ejemplo: 0981123456' are equal]]></system-out>
         <system-err><![CDATA[]]></system-err>
      </testcase>
      <testcase name="Test Cases/01HU-Login-Cierre de Sesión/03Especificaciones funcionales - Botón Plano Olvidaste tu contraseña" time="68.881" classname="Test Cases/01HU-Login-Cierre de Sesión/03Especificaciones funcionales - Botón Plano Olvidaste tu contraseña" status="PASSED">
         <system-out><![CDATA[2022-04-29 16:23:40 - [TEST_CASE][PASSED] - Test Cases/01HU-Login-Cierre de Sesión/03Especificaciones funcionales - Botón Plano Olvidaste tu contraseña: Test Cases/01HU-Login-Cierre de Sesión/03Especificaciones funcionales - Botón Plano Olvidaste tu contraseña

2022-04-29 16:23:41 - [TEST_STEP][PASSED] - startApplication(URL, true): Started app at: 'C:\Users\Jesus_Berbin\Documents\Cursos\Sybven\UENO\crtopyinfinitymobilebanking-release.apk'

2022-04-29 16:23:41 - [MESSAGE][INFO] - User set preference: ['deviceId', '']

2022-04-29 16:24:30 - [MESSAGE][PASSED] - Started app at: 'C:\Users\Jesus_Berbin\Documents\Cursos\Sybven\UENO\crtopyinfinitymobilebanking-release.apk'

2022-04-29 16:24:30 - [TEST_STEP][PASSED] - delay(10, CONTINUE_ON_FAILURE): Delayed 10 second(s)

2022-04-29 16:24:40 - [MESSAGE][PASSED] - Delayed 10 second(s)

2022-04-29 16:24:40 - [TEST_STEP][PASSED] - OlvidastetuContrasena = getText(findTestObject("Object Repository/Olvido Contrasena/android.widget.TextView - Olvidaste tu contrasena Pantalla de inicio"), 0): Text of element 'Object Repository/Olvido Contrasena/android.widget.TextView - Olvidaste tu contrasena Pantalla de inicio' is: '¿Olvidaste tu contraseña?'

2022-04-29 16:24:40 - [MESSAGE][WARNING] - Timeout '0' is invalid. Using default page load timeout: '30'

2022-04-29 16:24:40 - [MESSAGE][PASSED] - Text of element 'Object Repository/Olvido Contrasena/android.widget.TextView - Olvidaste tu contrasena Pantalla de inicio' is: '¿Olvidaste tu contraseña?'

2022-04-29 16:24:40 - [TEST_STEP][PASSED] - verifyEqual(OlvidastetuContrasena, "¿Olvidaste tu contraseña?"): Actual object '¿Olvidaste tu contraseña?' and expected object '¿Olvidaste tu contraseña?' are equal

2022-04-29 16:24:40 - [MESSAGE][PASSED] - Actual object '¿Olvidaste tu contraseña?' and expected object '¿Olvidaste tu contraseña?' are equal

2022-04-29 16:24:40 - [TEST_STEP][PASSED] - tap(findTestObject("Login/android.widget.Button - Olvidaste tu contrasea"), 0): Tapped on element 'Object Repository/Login/android.widget.Button - Olvidaste tu contrasea'

2022-04-29 16:24:40 - [MESSAGE][WARNING] - Timeout '0' is invalid. Using default page load timeout: '30'

2022-04-29 16:24:42 - [MESSAGE][PASSED] - Tapped on element 'Object Repository/Login/android.widget.Button - Olvidaste tu contrasea'

2022-04-29 16:24:42 - [TEST_STEP][PASSED] - Titulo = getText(findTestObject("Object Repository/Olvido Contrasena/android.widget.TextView - Olvidaste tu contrasea (pantalla Olvido)"), 0): Text of element 'Object Repository/Olvido Contrasena/android.widget.TextView - Olvidaste tu contrasea (pantalla Olvido)' is: '¿Olvidaste tu contraseña?'

2022-04-29 16:24:42 - [MESSAGE][WARNING] - Timeout '0' is invalid. Using default page load timeout: '30'

2022-04-29 16:24:42 - [MESSAGE][PASSED] - Text of element 'Object Repository/Olvido Contrasena/android.widget.TextView - Olvidaste tu contrasea (pantalla Olvido)' is: '¿Olvidaste tu contraseña?'

2022-04-29 16:24:42 - [TEST_STEP][PASSED] - verifyEqual(Titulo, "¿Olvidaste tu contraseña?"): Actual object '¿Olvidaste tu contraseña?' and expected object '¿Olvidaste tu contraseña?' are equal

2022-04-29 16:24:42 - [MESSAGE][PASSED] - Actual object '¿Olvidaste tu contraseña?' and expected object '¿Olvidaste tu contraseña?' are equal

2022-04-29 16:24:42 - [TEST_STEP][PASSED] - NumeroCedula = getText(findTestObject("Olvido Contrasena/android.widget.TextView - CI nmero"), 0): Text of element 'Object Repository/Olvido Contrasena/android.widget.TextView - CI nmero' is: 'CI número:'

2022-04-29 16:24:42 - [MESSAGE][WARNING] - Timeout '0' is invalid. Using default page load timeout: '30'

2022-04-29 16:24:42 - [MESSAGE][PASSED] - Text of element 'Object Repository/Olvido Contrasena/android.widget.TextView - CI nmero' is: 'CI número:'

2022-04-29 16:24:42 - [TEST_STEP][PASSED] - verifyEqual(NumeroCedula, "CI número:"): Actual object 'CI número:' and expected object 'CI número:' are equal

2022-04-29 16:24:42 - [MESSAGE][PASSED] - Actual object 'CI número:' and expected object 'CI número:' are equal

2022-04-29 16:24:42 - [TEST_STEP][PASSED] - TextoAyuda = getText(findTestObject("Object Repository/Olvido Contrasena/android.widget.EditText - Ejemplo 1234567"), 0): Text of element 'Object Repository/Olvido Contrasena/android.widget.EditText - Ejemplo 1234567' is: 'Ejemplo: 1234567'

2022-04-29 16:24:42 - [MESSAGE][WARNING] - Timeout '0' is invalid. Using default page load timeout: '30'

2022-04-29 16:24:43 - [MESSAGE][PASSED] - Text of element 'Object Repository/Olvido Contrasena/android.widget.EditText - Ejemplo 1234567' is: 'Ejemplo: 1234567'

2022-04-29 16:24:43 - [TEST_STEP][PASSED] - verifyEqual(TextoAyuda, "Ejemplo: 1234567"): Actual object 'Ejemplo: 1234567' and expected object 'Ejemplo: 1234567' are equal

2022-04-29 16:24:43 - [MESSAGE][PASSED] - Actual object 'Ejemplo: 1234567' and expected object 'Ejemplo: 1234567' are equal

2022-04-29 16:24:43 - [TEST_STEP][PASSED] - Nrodecelularconelqueteregistraste = getText(findTestObject("Olvido Contrasena/android.widget.TextView - Nro. de celular con el que te registraste"), 0): Text of element 'Object Repository/Olvido Contrasena/android.widget.TextView - Nro. de celular con el que te registraste' is: 'Nro. de celular con el que te registraste:'

2022-04-29 16:24:43 - [MESSAGE][WARNING] - Timeout '0' is invalid. Using default page load timeout: '30'

2022-04-29 16:24:43 - [MESSAGE][PASSED] - Text of element 'Object Repository/Olvido Contrasena/android.widget.TextView - Nro. de celular con el que te registraste' is: 'Nro. de celular con el que te registraste:'

2022-04-29 16:24:43 - [TEST_STEP][PASSED] - verifyEqual(Nrodecelularconelqueteregistraste, "Nro. de celular con el que te registraste:"): Actual object 'Nro. de celular con el que te registraste:' and expected object 'Nro. de celular con el que te registraste:' are equal

2022-04-29 16:24:43 - [MESSAGE][PASSED] - Actual object 'Nro. de celular con el que te registraste:' and expected object 'Nro. de celular con el que te registraste:' are equal

2022-04-29 16:24:43 - [TEST_STEP][PASSED] - TextoAyuda1 = getText(findTestObject("Object Repository/Olvido Contrasena/android.widget.EditText - Ejemplo 0981123456"), 0): Text of element 'Object Repository/Olvido Contrasena/android.widget.EditText - Ejemplo 0981123456' is: 'Ejemplo: 0981123456'

2022-04-29 16:24:43 - [MESSAGE][WARNING] - Timeout '0' is invalid. Using default page load timeout: '30'

2022-04-29 16:24:43 - [MESSAGE][PASSED] - Text of element 'Object Repository/Olvido Contrasena/android.widget.EditText - Ejemplo 0981123456' is: 'Ejemplo: 0981123456'

2022-04-29 16:24:43 - [TEST_STEP][PASSED] - verifyEqual(TextoAyuda1, "Ejemplo: 0981123456"): Actual object 'Ejemplo: 0981123456' and expected object 'Ejemplo: 0981123456' are equal

2022-04-29 16:24:43 - [MESSAGE][PASSED] - Actual object 'Ejemplo: 0981123456' and expected object 'Ejemplo: 0981123456' are equal

2022-04-29 16:24:43 - [TEST_STEP][PASSED] - Correoelectronicoconelqueteregistraste = getText(findTestObject("Object Repository/Olvido Contrasena/android.widget.TextView - Correo electrnico con el que te registraste"), 0): Text of element 'Object Repository/Olvido Contrasena/android.widget.TextView - Correo electrnico con el que te registraste' is: 'Correo electrónico con el que te registraste:'

2022-04-29 16:24:43 - [MESSAGE][WARNING] - Timeout '0' is invalid. Using default page load timeout: '30'

2022-04-29 16:24:44 - [MESSAGE][PASSED] - Text of element 'Object Repository/Olvido Contrasena/android.widget.TextView - Correo electrnico con el que te registraste' is: 'Correo electrónico con el que te registraste:'

2022-04-29 16:24:44 - [TEST_STEP][PASSED] - verifyEqual(Correoelectronicoconelqueteregistraste, "Correo electrónico con el que te registraste:"): Actual object 'Correo electrónico con el que te registraste:' and expected object 'Correo electrónico con el que te registraste:' are equal

2022-04-29 16:24:44 - [MESSAGE][PASSED] - Actual object 'Correo electrónico con el que te registraste:' and expected object 'Correo electrónico con el que te registraste:' are equal

2022-04-29 16:24:44 - [TEST_STEP][PASSED] - Ejemplo = getText(findTestObject("Object Repository/Olvido Contrasena/android.widget.EditText - Ejemplo ejemplogmail.com"), 0): Text of element 'Object Repository/Olvido Contrasena/android.widget.EditText - Ejemplo ejemplogmail.com' is: 'Ejemplo: ejemplo@gmail.com'

2022-04-29 16:24:44 - [MESSAGE][WARNING] - Timeout '0' is invalid. Using default page load timeout: '30'

2022-04-29 16:24:44 - [MESSAGE][PASSED] - Text of element 'Object Repository/Olvido Contrasena/android.widget.EditText - Ejemplo ejemplogmail.com' is: 'Ejemplo: ejemplo@gmail.com'

2022-04-29 16:24:44 - [TEST_STEP][PASSED] - verifyEqual(Ejemplo, "Ejemplo: ejemplo@gmail.com"): Actual object 'Ejemplo: ejemplo@gmail.com' and expected object 'Ejemplo: ejemplo@gmail.com' are equal

2022-04-29 16:24:44 - [MESSAGE][PASSED] - Actual object 'Ejemplo: ejemplo@gmail.com' and expected object 'Ejemplo: ejemplo@gmail.com' are equal

2022-04-29 16:24:44 - [TEST_STEP][PASSED] - Continuar = getText(findTestObject("Object Repository/Olvido Contrasena/android.widget.Button - Continuar"), 0): Text of element 'Object Repository/Olvido Contrasena/android.widget.Button - Continuar' is: 'Continuar'

2022-04-29 16:24:44 - [MESSAGE][WARNING] - Timeout '0' is invalid. Using default page load timeout: '30'

2022-04-29 16:24:44 - [MESSAGE][PASSED] - Text of element 'Object Repository/Olvido Contrasena/android.widget.Button - Continuar' is: 'Continuar'

2022-04-29 16:24:44 - [TEST_STEP][PASSED] - verifyEqual(Continuar, "Continuar"): Actual object 'Continuar' and expected object 'Continuar' are equal

2022-04-29 16:24:44 - [MESSAGE][PASSED] - Actual object 'Continuar' and expected object 'Continuar' are equal

2022-04-29 16:24:44 - [TEST_STEP][PASSED] - tap(findTestObject("Object Repository/Olvido Contrasena/android.widget.ImageView Boton Back superior"), 0): Tapped on element 'Object Repository/Olvido Contrasena/android.widget.ImageView Boton Back superior'

2022-04-29 16:24:44 - [MESSAGE][WARNING] - Timeout '0' is invalid. Using default page load timeout: '30'

2022-04-29 16:24:46 - [MESSAGE][PASSED] - Tapped on element 'Object Repository/Olvido Contrasena/android.widget.ImageView Boton Back superior'

2022-04-29 16:24:46 - [TEST_STEP][PASSED] - tap(findTestObject("Olvido Contrasena/android.widget.TextView - Olvidaste tu contrasena Pantalla de inicio"), 0): Tapped on element 'Object Repository/Olvido Contrasena/android.widget.TextView - Olvidaste tu contrasena Pantalla de inicio'

2022-04-29 16:24:46 - [MESSAGE][WARNING] - Timeout '0' is invalid. Using default page load timeout: '30'

2022-04-29 16:24:48 - [MESSAGE][PASSED] - Tapped on element 'Object Repository/Olvido Contrasena/android.widget.TextView - Olvidaste tu contrasena Pantalla de inicio'

2022-04-29 16:24:48 - [TEST_STEP][PASSED] - tap(findTestObject("Object Repository/Olvido Contrasena/android.widget.ImageView (boton x)"), 0): Tapped on element 'Object Repository/Olvido Contrasena/android.widget.ImageView (boton x)'

2022-04-29 16:24:48 - [MESSAGE][WARNING] - Timeout '0' is invalid. Using default page load timeout: '30'

2022-04-29 16:24:49 - [MESSAGE][PASSED] - Tapped on element 'Object Repository/Olvido Contrasena/android.widget.ImageView (boton x)']]></system-out>
         <system-err><![CDATA[]]></system-err>
      </testcase>
      <testcase name="Test Cases/01HU-Login-Cierre de Sesión/04 Estructura de la pantalla - Splash" time="16.804" classname="Test Cases/01HU-Login-Cierre de Sesión/04 Estructura de la pantalla - Splash" status="FAILED">
         <failure type="FAILED" message="Test Cases/01HU-Login-Cierre de Sesión/04 Estructura de la pantalla - Splash FAILED.
Reason:
com.kms.katalon.core.exception.StepFailedException: Failed to check for element 'Object Repository/Login/android.widget.ImageView Splash' visible (Root cause: org.openqa.selenium.StaleElementReferenceException: androidx.test.uiautomator.StaleObjectException
For documentation on this error, please visit: https://www.seleniumhq.org/exceptions/stale_element_reference.html
Build info: version: '3.141.59', revision: 'e82be7d358', time: '2018-11-14T08:25:53'
System info: host: 'ENDER-LOBO', ip: '192.168.17.1', os.name: 'Windows 10', os.arch: 'amd64', os.version: '10.0', java.version: '1.8.0_282'
Driver info: com.kms.katalon.core.appium.driver.SwipeableAndroidDriver
Capabilities {app: C:\Users\Jesus_Berbin\Docum..., appPackage: com.verticalapps.KonyMobile..., autoGrantPermissions: true, automationName: uiautomator2, chromedriverPort: 64773, databaseEnabled: false, desired: {app: C:\Users\Jesus_Berbin\Docum..., autoGrantPermissions: true, automationName: uiautomator2, chromedriverPort: 64773, deviceId: , deviceName: samsung SM-A105M (Android 11), fullReset: false, newCommandTimeout: 1800, noReset: true, platform: ANDROID, platformName: android, platformVersion: 11, systemPort: 54478, udid: R28M42G369B}, deviceApiLevel: 30, deviceId: , deviceManufacturer: samsung, deviceModel: SM-A105M, deviceName: R28M42G369B, deviceScreenDensity: 300, deviceScreenSize: 720x1520, deviceUDID: R28M42G369B, fullReset: false, javascriptEnabled: true, locationContextEnabled: false, networkConnectionEnabled: true, newCommandTimeout: 1800, noReset: true, pixelRatio: 1.875, platform: ANDROID, platformName: Android, platformVersion: 11, statBarHeight: 54, systemPort: 54478, takesScreenshot: true, udid: R28M42G369B, viewportRect: {height: 1322, left: 0, top: 54, width: 720}, warnings: {}, webStorageEnabled: false}
Session ID: dfe509f7-20bf-4731-92b7-709debf88e72
	at org.openqa.selenium.remote.http.W3CHttpResponseCodec.createException(W3CHttpResponseCodec.java:187)
	at org.openqa.selenium.remote.http.W3CHttpResponseCodec.decode(W3CHttpResponseCodec.java:122)
	at org.openqa.selenium.remote.http.W3CHttpResponseCodec.decode(W3CHttpResponseCodec.java:49)
	at org.openqa.selenium.remote.HttpCommandExecutor.execute(HttpCommandExecutor.java:158)
	at io.appium.java_client.remote.AppiumCommandExecutor.execute(AppiumCommandExecutor.java:239)
	at org.openqa.selenium.remote.RemoteWebDriver.execute(RemoteWebDriver.java:552)
	at io.appium.java_client.DefaultGenericMobileDriver.execute(DefaultGenericMobileDriver.java:42)
	at io.appium.java_client.AppiumDriver.execute(AppiumDriver.java:1)
	at io.appium.java_client.android.AndroidDriver.execute(AndroidDriver.java:1)
	at com.kms.katalon.core.appium.driver.SwipeableAndroidDriver.execute(SwipeableAndroidDriver.java:1)
	at org.openqa.selenium.remote.RemoteWebElement.execute(RemoteWebElement.java:285)
	at io.appium.java_client.DefaultGenericMobileElement.execute(DefaultGenericMobileElement.java:45)
	at io.appium.java_client.MobileElement.execute(MobileElement.java:1)
	at io.appium.java_client.android.AndroidElement.execute(AndroidElement.java:1)
	at org.openqa.selenium.remote.RemoteWebElement.isDisplayed(RemoteWebElement.java:326)
	at com.kms.katalon.core.mobile.keyword.builtin.VerifyElementVisibleKeyword$_verifyElementVisible_closure1.doCall(VerifyElementVisibleKeyword.groovy:74)
	at com.kms.katalon.core.mobile.keyword.builtin.VerifyElementVisibleKeyword$_verifyElementVisible_closure1.call(VerifyElementVisibleKeyword.groovy)
	at com.kms.katalon.core.mobile.keyword.internal.MobileKeywordMain.runKeyword(MobileKeywordMain.groovy:21)
	at com.kms.katalon.core.mobile.keyword.builtin.VerifyElementVisibleKeyword.verifyElementVisible(VerifyElementVisibleKeyword.groovy:85)
	at com.kms.katalon.core.mobile.keyword.builtin.VerifyElementVisibleKeyword.execute(VerifyElementVisibleKeyword.groovy:64)
	at com.kms.katalon.core.keyword.internal.KeywordExecutor.executeKeywordForPlatform(KeywordExecutor.groovy:74)
	at com.kms.katalon.core.mobile.keyword.MobileBuiltInKeywords.verifyElementVisible(MobileBuiltInKeywords.groovy:2015)
	at com.kms.katalon.core.mobile.keyword.MobileBuiltInKeywords$verifyElementVisible$4.call(Unknown Source)
	at 04 Estructura de la pantalla - Splash.run(04 Estructura de la pantalla - Splash:22)
	at com.kms.katalon.core.main.ScriptEngine.run(ScriptEngine.java:194)
	at com.kms.katalon.core.main.ScriptEngine.runScriptAsRawText(ScriptEngine.java:119)
	at com.kms.katalon.core.main.TestCaseExecutor.runScript(TestCaseExecutor.java:445)
	at com.kms.katalon.core.main.TestCaseExecutor.doExecute(TestCaseExecutor.java:436)
	at com.kms.katalon.core.main.TestCaseExecutor.processExecutionPhase(TestCaseExecutor.java:415)
	at com.kms.katalon.core.main.TestCaseExecutor.accessMainPhase(TestCaseExecutor.java:407)
	at com.kms.katalon.core.main.TestCaseExecutor.execute(TestCaseExecutor.java:284)
	at com.kms.katalon.core.common.CommonExecutor.accessTestCaseMainPhase(CommonExecutor.java:65)
	at com.kms.katalon.core.main.TestSuiteExecutor.accessTestSuiteMainPhase(TestSuiteExecutor.java:144)
	at com.kms.katalon.core.main.TestSuiteExecutor.execute(TestSuiteExecutor.java:106)
	at com.kms.katalon.core.main.TestCaseMain.startTestSuite(TestCaseMain.java:185)
	at com.kms.katalon.core.main.TestCaseMain$startTestSuite$0.call(Unknown Source)
	at TempTestSuite1651263721294.run(TempTestSuite1651263721294.groovy:36)
)
	at com.kms.katalon.core.keyword.internal.KeywordMain.stepFailed(KeywordMain.groovy:39)
	at com.kms.katalon.core.mobile.keyword.internal.MobileKeywordMain.stepFailed(MobileKeywordMain.groovy:40)
	at com.kms.katalon.core.mobile.keyword.internal.MobileKeywordMain.runKeyword(MobileKeywordMain.groovy:23)
	at com.kms.katalon.core.mobile.keyword.builtin.VerifyElementVisibleKeyword.verifyElementVisible(VerifyElementVisibleKeyword.groovy:85)
	at com.kms.katalon.core.mobile.keyword.builtin.VerifyElementVisibleKeyword.execute(VerifyElementVisibleKeyword.groovy:64)
	at com.kms.katalon.core.keyword.internal.KeywordExecutor.executeKeywordForPlatform(KeywordExecutor.groovy:74)
	at com.kms.katalon.core.mobile.keyword.MobileBuiltInKeywords.verifyElementVisible(MobileBuiltInKeywords.groovy:2015)
	at com.kms.katalon.core.mobile.keyword.MobileBuiltInKeywords$verifyElementVisible$4.call(Unknown Source)
	at 04 Estructura de la pantalla - Splash.run(04 Estructura de la pantalla - Splash:22)
	at com.kms.katalon.core.main.ScriptEngine.run(ScriptEngine.java:194)
	at com.kms.katalon.core.main.ScriptEngine.runScriptAsRawText(ScriptEngine.java:119)
	at com.kms.katalon.core.main.TestCaseExecutor.runScript(TestCaseExecutor.java:445)
	at com.kms.katalon.core.main.TestCaseExecutor.doExecute(TestCaseExecutor.java:436)
	at com.kms.katalon.core.main.TestCaseExecutor.processExecutionPhase(TestCaseExecutor.java:415)
	at com.kms.katalon.core.main.TestCaseExecutor.accessMainPhase(TestCaseExecutor.java:407)
	at com.kms.katalon.core.main.TestCaseExecutor.execute(TestCaseExecutor.java:284)
	at com.kms.katalon.core.common.CommonExecutor.accessTestCaseMainPhase(CommonExecutor.java:65)
	at com.kms.katalon.core.main.TestSuiteExecutor.accessTestSuiteMainPhase(TestSuiteExecutor.java:144)
	at com.kms.katalon.core.main.TestSuiteExecutor.execute(TestSuiteExecutor.java:106)
	at com.kms.katalon.core.main.TestCaseMain.startTestSuite(TestCaseMain.java:185)
	at com.kms.katalon.core.main.TestCaseMain$startTestSuite$0.call(Unknown Source)
	at TempTestSuite1651263721294.run(TempTestSuite1651263721294.groovy:36)
Caused by: org.openqa.selenium.StaleElementReferenceException: androidx.test.uiautomator.StaleObjectException
For documentation on this error, please visit: https://www.seleniumhq.org/exceptions/stale_element_reference.html
Build info: version: '3.141.59', revision: 'e82be7d358', time: '2018-11-14T08:25:53'
System info: host: 'ENDER-LOBO', ip: '192.168.17.1', os.name: 'Windows 10', os.arch: 'amd64', os.version: '10.0', java.version: '1.8.0_282'
Driver info: com.kms.katalon.core.appium.driver.SwipeableAndroidDriver
Capabilities {app: C:\Users\Jesus_Berbin\Docum..., appPackage: com.verticalapps.KonyMobile..., autoGrantPermissions: true, automationName: uiautomator2, chromedriverPort: 64773, databaseEnabled: false, desired: {app: C:\Users\Jesus_Berbin\Docum..., autoGrantPermissions: true, automationName: uiautomator2, chromedriverPort: 64773, deviceId: , deviceName: samsung SM-A105M (Android 11), fullReset: false, newCommandTimeout: 1800, noReset: true, platform: ANDROID, platformName: android, platformVersion: 11, systemPort: 54478, udid: R28M42G369B}, deviceApiLevel: 30, deviceId: , deviceManufacturer: samsung, deviceModel: SM-A105M, deviceName: R28M42G369B, deviceScreenDensity: 300, deviceScreenSize: 720x1520, deviceUDID: R28M42G369B, fullReset: false, javascriptEnabled: true, locationContextEnabled: false, networkConnectionEnabled: true, newCommandTimeout: 1800, noReset: true, pixelRatio: 1.875, platform: ANDROID, platformName: Android, platformVersion: 11, statBarHeight: 54, systemPort: 54478, takesScreenshot: true, udid: R28M42G369B, viewportRect: {height: 1322, left: 0, top: 54, width: 720}, warnings: {}, webStorageEnabled: false}
Session ID: dfe509f7-20bf-4731-92b7-709debf88e72
	at org.openqa.selenium.remote.http.W3CHttpResponseCodec.createException(W3CHttpResponseCodec.java:187)
	at org.openqa.selenium.remote.http.W3CHttpResponseCodec.decode(W3CHttpResponseCodec.java:122)
	at org.openqa.selenium.remote.http.W3CHttpResponseCodec.decode(W3CHttpResponseCodec.java:49)
	at org.openqa.selenium.remote.HttpCommandExecutor.execute(HttpCommandExecutor.java:158)
	at io.appium.java_client.remote.AppiumCommandExecutor.execute(AppiumCommandExecutor.java:239)
	at org.openqa.selenium.remote.RemoteWebDriver.execute(RemoteWebDriver.java:552)
	at io.appium.java_client.DefaultGenericMobileDriver.execute(DefaultGenericMobileDriver.java:42)
	at io.appium.java_client.AppiumDriver.execute(AppiumDriver.java:1)
	at io.appium.java_client.android.AndroidDriver.execute(AndroidDriver.java:1)
	at com.kms.katalon.core.appium.driver.SwipeableAndroidDriver.execute(SwipeableAndroidDriver.java:1)
	at org.openqa.selenium.remote.RemoteWebElement.execute(RemoteWebElement.java:285)
	at io.appium.java_client.DefaultGenericMobileElement.execute(DefaultGenericMobileElement.java:45)
	at io.appium.java_client.MobileElement.execute(MobileElement.java:1)
	at io.appium.java_client.android.AndroidElement.execute(AndroidElement.java:1)
	at org.openqa.selenium.remote.RemoteWebElement.isDisplayed(RemoteWebElement.java:326)
	at com.kms.katalon.core.mobile.keyword.builtin.VerifyElementVisibleKeyword$_verifyElementVisible_closure1.doCall(VerifyElementVisibleKeyword.groovy:74)
	at com.kms.katalon.core.mobile.keyword.builtin.VerifyElementVisibleKeyword$_verifyElementVisible_closure1.call(VerifyElementVisibleKeyword.groovy)
	at com.kms.katalon.core.mobile.keyword.internal.MobileKeywordMain.runKeyword(MobileKeywordMain.groovy:21)
	... 19 more
"/>
         <system-out><![CDATA[2022-04-29 16:24:49 - [TEST_CASE][FAILED] - Test Cases/01HU-Login-Cierre de Sesión/04 Estructura de la pantalla - Splash: Test Cases/01HU-Login-Cierre de Sesión/04 Estructura de la pantalla - Splash FAILED.
Reason:
com.kms.katalon.core.exception.StepFailedException: Failed to check for element 'Object Repository/Login/android.widget.ImageView Splash' visible (Root cause: org.openqa.selenium.StaleElementReferenceException: androidx.test.uiautomator.StaleObjectException
For documentation on this error, please visit: https://www.seleniumhq.org/exceptions/stale_element_reference.html
Build info: version: '3.141.59', revision: 'e82be7d358', time: '2018-11-14T08:25:53'
System info: host: 'ENDER-LOBO', ip: '192.168.17.1', os.name: 'Windows 10', os.arch: 'amd64', os.version: '10.0', java.version: '1.8.0_282'
Driver info: com.kms.katalon.core.appium.driver.SwipeableAndroidDriver
Capabilities {app: C:\Users\Jesus_Berbin\Docum..., appPackage: com.verticalapps.KonyMobile..., autoGrantPermissions: true, automationName: uiautomator2, chromedriverPort: 64773, databaseEnabled: false, desired: {app: C:\Users\Jesus_Berbin\Docum..., autoGrantPermissions: true, automationName: uiautomator2, chromedriverPort: 64773, deviceId: , deviceName: samsung SM-A105M (Android 11), fullReset: false, newCommandTimeout: 1800, noReset: true, platform: ANDROID, platformName: android, platformVersion: 11, systemPort: 54478, udid: R28M42G369B}, deviceApiLevel: 30, deviceId: , deviceManufacturer: samsung, deviceModel: SM-A105M, deviceName: R28M42G369B, deviceScreenDensity: 300, deviceScreenSize: 720x1520, deviceUDID: R28M42G369B, fullReset: false, javascriptEnabled: true, locationContextEnabled: false, networkConnectionEnabled: true, newCommandTimeout: 1800, noReset: true, pixelRatio: 1.875, platform: ANDROID, platformName: Android, platformVersion: 11, statBarHeight: 54, systemPort: 54478, takesScreenshot: true, udid: R28M42G369B, viewportRect: {height: 1322, left: 0, top: 54, width: 720}, warnings: {}, webStorageEnabled: false}
Session ID: dfe509f7-20bf-4731-92b7-709debf88e72
	at org.openqa.selenium.remote.http.W3CHttpResponseCodec.createException(W3CHttpResponseCodec.java:187)
	at org.openqa.selenium.remote.http.W3CHttpResponseCodec.decode(W3CHttpResponseCodec.java:122)
	at org.openqa.selenium.remote.http.W3CHttpResponseCodec.decode(W3CHttpResponseCodec.java:49)
	at org.openqa.selenium.remote.HttpCommandExecutor.execute(HttpCommandExecutor.java:158)
	at io.appium.java_client.remote.AppiumCommandExecutor.execute(AppiumCommandExecutor.java:239)
	at org.openqa.selenium.remote.RemoteWebDriver.execute(RemoteWebDriver.java:552)
	at io.appium.java_client.DefaultGenericMobileDriver.execute(DefaultGenericMobileDriver.java:42)
	at io.appium.java_client.AppiumDriver.execute(AppiumDriver.java:1)
	at io.appium.java_client.android.AndroidDriver.execute(AndroidDriver.java:1)
	at com.kms.katalon.core.appium.driver.SwipeableAndroidDriver.execute(SwipeableAndroidDriver.java:1)
	at org.openqa.selenium.remote.RemoteWebElement.execute(RemoteWebElement.java:285)
	at io.appium.java_client.DefaultGenericMobileElement.execute(DefaultGenericMobileElement.java:45)
	at io.appium.java_client.MobileElement.execute(MobileElement.java:1)
	at io.appium.java_client.android.AndroidElement.execute(AndroidElement.java:1)
	at org.openqa.selenium.remote.RemoteWebElement.isDisplayed(RemoteWebElement.java:326)
	at com.kms.katalon.core.mobile.keyword.builtin.VerifyElementVisibleKeyword$_verifyElementVisible_closure1.doCall(VerifyElementVisibleKeyword.groovy:74)
	at com.kms.katalon.core.mobile.keyword.builtin.VerifyElementVisibleKeyword$_verifyElementVisible_closure1.call(VerifyElementVisibleKeyword.groovy)
	at com.kms.katalon.core.mobile.keyword.internal.MobileKeywordMain.runKeyword(MobileKeywordMain.groovy:21)
	at com.kms.katalon.core.mobile.keyword.builtin.VerifyElementVisibleKeyword.verifyElementVisible(VerifyElementVisibleKeyword.groovy:85)
	at com.kms.katalon.core.mobile.keyword.builtin.VerifyElementVisibleKeyword.execute(VerifyElementVisibleKeyword.groovy:64)
	at com.kms.katalon.core.keyword.internal.KeywordExecutor.executeKeywordForPlatform(KeywordExecutor.groovy:74)
	at com.kms.katalon.core.mobile.keyword.MobileBuiltInKeywords.verifyElementVisible(MobileBuiltInKeywords.groovy:2015)
	at com.kms.katalon.core.mobile.keyword.MobileBuiltInKeywords$verifyElementVisible$4.call(Unknown Source)
	at 04 Estructura de la pantalla - Splash.run(04 Estructura de la pantalla - Splash:22)
	at com.kms.katalon.core.main.ScriptEngine.run(ScriptEngine.java:194)
	at com.kms.katalon.core.main.ScriptEngine.runScriptAsRawText(ScriptEngine.java:119)
	at com.kms.katalon.core.main.TestCaseExecutor.runScript(TestCaseExecutor.java:445)
	at com.kms.katalon.core.main.TestCaseExecutor.doExecute(TestCaseExecutor.java:436)
	at com.kms.katalon.core.main.TestCaseExecutor.processExecutionPhase(TestCaseExecutor.java:415)
	at com.kms.katalon.core.main.TestCaseExecutor.accessMainPhase(TestCaseExecutor.java:407)
	at com.kms.katalon.core.main.TestCaseExecutor.execute(TestCaseExecutor.java:284)
	at com.kms.katalon.core.common.CommonExecutor.accessTestCaseMainPhase(CommonExecutor.java:65)
	at com.kms.katalon.core.main.TestSuiteExecutor.accessTestSuiteMainPhase(TestSuiteExecutor.java:144)
	at com.kms.katalon.core.main.TestSuiteExecutor.execute(TestSuiteExecutor.java:106)
	at com.kms.katalon.core.main.TestCaseMain.startTestSuite(TestCaseMain.java:185)
	at com.kms.katalon.core.main.TestCaseMain$startTestSuite$0.call(Unknown Source)
	at TempTestSuite1651263721294.run(TempTestSuite1651263721294.groovy:36)
)
	at com.kms.katalon.core.keyword.internal.KeywordMain.stepFailed(KeywordMain.groovy:39)
	at com.kms.katalon.core.mobile.keyword.internal.MobileKeywordMain.stepFailed(MobileKeywordMain.groovy:40)
	at com.kms.katalon.core.mobile.keyword.internal.MobileKeywordMain.runKeyword(MobileKeywordMain.groovy:23)
	at com.kms.katalon.core.mobile.keyword.builtin.VerifyElementVisibleKeyword.verifyElementVisible(VerifyElementVisibleKeyword.groovy:85)
	at com.kms.katalon.core.mobile.keyword.builtin.VerifyElementVisibleKeyword.execute(VerifyElementVisibleKeyword.groovy:64)
	at com.kms.katalon.core.keyword.internal.KeywordExecutor.executeKeywordForPlatform(KeywordExecutor.groovy:74)
	at com.kms.katalon.core.mobile.keyword.MobileBuiltInKeywords.verifyElementVisible(MobileBuiltInKeywords.groovy:2015)
	at com.kms.katalon.core.mobile.keyword.MobileBuiltInKeywords$verifyElementVisible$4.call(Unknown Source)
	at 04 Estructura de la pantalla - Splash.run(04 Estructura de la pantalla - Splash:22)
	at com.kms.katalon.core.main.ScriptEngine.run(ScriptEngine.java:194)
	at com.kms.katalon.core.main.ScriptEngine.runScriptAsRawText(ScriptEngine.java:119)
	at com.kms.katalon.core.main.TestCaseExecutor.runScript(TestCaseExecutor.java:445)
	at com.kms.katalon.core.main.TestCaseExecutor.doExecute(TestCaseExecutor.java:436)
	at com.kms.katalon.core.main.TestCaseExecutor.processExecutionPhase(TestCaseExecutor.java:415)
	at com.kms.katalon.core.main.TestCaseExecutor.accessMainPhase(TestCaseExecutor.java:407)
	at com.kms.katalon.core.main.TestCaseExecutor.execute(TestCaseExecutor.java:284)
	at com.kms.katalon.core.common.CommonExecutor.accessTestCaseMainPhase(CommonExecutor.java:65)
	at com.kms.katalon.core.main.TestSuiteExecutor.accessTestSuiteMainPhase(TestSuiteExecutor.java:144)
	at com.kms.katalon.core.main.TestSuiteExecutor.execute(TestSuiteExecutor.java:106)
	at com.kms.katalon.core.main.TestCaseMain.startTestSuite(TestCaseMain.java:185)
	at com.kms.katalon.core.main.TestCaseMain$startTestSuite$0.call(Unknown Source)
	at TempTestSuite1651263721294.run(TempTestSuite1651263721294.groovy:36)
Caused by: org.openqa.selenium.StaleElementReferenceException: androidx.test.uiautomator.StaleObjectException
For documentation on this error, please visit: https://www.seleniumhq.org/exceptions/stale_element_reference.html
Build info: version: '3.141.59', revision: 'e82be7d358', time: '2018-11-14T08:25:53'
System info: host: 'ENDER-LOBO', ip: '192.168.17.1', os.name: 'Windows 10', os.arch: 'amd64', os.version: '10.0', java.version: '1.8.0_282'
Driver info: com.kms.katalon.core.appium.driver.SwipeableAndroidDriver
Capabilities {app: C:\Users\Jesus_Berbin\Docum..., appPackage: com.verticalapps.KonyMobile..., autoGrantPermissions: true, automationName: uiautomator2, chromedriverPort: 64773, databaseEnabled: false, desired: {app: C:\Users\Jesus_Berbin\Docum..., autoGrantPermissions: true, automationName: uiautomator2, chromedriverPort: 64773, deviceId: , deviceName: samsung SM-A105M (Android 11), fullReset: false, newCommandTimeout: 1800, noReset: true, platform: ANDROID, platformName: android, platformVersion: 11, systemPort: 54478, udid: R28M42G369B}, deviceApiLevel: 30, deviceId: , deviceManufacturer: samsung, deviceModel: SM-A105M, deviceName: R28M42G369B, deviceScreenDensity: 300, deviceScreenSize: 720x1520, deviceUDID: R28M42G369B, fullReset: false, javascriptEnabled: true, locationContextEnabled: false, networkConnectionEnabled: true, newCommandTimeout: 1800, noReset: true, pixelRatio: 1.875, platform: ANDROID, platformName: Android, platformVersion: 11, statBarHeight: 54, systemPort: 54478, takesScreenshot: true, udid: R28M42G369B, viewportRect: {height: 1322, left: 0, top: 54, width: 720}, warnings: {}, webStorageEnabled: false}
Session ID: dfe509f7-20bf-4731-92b7-709debf88e72
	at org.openqa.selenium.remote.http.W3CHttpResponseCodec.createException(W3CHttpResponseCodec.java:187)
	at org.openqa.selenium.remote.http.W3CHttpResponseCodec.decode(W3CHttpResponseCodec.java:122)
	at org.openqa.selenium.remote.http.W3CHttpResponseCodec.decode(W3CHttpResponseCodec.java:49)
	at org.openqa.selenium.remote.HttpCommandExecutor.execute(HttpCommandExecutor.java:158)
	at io.appium.java_client.remote.AppiumCommandExecutor.execute(AppiumCommandExecutor.java:239)
	at org.openqa.selenium.remote.RemoteWebDriver.execute(RemoteWebDriver.java:552)
	at io.appium.java_client.DefaultGenericMobileDriver.execute(DefaultGenericMobileDriver.java:42)
	at io.appium.java_client.AppiumDriver.execute(AppiumDriver.java:1)
	at io.appium.java_client.android.AndroidDriver.execute(AndroidDriver.java:1)
	at com.kms.katalon.core.appium.driver.SwipeableAndroidDriver.execute(SwipeableAndroidDriver.java:1)
	at org.openqa.selenium.remote.RemoteWebElement.execute(RemoteWebElement.java:285)
	at io.appium.java_client.DefaultGenericMobileElement.execute(DefaultGenericMobileElement.java:45)
	at io.appium.java_client.MobileElement.execute(MobileElement.java:1)
	at io.appium.java_client.android.AndroidElement.execute(AndroidElement.java:1)
	at org.openqa.selenium.remote.RemoteWebElement.isDisplayed(RemoteWebElement.java:326)
	at com.kms.katalon.core.mobile.keyword.builtin.VerifyElementVisibleKeyword$_verifyElementVisible_closure1.doCall(VerifyElementVisibleKeyword.groovy:74)
	at com.kms.katalon.core.mobile.keyword.builtin.VerifyElementVisibleKeyword$_verifyElementVisible_closure1.call(VerifyElementVisibleKeyword.groovy)
	at com.kms.katalon.core.mobile.keyword.internal.MobileKeywordMain.runKeyword(MobileKeywordMain.groovy:21)
	... 19 more


2022-04-29 16:24:49 - [TEST_STEP][PASSED] - startApplication(URL, false): Started app at: 'C:\Users\Jesus_Berbin\Documents\Cursos\Sybven\UENO\crtopyinfinitymobilebanking-release.apk'

2022-04-29 16:24:49 - [MESSAGE][INFO] - User set preference: ['deviceId', '']

2022-04-29 16:25:00 - [MESSAGE][PASSED] - Started app at: 'C:\Users\Jesus_Berbin\Documents\Cursos\Sybven\UENO\crtopyinfinitymobilebanking-release.apk'

2022-04-29 16:25:00 - [TEST_STEP][FAILED] - verifyElementVisible(findTestObject("Login/android.widget.ImageView Splash"), 0, CONTINUE_ON_FAILURE): Failed to check for element 'Object Repository/Login/android.widget.ImageView Splash' visible (Root cause: org.openqa.selenium.StaleElementReferenceException: androidx.test.uiautomator.StaleObjectException
For documentation on this error, please visit: https://www.seleniumhq.org/exceptions/stale_element_reference.html
Build info: version: '3.141.59', revision: 'e82be7d358', time: '2018-11-14T08:25:53'
System info: host: 'ENDER-LOBO', ip: '192.168.17.1', os.name: 'Windows 10', os.arch: 'amd64', os.version: '10.0', java.version: '1.8.0_282'
Driver info: com.kms.katalon.core.appium.driver.SwipeableAndroidDriver
Capabilities {app: C:\Users\Jesus_Berbin\Docum..., appPackage: com.verticalapps.KonyMobile..., autoGrantPermissions: true, automationName: uiautomator2, chromedriverPort: 64773, databaseEnabled: false, desired: {app: C:\Users\Jesus_Berbin\Docum..., autoGrantPermissions: true, automationName: uiautomator2, chromedriverPort: 64773, deviceId: , deviceName: samsung SM-A105M (Android 11), fullReset: false, newCommandTimeout: 1800, noReset: true, platform: ANDROID, platformName: android, platformVersion: 11, systemPort: 54478, udid: R28M42G369B}, deviceApiLevel: 30, deviceId: , deviceManufacturer: samsung, deviceModel: SM-A105M, deviceName: R28M42G369B, deviceScreenDensity: 300, deviceScreenSize: 720x1520, deviceUDID: R28M42G369B, fullReset: false, javascriptEnabled: true, locationContextEnabled: false, networkConnectionEnabled: true, newCommandTimeout: 1800, noReset: true, pixelRatio: 1.875, platform: ANDROID, platformName: Android, platformVersion: 11, statBarHeight: 54, systemPort: 54478, takesScreenshot: true, udid: R28M42G369B, viewportRect: {height: 1322, left: 0, top: 54, width: 720}, warnings: {}, webStorageEnabled: false}
Session ID: dfe509f7-20bf-4731-92b7-709debf88e72
	at org.openqa.selenium.remote.http.W3CHttpResponseCodec.createException(W3CHttpResponseCodec.java:187)
	at org.openqa.selenium.remote.http.W3CHttpResponseCodec.decode(W3CHttpResponseCodec.java:122)
	at org.openqa.selenium.remote.http.W3CHttpResponseCodec.decode(W3CHttpResponseCodec.java:49)
	at org.openqa.selenium.remote.HttpCommandExecutor.execute(HttpCommandExecutor.java:158)
	at io.appium.java_client.remote.AppiumCommandExecutor.execute(AppiumCommandExecutor.java:239)
	at org.openqa.selenium.remote.RemoteWebDriver.execute(RemoteWebDriver.java:552)
	at io.appium.java_client.DefaultGenericMobileDriver.execute(DefaultGenericMobileDriver.java:42)
	at io.appium.java_client.AppiumDriver.execute(AppiumDriver.java:1)
	at io.appium.java_client.android.AndroidDriver.execute(AndroidDriver.java:1)
	at com.kms.katalon.core.appium.driver.SwipeableAndroidDriver.execute(SwipeableAndroidDriver.java:1)
	at org.openqa.selenium.remote.RemoteWebElement.execute(RemoteWebElement.java:285)
	at io.appium.java_client.DefaultGenericMobileElement.execute(DefaultGenericMobileElement.java:45)
	at io.appium.java_client.MobileElement.execute(MobileElement.java:1)
	at io.appium.java_client.android.AndroidElement.execute(AndroidElement.java:1)
	at org.openqa.selenium.remote.RemoteWebElement.isDisplayed(RemoteWebElement.java:326)
	at com.kms.katalon.core.mobile.keyword.builtin.VerifyElementVisibleKeyword$_verifyElementVisible_closure1.doCall(VerifyElementVisibleKeyword.groovy:74)
	at com.kms.katalon.core.mobile.keyword.builtin.VerifyElementVisibleKeyword$_verifyElementVisible_closure1.call(VerifyElementVisibleKeyword.groovy)
	at com.kms.katalon.core.mobile.keyword.internal.MobileKeywordMain.runKeyword(MobileKeywordMain.groovy:21)
	at com.kms.katalon.core.mobile.keyword.builtin.VerifyElementVisibleKeyword.verifyElementVisible(VerifyElementVisibleKeyword.groovy:85)
	at com.kms.katalon.core.mobile.keyword.builtin.VerifyElementVisibleKeyword.execute(VerifyElementVisibleKeyword.groovy:64)
	at com.kms.katalon.core.keyword.internal.KeywordExecutor.executeKeywordForPlatform(KeywordExecutor.groovy:74)
	at com.kms.katalon.core.mobile.keyword.MobileBuiltInKeywords.verifyElementVisible(MobileBuiltInKeywords.groovy:2015)
	at com.kms.katalon.core.mobile.keyword.MobileBuiltInKeywords$verifyElementVisible$4.call(Unknown Source)
	at 04 Estructura de la pantalla - Splash.run(04 Estructura de la pantalla - Splash:22)
	at com.kms.katalon.core.main.ScriptEngine.run(ScriptEngine.java:194)
	at com.kms.katalon.core.main.ScriptEngine.runScriptAsRawText(ScriptEngine.java:119)
	at com.kms.katalon.core.main.TestCaseExecutor.runScript(TestCaseExecutor.java:445)
	at com.kms.katalon.core.main.TestCaseExecutor.doExecute(TestCaseExecutor.java:436)
	at com.kms.katalon.core.main.TestCaseExecutor.processExecutionPhase(TestCaseExecutor.java:415)
	at com.kms.katalon.core.main.TestCaseExecutor.accessMainPhase(TestCaseExecutor.java:407)
	at com.kms.katalon.core.main.TestCaseExecutor.execute(TestCaseExecutor.java:284)
	at com.kms.katalon.core.common.CommonExecutor.accessTestCaseMainPhase(CommonExecutor.java:65)
	at com.kms.katalon.core.main.TestSuiteExecutor.accessTestSuiteMainPhase(TestSuiteExecutor.java:144)
	at com.kms.katalon.core.main.TestSuiteExecutor.execute(TestSuiteExecutor.java:106)
	at com.kms.katalon.core.main.TestCaseMain.startTestSuite(TestCaseMain.java:185)
	at com.kms.katalon.core.main.TestCaseMain$startTestSuite$0.call(Unknown Source)
	at TempTestSuite1651263721294.run(TempTestSuite1651263721294.groovy:36)
)

2022-04-29 16:25:00 - [MESSAGE][WARNING] - Timeout '0' is invalid. Using default page load timeout: '30'

2022-04-29 16:25:04 - [MESSAGE][FAILED] - Failed to check for element 'Object Repository/Login/android.widget.ImageView Splash' visible (Root cause: org.openqa.selenium.StaleElementReferenceException: androidx.test.uiautomator.StaleObjectException
For documentation on this error, please visit: https://www.seleniumhq.org/exceptions/stale_element_reference.html
Build info: version: '3.141.59', revision: 'e82be7d358', time: '2018-11-14T08:25:53'
System info: host: 'ENDER-LOBO', ip: '192.168.17.1', os.name: 'Windows 10', os.arch: 'amd64', os.version: '10.0', java.version: '1.8.0_282'
Driver info: com.kms.katalon.core.appium.driver.SwipeableAndroidDriver
Capabilities {app: C:\Users\Jesus_Berbin\Docum..., appPackage: com.verticalapps.KonyMobile..., autoGrantPermissions: true, automationName: uiautomator2, chromedriverPort: 64773, databaseEnabled: false, desired: {app: C:\Users\Jesus_Berbin\Docum..., autoGrantPermissions: true, automationName: uiautomator2, chromedriverPort: 64773, deviceId: , deviceName: samsung SM-A105M (Android 11), fullReset: false, newCommandTimeout: 1800, noReset: true, platform: ANDROID, platformName: android, platformVersion: 11, systemPort: 54478, udid: R28M42G369B}, deviceApiLevel: 30, deviceId: , deviceManufacturer: samsung, deviceModel: SM-A105M, deviceName: R28M42G369B, deviceScreenDensity: 300, deviceScreenSize: 720x1520, deviceUDID: R28M42G369B, fullReset: false, javascriptEnabled: true, locationContextEnabled: false, networkConnectionEnabled: true, newCommandTimeout: 1800, noReset: true, pixelRatio: 1.875, platform: ANDROID, platformName: Android, platformVersion: 11, statBarHeight: 54, systemPort: 54478, takesScreenshot: true, udid: R28M42G369B, viewportRect: {height: 1322, left: 0, top: 54, width: 720}, warnings: {}, webStorageEnabled: false}
Session ID: dfe509f7-20bf-4731-92b7-709debf88e72
	at org.openqa.selenium.remote.http.W3CHttpResponseCodec.createException(W3CHttpResponseCodec.java:187)
	at org.openqa.selenium.remote.http.W3CHttpResponseCodec.decode(W3CHttpResponseCodec.java:122)
	at org.openqa.selenium.remote.http.W3CHttpResponseCodec.decode(W3CHttpResponseCodec.java:49)
	at org.openqa.selenium.remote.HttpCommandExecutor.execute(HttpCommandExecutor.java:158)
	at io.appium.java_client.remote.AppiumCommandExecutor.execute(AppiumCommandExecutor.java:239)
	at org.openqa.selenium.remote.RemoteWebDriver.execute(RemoteWebDriver.java:552)
	at io.appium.java_client.DefaultGenericMobileDriver.execute(DefaultGenericMobileDriver.java:42)
	at io.appium.java_client.AppiumDriver.execute(AppiumDriver.java:1)
	at io.appium.java_client.android.AndroidDriver.execute(AndroidDriver.java:1)
	at com.kms.katalon.core.appium.driver.SwipeableAndroidDriver.execute(SwipeableAndroidDriver.java:1)
	at org.openqa.selenium.remote.RemoteWebElement.execute(RemoteWebElement.java:285)
	at io.appium.java_client.DefaultGenericMobileElement.execute(DefaultGenericMobileElement.java:45)
	at io.appium.java_client.MobileElement.execute(MobileElement.java:1)
	at io.appium.java_client.android.AndroidElement.execute(AndroidElement.java:1)
	at org.openqa.selenium.remote.RemoteWebElement.isDisplayed(RemoteWebElement.java:326)
	at com.kms.katalon.core.mobile.keyword.builtin.VerifyElementVisibleKeyword$_verifyElementVisible_closure1.doCall(VerifyElementVisibleKeyword.groovy:74)
	at com.kms.katalon.core.mobile.keyword.builtin.VerifyElementVisibleKeyword$_verifyElementVisible_closure1.call(VerifyElementVisibleKeyword.groovy)
	at com.kms.katalon.core.mobile.keyword.internal.MobileKeywordMain.runKeyword(MobileKeywordMain.groovy:21)
	at com.kms.katalon.core.mobile.keyword.builtin.VerifyElementVisibleKeyword.verifyElementVisible(VerifyElementVisibleKeyword.groovy:85)
	at com.kms.katalon.core.mobile.keyword.builtin.VerifyElementVisibleKeyword.execute(VerifyElementVisibleKeyword.groovy:64)
	at com.kms.katalon.core.keyword.internal.KeywordExecutor.executeKeywordForPlatform(KeywordExecutor.groovy:74)
	at com.kms.katalon.core.mobile.keyword.MobileBuiltInKeywords.verifyElementVisible(MobileBuiltInKeywords.groovy:2015)
	at com.kms.katalon.core.mobile.keyword.MobileBuiltInKeywords$verifyElementVisible$4.call(Unknown Source)
	at 04 Estructura de la pantalla - Splash.run(04 Estructura de la pantalla - Splash:22)
	at com.kms.katalon.core.main.ScriptEngine.run(ScriptEngine.java:194)
	at com.kms.katalon.core.main.ScriptEngine.runScriptAsRawText(ScriptEngine.java:119)
	at com.kms.katalon.core.main.TestCaseExecutor.runScript(TestCaseExecutor.java:445)
	at com.kms.katalon.core.main.TestCaseExecutor.doExecute(TestCaseExecutor.java:436)
	at com.kms.katalon.core.main.TestCaseExecutor.processExecutionPhase(TestCaseExecutor.java:415)
	at com.kms.katalon.core.main.TestCaseExecutor.accessMainPhase(TestCaseExecutor.java:407)
	at com.kms.katalon.core.main.TestCaseExecutor.execute(TestCaseExecutor.java:284)
	at com.kms.katalon.core.common.CommonExecutor.accessTestCaseMainPhase(CommonExecutor.java:65)
	at com.kms.katalon.core.main.TestSuiteExecutor.accessTestSuiteMainPhase(TestSuiteExecutor.java:144)
	at com.kms.katalon.core.main.TestSuiteExecutor.execute(TestSuiteExecutor.java:106)
	at com.kms.katalon.core.main.TestCaseMain.startTestSuite(TestCaseMain.java:185)
	at com.kms.katalon.core.main.TestCaseMain$startTestSuite$0.call(Unknown Source)
	at TempTestSuite1651263721294.run(TempTestSuite1651263721294.groovy:36)
)
[[ATTACHMENT|C:\\Users\\Jesus_Berbin\\git\\UENO-App-Android\\Reports\\20220429_162154\\01HU-Login-Cierre de Sesi\u00F3n\\20220429_162201\\1651263903559.png]]

2022-04-29 16:25:04 - [TEST_STEP][FAILED] - checkElement(findTestObject(null), 0): Failed to check element (Root cause: java.lang.IllegalArgumentException: Object is null
	at com.kms.katalon.core.helper.KeywordHelper.checkTestObjectParameter(KeywordHelper.java:33)
	at com.kms.katalon.core.mobile.helper.MobileElementCommonHelper.findElementWithCheck(MobileElementCommonHelper.java:155)
	at com.kms.katalon.core.mobile.helper.MobileElementCommonHelper.checkElement(MobileElementCommonHelper.java:165)
	at com.kms.katalon.core.mobile.keyword.builtin.CheckElementKeyword$_checkElement_closure1.doCall(CheckElementKeyword.groovy:70)
	at com.kms.katalon.core.mobile.keyword.builtin.CheckElementKeyword$_checkElement_closure1.call(CheckElementKeyword.groovy)
	at com.kms.katalon.core.mobile.keyword.internal.MobileKeywordMain.runKeyword(MobileKeywordMain.groovy:21)
	at com.kms.katalon.core.mobile.keyword.builtin.CheckElementKeyword.checkElement(CheckElementKeyword.groovy:71)
	at com.kms.katalon.core.mobile.keyword.builtin.CheckElementKeyword.execute(CheckElementKeyword.groovy:64)
	at com.kms.katalon.core.keyword.internal.KeywordExecutor.executeKeywordForPlatform(KeywordExecutor.groovy:74)
	at com.kms.katalon.core.mobile.keyword.MobileBuiltInKeywords.checkElement(MobileBuiltInKeywords.groovy:2432)
	at com.kms.katalon.core.mobile.keyword.MobileBuiltInKeywords$checkElement$5.call(Unknown Source)
	at 04 Estructura de la pantalla - Splash.run(04 Estructura de la pantalla - Splash:24)
	at com.kms.katalon.core.main.ScriptEngine.run(ScriptEngine.java:194)
	at com.kms.katalon.core.main.ScriptEngine.runScriptAsRawText(ScriptEngine.java:119)
	at com.kms.katalon.core.main.TestCaseExecutor.runScript(TestCaseExecutor.java:445)
	at com.kms.katalon.core.main.TestCaseExecutor.doExecute(TestCaseExecutor.java:436)
	at com.kms.katalon.core.main.TestCaseExecutor.processExecutionPhase(TestCaseExecutor.java:415)
	at com.kms.katalon.core.main.TestCaseExecutor.accessMainPhase(TestCaseExecutor.java:407)
	at com.kms.katalon.core.main.TestCaseExecutor.execute(TestCaseExecutor.java:284)
	at com.kms.katalon.core.common.CommonExecutor.accessTestCaseMainPhase(CommonExecutor.java:65)
	at com.kms.katalon.core.main.TestSuiteExecutor.accessTestSuiteMainPhase(TestSuiteExecutor.java:144)
	at com.kms.katalon.core.main.TestSuiteExecutor.execute(TestSuiteExecutor.java:106)
	at com.kms.katalon.core.main.TestCaseMain.startTestSuite(TestCaseMain.java:185)
	at com.kms.katalon.core.main.TestCaseMain$startTestSuite$0.call(Unknown Source)
	at TempTestSuite1651263721294.run(TempTestSuite1651263721294.groovy:36)
)

2022-04-29 16:25:04 - [MESSAGE][WARNING] - Test object id is null

2022-04-29 16:25:04 - [MESSAGE][WARNING] - Test object with id 'Object Repository/' does not exist

2022-04-29 16:25:05 - [MESSAGE][FAILED] - Failed to check element (Root cause: java.lang.IllegalArgumentException: Object is null
	at com.kms.katalon.core.helper.KeywordHelper.checkTestObjectParameter(KeywordHelper.java:33)
	at com.kms.katalon.core.mobile.helper.MobileElementCommonHelper.findElementWithCheck(MobileElementCommonHelper.java:155)
	at com.kms.katalon.core.mobile.helper.MobileElementCommonHelper.checkElement(MobileElementCommonHelper.java:165)
	at com.kms.katalon.core.mobile.keyword.builtin.CheckElementKeyword$_checkElement_closure1.doCall(CheckElementKeyword.groovy:70)
	at com.kms.katalon.core.mobile.keyword.builtin.CheckElementKeyword$_checkElement_closure1.call(CheckElementKeyword.groovy)
	at com.kms.katalon.core.mobile.keyword.internal.MobileKeywordMain.runKeyword(MobileKeywordMain.groovy:21)
	at com.kms.katalon.core.mobile.keyword.builtin.CheckElementKeyword.checkElement(CheckElementKeyword.groovy:71)
	at com.kms.katalon.core.mobile.keyword.builtin.CheckElementKeyword.execute(CheckElementKeyword.groovy:64)
	at com.kms.katalon.core.keyword.internal.KeywordExecutor.executeKeywordForPlatform(KeywordExecutor.groovy:74)
	at com.kms.katalon.core.mobile.keyword.MobileBuiltInKeywords.checkElement(MobileBuiltInKeywords.groovy:2432)
	at com.kms.katalon.core.mobile.keyword.MobileBuiltInKeywords$checkElement$5.call(Unknown Source)
	at 04 Estructura de la pantalla - Splash.run(04 Estructura de la pantalla - Splash:24)
	at com.kms.katalon.core.main.ScriptEngine.run(ScriptEngine.java:194)
	at com.kms.katalon.core.main.ScriptEngine.runScriptAsRawText(ScriptEngine.java:119)
	at com.kms.katalon.core.main.TestCaseExecutor.runScript(TestCaseExecutor.java:445)
	at com.kms.katalon.core.main.TestCaseExecutor.doExecute(TestCaseExecutor.java:436)
	at com.kms.katalon.core.main.TestCaseExecutor.processExecutionPhase(TestCaseExecutor.java:415)
	at com.kms.katalon.core.main.TestCaseExecutor.accessMainPhase(TestCaseExecutor.java:407)
	at com.kms.katalon.core.main.TestCaseExecutor.execute(TestCaseExecutor.java:284)
	at com.kms.katalon.core.common.CommonExecutor.accessTestCaseMainPhase(CommonExecutor.java:65)
	at com.kms.katalon.core.main.TestSuiteExecutor.accessTestSuiteMainPhase(TestSuiteExecutor.java:144)
	at com.kms.katalon.core.main.TestSuiteExecutor.execute(TestSuiteExecutor.java:106)
	at com.kms.katalon.core.main.TestCaseMain.startTestSuite(TestCaseMain.java:185)
	at com.kms.katalon.core.main.TestCaseMain$startTestSuite$0.call(Unknown Source)
	at TempTestSuite1651263721294.run(TempTestSuite1651263721294.groovy:36)
)
[[ATTACHMENT|C:\\Users\\Jesus_Berbin\\git\\UENO-App-Android\\Reports\\20220429_162154\\01HU-Login-Cierre de Sesi\u00F3n\\20220429_162201\\1651263904388.png]]

2022-04-29 16:25:05 - [TEST_STEP][FAILED] - toggleAirplaneMode("", CONTINUE_ON_FAILURE): Cannot toogle airplane mode (Root cause: org.openqa.selenium.WebDriverException: An unknown server-side error occurred while processing the command. Original error: Error executing adbExec. Original error: 'Command 'C:\\Users\\Jesus_Berbin\\AppData\\Local\\Android\\Sdk\\platform-tools\\adb.exe -P 5037 -s R28M42G369B shell am broadcast -a android.intent.action.AIRPLANE_MODE --ez state false' exited with code 255'; Stderr: 'Exception occurred while executing 'broadcast':
java.lang.SecurityException: Permission Denial: not allowed to send broadcast android.intent.action.AIRPLANE_MODE from pid=9810, uid=2000
	at com.android.server.am.ActivityManagerService.broadcastIntentLocked(ActivityManagerService.java:19102)
	at com.android.server.am.ActivityManagerService.broadcastIntentLocked(ActivityManagerService.java:18901)
	at com.android.server.am.ActivityManagerService.broadcastIntentWithFeature(ActivityManagerService.java:19908)
	at com.android.server.am.ActivityManagerShellCommand.runSendBroadcast(ActivityManagerShellCommand.java:772)
	at com.android.server.am.ActivityManagerShellCommand.onCommand(ActivityManagerShellCommand.java:205)
	at android.os.BasicShellCommandHandler.exec(BasicShellCommandHandler.java:98)
	at android.os.ShellCommand.exec(ShellCommand.java:44)
	at com.android.server.am.ActivityManagerService.onShellCommand(ActivityManagerService.java:13105)
	at android.os.Binder.shellCommand(Binder.java:965)
	at android.os.Binder.onTransact(Binder.java:839)
	at android.app.IActivityManager$Stub.onTransact(IActivityManager.java:6026)
	at com.android.server.am.ActivityManagerService.onTransact(ActivityManagerService.java:3628)
	at android.os.Binder.execTransactInternal(Binder.java:1195)
	at android.os.Binder.execTransact(Binder.java:1159)'; Code: '255'
Build info: version: '3.141.59', revision: 'e82be7d358', time: '2018-11-14T08:25:53'
System info: host: 'ENDER-LOBO', ip: '192.168.17.1', os.name: 'Windows 10', os.arch: 'amd64', os.version: '10.0', java.version: '1.8.0_282'
Driver info: com.kms.katalon.core.appium.driver.SwipeableAndroidDriver
Capabilities {app: C:\Users\Jesus_Berbin\Docum..., appPackage: com.verticalapps.KonyMobile..., autoGrantPermissions: true, automationName: uiautomator2, chromedriverPort: 64773, databaseEnabled: false, desired: {app: C:\Users\Jesus_Berbin\Docum..., autoGrantPermissions: true, automationName: uiautomator2, chromedriverPort: 64773, deviceId: , deviceName: samsung SM-A105M (Android 11), fullReset: false, newCommandTimeout: 1800, noReset: true, platform: ANDROID, platformName: android, platformVersion: 11, systemPort: 54478, udid: R28M42G369B}, deviceApiLevel: 30, deviceId: , deviceManufacturer: samsung, deviceModel: SM-A105M, deviceName: R28M42G369B, deviceScreenDensity: 300, deviceScreenSize: 720x1520, deviceUDID: R28M42G369B, fullReset: false, javascriptEnabled: true, locationContextEnabled: false, networkConnectionEnabled: true, newCommandTimeout: 1800, noReset: true, pixelRatio: 1.875, platform: ANDROID, platformName: Android, platformVersion: 11, statBarHeight: 54, systemPort: 54478, takesScreenshot: true, udid: R28M42G369B, viewportRect: {height: 1322, left: 0, top: 54, width: 720}, warnings: {}, webStorageEnabled: false}
Session ID: dfe509f7-20bf-4731-92b7-709debf88e72
	at org.openqa.selenium.remote.http.W3CHttpResponseCodec.createException(W3CHttpResponseCodec.java:187)
	at org.openqa.selenium.remote.http.W3CHttpResponseCodec.decode(W3CHttpResponseCodec.java:122)
	at org.openqa.selenium.remote.http.W3CHttpResponseCodec.decode(W3CHttpResponseCodec.java:49)
	at org.openqa.selenium.remote.HttpCommandExecutor.execute(HttpCommandExecutor.java:158)
	at io.appium.java_client.remote.AppiumCommandExecutor.execute(AppiumCommandExecutor.java:239)
	at org.openqa.selenium.remote.RemoteWebDriver.execute(RemoteWebDriver.java:552)
	at io.appium.java_client.DefaultGenericMobileDriver.execute(DefaultGenericMobileDriver.java:42)
	at io.appium.java_client.AppiumDriver.execute(AppiumDriver.java:1)
	at io.appium.java_client.android.AndroidDriver.execute(AndroidDriver.java:1)
	at com.kms.katalon.core.appium.driver.SwipeableAndroidDriver.execute(SwipeableAndroidDriver.java:1)
	at io.appium.java_client.CommandExecutionHelper.execute(CommandExecutionHelper.java:27)
	at io.appium.java_client.android.connection.HasNetworkConnection.setConnection(HasNetworkConnection.java:34)
	at com.kms.katalon.core.mobile.keyword.builtin.ToggleAirplaneModeKeyword$_toggleAirplaneMode_closure1.doCall(ToggleAirplaneModeKeyword.groovy:64)
	at com.kms.katalon.core.mobile.keyword.builtin.ToggleAirplaneModeKeyword$_toggleAirplaneMode_closure1.call(ToggleAirplaneModeKeyword.groovy)
	at com.kms.katalon.core.mobile.keyword.internal.MobileKeywordMain.runKeyword(MobileKeywordMain.groovy:21)
	at com.kms.katalon.core.mobile.keyword.builtin.ToggleAirplaneModeKeyword.toggleAirplaneMode(ToggleAirplaneModeKeyword.groovy:51)
	at com.kms.katalon.core.mobile.keyword.builtin.ToggleAirplaneModeKeyword.execute(ToggleAirplaneModeKeyword.groovy:46)
	at com.kms.katalon.core.keyword.internal.KeywordExecutor.executeKeywordForPlatform(KeywordExecutor.groovy:74)
	at com.kms.katalon.core.mobile.keyword.MobileBuiltInKeywords.toggleAirplaneMode(MobileBuiltInKeywords.groovy:1167)
	at com.kms.katalon.core.mobile.keyword.MobileBuiltInKeywords$toggleAirplaneMode$6.call(Unknown Source)
	at 04 Estructura de la pantalla - Splash.run(04 Estructura de la pantalla - Splash:26)
	at com.kms.katalon.core.main.ScriptEngine.run(ScriptEngine.java:194)
	at com.kms.katalon.core.main.ScriptEngine.runScriptAsRawText(ScriptEngine.java:119)
	at com.kms.katalon.core.main.TestCaseExecutor.runScript(TestCaseExecutor.java:445)
	at com.kms.katalon.core.main.TestCaseExecutor.doExecute(TestCaseExecutor.java:436)
	at com.kms.katalon.core.main.TestCaseExecutor.processExecutionPhase(TestCaseExecutor.java:415)
	at com.kms.katalon.core.main.TestCaseExecutor.accessMainPhase(TestCaseExecutor.java:407)
	at com.kms.katalon.core.main.TestCaseExecutor.execute(TestCaseExecutor.java:284)
	at com.kms.katalon.core.common.CommonExecutor.accessTestCaseMainPhase(CommonExecutor.java:65)
	at com.kms.katalon.core.main.TestSuiteExecutor.accessTestSuiteMainPhase(TestSuiteExecutor.java:144)
	at com.kms.katalon.core.main.TestSuiteExecutor.execute(TestSuiteExecutor.java:106)
	at com.kms.katalon.core.main.TestCaseMain.startTestSuite(TestCaseMain.java:185)
	at com.kms.katalon.core.main.TestCaseMain$startTestSuite$0.call(Unknown Source)
	at TempTestSuite1651263721294.run(TempTestSuite1651263721294.groovy:36)
)

2022-04-29 16:25:06 - [MESSAGE][FAILED] - Cannot toogle airplane mode (Root cause: org.openqa.selenium.WebDriverException: An unknown server-side error occurred while processing the command. Original error: Error executing adbExec. Original error: 'Command 'C:\\Users\\Jesus_Berbin\\AppData\\Local\\Android\\Sdk\\platform-tools\\adb.exe -P 5037 -s R28M42G369B shell am broadcast -a android.intent.action.AIRPLANE_MODE --ez state false' exited with code 255'; Stderr: 'Exception occurred while executing 'broadcast':
java.lang.SecurityException: Permission Denial: not allowed to send broadcast android.intent.action.AIRPLANE_MODE from pid=9810, uid=2000
	at com.android.server.am.ActivityManagerService.broadcastIntentLocked(ActivityManagerService.java:19102)
	at com.android.server.am.ActivityManagerService.broadcastIntentLocked(ActivityManagerService.java:18901)
	at com.android.server.am.ActivityManagerService.broadcastIntentWithFeature(ActivityManagerService.java:19908)
	at com.android.server.am.ActivityManagerShellCommand.runSendBroadcast(ActivityManagerShellCommand.java:772)
	at com.android.server.am.ActivityManagerShellCommand.onCommand(ActivityManagerShellCommand.java:205)
	at android.os.BasicShellCommandHandler.exec(BasicShellCommandHandler.java:98)
	at android.os.ShellCommand.exec(ShellCommand.java:44)
	at com.android.server.am.ActivityManagerService.onShellCommand(ActivityManagerService.java:13105)
	at android.os.Binder.shellCommand(Binder.java:965)
	at android.os.Binder.onTransact(Binder.java:839)
	at android.app.IActivityManager$Stub.onTransact(IActivityManager.java:6026)
	at com.android.server.am.ActivityManagerService.onTransact(ActivityManagerService.java:3628)
	at android.os.Binder.execTransactInternal(Binder.java:1195)
	at android.os.Binder.execTransact(Binder.java:1159)'; Code: '255'
Build info: version: '3.141.59', revision: 'e82be7d358', time: '2018-11-14T08:25:53'
System info: host: 'ENDER-LOBO', ip: '192.168.17.1', os.name: 'Windows 10', os.arch: 'amd64', os.version: '10.0', java.version: '1.8.0_282'
Driver info: com.kms.katalon.core.appium.driver.SwipeableAndroidDriver
Capabilities {app: C:\Users\Jesus_Berbin\Docum..., appPackage: com.verticalapps.KonyMobile..., autoGrantPermissions: true, automationName: uiautomator2, chromedriverPort: 64773, databaseEnabled: false, desired: {app: C:\Users\Jesus_Berbin\Docum..., autoGrantPermissions: true, automationName: uiautomator2, chromedriverPort: 64773, deviceId: , deviceName: samsung SM-A105M (Android 11), fullReset: false, newCommandTimeout: 1800, noReset: true, platform: ANDROID, platformName: android, platformVersion: 11, systemPort: 54478, udid: R28M42G369B}, deviceApiLevel: 30, deviceId: , deviceManufacturer: samsung, deviceModel: SM-A105M, deviceName: R28M42G369B, deviceScreenDensity: 300, deviceScreenSize: 720x1520, deviceUDID: R28M42G369B, fullReset: false, javascriptEnabled: true, locationContextEnabled: false, networkConnectionEnabled: true, newCommandTimeout: 1800, noReset: true, pixelRatio: 1.875, platform: ANDROID, platformName: Android, platformVersion: 11, statBarHeight: 54, systemPort: 54478, takesScreenshot: true, udid: R28M42G369B, viewportRect: {height: 1322, left: 0, top: 54, width: 720}, warnings: {}, webStorageEnabled: false}
Session ID: dfe509f7-20bf-4731-92b7-709debf88e72
	at org.openqa.selenium.remote.http.W3CHttpResponseCodec.createException(W3CHttpResponseCodec.java:187)
	at org.openqa.selenium.remote.http.W3CHttpResponseCodec.decode(W3CHttpResponseCodec.java:122)
	at org.openqa.selenium.remote.http.W3CHttpResponseCodec.decode(W3CHttpResponseCodec.java:49)
	at org.openqa.selenium.remote.HttpCommandExecutor.execute(HttpCommandExecutor.java:158)
	at io.appium.java_client.remote.AppiumCommandExecutor.execute(AppiumCommandExecutor.java:239)
	at org.openqa.selenium.remote.RemoteWebDriver.execute(RemoteWebDriver.java:552)
	at io.appium.java_client.DefaultGenericMobileDriver.execute(DefaultGenericMobileDriver.java:42)
	at io.appium.java_client.AppiumDriver.execute(AppiumDriver.java:1)
	at io.appium.java_client.android.AndroidDriver.execute(AndroidDriver.java:1)
	at com.kms.katalon.core.appium.driver.SwipeableAndroidDriver.execute(SwipeableAndroidDriver.java:1)
	at io.appium.java_client.CommandExecutionHelper.execute(CommandExecutionHelper.java:27)
	at io.appium.java_client.android.connection.HasNetworkConnection.setConnection(HasNetworkConnection.java:34)
	at com.kms.katalon.core.mobile.keyword.builtin.ToggleAirplaneModeKeyword$_toggleAirplaneMode_closure1.doCall(ToggleAirplaneModeKeyword.groovy:64)
	at com.kms.katalon.core.mobile.keyword.builtin.ToggleAirplaneModeKeyword$_toggleAirplaneMode_closure1.call(ToggleAirplaneModeKeyword.groovy)
	at com.kms.katalon.core.mobile.keyword.internal.MobileKeywordMain.runKeyword(MobileKeywordMain.groovy:21)
	at com.kms.katalon.core.mobile.keyword.builtin.ToggleAirplaneModeKeyword.toggleAirplaneMode(ToggleAirplaneModeKeyword.groovy:51)
	at com.kms.katalon.core.mobile.keyword.builtin.ToggleAirplaneModeKeyword.execute(ToggleAirplaneModeKeyword.groovy:46)
	at com.kms.katalon.core.keyword.internal.KeywordExecutor.executeKeywordForPlatform(KeywordExecutor.groovy:74)
	at com.kms.katalon.core.mobile.keyword.MobileBuiltInKeywords.toggleAirplaneMode(MobileBuiltInKeywords.groovy:1167)
	at com.kms.katalon.core.mobile.keyword.MobileBuiltInKeywords$toggleAirplaneMode$6.call(Unknown Source)
	at 04 Estructura de la pantalla - Splash.run(04 Estructura de la pantalla - Splash:26)
	at com.kms.katalon.core.main.ScriptEngine.run(ScriptEngine.java:194)
	at com.kms.katalon.core.main.ScriptEngine.runScriptAsRawText(ScriptEngine.java:119)
	at com.kms.katalon.core.main.TestCaseExecutor.runScript(TestCaseExecutor.java:445)
	at com.kms.katalon.core.main.TestCaseExecutor.doExecute(TestCaseExecutor.java:436)
	at com.kms.katalon.core.main.TestCaseExecutor.processExecutionPhase(TestCaseExecutor.java:415)
	at com.kms.katalon.core.main.TestCaseExecutor.accessMainPhase(TestCaseExecutor.java:407)
	at com.kms.katalon.core.main.TestCaseExecutor.execute(TestCaseExecutor.java:284)
	at com.kms.katalon.core.common.CommonExecutor.accessTestCaseMainPhase(CommonExecutor.java:65)
	at com.kms.katalon.core.main.TestSuiteExecutor.accessTestSuiteMainPhase(TestSuiteExecutor.java:144)
	at com.kms.katalon.core.main.TestSuiteExecutor.execute(TestSuiteExecutor.java:106)
	at com.kms.katalon.core.main.TestCaseMain.startTestSuite(TestCaseMain.java:185)
	at com.kms.katalon.core.main.TestCaseMain$startTestSuite$0.call(Unknown Source)
	at TempTestSuite1651263721294.run(TempTestSuite1651263721294.groovy:36)
)
[[ATTACHMENT|C:\\Users\\Jesus_Berbin\\git\\UENO-App-Android\\Reports\\20220429_162154\\01HU-Login-Cierre de Sesi\u00F3n\\20220429_162201\\1651263905675.png]]]]></system-out>
         <system-err><![CDATA[2022-04-29 16:24:49 - [TEST_CASE][FAILED] - Test Cases/01HU-Login-Cierre de Sesión/04 Estructura de la pantalla - Splash: Test Cases/01HU-Login-Cierre de Sesión/04 Estructura de la pantalla - Splash FAILED.
Reason:
com.kms.katalon.core.exception.StepFailedException: Failed to check for element 'Object Repository/Login/android.widget.ImageView Splash' visible (Root cause: org.openqa.selenium.StaleElementReferenceException: androidx.test.uiautomator.StaleObjectException
For documentation on this error, please visit: https://www.seleniumhq.org/exceptions/stale_element_reference.html
Build info: version: '3.141.59', revision: 'e82be7d358', time: '2018-11-14T08:25:53'
System info: host: 'ENDER-LOBO', ip: '192.168.17.1', os.name: 'Windows 10', os.arch: 'amd64', os.version: '10.0', java.version: '1.8.0_282'
Driver info: com.kms.katalon.core.appium.driver.SwipeableAndroidDriver
Capabilities {app: C:\Users\Jesus_Berbin\Docum..., appPackage: com.verticalapps.KonyMobile..., autoGrantPermissions: true, automationName: uiautomator2, chromedriverPort: 64773, databaseEnabled: false, desired: {app: C:\Users\Jesus_Berbin\Docum..., autoGrantPermissions: true, automationName: uiautomator2, chromedriverPort: 64773, deviceId: , deviceName: samsung SM-A105M (Android 11), fullReset: false, newCommandTimeout: 1800, noReset: true, platform: ANDROID, platformName: android, platformVersion: 11, systemPort: 54478, udid: R28M42G369B}, deviceApiLevel: 30, deviceId: , deviceManufacturer: samsung, deviceModel: SM-A105M, deviceName: R28M42G369B, deviceScreenDensity: 300, deviceScreenSize: 720x1520, deviceUDID: R28M42G369B, fullReset: false, javascriptEnabled: true, locationContextEnabled: false, networkConnectionEnabled: true, newCommandTimeout: 1800, noReset: true, pixelRatio: 1.875, platform: ANDROID, platformName: Android, platformVersion: 11, statBarHeight: 54, systemPort: 54478, takesScreenshot: true, udid: R28M42G369B, viewportRect: {height: 1322, left: 0, top: 54, width: 720}, warnings: {}, webStorageEnabled: false}
Session ID: dfe509f7-20bf-4731-92b7-709debf88e72
	at org.openqa.selenium.remote.http.W3CHttpResponseCodec.createException(W3CHttpResponseCodec.java:187)
	at org.openqa.selenium.remote.http.W3CHttpResponseCodec.decode(W3CHttpResponseCodec.java:122)
	at org.openqa.selenium.remote.http.W3CHttpResponseCodec.decode(W3CHttpResponseCodec.java:49)
	at org.openqa.selenium.remote.HttpCommandExecutor.execute(HttpCommandExecutor.java:158)
	at io.appium.java_client.remote.AppiumCommandExecutor.execute(AppiumCommandExecutor.java:239)
	at org.openqa.selenium.remote.RemoteWebDriver.execute(RemoteWebDriver.java:552)
	at io.appium.java_client.DefaultGenericMobileDriver.execute(DefaultGenericMobileDriver.java:42)
	at io.appium.java_client.AppiumDriver.execute(AppiumDriver.java:1)
	at io.appium.java_client.android.AndroidDriver.execute(AndroidDriver.java:1)
	at com.kms.katalon.core.appium.driver.SwipeableAndroidDriver.execute(SwipeableAndroidDriver.java:1)
	at org.openqa.selenium.remote.RemoteWebElement.execute(RemoteWebElement.java:285)
	at io.appium.java_client.DefaultGenericMobileElement.execute(DefaultGenericMobileElement.java:45)
	at io.appium.java_client.MobileElement.execute(MobileElement.java:1)
	at io.appium.java_client.android.AndroidElement.execute(AndroidElement.java:1)
	at org.openqa.selenium.remote.RemoteWebElement.isDisplayed(RemoteWebElement.java:326)
	at com.kms.katalon.core.mobile.keyword.builtin.VerifyElementVisibleKeyword$_verifyElementVisible_closure1.doCall(VerifyElementVisibleKeyword.groovy:74)
	at com.kms.katalon.core.mobile.keyword.builtin.VerifyElementVisibleKeyword$_verifyElementVisible_closure1.call(VerifyElementVisibleKeyword.groovy)
	at com.kms.katalon.core.mobile.keyword.internal.MobileKeywordMain.runKeyword(MobileKeywordMain.groovy:21)
	at com.kms.katalon.core.mobile.keyword.builtin.VerifyElementVisibleKeyword.verifyElementVisible(VerifyElementVisibleKeyword.groovy:85)
	at com.kms.katalon.core.mobile.keyword.builtin.VerifyElementVisibleKeyword.execute(VerifyElementVisibleKeyword.groovy:64)
	at com.kms.katalon.core.keyword.internal.KeywordExecutor.executeKeywordForPlatform(KeywordExecutor.groovy:74)
	at com.kms.katalon.core.mobile.keyword.MobileBuiltInKeywords.verifyElementVisible(MobileBuiltInKeywords.groovy:2015)
	at com.kms.katalon.core.mobile.keyword.MobileBuiltInKeywords$verifyElementVisible$4.call(Unknown Source)
	at 04 Estructura de la pantalla - Splash.run(04 Estructura de la pantalla - Splash:22)
	at com.kms.katalon.core.main.ScriptEngine.run(ScriptEngine.java:194)
	at com.kms.katalon.core.main.ScriptEngine.runScriptAsRawText(ScriptEngine.java:119)
	at com.kms.katalon.core.main.TestCaseExecutor.runScript(TestCaseExecutor.java:445)
	at com.kms.katalon.core.main.TestCaseExecutor.doExecute(TestCaseExecutor.java:436)
	at com.kms.katalon.core.main.TestCaseExecutor.processExecutionPhase(TestCaseExecutor.java:415)
	at com.kms.katalon.core.main.TestCaseExecutor.accessMainPhase(TestCaseExecutor.java:407)
	at com.kms.katalon.core.main.TestCaseExecutor.execute(TestCaseExecutor.java:284)
	at com.kms.katalon.core.common.CommonExecutor.accessTestCaseMainPhase(CommonExecutor.java:65)
	at com.kms.katalon.core.main.TestSuiteExecutor.accessTestSuiteMainPhase(TestSuiteExecutor.java:144)
	at com.kms.katalon.core.main.TestSuiteExecutor.execute(TestSuiteExecutor.java:106)
	at com.kms.katalon.core.main.TestCaseMain.startTestSuite(TestCaseMain.java:185)
	at com.kms.katalon.core.main.TestCaseMain$startTestSuite$0.call(Unknown Source)
	at TempTestSuite1651263721294.run(TempTestSuite1651263721294.groovy:36)
)
	at com.kms.katalon.core.keyword.internal.KeywordMain.stepFailed(KeywordMain.groovy:39)
	at com.kms.katalon.core.mobile.keyword.internal.MobileKeywordMain.stepFailed(MobileKeywordMain.groovy:40)
	at com.kms.katalon.core.mobile.keyword.internal.MobileKeywordMain.runKeyword(MobileKeywordMain.groovy:23)
	at com.kms.katalon.core.mobile.keyword.builtin.VerifyElementVisibleKeyword.verifyElementVisible(VerifyElementVisibleKeyword.groovy:85)
	at com.kms.katalon.core.mobile.keyword.builtin.VerifyElementVisibleKeyword.execute(VerifyElementVisibleKeyword.groovy:64)
	at com.kms.katalon.core.keyword.internal.KeywordExecutor.executeKeywordForPlatform(KeywordExecutor.groovy:74)
	at com.kms.katalon.core.mobile.keyword.MobileBuiltInKeywords.verifyElementVisible(MobileBuiltInKeywords.groovy:2015)
	at com.kms.katalon.core.mobile.keyword.MobileBuiltInKeywords$verifyElementVisible$4.call(Unknown Source)
	at 04 Estructura de la pantalla - Splash.run(04 Estructura de la pantalla - Splash:22)
	at com.kms.katalon.core.main.ScriptEngine.run(ScriptEngine.java:194)
	at com.kms.katalon.core.main.ScriptEngine.runScriptAsRawText(ScriptEngine.java:119)
	at com.kms.katalon.core.main.TestCaseExecutor.runScript(TestCaseExecutor.java:445)
	at com.kms.katalon.core.main.TestCaseExecutor.doExecute(TestCaseExecutor.java:436)
	at com.kms.katalon.core.main.TestCaseExecutor.processExecutionPhase(TestCaseExecutor.java:415)
	at com.kms.katalon.core.main.TestCaseExecutor.accessMainPhase(TestCaseExecutor.java:407)
	at com.kms.katalon.core.main.TestCaseExecutor.execute(TestCaseExecutor.java:284)
	at com.kms.katalon.core.common.CommonExecutor.accessTestCaseMainPhase(CommonExecutor.java:65)
	at com.kms.katalon.core.main.TestSuiteExecutor.accessTestSuiteMainPhase(TestSuiteExecutor.java:144)
	at com.kms.katalon.core.main.TestSuiteExecutor.execute(TestSuiteExecutor.java:106)
	at com.kms.katalon.core.main.TestCaseMain.startTestSuite(TestCaseMain.java:185)
	at com.kms.katalon.core.main.TestCaseMain$startTestSuite$0.call(Unknown Source)
	at TempTestSuite1651263721294.run(TempTestSuite1651263721294.groovy:36)
Caused by: org.openqa.selenium.StaleElementReferenceException: androidx.test.uiautomator.StaleObjectException
For documentation on this error, please visit: https://www.seleniumhq.org/exceptions/stale_element_reference.html
Build info: version: '3.141.59', revision: 'e82be7d358', time: '2018-11-14T08:25:53'
System info: host: 'ENDER-LOBO', ip: '192.168.17.1', os.name: 'Windows 10', os.arch: 'amd64', os.version: '10.0', java.version: '1.8.0_282'
Driver info: com.kms.katalon.core.appium.driver.SwipeableAndroidDriver
Capabilities {app: C:\Users\Jesus_Berbin\Docum..., appPackage: com.verticalapps.KonyMobile..., autoGrantPermissions: true, automationName: uiautomator2, chromedriverPort: 64773, databaseEnabled: false, desired: {app: C:\Users\Jesus_Berbin\Docum..., autoGrantPermissions: true, automationName: uiautomator2, chromedriverPort: 64773, deviceId: , deviceName: samsung SM-A105M (Android 11), fullReset: false, newCommandTimeout: 1800, noReset: true, platform: ANDROID, platformName: android, platformVersion: 11, systemPort: 54478, udid: R28M42G369B}, deviceApiLevel: 30, deviceId: , deviceManufacturer: samsung, deviceModel: SM-A105M, deviceName: R28M42G369B, deviceScreenDensity: 300, deviceScreenSize: 720x1520, deviceUDID: R28M42G369B, fullReset: false, javascriptEnabled: true, locationContextEnabled: false, networkConnectionEnabled: true, newCommandTimeout: 1800, noReset: true, pixelRatio: 1.875, platform: ANDROID, platformName: Android, platformVersion: 11, statBarHeight: 54, systemPort: 54478, takesScreenshot: true, udid: R28M42G369B, viewportRect: {height: 1322, left: 0, top: 54, width: 720}, warnings: {}, webStorageEnabled: false}
Session ID: dfe509f7-20bf-4731-92b7-709debf88e72
	at org.openqa.selenium.remote.http.W3CHttpResponseCodec.createException(W3CHttpResponseCodec.java:187)
	at org.openqa.selenium.remote.http.W3CHttpResponseCodec.decode(W3CHttpResponseCodec.java:122)
	at org.openqa.selenium.remote.http.W3CHttpResponseCodec.decode(W3CHttpResponseCodec.java:49)
	at org.openqa.selenium.remote.HttpCommandExecutor.execute(HttpCommandExecutor.java:158)
	at io.appium.java_client.remote.AppiumCommandExecutor.execute(AppiumCommandExecutor.java:239)
	at org.openqa.selenium.remote.RemoteWebDriver.execute(RemoteWebDriver.java:552)
	at io.appium.java_client.DefaultGenericMobileDriver.execute(DefaultGenericMobileDriver.java:42)
	at io.appium.java_client.AppiumDriver.execute(AppiumDriver.java:1)
	at io.appium.java_client.android.AndroidDriver.execute(AndroidDriver.java:1)
	at com.kms.katalon.core.appium.driver.SwipeableAndroidDriver.execute(SwipeableAndroidDriver.java:1)
	at org.openqa.selenium.remote.RemoteWebElement.execute(RemoteWebElement.java:285)
	at io.appium.java_client.DefaultGenericMobileElement.execute(DefaultGenericMobileElement.java:45)
	at io.appium.java_client.MobileElement.execute(MobileElement.java:1)
	at io.appium.java_client.android.AndroidElement.execute(AndroidElement.java:1)
	at org.openqa.selenium.remote.RemoteWebElement.isDisplayed(RemoteWebElement.java:326)
	at com.kms.katalon.core.mobile.keyword.builtin.VerifyElementVisibleKeyword$_verifyElementVisible_closure1.doCall(VerifyElementVisibleKeyword.groovy:74)
	at com.kms.katalon.core.mobile.keyword.builtin.VerifyElementVisibleKeyword$_verifyElementVisible_closure1.call(VerifyElementVisibleKeyword.groovy)
	at com.kms.katalon.core.mobile.keyword.internal.MobileKeywordMain.runKeyword(MobileKeywordMain.groovy:21)
	... 19 more]]></system-err>
      </testcase>
      <testcase name="Test Cases/01HU-Login-Cierre de Sesión/05 Especificaciones Funcionales - Focus" time="33.064" classname="Test Cases/01HU-Login-Cierre de Sesión/05 Especificaciones Funcionales - Focus" status="PASSED">
         <system-out><![CDATA[2022-04-29 16:25:06 - [TEST_CASE][PASSED] - Test Cases/01HU-Login-Cierre de Sesión/05 Especificaciones Funcionales - Focus: Test Cases/01HU-Login-Cierre de Sesión/05 Especificaciones Funcionales - Focus

2022-04-29 16:25:06 - [TEST_STEP][PASSED] - startApplication(URL, false): Started app at: 'C:\Users\Jesus_Berbin\Documents\Cursos\Sybven\UENO\crtopyinfinitymobilebanking-release.apk'

2022-04-29 16:25:06 - [MESSAGE][INFO] - User set preference: ['deviceId', '']

2022-04-29 16:25:16 - [MESSAGE][PASSED] - Started app at: 'C:\Users\Jesus_Berbin\Documents\Cursos\Sybven\UENO\crtopyinfinitymobilebanking-release.apk'

2022-04-29 16:25:16 - [TEST_STEP][PASSED] - delay(10, CONTINUE_ON_FAILURE): Delayed 10 second(s)

2022-04-29 16:25:26 - [MESSAGE][PASSED] - Delayed 10 second(s)

2022-04-29 16:25:26 - [TEST_STEP][PASSED] - tap(findTestObject("Login/android.widget.TextView - Nmero de celular"), 0, CONTINUE_ON_FAILURE): Tapped on element 'Object Repository/Login/android.widget.TextView - Nmero de celular'

2022-04-29 16:25:26 - [MESSAGE][WARNING] - Timeout '0' is invalid. Using default page load timeout: '30'

2022-04-29 16:25:27 - [MESSAGE][PASSED] - Tapped on element 'Object Repository/Login/android.widget.TextView - Nmero de celular'

2022-04-29 16:25:27 - [TEST_STEP][PASSED] - tap(findTestObject("Login/android.widget.EditText - tipear contrasea"), 0): Tapped on element 'Object Repository/Login/android.widget.EditText - tipear contrasea'

2022-04-29 16:25:27 - [MESSAGE][WARNING] - Timeout '0' is invalid. Using default page load timeout: '30'

2022-04-29 16:25:29 - [MESSAGE][PASSED] - Tapped on element 'Object Repository/Login/android.widget.EditText - tipear contrasea'

2022-04-29 16:25:29 - [TEST_STEP][PASSED] - tap(findTestObject("Login/android.widget.Button - Olvidaste tu contrasea"), 0): Tapped on element 'Object Repository/Login/android.widget.Button - Olvidaste tu contrasea'

2022-04-29 16:25:29 - [MESSAGE][WARNING] - Timeout '0' is invalid. Using default page load timeout: '30'

2022-04-29 16:25:31 - [MESSAGE][PASSED] - Tapped on element 'Object Repository/Login/android.widget.Button - Olvidaste tu contrasea'

2022-04-29 16:25:31 - [TEST_STEP][PASSED] - tap(findTestObject("Olvido Contrasena/android.widget.ImageView Boton Back superior"), 0): Tapped on element 'Object Repository/Olvido Contrasena/android.widget.ImageView Boton Back superior'

2022-04-29 16:25:31 - [MESSAGE][WARNING] - Timeout '0' is invalid. Using default page load timeout: '30'

2022-04-29 16:25:32 - [MESSAGE][PASSED] - Tapped on element 'Object Repository/Olvido Contrasena/android.widget.ImageView Boton Back superior'

2022-04-29 16:25:32 - [TEST_STEP][PASSED] - tap(findTestObject("Login/android.widget.Button - Soporte"), 0): Tapped on element 'Object Repository/Login/android.widget.Button - Soporte'

2022-04-29 16:25:32 - [MESSAGE][WARNING] - Timeout '0' is invalid. Using default page load timeout: '30'

2022-04-29 16:25:35 - [MESSAGE][PASSED] - Tapped on element 'Object Repository/Login/android.widget.Button - Soporte'

2022-04-29 16:25:35 - [TEST_STEP][PASSED] - tap(findTestObject("Soporte/android.widget.ImageView Back Pantalla Soporte"), 0): Tapped on element 'Object Repository/Soporte/android.widget.ImageView Back Pantalla Soporte'

2022-04-29 16:25:35 - [MESSAGE][WARNING] - Timeout '0' is invalid. Using default page load timeout: '30'

2022-04-29 16:25:36 - [MESSAGE][PASSED] - Tapped on element 'Object Repository/Soporte/android.widget.ImageView Back Pantalla Soporte'

2022-04-29 16:25:36 - [TEST_STEP][PASSED] - tap(findTestObject("Login/android.widget.Button - Registrarme"), 0): Tapped on element 'Object Repository/Login/android.widget.Button - Registrarme'

2022-04-29 16:25:36 - [MESSAGE][WARNING] - Timeout '0' is invalid. Using default page load timeout: '30'

2022-04-29 16:25:39 - [MESSAGE][PASSED] - Tapped on element 'Object Repository/Login/android.widget.Button - Registrarme'

2022-04-29 16:25:39 - [TEST_STEP][PASSED] - pressBack(): Press back button successfully

2022-04-29 16:25:39 - [MESSAGE][PASSED] - Press back button successfully]]></system-out>
         <system-err><![CDATA[]]></system-err>
      </testcase>
      <testcase name="Test Cases/01HU-Login-Cierre de Sesión/07 Especificaciones Funcionales - Campo contraseña" time="26.667" classname="Test Cases/01HU-Login-Cierre de Sesión/07 Especificaciones Funcionales - Campo contraseña" status="PASSED">
         <system-out><![CDATA[2022-04-29 16:25:39 - [TEST_CASE][PASSED] - Test Cases/01HU-Login-Cierre de Sesión/07 Especificaciones Funcionales - Campo contraseña: Test Cases/01HU-Login-Cierre de Sesión/07 Especificaciones Funcionales - Campo contraseña

2022-04-29 16:25:39 - [TEST_STEP][PASSED] - startApplication(URL, false): Started app at: 'C:\Users\Jesus_Berbin\Documents\Cursos\Sybven\UENO\crtopyinfinitymobilebanking-release.apk'

2022-04-29 16:25:39 - [MESSAGE][INFO] - User set preference: ['deviceId', '']

2022-04-29 16:25:50 - [MESSAGE][PASSED] - Started app at: 'C:\Users\Jesus_Berbin\Documents\Cursos\Sybven\UENO\crtopyinfinitymobilebanking-release.apk'

2022-04-29 16:25:50 - [TEST_STEP][PASSED] - delay(10, CONTINUE_ON_FAILURE): Delayed 10 second(s)

2022-04-29 16:26:00 - [MESSAGE][PASSED] - Delayed 10 second(s)

2022-04-29 16:26:00 - [TEST_STEP][PASSED] - clearText(findTestObject("Login/android.widget.EditText - Numero de celular login"), 0): Element 'Object Repository/Login/android.widget.EditText - Numero de celular login' text is cleared

2022-04-29 16:26:00 - [MESSAGE][WARNING] - Timeout '0' is invalid. Using default page load timeout: '30'

2022-04-29 16:26:00 - [MESSAGE][PASSED] - Element 'Object Repository/Login/android.widget.EditText - Numero de celular login' text is cleared

2022-04-29 16:26:00 - [TEST_STEP][PASSED] - setText(findTestObject("Login/android.widget.EditText - Ejemplo 0981123456"), Numerocelular, 0): Text '0972875200' has been set to element 'Object Repository/Login/android.widget.EditText - Ejemplo 0981123456'

2022-04-29 16:26:00 - [MESSAGE][WARNING] - Timeout '0' is invalid. Using default page load timeout: '30'

2022-04-29 16:26:03 - [MESSAGE][PASSED] - Text '0972875200' has been set to element 'Object Repository/Login/android.widget.EditText - Ejemplo 0981123456'

2022-04-29 16:26:03 - [TEST_STEP][PASSED] - setText(findTestObject("Login/android.widget.EditText - tipear contrasea"), Contrasena, 0): Text 'Kony!12345' has been set to element 'Object Repository/Login/android.widget.EditText - tipear contrasea'

2022-04-29 16:26:03 - [MESSAGE][WARNING] - Timeout '0' is invalid. Using default page load timeout: '30'

2022-04-29 16:26:04 - [MESSAGE][PASSED] - Text 'Kony!12345' has been set to element 'Object Repository/Login/android.widget.EditText - tipear contrasea'

2022-04-29 16:26:04 - [TEST_STEP][PASSED] - tap(findTestObject("Login/android.view.ViewGroup Ojito Ver contrasea"), 0): Tapped on element 'Object Repository/Login/android.view.ViewGroup Ojito Ver contrasea'

2022-04-29 16:26:04 - [MESSAGE][WARNING] - Timeout '0' is invalid. Using default page load timeout: '30'

2022-04-29 16:26:06 - [MESSAGE][PASSED] - Tapped on element 'Object Repository/Login/android.view.ViewGroup Ojito Ver contrasea']]></system-out>
         <system-err><![CDATA[]]></system-err>
      </testcase>
      <testcase name="Test Cases/01HU-Login-Cierre de Sesión/08 Especificaciones Funcionales Numero de Celular -Contraseña" time="27.088" classname="Test Cases/01HU-Login-Cierre de Sesión/08 Especificaciones Funcionales Numero de Celular -Contraseña" status="PASSED">
         <system-out><![CDATA[2022-04-29 16:26:06 - [TEST_CASE][PASSED] - Test Cases/01HU-Login-Cierre de Sesión/08 Especificaciones Funcionales Numero de Celular -Contraseña: Test Cases/01HU-Login-Cierre de Sesión/08 Especificaciones Funcionales Numero de Celular -Contraseña

2022-04-29 16:26:06 - [TEST_STEP][PASSED] - startApplication(URL, false): Started app at: 'C:\Users\Jesus_Berbin\Documents\Cursos\Sybven\UENO\crtopyinfinitymobilebanking-release.apk'

2022-04-29 16:26:06 - [MESSAGE][INFO] - User set preference: ['deviceId', '']

2022-04-29 16:26:17 - [MESSAGE][PASSED] - Started app at: 'C:\Users\Jesus_Berbin\Documents\Cursos\Sybven\UENO\crtopyinfinitymobilebanking-release.apk'

2022-04-29 16:26:17 - [TEST_STEP][PASSED] - delay(10, CONTINUE_ON_FAILURE): Delayed 10 second(s)

2022-04-29 16:26:27 - [MESSAGE][PASSED] - Delayed 10 second(s)

2022-04-29 16:26:27 - [TEST_STEP][PASSED] - clearText(findTestObject("Login/android.widget.EditText - Numero de celular login"), 0): Element 'Object Repository/Login/android.widget.EditText - Numero de celular login' text is cleared

2022-04-29 16:26:27 - [MESSAGE][WARNING] - Timeout '0' is invalid. Using default page load timeout: '30'

2022-04-29 16:26:27 - [MESSAGE][PASSED] - Element 'Object Repository/Login/android.widget.EditText - Numero de celular login' text is cleared

2022-04-29 16:26:27 - [TEST_STEP][PASSED] - setText(findTestObject("Login/android.widget.EditText - Ejemplo 0981123456"), Numerocelular, 0): Text '0972875200' has been set to element 'Object Repository/Login/android.widget.EditText - Ejemplo 0981123456'

2022-04-29 16:26:28 - [MESSAGE][WARNING] - Timeout '0' is invalid. Using default page load timeout: '30'

2022-04-29 16:26:30 - [MESSAGE][PASSED] - Text '0972875200' has been set to element 'Object Repository/Login/android.widget.EditText - Ejemplo 0981123456'

2022-04-29 16:26:30 - [TEST_STEP][PASSED] - setText(findTestObject("Login/android.widget.EditText - tipear contrasea"), Contrasena, 0): Text 'Kony!12345' has been set to element 'Object Repository/Login/android.widget.EditText - tipear contrasea'

2022-04-29 16:26:30 - [MESSAGE][WARNING] - Timeout '0' is invalid. Using default page load timeout: '30'

2022-04-29 16:26:31 - [MESSAGE][PASSED] - Text 'Kony!12345' has been set to element 'Object Repository/Login/android.widget.EditText - tipear contrasea'

2022-04-29 16:26:31 - [TEST_STEP][PASSED] - checkElement(findTestObject("Login/android.widget.Button - Ingresar"), 0): Element 'Object Repository/Login/android.widget.Button - Ingresar' is checked

2022-04-29 16:26:31 - [MESSAGE][WARNING] - Timeout '0' is invalid. Using default page load timeout: '30'

2022-04-29 16:26:33 - [MESSAGE][PASSED] - Element 'Object Repository/Login/android.widget.Button - Ingresar' is checked]]></system-out>
         <system-err><![CDATA[]]></system-err>
      </testcase>
      <testcase name="Test Cases/01HU-Login-Cierre de Sesión/10 Especificaciones Funcionales para el campo numero de Celular" time="51.451" classname="Test Cases/01HU-Login-Cierre de Sesión/10 Especificaciones Funcionales para el campo numero de Celular" status="FAILED">
         <failure type="FAILED" message="Test Cases/01HU-Login-Cierre de Sesión/10 Especificaciones Funcionales para el campo numero de Celular FAILED.
Reason:
com.kms.katalon.core.exception.StepFailedException: Object Object Repository/Login/android.widget.EditText - Numero de celular login - test10 not found
	at com.kms.katalon.core.keyword.internal.KeywordMain.stepFailed(KeywordMain.groovy:39)
	at com.kms.katalon.core.mobile.keyword.internal.MobileKeywordMain.stepFailed(MobileKeywordMain.groovy:40)
	at com.kms.katalon.core.mobile.keyword.builtin.GetTextKeyword$_getText_closure1.doCall(GetTextKeyword.groovy:74)
	at com.kms.katalon.core.mobile.keyword.builtin.GetTextKeyword$_getText_closure1.call(GetTextKeyword.groovy)
	at com.kms.katalon.core.mobile.keyword.internal.MobileKeywordMain.runKeyword(MobileKeywordMain.groovy:21)
	at com.kms.katalon.core.mobile.keyword.builtin.GetTextKeyword.getText(GetTextKeyword.groovy:80)
	at com.kms.katalon.core.mobile.keyword.builtin.GetTextKeyword.execute(GetTextKeyword.groovy:64)
	at com.kms.katalon.core.keyword.internal.KeywordExecutor.executeKeywordForPlatform(KeywordExecutor.groovy:74)
	at com.kms.katalon.core.mobile.keyword.MobileBuiltInKeywords.getText(MobileBuiltInKeywords.groovy:1274)
	at com.kms.katalon.core.mobile.keyword.MobileBuiltInKeywords$getText$0.call(Unknown Source)
	at 10 Especificaciones Funcionales para el campo numero de Celular.run(10 Especificaciones Funcionales para el campo numero de Celular:24)
	at com.kms.katalon.core.main.ScriptEngine.run(ScriptEngine.java:194)
	at com.kms.katalon.core.main.ScriptEngine.runScriptAsRawText(ScriptEngine.java:119)
	at com.kms.katalon.core.main.TestCaseExecutor.runScript(TestCaseExecutor.java:445)
	at com.kms.katalon.core.main.TestCaseExecutor.doExecute(TestCaseExecutor.java:436)
	at com.kms.katalon.core.main.TestCaseExecutor.processExecutionPhase(TestCaseExecutor.java:415)
	at com.kms.katalon.core.main.TestCaseExecutor.accessMainPhase(TestCaseExecutor.java:407)
	at com.kms.katalon.core.main.TestCaseExecutor.execute(TestCaseExecutor.java:284)
	at com.kms.katalon.core.common.CommonExecutor.accessTestCaseMainPhase(CommonExecutor.java:65)
	at com.kms.katalon.core.main.TestSuiteExecutor.accessTestSuiteMainPhase(TestSuiteExecutor.java:144)
	at com.kms.katalon.core.main.TestSuiteExecutor.execute(TestSuiteExecutor.java:106)
	at com.kms.katalon.core.main.TestCaseMain.startTestSuite(TestCaseMain.java:185)
	at com.kms.katalon.core.main.TestCaseMain$startTestSuite$0.call(Unknown Source)
	at TempTestSuite1651263721294.run(TempTestSuite1651263721294.groovy:36)
"/>
         <system-out><![CDATA[2022-04-29 16:26:33 - [TEST_CASE][FAILED] - Test Cases/01HU-Login-Cierre de Sesión/10 Especificaciones Funcionales para el campo numero de Celular: Test Cases/01HU-Login-Cierre de Sesión/10 Especificaciones Funcionales para el campo numero de Celular FAILED.
Reason:
com.kms.katalon.core.exception.StepFailedException: Object Object Repository/Login/android.widget.EditText - Numero de celular login - test10 not found
	at com.kms.katalon.core.keyword.internal.KeywordMain.stepFailed(KeywordMain.groovy:39)
	at com.kms.katalon.core.mobile.keyword.internal.MobileKeywordMain.stepFailed(MobileKeywordMain.groovy:40)
	at com.kms.katalon.core.mobile.keyword.builtin.GetTextKeyword$_getText_closure1.doCall(GetTextKeyword.groovy:74)
	at com.kms.katalon.core.mobile.keyword.builtin.GetTextKeyword$_getText_closure1.call(GetTextKeyword.groovy)
	at com.kms.katalon.core.mobile.keyword.internal.MobileKeywordMain.runKeyword(MobileKeywordMain.groovy:21)
	at com.kms.katalon.core.mobile.keyword.builtin.GetTextKeyword.getText(GetTextKeyword.groovy:80)
	at com.kms.katalon.core.mobile.keyword.builtin.GetTextKeyword.execute(GetTextKeyword.groovy:64)
	at com.kms.katalon.core.keyword.internal.KeywordExecutor.executeKeywordForPlatform(KeywordExecutor.groovy:74)
	at com.kms.katalon.core.mobile.keyword.MobileBuiltInKeywords.getText(MobileBuiltInKeywords.groovy:1274)
	at com.kms.katalon.core.mobile.keyword.MobileBuiltInKeywords$getText$0.call(Unknown Source)
	at 10 Especificaciones Funcionales para el campo numero de Celular.run(10 Especificaciones Funcionales para el campo numero de Celular:24)
	at com.kms.katalon.core.main.ScriptEngine.run(ScriptEngine.java:194)
	at com.kms.katalon.core.main.ScriptEngine.runScriptAsRawText(ScriptEngine.java:119)
	at com.kms.katalon.core.main.TestCaseExecutor.runScript(TestCaseExecutor.java:445)
	at com.kms.katalon.core.main.TestCaseExecutor.doExecute(TestCaseExecutor.java:436)
	at com.kms.katalon.core.main.TestCaseExecutor.processExecutionPhase(TestCaseExecutor.java:415)
	at com.kms.katalon.core.main.TestCaseExecutor.accessMainPhase(TestCaseExecutor.java:407)
	at com.kms.katalon.core.main.TestCaseExecutor.execute(TestCaseExecutor.java:284)
	at com.kms.katalon.core.common.CommonExecutor.accessTestCaseMainPhase(CommonExecutor.java:65)
	at com.kms.katalon.core.main.TestSuiteExecutor.accessTestSuiteMainPhase(TestSuiteExecutor.java:144)
	at com.kms.katalon.core.main.TestSuiteExecutor.execute(TestSuiteExecutor.java:106)
	at com.kms.katalon.core.main.TestCaseMain.startTestSuite(TestCaseMain.java:185)
	at com.kms.katalon.core.main.TestCaseMain$startTestSuite$0.call(Unknown Source)
	at TempTestSuite1651263721294.run(TempTestSuite1651263721294.groovy:36)


2022-04-29 16:26:33 - [TEST_STEP][PASSED] - startApplication(URL, false): Started app at: 'C:\Users\Jesus_Berbin\Documents\Cursos\Sybven\UENO\crtopyinfinitymobilebanking-release.apk'

2022-04-29 16:26:33 - [MESSAGE][INFO] - User set preference: ['deviceId', '']

2022-04-29 16:26:44 - [MESSAGE][PASSED] - Started app at: 'C:\Users\Jesus_Berbin\Documents\Cursos\Sybven\UENO\crtopyinfinitymobilebanking-release.apk'

2022-04-29 16:26:44 - [TEST_STEP][PASSED] - delay(10): Delayed 10 second(s)

2022-04-29 16:26:54 - [MESSAGE][PASSED] - Delayed 10 second(s)

2022-04-29 16:26:54 - [TEST_STEP][FAILED] - NumeroCelular = getText(findTestObject("Login/android.widget.EditText - Numero de celular login - test10"), 0): Object Object Repository/Login/android.widget.EditText - Numero de celular login - test10 not found

2022-04-29 16:26:54 - [MESSAGE][WARNING] - Timeout '0' is invalid. Using default page load timeout: '30'

2022-04-29 16:27:24 - [MESSAGE][FAILED] - Object Object Repository/Login/android.widget.EditText - Numero de celular login - test10 not found

2022-04-29 16:27:24 - [TEST_STEP][FAILED] - verifyEqual(NumeroCelular, NumeroEsperado): Unable to verify equal between actual object 'null' and expected object '0972875200' (Root cause: com.kms.katalon.core.exception.StepFailedException: Actual object 'null' and expected object '0972875200' are not equal
	at com.kms.katalon.core.keyword.builtin.VerifyEqualKeyword$_verifyEqual_closure1.doCall(VerifyEqualKeyword.groovy:58)
	at com.kms.katalon.core.keyword.builtin.VerifyEqualKeyword$_verifyEqual_closure1.call(VerifyEqualKeyword.groovy)
	at com.kms.katalon.core.keyword.internal.KeywordMain.runKeyword(KeywordMain.groovy:74)
	at com.kms.katalon.core.keyword.builtin.VerifyEqualKeyword.verifyEqual(VerifyEqualKeyword.groovy:63)
	at com.kms.katalon.core.keyword.builtin.VerifyEqualKeyword.execute(VerifyEqualKeyword.groovy:44)
	at com.kms.katalon.core.keyword.internal.KeywordExecutor.executeKeywordForPlatform(KeywordExecutor.groovy:74)
	at com.kms.katalon.core.keyword.BuiltinKeywords.verifyEqual(BuiltinKeywords.groovy:141)
	at 10 Especificaciones Funcionales para el campo numero de Celular.run(10 Especificaciones Funcionales para el campo numero de Celular:26)
	at com.kms.katalon.core.main.ScriptEngine.run(ScriptEngine.java:194)
	at com.kms.katalon.core.main.ScriptEngine.runScriptAsRawText(ScriptEngine.java:119)
	at com.kms.katalon.core.main.TestCaseExecutor.runScript(TestCaseExecutor.java:445)
	at com.kms.katalon.core.main.TestCaseExecutor.doExecute(TestCaseExecutor.java:436)
	at com.kms.katalon.core.main.TestCaseExecutor.processExecutionPhase(TestCaseExecutor.java:415)
	at com.kms.katalon.core.main.TestCaseExecutor.accessMainPhase(TestCaseExecutor.java:407)
	at com.kms.katalon.core.main.TestCaseExecutor.execute(TestCaseExecutor.java:284)
	at com.kms.katalon.core.common.CommonExecutor.accessTestCaseMainPhase(CommonExecutor.java:65)
	at com.kms.katalon.core.main.TestSuiteExecutor.accessTestSuiteMainPhase(TestSuiteExecutor.java:144)
	at com.kms.katalon.core.main.TestSuiteExecutor.execute(TestSuiteExecutor.java:106)
	at com.kms.katalon.core.main.TestCaseMain.startTestSuite(TestCaseMain.java:185)
	at com.kms.katalon.core.main.TestCaseMain$startTestSuite$0.call(Unknown Source)
	at TempTestSuite1651263721294.run(TempTestSuite1651263721294.groovy:36)
)

2022-04-29 16:27:24 - [MESSAGE][FAILED] - Unable to verify equal between actual object 'null' and expected object '0972875200' (Root cause: com.kms.katalon.core.exception.StepFailedException: Actual object 'null' and expected object '0972875200' are not equal
	at com.kms.katalon.core.keyword.builtin.VerifyEqualKeyword$_verifyEqual_closure1.doCall(VerifyEqualKeyword.groovy:58)
	at com.kms.katalon.core.keyword.builtin.VerifyEqualKeyword$_verifyEqual_closure1.call(VerifyEqualKeyword.groovy)
	at com.kms.katalon.core.keyword.internal.KeywordMain.runKeyword(KeywordMain.groovy:74)
	at com.kms.katalon.core.keyword.builtin.VerifyEqualKeyword.verifyEqual(VerifyEqualKeyword.groovy:63)
	at com.kms.katalon.core.keyword.builtin.VerifyEqualKeyword.execute(VerifyEqualKeyword.groovy:44)
	at com.kms.katalon.core.keyword.internal.KeywordExecutor.executeKeywordForPlatform(KeywordExecutor.groovy:74)
	at com.kms.katalon.core.keyword.BuiltinKeywords.verifyEqual(BuiltinKeywords.groovy:141)
	at 10 Especificaciones Funcionales para el campo numero de Celular.run(10 Especificaciones Funcionales para el campo numero de Celular:26)
	at com.kms.katalon.core.main.ScriptEngine.run(ScriptEngine.java:194)
	at com.kms.katalon.core.main.ScriptEngine.runScriptAsRawText(ScriptEngine.java:119)
	at com.kms.katalon.core.main.TestCaseExecutor.runScript(TestCaseExecutor.java:445)
	at com.kms.katalon.core.main.TestCaseExecutor.doExecute(TestCaseExecutor.java:436)
	at com.kms.katalon.core.main.TestCaseExecutor.processExecutionPhase(TestCaseExecutor.java:415)
	at com.kms.katalon.core.main.TestCaseExecutor.accessMainPhase(TestCaseExecutor.java:407)
	at com.kms.katalon.core.main.TestCaseExecutor.execute(TestCaseExecutor.java:284)
	at com.kms.katalon.core.common.CommonExecutor.accessTestCaseMainPhase(CommonExecutor.java:65)
	at com.kms.katalon.core.main.TestSuiteExecutor.accessTestSuiteMainPhase(TestSuiteExecutor.java:144)
	at com.kms.katalon.core.main.TestSuiteExecutor.execute(TestSuiteExecutor.java:106)
	at com.kms.katalon.core.main.TestCaseMain.startTestSuite(TestCaseMain.java:185)
	at com.kms.katalon.core.main.TestCaseMain$startTestSuite$0.call(Unknown Source)
	at TempTestSuite1651263721294.run(TempTestSuite1651263721294.groovy:36)
)]]></system-out>
         <system-err><![CDATA[2022-04-29 16:26:33 - [TEST_CASE][FAILED] - Test Cases/01HU-Login-Cierre de Sesión/10 Especificaciones Funcionales para el campo numero de Celular: Test Cases/01HU-Login-Cierre de Sesión/10 Especificaciones Funcionales para el campo numero de Celular FAILED.
Reason:
com.kms.katalon.core.exception.StepFailedException: Object Object Repository/Login/android.widget.EditText - Numero de celular login - test10 not found
	at com.kms.katalon.core.keyword.internal.KeywordMain.stepFailed(KeywordMain.groovy:39)
	at com.kms.katalon.core.mobile.keyword.internal.MobileKeywordMain.stepFailed(MobileKeywordMain.groovy:40)
	at com.kms.katalon.core.mobile.keyword.builtin.GetTextKeyword$_getText_closure1.doCall(GetTextKeyword.groovy:74)
	at com.kms.katalon.core.mobile.keyword.builtin.GetTextKeyword$_getText_closure1.call(GetTextKeyword.groovy)
	at com.kms.katalon.core.mobile.keyword.internal.MobileKeywordMain.runKeyword(MobileKeywordMain.groovy:21)
	at com.kms.katalon.core.mobile.keyword.builtin.GetTextKeyword.getText(GetTextKeyword.groovy:80)
	at com.kms.katalon.core.mobile.keyword.builtin.GetTextKeyword.execute(GetTextKeyword.groovy:64)
	at com.kms.katalon.core.keyword.internal.KeywordExecutor.executeKeywordForPlatform(KeywordExecutor.groovy:74)
	at com.kms.katalon.core.mobile.keyword.MobileBuiltInKeywords.getText(MobileBuiltInKeywords.groovy:1274)
	at com.kms.katalon.core.mobile.keyword.MobileBuiltInKeywords$getText$0.call(Unknown Source)
	at 10 Especificaciones Funcionales para el campo numero de Celular.run(10 Especificaciones Funcionales para el campo numero de Celular:24)
	at com.kms.katalon.core.main.ScriptEngine.run(ScriptEngine.java:194)
	at com.kms.katalon.core.main.ScriptEngine.runScriptAsRawText(ScriptEngine.java:119)
	at com.kms.katalon.core.main.TestCaseExecutor.runScript(TestCaseExecutor.java:445)
	at com.kms.katalon.core.main.TestCaseExecutor.doExecute(TestCaseExecutor.java:436)
	at com.kms.katalon.core.main.TestCaseExecutor.processExecutionPhase(TestCaseExecutor.java:415)
	at com.kms.katalon.core.main.TestCaseExecutor.accessMainPhase(TestCaseExecutor.java:407)
	at com.kms.katalon.core.main.TestCaseExecutor.execute(TestCaseExecutor.java:284)
	at com.kms.katalon.core.common.CommonExecutor.accessTestCaseMainPhase(CommonExecutor.java:65)
	at com.kms.katalon.core.main.TestSuiteExecutor.accessTestSuiteMainPhase(TestSuiteExecutor.java:144)
	at com.kms.katalon.core.main.TestSuiteExecutor.execute(TestSuiteExecutor.java:106)
	at com.kms.katalon.core.main.TestCaseMain.startTestSuite(TestCaseMain.java:185)
	at com.kms.katalon.core.main.TestCaseMain$startTestSuite$0.call(Unknown Source)
	at TempTestSuite1651263721294.run(TempTestSuite1651263721294.groovy:36)]]></system-err>
      </testcase>
      <testcase name="Test Cases/01HU-Login-Cierre de Sesión/11 Especificaciones Funcionales - Login exitoso del usuario" time="25.777" classname="Test Cases/01HU-Login-Cierre de Sesión/11 Especificaciones Funcionales - Login exitoso del usuario" status="PASSED">
         <system-out><![CDATA[2022-04-29 16:27:24 - [TEST_CASE][PASSED] - Test Cases/01HU-Login-Cierre de Sesión/11 Especificaciones Funcionales - Login exitoso del usuario: Test Cases/01HU-Login-Cierre de Sesión/11 Especificaciones Funcionales - Login exitoso del usuario

2022-04-29 16:27:25 - [TEST_STEP][PASSED] - startApplication(URL, false): Started app at: 'C:\Users\Jesus_Berbin\Documents\Cursos\Sybven\UENO\crtopyinfinitymobilebanking-release.apk'

2022-04-29 16:27:25 - [MESSAGE][INFO] - User set preference: ['deviceId', '']

2022-04-29 16:27:35 - [MESSAGE][PASSED] - Started app at: 'C:\Users\Jesus_Berbin\Documents\Cursos\Sybven\UENO\crtopyinfinitymobilebanking-release.apk'

2022-04-29 16:27:35 - [TEST_STEP][PASSED] - delay(10, STOP_ON_FAILURE): Delayed 10 second(s)

2022-04-29 16:27:45 - [MESSAGE][PASSED] - Delayed 10 second(s)

2022-04-29 16:27:45 - [TEST_STEP][PASSED] - clearText(findTestObject("Login/android.widget.EditText - Numero de celular login"), 0): Element 'Object Repository/Login/android.widget.EditText - Numero de celular login' text is cleared

2022-04-29 16:27:45 - [MESSAGE][WARNING] - Timeout '0' is invalid. Using default page load timeout: '30'

2022-04-29 16:27:45 - [MESSAGE][PASSED] - Element 'Object Repository/Login/android.widget.EditText - Numero de celular login' text is cleared

2022-04-29 16:27:45 - [TEST_STEP][PASSED] - setText(findTestObject("Login/android.widget.EditText - Ejemplo 0981123456"), Numerocelular, 0): Text '0972875200' has been set to element 'Object Repository/Login/android.widget.EditText - Ejemplo 0981123456'

2022-04-29 16:27:45 - [MESSAGE][WARNING] - Timeout '0' is invalid. Using default page load timeout: '30'

2022-04-29 16:27:47 - [MESSAGE][PASSED] - Text '0972875200' has been set to element 'Object Repository/Login/android.widget.EditText - Ejemplo 0981123456'

2022-04-29 16:27:47 - [TEST_STEP][PASSED] - setText(findTestObject("Login/android.widget.EditText - tipear contrasea"), Contrasena, 0): Text 'Kony!12345' has been set to element 'Object Repository/Login/android.widget.EditText - tipear contrasea'

2022-04-29 16:27:47 - [MESSAGE][WARNING] - Timeout '0' is invalid. Using default page load timeout: '30'

2022-04-29 16:27:48 - [MESSAGE][PASSED] - Text 'Kony!12345' has been set to element 'Object Repository/Login/android.widget.EditText - tipear contrasea'

2022-04-29 16:27:48 - [TEST_STEP][PASSED] - tap(findTestObject("Login/android.widget.Button - Ingresar"), 0): Tapped on element 'Object Repository/Login/android.widget.Button - Ingresar'

2022-04-29 16:27:48 - [MESSAGE][WARNING] - Timeout '0' is invalid. Using default page load timeout: '30'

2022-04-29 16:27:50 - [MESSAGE][PASSED] - Tapped on element 'Object Repository/Login/android.widget.Button - Ingresar']]></system-out>
         <system-err><![CDATA[]]></system-err>
      </testcase>
      <testcase name="Test Cases/01HU-Login-Cierre de Sesión/12Especificaciones Funcionales - Login Fallido del usuario" time="57.921" classname="Test Cases/01HU-Login-Cierre de Sesión/12Especificaciones Funcionales - Login Fallido del usuario" status="FAILED">
         <failure type="FAILED" message="Test Cases/01HU-Login-Cierre de Sesión/12Especificaciones Funcionales - Login Fallido del usuario FAILED.
Reason:
com.kms.katalon.core.exception.StepFailedException: Object Object Repository/inicio fallido/android.widget.TextView - mensaje contrasena incorrecta not found
	at com.kms.katalon.core.keyword.internal.KeywordMain.stepFailed(KeywordMain.groovy:39)
	at com.kms.katalon.core.mobile.keyword.internal.MobileKeywordMain.stepFailed(MobileKeywordMain.groovy:40)
	at com.kms.katalon.core.mobile.keyword.builtin.GetTextKeyword$_getText_closure1.doCall(GetTextKeyword.groovy:74)
	at com.kms.katalon.core.mobile.keyword.builtin.GetTextKeyword$_getText_closure1.call(GetTextKeyword.groovy)
	at com.kms.katalon.core.mobile.keyword.internal.MobileKeywordMain.runKeyword(MobileKeywordMain.groovy:21)
	at com.kms.katalon.core.mobile.keyword.builtin.GetTextKeyword.getText(GetTextKeyword.groovy:80)
	at com.kms.katalon.core.mobile.keyword.builtin.GetTextKeyword.execute(GetTextKeyword.groovy:64)
	at com.kms.katalon.core.keyword.internal.KeywordExecutor.executeKeywordForPlatform(KeywordExecutor.groovy:74)
	at com.kms.katalon.core.mobile.keyword.MobileBuiltInKeywords.getText(MobileBuiltInKeywords.groovy:1274)
	at com.kms.katalon.core.mobile.keyword.MobileBuiltInKeywords$getText$0.call(Unknown Source)
	at 12Especificaciones Funcionales - Login Fallido del usuario.run(12Especificaciones Funcionales - Login Fallido del usuario:33)
	at com.kms.katalon.core.main.ScriptEngine.run(ScriptEngine.java:194)
	at com.kms.katalon.core.main.ScriptEngine.runScriptAsRawText(ScriptEngine.java:119)
	at com.kms.katalon.core.main.TestCaseExecutor.runScript(TestCaseExecutor.java:445)
	at com.kms.katalon.core.main.TestCaseExecutor.doExecute(TestCaseExecutor.java:436)
	at com.kms.katalon.core.main.TestCaseExecutor.processExecutionPhase(TestCaseExecutor.java:415)
	at com.kms.katalon.core.main.TestCaseExecutor.accessMainPhase(TestCaseExecutor.java:407)
	at com.kms.katalon.core.main.TestCaseExecutor.execute(TestCaseExecutor.java:284)
	at com.kms.katalon.core.common.CommonExecutor.accessTestCaseMainPhase(CommonExecutor.java:65)
	at com.kms.katalon.core.main.TestSuiteExecutor.accessTestSuiteMainPhase(TestSuiteExecutor.java:144)
	at com.kms.katalon.core.main.TestSuiteExecutor.execute(TestSuiteExecutor.java:106)
	at com.kms.katalon.core.main.TestCaseMain.startTestSuite(TestCaseMain.java:185)
	at com.kms.katalon.core.main.TestCaseMain$startTestSuite$0.call(Unknown Source)
	at TempTestSuite1651263721294.run(TempTestSuite1651263721294.groovy:36)
"/>
         <system-out><![CDATA[2022-04-29 16:27:50 - [TEST_CASE][FAILED] - Test Cases/01HU-Login-Cierre de Sesión/12Especificaciones Funcionales - Login Fallido del usuario: Test Cases/01HU-Login-Cierre de Sesión/12Especificaciones Funcionales - Login Fallido del usuario FAILED.
Reason:
com.kms.katalon.core.exception.StepFailedException: Object Object Repository/inicio fallido/android.widget.TextView - mensaje contrasena incorrecta not found
	at com.kms.katalon.core.keyword.internal.KeywordMain.stepFailed(KeywordMain.groovy:39)
	at com.kms.katalon.core.mobile.keyword.internal.MobileKeywordMain.stepFailed(MobileKeywordMain.groovy:40)
	at com.kms.katalon.core.mobile.keyword.builtin.GetTextKeyword$_getText_closure1.doCall(GetTextKeyword.groovy:74)
	at com.kms.katalon.core.mobile.keyword.builtin.GetTextKeyword$_getText_closure1.call(GetTextKeyword.groovy)
	at com.kms.katalon.core.mobile.keyword.internal.MobileKeywordMain.runKeyword(MobileKeywordMain.groovy:21)
	at com.kms.katalon.core.mobile.keyword.builtin.GetTextKeyword.getText(GetTextKeyword.groovy:80)
	at com.kms.katalon.core.mobile.keyword.builtin.GetTextKeyword.execute(GetTextKeyword.groovy:64)
	at com.kms.katalon.core.keyword.internal.KeywordExecutor.executeKeywordForPlatform(KeywordExecutor.groovy:74)
	at com.kms.katalon.core.mobile.keyword.MobileBuiltInKeywords.getText(MobileBuiltInKeywords.groovy:1274)
	at com.kms.katalon.core.mobile.keyword.MobileBuiltInKeywords$getText$0.call(Unknown Source)
	at 12Especificaciones Funcionales - Login Fallido del usuario.run(12Especificaciones Funcionales - Login Fallido del usuario:33)
	at com.kms.katalon.core.main.ScriptEngine.run(ScriptEngine.java:194)
	at com.kms.katalon.core.main.ScriptEngine.runScriptAsRawText(ScriptEngine.java:119)
	at com.kms.katalon.core.main.TestCaseExecutor.runScript(TestCaseExecutor.java:445)
	at com.kms.katalon.core.main.TestCaseExecutor.doExecute(TestCaseExecutor.java:436)
	at com.kms.katalon.core.main.TestCaseExecutor.processExecutionPhase(TestCaseExecutor.java:415)
	at com.kms.katalon.core.main.TestCaseExecutor.accessMainPhase(TestCaseExecutor.java:407)
	at com.kms.katalon.core.main.TestCaseExecutor.execute(TestCaseExecutor.java:284)
	at com.kms.katalon.core.common.CommonExecutor.accessTestCaseMainPhase(CommonExecutor.java:65)
	at com.kms.katalon.core.main.TestSuiteExecutor.accessTestSuiteMainPhase(TestSuiteExecutor.java:144)
	at com.kms.katalon.core.main.TestSuiteExecutor.execute(TestSuiteExecutor.java:106)
	at com.kms.katalon.core.main.TestCaseMain.startTestSuite(TestCaseMain.java:185)
	at com.kms.katalon.core.main.TestCaseMain$startTestSuite$0.call(Unknown Source)
	at TempTestSuite1651263721294.run(TempTestSuite1651263721294.groovy:36)


2022-04-29 16:27:50 - [TEST_STEP][PASSED] - startApplication(URL, false): Started app at: 'C:\Users\Jesus_Berbin\Documents\Cursos\Sybven\UENO\crtopyinfinitymobilebanking-release.apk'

2022-04-29 16:27:50 - [MESSAGE][INFO] - User set preference: ['deviceId', '']

2022-04-29 16:28:02 - [MESSAGE][PASSED] - Started app at: 'C:\Users\Jesus_Berbin\Documents\Cursos\Sybven\UENO\crtopyinfinitymobilebanking-release.apk'

2022-04-29 16:28:02 - [TEST_STEP][PASSED] - delay(10, STOP_ON_FAILURE): Delayed 10 second(s)

2022-04-29 16:28:12 - [MESSAGE][PASSED] - Delayed 10 second(s)

2022-04-29 16:28:12 - [TEST_STEP][PASSED] - clearText(findTestObject("Login/android.widget.EditText - Numero de celular login - test10"), 0): Element 'Object Repository/Login/android.widget.EditText - Numero de celular login - test10' text is cleared

2022-04-29 16:28:12 - [MESSAGE][WARNING] - Timeout '0' is invalid. Using default page load timeout: '30'

2022-04-29 16:28:13 - [MESSAGE][PASSED] - Element 'Object Repository/Login/android.widget.EditText - Numero de celular login - test10' text is cleared

2022-04-29 16:28:13 - [TEST_STEP][PASSED] - setText(findTestObject("Login/android.widget.EditText - Ejemplo 0981123456"), Numerocelular, 0): Text '0972875200' has been set to element 'Object Repository/Login/android.widget.EditText - Ejemplo 0981123456'

2022-04-29 16:28:13 - [MESSAGE][WARNING] - Timeout '0' is invalid. Using default page load timeout: '30'

2022-04-29 16:28:14 - [MESSAGE][PASSED] - Text '0972875200' has been set to element 'Object Repository/Login/android.widget.EditText - Ejemplo 0981123456'

2022-04-29 16:28:14 - [TEST_STEP][PASSED] - setText(findTestObject("Login/android.widget.EditText - tipear contrasea"), Contrasena, 0): Text 'Kony!12345' has been set to element 'Object Repository/Login/android.widget.EditText - tipear contrasea'

2022-04-29 16:28:14 - [MESSAGE][WARNING] - Timeout '0' is invalid. Using default page load timeout: '30'

2022-04-29 16:28:16 - [MESSAGE][PASSED] - Text 'Kony!12345' has been set to element 'Object Repository/Login/android.widget.EditText - tipear contrasea'

2022-04-29 16:28:16 - [TEST_STEP][PASSED] - tap(findTestObject("Login/android.widget.Button - Ingresar"), 0): Tapped on element 'Object Repository/Login/android.widget.Button - Ingresar'

2022-04-29 16:28:16 - [MESSAGE][WARNING] - Timeout '0' is invalid. Using default page load timeout: '30'

2022-04-29 16:28:18 - [MESSAGE][PASSED] - Tapped on element 'Object Repository/Login/android.widget.Button - Ingresar'

2022-04-29 16:28:18 - [TEST_STEP][FAILED] - numerocontrasenaincorrecto = getText(findTestObject("inicio fallido/android.widget.TextView - mensaje contrasena incorrecta"), 0): Object Object Repository/inicio fallido/android.widget.TextView - mensaje contrasena incorrecta not found

2022-04-29 16:28:18 - [MESSAGE][WARNING] - Timeout '0' is invalid. Using default page load timeout: '30'

2022-04-29 16:28:48 - [MESSAGE][FAILED] - Object Object Repository/inicio fallido/android.widget.TextView - mensaje contrasena incorrecta not found

2022-04-29 16:28:48 - [TEST_STEP][ERROR] - verifyEqual(Datoincorrecto, ""El número de celular y/o la contraseña ingresados son incorrectos.”."): Test Cases/01HU-Login-Cierre de Sesión/12Especificaciones Funcionales - Login Fallido del usuario FAILED.
Reason:
groovy.lang.MissingPropertyException: No such property: Datoincorrecto for class: Script1649787500792
	at 12Especificaciones Funcionales - Login Fallido del usuario.run(12Especificaciones Funcionales - Login Fallido del usuario:36)
	at com.kms.katalon.core.main.ScriptEngine.run(ScriptEngine.java:194)
	at com.kms.katalon.core.main.ScriptEngine.runScriptAsRawText(ScriptEngine.java:119)
	at com.kms.katalon.core.main.TestCaseExecutor.runScript(TestCaseExecutor.java:445)
	at com.kms.katalon.core.main.TestCaseExecutor.doExecute(TestCaseExecutor.java:436)
	at com.kms.katalon.core.main.TestCaseExecutor.processExecutionPhase(TestCaseExecutor.java:415)
	at com.kms.katalon.core.main.TestCaseExecutor.accessMainPhase(TestCaseExecutor.java:407)
	at com.kms.katalon.core.main.TestCaseExecutor.execute(TestCaseExecutor.java:284)
	at com.kms.katalon.core.common.CommonExecutor.accessTestCaseMainPhase(CommonExecutor.java:65)
	at com.kms.katalon.core.main.TestSuiteExecutor.accessTestSuiteMainPhase(TestSuiteExecutor.java:144)
	at com.kms.katalon.core.main.TestSuiteExecutor.execute(TestSuiteExecutor.java:106)
	at com.kms.katalon.core.main.TestCaseMain.startTestSuite(TestCaseMain.java:185)
	at com.kms.katalon.core.main.TestCaseMain$startTestSuite$0.call(Unknown Source)
	at TempTestSuite1651263721294.run(TempTestSuite1651263721294.groovy:36)


2022-04-29 16:28:48 - [MESSAGE][ERROR] - Test Cases/01HU-Login-Cierre de Sesión/12Especificaciones Funcionales - Login Fallido del usuario FAILED.
Reason:
groovy.lang.MissingPropertyException: No such property: Datoincorrecto for class: Script1649787500792
	at 12Especificaciones Funcionales - Login Fallido del usuario.run(12Especificaciones Funcionales - Login Fallido del usuario:36)
	at com.kms.katalon.core.main.ScriptEngine.run(ScriptEngine.java:194)
	at com.kms.katalon.core.main.ScriptEngine.runScriptAsRawText(ScriptEngine.java:119)
	at com.kms.katalon.core.main.TestCaseExecutor.runScript(TestCaseExecutor.java:445)
	at com.kms.katalon.core.main.TestCaseExecutor.doExecute(TestCaseExecutor.java:436)
	at com.kms.katalon.core.main.TestCaseExecutor.processExecutionPhase(TestCaseExecutor.java:415)
	at com.kms.katalon.core.main.TestCaseExecutor.accessMainPhase(TestCaseExecutor.java:407)
	at com.kms.katalon.core.main.TestCaseExecutor.execute(TestCaseExecutor.java:284)
	at com.kms.katalon.core.common.CommonExecutor.accessTestCaseMainPhase(CommonExecutor.java:65)
	at com.kms.katalon.core.main.TestSuiteExecutor.accessTestSuiteMainPhase(TestSuiteExecutor.java:144)
	at com.kms.katalon.core.main.TestSuiteExecutor.execute(TestSuiteExecutor.java:106)
	at com.kms.katalon.core.main.TestCaseMain.startTestSuite(TestCaseMain.java:185)
	at com.kms.katalon.core.main.TestCaseMain$startTestSuite$0.call(Unknown Source)
	at TempTestSuite1651263721294.run(TempTestSuite1651263721294.groovy:36)]]></system-out>
         <system-err><![CDATA[2022-04-29 16:27:50 - [TEST_CASE][FAILED] - Test Cases/01HU-Login-Cierre de Sesión/12Especificaciones Funcionales - Login Fallido del usuario: Test Cases/01HU-Login-Cierre de Sesión/12Especificaciones Funcionales - Login Fallido del usuario FAILED.
Reason:
com.kms.katalon.core.exception.StepFailedException: Object Object Repository/inicio fallido/android.widget.TextView - mensaje contrasena incorrecta not found
	at com.kms.katalon.core.keyword.internal.KeywordMain.stepFailed(KeywordMain.groovy:39)
	at com.kms.katalon.core.mobile.keyword.internal.MobileKeywordMain.stepFailed(MobileKeywordMain.groovy:40)
	at com.kms.katalon.core.mobile.keyword.builtin.GetTextKeyword$_getText_closure1.doCall(GetTextKeyword.groovy:74)
	at com.kms.katalon.core.mobile.keyword.builtin.GetTextKeyword$_getText_closure1.call(GetTextKeyword.groovy)
	at com.kms.katalon.core.mobile.keyword.internal.MobileKeywordMain.runKeyword(MobileKeywordMain.groovy:21)
	at com.kms.katalon.core.mobile.keyword.builtin.GetTextKeyword.getText(GetTextKeyword.groovy:80)
	at com.kms.katalon.core.mobile.keyword.builtin.GetTextKeyword.execute(GetTextKeyword.groovy:64)
	at com.kms.katalon.core.keyword.internal.KeywordExecutor.executeKeywordForPlatform(KeywordExecutor.groovy:74)
	at com.kms.katalon.core.mobile.keyword.MobileBuiltInKeywords.getText(MobileBuiltInKeywords.groovy:1274)
	at com.kms.katalon.core.mobile.keyword.MobileBuiltInKeywords$getText$0.call(Unknown Source)
	at 12Especificaciones Funcionales - Login Fallido del usuario.run(12Especificaciones Funcionales - Login Fallido del usuario:33)
	at com.kms.katalon.core.main.ScriptEngine.run(ScriptEngine.java:194)
	at com.kms.katalon.core.main.ScriptEngine.runScriptAsRawText(ScriptEngine.java:119)
	at com.kms.katalon.core.main.TestCaseExecutor.runScript(TestCaseExecutor.java:445)
	at com.kms.katalon.core.main.TestCaseExecutor.doExecute(TestCaseExecutor.java:436)
	at com.kms.katalon.core.main.TestCaseExecutor.processExecutionPhase(TestCaseExecutor.java:415)
	at com.kms.katalon.core.main.TestCaseExecutor.accessMainPhase(TestCaseExecutor.java:407)
	at com.kms.katalon.core.main.TestCaseExecutor.execute(TestCaseExecutor.java:284)
	at com.kms.katalon.core.common.CommonExecutor.accessTestCaseMainPhase(CommonExecutor.java:65)
	at com.kms.katalon.core.main.TestSuiteExecutor.accessTestSuiteMainPhase(TestSuiteExecutor.java:144)
	at com.kms.katalon.core.main.TestSuiteExecutor.execute(TestSuiteExecutor.java:106)
	at com.kms.katalon.core.main.TestCaseMain.startTestSuite(TestCaseMain.java:185)
	at com.kms.katalon.core.main.TestCaseMain$startTestSuite$0.call(Unknown Source)
	at TempTestSuite1651263721294.run(TempTestSuite1651263721294.groovy:36)]]></system-err>
      </testcase>
      <testcase name="Test Cases/01HU-Login-Cierre de Sesión/13 Especificaciones funcionales - Cierre de Sesión" time="52.434" classname="Test Cases/01HU-Login-Cierre de Sesión/13 Especificaciones funcionales - Cierre de Sesión" status="PASSED">
         <system-out><![CDATA[2022-04-29 16:28:48 - [TEST_CASE][PASSED] - Test Cases/01HU-Login-Cierre de Sesión/13 Especificaciones funcionales - Cierre de Sesión: Test Cases/01HU-Login-Cierre de Sesión/13 Especificaciones funcionales - Cierre de Sesión

2022-04-29 16:28:48 - [TEST_STEP][PASSED] - callTestCase(findTestCase("01HU-Login-Cierre de Sesión/11 Especificaciones Funcionales - Login exitoso del usuario"), ["NumeroCelular":findTestData("Usuarios").getValue(1, 1), "Contrasena":findTestData("Usuarios").getValue(2, 1)], CONTINUE_ON_FAILURE): Call Test Case 'Test Cases/01HU-Login-Cierre de Sesión/11 Especificaciones Funcionales - Login exitoso del usuario' successfully

2022-04-29 16:28:48 - [TEST_CASE][PASSED] - Test Cases/01HU-Login-Cierre de Sesión/11 Especificaciones Funcionales - Login exitoso del usuario: Test Cases/01HU-Login-Cierre de Sesión/11 Especificaciones Funcionales - Login exitoso del usuario

2022-04-29 16:28:48 - [TEST_STEP][PASSED] - startApplication(URL, false): Started app at: 'C:\Users\Jesus_Berbin\Documents\Cursos\Sybven\UENO\crtopyinfinitymobilebanking-release.apk'

2022-04-29 16:28:48 - [MESSAGE][INFO] - User set preference: ['deviceId', '']

2022-04-29 16:29:02 - [MESSAGE][PASSED] - Started app at: 'C:\Users\Jesus_Berbin\Documents\Cursos\Sybven\UENO\crtopyinfinitymobilebanking-release.apk'

2022-04-29 16:29:02 - [TEST_STEP][PASSED] - delay(10, STOP_ON_FAILURE): Delayed 10 second(s)

2022-04-29 16:29:12 - [MESSAGE][PASSED] - Delayed 10 second(s)

2022-04-29 16:29:12 - [TEST_STEP][PASSED] - clearText(findTestObject("Login/android.widget.EditText - Numero de celular login"), 0): Element 'Object Repository/Login/android.widget.EditText - Numero de celular login' text is cleared

2022-04-29 16:29:12 - [MESSAGE][WARNING] - Timeout '0' is invalid. Using default page load timeout: '30'

2022-04-29 16:29:13 - [MESSAGE][PASSED] - Element 'Object Repository/Login/android.widget.EditText - Numero de celular login' text is cleared

2022-04-29 16:29:13 - [TEST_STEP][PASSED] - setText(findTestObject("Login/android.widget.EditText - Ejemplo 0981123456"), Numerocelular, 0): Text '0972875200' has been set to element 'Object Repository/Login/android.widget.EditText - Ejemplo 0981123456'

2022-04-29 16:29:13 - [MESSAGE][WARNING] - Timeout '0' is invalid. Using default page load timeout: '30'

2022-04-29 16:29:14 - [MESSAGE][PASSED] - Text '0972875200' has been set to element 'Object Repository/Login/android.widget.EditText - Ejemplo 0981123456'

2022-04-29 16:29:14 - [TEST_STEP][PASSED] - setText(findTestObject("Login/android.widget.EditText - tipear contrasea"), Contrasena, 0): Text 'Kony!12345' has been set to element 'Object Repository/Login/android.widget.EditText - tipear contrasea'

2022-04-29 16:29:14 - [MESSAGE][WARNING] - Timeout '0' is invalid. Using default page load timeout: '30'

2022-04-29 16:29:16 - [MESSAGE][PASSED] - Text 'Kony!12345' has been set to element 'Object Repository/Login/android.widget.EditText - tipear contrasea'

2022-04-29 16:29:16 - [TEST_STEP][PASSED] - tap(findTestObject("Login/android.widget.Button - Ingresar"), 0): Tapped on element 'Object Repository/Login/android.widget.Button - Ingresar'

2022-04-29 16:29:16 - [MESSAGE][WARNING] - Timeout '0' is invalid. Using default page load timeout: '30'

2022-04-29 16:29:17 - [MESSAGE][PASSED] - Tapped on element 'Object Repository/Login/android.widget.Button - Ingresar'

2022-04-29 16:29:17 - [MESSAGE][PASSED] - Call Test Case 'Test Cases/01HU-Login-Cierre de Sesión/11 Especificaciones Funcionales - Login exitoso del usuario' successfully

2022-04-29 16:29:17 - [TEST_STEP][PASSED] - tap(findTestObject("Object Repository/cierre de sesion/android.widget.ImageView Menu hamburguesa Inferior"), 0): Tapped on element 'Object Repository/cierre de sesion/android.widget.ImageView Menu hamburguesa Inferior'

2022-04-29 16:29:17 - [MESSAGE][WARNING] - Timeout '0' is invalid. Using default page load timeout: '30'

2022-04-29 16:29:37 - [MESSAGE][PASSED] - Tapped on element 'Object Repository/cierre de sesion/android.widget.ImageView Menu hamburguesa Inferior'

2022-04-29 16:29:37 - [TEST_STEP][PASSED] - tap(findTestObject("Object Repository/cierre de sesion/android.widget.ImageView Icono salir superior"), 0): Tapped on element 'Object Repository/cierre de sesion/android.widget.ImageView Icono salir superior'

2022-04-29 16:29:37 - [MESSAGE][WARNING] - Timeout '0' is invalid. Using default page load timeout: '30'

2022-04-29 16:29:40 - [MESSAGE][PASSED] - Tapped on element 'Object Repository/cierre de sesion/android.widget.ImageView Icono salir superior'

2022-04-29 16:29:40 - [TEST_STEP][PASSED] - tap(findTestObject("Inicio primera vez y cierre de sesion/android.widget.Button - Si (1)"), 0): Tapped on element 'Object Repository/Inicio primera vez y cierre de sesion/android.widget.Button - Si (1)'

2022-04-29 16:29:40 - [MESSAGE][WARNING] - Timeout '0' is invalid. Using default page load timeout: '30'

2022-04-29 16:29:40 - [MESSAGE][PASSED] - Tapped on element 'Object Repository/Inicio primera vez y cierre de sesion/android.widget.Button - Si (1)']]></system-out>
         <system-err><![CDATA[]]></system-err>
      </testcase>
      <testcase name="Test Cases/01HU-Login-Cierre de Sesión/14 Cierre de Sesion - Tiempo de Inactividad" time="326.657" classname="Test Cases/01HU-Login-Cierre de Sesión/14 Cierre de Sesion - Tiempo de Inactividad" status="FAILED">
         <failure type="FAILED" message="Test Cases/01HU-Login-Cierre de Sesión/14 Cierre de Sesion - Tiempo de Inactividad FAILED.
Reason:
com.kms.katalon.core.exception.StepFailedException: Unable to start app at: 'C:\Users\Jesus_Berbin\Documents\Cursos\Sybven\UENO\crtopyinfinitymobilebanking-release.apk' (Root cause: org.openqa.selenium.SessionNotCreatedException: Unable to create a new remote session. Please check the server log for more details. Original error: An unknown server-side error occurred while processing the command. Original error: Cannot start the 'com.verticalapps.KonyMobileBanking' application. Visit https://github.com/appium/appium/blob/master/docs/en/writing-running-appium/android/activity-startup.md for troubleshooting. Original error: Cannot start the 'com.verticalapps.KonyMobileBanking' application. Visit https://github.com/appium/appium/blob/master/docs/en/writing-running-appium/android/activity-startup.md for troubleshooting. Original error: Activity name '.com.verticalapps.KonyMobileBanking.KonyMobileBankin' used to start the app doesn't exist or cannot be launched! Make sure it exists and is a launchable activity
Build info: version: '3.141.59', revision: 'e82be7d358', time: '2018-11-14T08:25:53'
System info: host: 'ENDER-LOBO', ip: '192.168.17.1', os.name: 'Windows 10', os.arch: 'amd64', os.version: '10.0', java.version: '1.8.0_282'
Driver info: driver.version: SwipeableAndroidDriver
remote stacktrace: UnknownError: An unknown server-side error occurred while processing the command. Original error: Cannot start the 'com.verticalapps.KonyMobileBanking' application. Visit https://github.com/appium/appium/blob/master/docs/en/writing-running-appium/android/activity-startup.md for troubleshooting. Original error: Cannot start the 'com.verticalapps.KonyMobileBanking' application. Visit https://github.com/appium/appium/blob/master/docs/en/writing-running-appium/android/activity-startup.md for troubleshooting. Original error: Activity name '.com.verticalapps.KonyMobileBanking.KonyMobileBankin' used to start the app doesn't exist or cannot be launched! Make sure it exists and is a launchable activity
    at getResponseForW3CError (C:\Users\Jesus_Berbin\AppData\Roaming\npm\node_modules\appium\node_modules\appium-base-driver\lib\protocol\errors.js:804:9)
    at asyncHandler (C:\Users\Jesus_Berbin\AppData\Roaming\npm\node_modules\appium\node_modules\appium-base-driver\lib\protocol\protocol.js:380:37)
Build info: version: '3.141.59', revision: 'e82be7d358', time: '2018-11-14T08:25:53'
System info: host: 'ENDER-LOBO', ip: '192.168.17.1', os.name: 'Windows 10', os.arch: 'amd64', os.version: '10.0', java.version: '1.8.0_282'
Driver info: driver.version: SwipeableAndroidDriver
	at io.appium.java_client.remote.AppiumCommandExecutor$1.createSession(AppiumCommandExecutor.java:208)
	at io.appium.java_client.remote.AppiumCommandExecutor.createSession(AppiumCommandExecutor.java:217)
	at io.appium.java_client.remote.AppiumCommandExecutor.execute(AppiumCommandExecutor.java:239)
	at org.openqa.selenium.remote.RemoteWebDriver.execute(RemoteWebDriver.java:552)
	at io.appium.java_client.DefaultGenericMobileDriver.execute(DefaultGenericMobileDriver.java:42)
	at io.appium.java_client.AppiumDriver.execute(AppiumDriver.java:1)
	at io.appium.java_client.android.AndroidDriver.execute(AndroidDriver.java:1)
	at com.kms.katalon.core.appium.driver.SwipeableAndroidDriver.execute(SwipeableAndroidDriver.java:1)
	at org.openqa.selenium.remote.RemoteWebDriver.startSession(RemoteWebDriver.java:213)
	at org.openqa.selenium.remote.RemoteWebDriver.&lt;init>(RemoteWebDriver.java:131)
	at io.appium.java_client.DefaultGenericMobileDriver.&lt;init>(DefaultGenericMobileDriver.java:38)
	at io.appium.java_client.AppiumDriver.&lt;init>(AppiumDriver.java:84)
	at io.appium.java_client.android.AndroidDriver.&lt;init>(AndroidDriver.java:85)
	at com.kms.katalon.core.appium.driver.SwipeableAndroidDriver.&lt;init>(SwipeableAndroidDriver.java:24)
	at com.kms.katalon.core.appium.driver.AppiumDriverManager.createMobileDriver(AppiumDriverManager.java:503)
	at com.kms.katalon.core.appium.driver.AppiumDriverManager.createMobileDriver(AppiumDriverManager.java:485)
	at com.kms.katalon.core.mobile.keyword.internal.MobileDriverFactory.startLocalMobileDriver(MobileDriverFactory.java:539)
	at com.kms.katalon.core.mobile.keyword.internal.MobileDriverFactory.startMobileDriver(MobileDriverFactory.java:452)
	at com.kms.katalon.core.mobile.keyword.builtin.StartApplicationKeyword$_startApplication_closure1.doCall(StartApplicationKeyword.groovy:49)
	at com.kms.katalon.core.mobile.keyword.builtin.StartApplicationKeyword$_startApplication_closure1.call(StartApplicationKeyword.groovy)
	at com.kms.katalon.core.mobile.keyword.internal.MobileKeywordMain.runKeyword(MobileKeywordMain.groovy:21)
	at com.kms.katalon.core.mobile.keyword.builtin.StartApplicationKeyword.startApplication(StartApplicationKeyword.groovy:51)
	at com.kms.katalon.core.mobile.keyword.builtin.StartApplicationKeyword.execute(StartApplicationKeyword.groovy:40)
	at com.kms.katalon.core.keyword.internal.KeywordExecutor.executeKeywordForPlatform(KeywordExecutor.groovy:74)
	at com.kms.katalon.core.mobile.keyword.MobileBuiltInKeywords.startApplication(MobileBuiltInKeywords.groovy:78)
	at com.kms.katalon.core.mobile.keyword.MobileBuiltInKeywords$startApplication.call(Unknown Source)
	at 14 Cierre de Sesion - Tiempo de Inactividad.run(14 Cierre de Sesion - Tiempo de Inactividad:20)
	at com.kms.katalon.core.main.ScriptEngine.run(ScriptEngine.java:194)
	at com.kms.katalon.core.main.ScriptEngine.runScriptAsRawText(ScriptEngine.java:119)
	at com.kms.katalon.core.main.TestCaseExecutor.runScript(TestCaseExecutor.java:445)
	at com.kms.katalon.core.main.TestCaseExecutor.doExecute(TestCaseExecutor.java:436)
	at com.kms.katalon.core.main.TestCaseExecutor.processExecutionPhase(TestCaseExecutor.java:415)
	at com.kms.katalon.core.main.TestCaseExecutor.accessMainPhase(TestCaseExecutor.java:407)
	at com.kms.katalon.core.main.TestCaseExecutor.execute(TestCaseExecutor.java:284)
	at com.kms.katalon.core.common.CommonExecutor.accessTestCaseMainPhase(CommonExecutor.java:65)
	at com.kms.katalon.core.main.TestSuiteExecutor.accessTestSuiteMainPhase(TestSuiteExecutor.java:144)
	at com.kms.katalon.core.main.TestSuiteExecutor.execute(TestSuiteExecutor.java:106)
	at com.kms.katalon.core.main.TestCaseMain.startTestSuite(TestCaseMain.java:185)
	at com.kms.katalon.core.main.TestCaseMain$startTestSuite$0.call(Unknown Source)
	at TempTestSuite1651263721294.run(TempTestSuite1651263721294.groovy:36)
Caused by: java.lang.reflect.InvocationTargetException
	at io.appium.java_client.remote.AppiumCommandExecutor$1.createSession(AppiumCommandExecutor.java:186)
	at io.appium.java_client.remote.AppiumCommandExecutor.createSession(AppiumCommandExecutor.java:217)
	at io.appium.java_client.remote.AppiumCommandExecutor.execute(AppiumCommandExecutor.java:239)
	at org.openqa.selenium.remote.RemoteWebDriver.execute(RemoteWebDriver.java:552)
	at io.appium.java_client.DefaultGenericMobileDriver.execute(DefaultGenericMobileDriver.java:42)
	at io.appium.java_client.AppiumDriver.execute(AppiumDriver.java:1)
	at io.appium.java_client.android.AndroidDriver.execute(AndroidDriver.java:1)
	at com.kms.katalon.core.appium.driver.SwipeableAndroidDriver.execute(SwipeableAndroidDriver.java:1)
	at org.openqa.selenium.remote.RemoteWebDriver.startSession(RemoteWebDriver.java:213)
	at org.openqa.selenium.remote.RemoteWebDriver.&lt;init>(RemoteWebDriver.java:131)
	at io.appium.java_client.DefaultGenericMobileDriver.&lt;init>(DefaultGenericMobileDriver.java:38)
	at io.appium.java_client.AppiumDriver.&lt;init>(AppiumDriver.java:84)
	at io.appium.java_client.android.AndroidDriver.&lt;init>(AndroidDriver.java:85)
	at com.kms.katalon.core.appium.driver.SwipeableAndroidDriver.&lt;init>(SwipeableAndroidDriver.java:24)
	at com.kms.katalon.core.appium.driver.AppiumDriverManager.createMobileDriver(AppiumDriverManager.java:503)
	at com.kms.katalon.core.appium.driver.AppiumDriverManager.createMobileDriver(AppiumDriverManager.java:485)
	at com.kms.katalon.core.mobile.keyword.internal.MobileDriverFactory.startLocalMobileDriver(MobileDriverFactory.java:539)
	at com.kms.katalon.core.mobile.keyword.internal.MobileDriverFactory.startMobileDriver(MobileDriverFactory.java:452)
	at com.kms.katalon.core.mobile.keyword.builtin.StartApplicationKeyword$_startApplication_closure1.doCall(StartApplicationKeyword.groovy:49)
	at com.kms.katalon.core.mobile.keyword.builtin.StartApplicationKeyword$_startApplication_closure1.call(StartApplicationKeyword.groovy)
	at com.kms.katalon.core.mobile.keyword.internal.MobileKeywordMain.runKeyword(MobileKeywordMain.groovy:21)
	at com.kms.katalon.core.mobile.keyword.builtin.StartApplicationKeyword.startApplication(StartApplicationKeyword.groovy:51)
	at com.kms.katalon.core.mobile.keyword.builtin.StartApplicationKeyword.execute(StartApplicationKeyword.groovy:40)
	at com.kms.katalon.core.keyword.internal.KeywordExecutor.executeKeywordForPlatform(KeywordExecutor.groovy:74)
	at com.kms.katalon.core.mobile.keyword.MobileBuiltInKeywords.startApplication(MobileBuiltInKeywords.groovy:78)
	at com.kms.katalon.core.mobile.keyword.MobileBuiltInKeywords$startApplication.call(Unknown Source)
	at Script1649798807212.run(Script1649798807212.groovy:20)
	... 13 more
Caused by: org.openqa.selenium.WebDriverException: An unknown server-side error occurred while processing the command. Original error: Cannot start the 'com.verticalapps.KonyMobileBanking' application. Visit https://github.com/appium/appium/blob/master/docs/en/writing-running-appium/android/activity-startup.md for troubleshooting. Original error: Cannot start the 'com.verticalapps.KonyMobileBanking' application. Visit https://github.com/appium/appium/blob/master/docs/en/writing-running-appium/android/activity-startup.md for troubleshooting. Original error: Activity name '.com.verticalapps.KonyMobileBanking.KonyMobileBankin' used to start the app doesn't exist or cannot be launched! Make sure it exists and is a launchable activity
Build info: version: '3.141.59', revision: 'e82be7d358', time: '2018-11-14T08:25:53'
System info: host: 'ENDER-LOBO', ip: '192.168.17.1', os.name: 'Windows 10', os.arch: 'amd64', os.version: '10.0', java.version: '1.8.0_282'
Driver info: driver.version: SwipeableAndroidDriver
remote stacktrace: UnknownError: An unknown server-side error occurred while processing the command. Original error: Cannot start the 'com.verticalapps.KonyMobileBanking' application. Visit https://github.com/appium/appium/blob/master/docs/en/writing-running-appium/android/activity-startup.md for troubleshooting. Original error: Cannot start the 'com.verticalapps.KonyMobileBanking' application. Visit https://github.com/appium/appium/blob/master/docs/en/writing-running-appium/android/activity-startup.md for troubleshooting. Original error: Activity name '.com.verticalapps.KonyMobileBanking.KonyMobileBankin' used to start the app doesn't exist or cannot be launched! Make sure it exists and is a launchable activity
    at getResponseForW3CError (C:\Users\Jesus_Berbin\AppData\Roaming\npm\node_modules\appium\node_modules\appium-base-driver\lib\protocol\errors.js:804:9)
    at asyncHandler (C:\Users\Jesus_Berbin\AppData\Roaming\npm\node_modules\appium\node_modules\appium-base-driver\lib\protocol\protocol.js:380:37)
	at org.openqa.selenium.remote.W3CHandshakeResponse.lambda$errorHandler$0(W3CHandshakeResponse.java:62)
	at org.openqa.selenium.remote.HandshakeResponse.lambda$getResponseFunction$0(HandshakeResponse.java:30)
	at org.openqa.selenium.remote.ProtocolHandshake.lambda$createSession$0(ProtocolHandshake.java:126)
	at org.openqa.selenium.remote.ProtocolHandshake.createSession(ProtocolHandshake.java:128)
	... 40 more
)
	at com.kms.katalon.core.keyword.internal.KeywordMain.stepFailed(KeywordMain.groovy:39)
	at com.kms.katalon.core.mobile.keyword.internal.MobileKeywordMain.stepFailed(MobileKeywordMain.groovy:40)
	at com.kms.katalon.core.mobile.keyword.internal.MobileKeywordMain.runKeyword(MobileKeywordMain.groovy:23)
	at com.kms.katalon.core.mobile.keyword.builtin.StartApplicationKeyword.startApplication(StartApplicationKeyword.groovy:51)
	at com.kms.katalon.core.mobile.keyword.builtin.StartApplicationKeyword.execute(StartApplicationKeyword.groovy:40)
	at com.kms.katalon.core.keyword.internal.KeywordExecutor.executeKeywordForPlatform(KeywordExecutor.groovy:74)
	at com.kms.katalon.core.mobile.keyword.MobileBuiltInKeywords.startApplication(MobileBuiltInKeywords.groovy:78)
	at com.kms.katalon.core.mobile.keyword.MobileBuiltInKeywords$startApplication.call(Unknown Source)
	at 14 Cierre de Sesion - Tiempo de Inactividad.run(14 Cierre de Sesion - Tiempo de Inactividad:20)
	at com.kms.katalon.core.main.ScriptEngine.run(ScriptEngine.java:194)
	at com.kms.katalon.core.main.ScriptEngine.runScriptAsRawText(ScriptEngine.java:119)
	at com.kms.katalon.core.main.TestCaseExecutor.runScript(TestCaseExecutor.java:445)
	at com.kms.katalon.core.main.TestCaseExecutor.doExecute(TestCaseExecutor.java:436)
	at com.kms.katalon.core.main.TestCaseExecutor.processExecutionPhase(TestCaseExecutor.java:415)
	at com.kms.katalon.core.main.TestCaseExecutor.accessMainPhase(TestCaseExecutor.java:407)
	at com.kms.katalon.core.main.TestCaseExecutor.execute(TestCaseExecutor.java:284)
	at com.kms.katalon.core.common.CommonExecutor.accessTestCaseMainPhase(CommonExecutor.java:65)
	at com.kms.katalon.core.main.TestSuiteExecutor.accessTestSuiteMainPhase(TestSuiteExecutor.java:144)
	at com.kms.katalon.core.main.TestSuiteExecutor.execute(TestSuiteExecutor.java:106)
	at com.kms.katalon.core.main.TestCaseMain.startTestSuite(TestCaseMain.java:185)
	at com.kms.katalon.core.main.TestCaseMain$startTestSuite$0.call(Unknown Source)
	at TempTestSuite1651263721294.run(TempTestSuite1651263721294.groovy:36)
Caused by: org.openqa.selenium.SessionNotCreatedException: Unable to create a new remote session. Please check the server log for more details. Original error: An unknown server-side error occurred while processing the command. Original error: Cannot start the 'com.verticalapps.KonyMobileBanking' application. Visit https://github.com/appium/appium/blob/master/docs/en/writing-running-appium/android/activity-startup.md for troubleshooting. Original error: Cannot start the 'com.verticalapps.KonyMobileBanking' application. Visit https://github.com/appium/appium/blob/master/docs/en/writing-running-appium/android/activity-startup.md for troubleshooting. Original error: Activity name '.com.verticalapps.KonyMobileBanking.KonyMobileBankin' used to start the app doesn't exist or cannot be launched! Make sure it exists and is a launchable activity
Build info: version: '3.141.59', revision: 'e82be7d358', time: '2018-11-14T08:25:53'
System info: host: 'ENDER-LOBO', ip: '192.168.17.1', os.name: 'Windows 10', os.arch: 'amd64', os.version: '10.0', java.version: '1.8.0_282'
Driver info: driver.version: SwipeableAndroidDriver
remote stacktrace: UnknownError: An unknown server-side error occurred while processing the command. Original error: Cannot start the 'com.verticalapps.KonyMobileBanking' application. Visit https://github.com/appium/appium/blob/master/docs/en/writing-running-appium/android/activity-startup.md for troubleshooting. Original error: Cannot start the 'com.verticalapps.KonyMobileBanking' application. Visit https://github.com/appium/appium/blob/master/docs/en/writing-running-appium/android/activity-startup.md for troubleshooting. Original error: Activity name '.com.verticalapps.KonyMobileBanking.KonyMobileBankin' used to start the app doesn't exist or cannot be launched! Make sure it exists and is a launchable activity
    at getResponseForW3CError (C:\Users\Jesus_Berbin\AppData\Roaming\npm\node_modules\appium\node_modules\appium-base-driver\lib\protocol\errors.js:804:9)
    at asyncHandler (C:\Users\Jesus_Berbin\AppData\Roaming\npm\node_modules\appium\node_modules\appium-base-driver\lib\protocol\protocol.js:380:37)
Build info: version: '3.141.59', revision: 'e82be7d358', time: '2018-11-14T08:25:53'
System info: host: 'ENDER-LOBO', ip: '192.168.17.1', os.name: 'Windows 10', os.arch: 'amd64', os.version: '10.0', java.version: '1.8.0_282'
Driver info: driver.version: SwipeableAndroidDriver
	at io.appium.java_client.remote.AppiumCommandExecutor$1.createSession(AppiumCommandExecutor.java:208)
	at io.appium.java_client.remote.AppiumCommandExecutor.createSession(AppiumCommandExecutor.java:217)
	at io.appium.java_client.remote.AppiumCommandExecutor.execute(AppiumCommandExecutor.java:239)
	at org.openqa.selenium.remote.RemoteWebDriver.execute(RemoteWebDriver.java:552)
	at io.appium.java_client.DefaultGenericMobileDriver.execute(DefaultGenericMobileDriver.java:42)
	at io.appium.java_client.AppiumDriver.execute(AppiumDriver.java:1)
	at io.appium.java_client.android.AndroidDriver.execute(AndroidDriver.java:1)
	at com.kms.katalon.core.appium.driver.SwipeableAndroidDriver.execute(SwipeableAndroidDriver.java:1)
	at org.openqa.selenium.remote.RemoteWebDriver.startSession(RemoteWebDriver.java:213)
	at org.openqa.selenium.remote.RemoteWebDriver.&lt;init>(RemoteWebDriver.java:131)
	at io.appium.java_client.DefaultGenericMobileDriver.&lt;init>(DefaultGenericMobileDriver.java:38)
	at io.appium.java_client.AppiumDriver.&lt;init>(AppiumDriver.java:84)
	at io.appium.java_client.android.AndroidDriver.&lt;init>(AndroidDriver.java:85)
	at com.kms.katalon.core.appium.driver.SwipeableAndroidDriver.&lt;init>(SwipeableAndroidDriver.java:24)
	at com.kms.katalon.core.appium.driver.AppiumDriverManager.createMobileDriver(AppiumDriverManager.java:503)
	at com.kms.katalon.core.appium.driver.AppiumDriverManager.createMobileDriver(AppiumDriverManager.java:485)
	at com.kms.katalon.core.mobile.keyword.internal.MobileDriverFactory.startLocalMobileDriver(MobileDriverFactory.java:539)
	at com.kms.katalon.core.mobile.keyword.internal.MobileDriverFactory.startMobileDriver(MobileDriverFactory.java:452)
	at com.kms.katalon.core.mobile.keyword.builtin.StartApplicationKeyword$_startApplication_closure1.doCall(StartApplicationKeyword.groovy:49)
	at com.kms.katalon.core.mobile.keyword.builtin.StartApplicationKeyword$_startApplication_closure1.call(StartApplicationKeyword.groovy)
	at com.kms.katalon.core.mobile.keyword.internal.MobileKeywordMain.runKeyword(MobileKeywordMain.groovy:21)
	... 19 more
Caused by: java.lang.reflect.InvocationTargetException
	at io.appium.java_client.remote.AppiumCommandExecutor$1.createSession(AppiumCommandExecutor.java:186)
	at io.appium.java_client.remote.AppiumCommandExecutor.createSession(AppiumCommandExecutor.java:217)
	at io.appium.java_client.remote.AppiumCommandExecutor.execute(AppiumCommandExecutor.java:239)
	at org.openqa.selenium.remote.RemoteWebDriver.execute(RemoteWebDriver.java:552)
	at io.appium.java_client.DefaultGenericMobileDriver.execute(DefaultGenericMobileDriver.java:42)
	at io.appium.java_client.AppiumDriver.execute(AppiumDriver.java:1)
	at io.appium.java_client.android.AndroidDriver.execute(AndroidDriver.java:1)
	at com.kms.katalon.core.appium.driver.SwipeableAndroidDriver.execute(SwipeableAndroidDriver.java:1)
	at org.openqa.selenium.remote.RemoteWebDriver.startSession(RemoteWebDriver.java:213)
	at org.openqa.selenium.remote.RemoteWebDriver.&lt;init>(RemoteWebDriver.java:131)
	at io.appium.java_client.DefaultGenericMobileDriver.&lt;init>(DefaultGenericMobileDriver.java:38)
	at io.appium.java_client.AppiumDriver.&lt;init>(AppiumDriver.java:84)
	at io.appium.java_client.android.AndroidDriver.&lt;init>(AndroidDriver.java:85)
	at com.kms.katalon.core.appium.driver.SwipeableAndroidDriver.&lt;init>(SwipeableAndroidDriver.java:24)
	at com.kms.katalon.core.appium.driver.AppiumDriverManager.createMobileDriver(AppiumDriverManager.java:503)
	at com.kms.katalon.core.appium.driver.AppiumDriverManager.createMobileDriver(AppiumDriverManager.java:485)
	at com.kms.katalon.core.mobile.keyword.internal.MobileDriverFactory.startLocalMobileDriver(MobileDriverFactory.java:539)
	at com.kms.katalon.core.mobile.keyword.internal.MobileDriverFactory.startMobileDriver(MobileDriverFactory.java:452)
	at com.kms.katalon.core.mobile.keyword.builtin.StartApplicationKeyword$_startApplication_closure1.doCall(StartApplicationKeyword.groovy:49)
	at com.kms.katalon.core.mobile.keyword.builtin.StartApplicationKeyword$_startApplication_closure1.call(StartApplicationKeyword.groovy)
	at com.kms.katalon.core.mobile.keyword.internal.MobileKeywordMain.runKeyword(MobileKeywordMain.groovy:21)
	at com.kms.katalon.core.mobile.keyword.builtin.StartApplicationKeyword.startApplication(StartApplicationKeyword.groovy:51)
	at com.kms.katalon.core.mobile.keyword.builtin.StartApplicationKeyword.execute(StartApplicationKeyword.groovy:40)
	at com.kms.katalon.core.keyword.internal.KeywordExecutor.executeKeywordForPlatform(KeywordExecutor.groovy:74)
	at com.kms.katalon.core.mobile.keyword.MobileBuiltInKeywords.startApplication(MobileBuiltInKeywords.groovy:78)
	at com.kms.katalon.core.mobile.keyword.MobileBuiltInKeywords$startApplication.call(Unknown Source)
	at Script1649798807212.run(Script1649798807212.groovy:20)
	... 13 more
Caused by: org.openqa.selenium.WebDriverException: An unknown server-side error occurred while processing the command. Original error: Cannot start the 'com.verticalapps.KonyMobileBanking' application. Visit https://github.com/appium/appium/blob/master/docs/en/writing-running-appium/android/activity-startup.md for troubleshooting. Original error: Cannot start the 'com.verticalapps.KonyMobileBanking' application. Visit https://github.com/appium/appium/blob/master/docs/en/writing-running-appium/android/activity-startup.md for troubleshooting. Original error: Activity name '.com.verticalapps.KonyMobileBanking.KonyMobileBankin' used to start the app doesn't exist or cannot be launched! Make sure it exists and is a launchable activity
Build info: version: '3.141.59', revision: 'e82be7d358', time: '2018-11-14T08:25:53'
System info: host: 'ENDER-LOBO', ip: '192.168.17.1', os.name: 'Windows 10', os.arch: 'amd64', os.version: '10.0', java.version: '1.8.0_282'
Driver info: driver.version: SwipeableAndroidDriver
remote stacktrace: UnknownError: An unknown server-side error occurred while processing the command. Original error: Cannot start the 'com.verticalapps.KonyMobileBanking' application. Visit https://github.com/appium/appium/blob/master/docs/en/writing-running-appium/android/activity-startup.md for troubleshooting. Original error: Cannot start the 'com.verticalapps.KonyMobileBanking' application. Visit https://github.com/appium/appium/blob/master/docs/en/writing-running-appium/android/activity-startup.md for troubleshooting. Original error: Activity name '.com.verticalapps.KonyMobileBanking.KonyMobileBankin' used to start the app doesn't exist or cannot be launched! Make sure it exists and is a launchable activity
    at getResponseForW3CError (C:\Users\Jesus_Berbin\AppData\Roaming\npm\node_modules\appium\node_modules\appium-base-driver\lib\protocol\errors.js:804:9)
    at asyncHandler (C:\Users\Jesus_Berbin\AppData\Roaming\npm\node_modules\appium\node_modules\appium-base-driver\lib\protocol\protocol.js:380:37)
	at org.openqa.selenium.remote.W3CHandshakeResponse.lambda$errorHandler$0(W3CHandshakeResponse.java:62)
	at org.openqa.selenium.remote.HandshakeResponse.lambda$getResponseFunction$0(HandshakeResponse.java:30)
	at org.openqa.selenium.remote.ProtocolHandshake.lambda$createSession$0(ProtocolHandshake.java:126)
	at org.openqa.selenium.remote.ProtocolHandshake.createSession(ProtocolHandshake.java:128)
	at io.appium.java_client.remote.AppiumCommandExecutor$1.createSession(AppiumCommandExecutor.java:186)
	at io.appium.java_client.remote.AppiumCommandExecutor.createSession(AppiumCommandExecutor.java:217)
	at io.appium.java_client.remote.AppiumCommandExecutor.execute(AppiumCommandExecutor.java:239)
	at org.openqa.selenium.remote.RemoteWebDriver.execute(RemoteWebDriver.java:552)
	at io.appium.java_client.DefaultGenericMobileDriver.execute(DefaultGenericMobileDriver.java:42)
	at io.appium.java_client.AppiumDriver.execute(AppiumDriver.java:1)
	at io.appium.java_client.android.AndroidDriver.execute(AndroidDriver.java:1)
	at com.kms.katalon.core.appium.driver.SwipeableAndroidDriver.execute(SwipeableAndroidDriver.java:1)
	at org.openqa.selenium.remote.RemoteWebDriver.startSession(RemoteWebDriver.java:213)
	at org.openqa.selenium.remote.RemoteWebDriver.&lt;init>(RemoteWebDriver.java:131)
	at io.appium.java_client.DefaultGenericMobileDriver.&lt;init>(DefaultGenericMobileDriver.java:38)
	at io.appium.java_client.AppiumDriver.&lt;init>(AppiumDriver.java:84)
	at io.appium.java_client.android.AndroidDriver.&lt;init>(AndroidDriver.java:85)
	at com.kms.katalon.core.appium.driver.SwipeableAndroidDriver.&lt;init>(SwipeableAndroidDriver.java:24)
	at com.kms.katalon.core.appium.driver.AppiumDriverManager.createMobileDriver(AppiumDriverManager.java:503)
	at com.kms.katalon.core.appium.driver.AppiumDriverManager.createMobileDriver(AppiumDriverManager.java:485)
	at com.kms.katalon.core.mobile.keyword.internal.MobileDriverFactory.startLocalMobileDriver(MobileDriverFactory.java:539)
	at com.kms.katalon.core.mobile.keyword.internal.MobileDriverFactory.startMobileDriver(MobileDriverFactory.java:452)
	at com.kms.katalon.core.mobile.keyword.builtin.StartApplicationKeyword$_startApplication_closure1.doCall(StartApplicationKeyword.groovy:49)
	at com.kms.katalon.core.mobile.keyword.builtin.StartApplicationKeyword$_startApplication_closure1.call(StartApplicationKeyword.groovy)
	at com.kms.katalon.core.mobile.keyword.internal.MobileKeywordMain.runKeyword(MobileKeywordMain.groovy:21)
	at com.kms.katalon.core.mobile.keyword.builtin.StartApplicationKeyword.startApplication(StartApplicationKeyword.groovy:51)
	at com.kms.katalon.core.mobile.keyword.builtin.StartApplicationKeyword.execute(StartApplicationKeyword.groovy:40)
	at com.kms.katalon.core.keyword.internal.KeywordExecutor.executeKeywordForPlatform(KeywordExecutor.groovy:74)
	at com.kms.katalon.core.mobile.keyword.MobileBuiltInKeywords.startApplication(MobileBuiltInKeywords.groovy:78)
	at com.kms.katalon.core.mobile.keyword.MobileBuiltInKeywords$startApplication.call(Unknown Source)
	at 14 Cierre de Sesion - Tiempo de Inactividad.run(14 Cierre de Sesion - Tiempo de Inactividad:20)
	... 13 more
"/>
         <system-out><![CDATA[2022-04-29 16:29:40 - [TEST_CASE][FAILED] - Test Cases/01HU-Login-Cierre de Sesión/14 Cierre de Sesion - Tiempo de Inactividad: Test Cases/01HU-Login-Cierre de Sesión/14 Cierre de Sesion - Tiempo de Inactividad FAILED.
Reason:
com.kms.katalon.core.exception.StepFailedException: Unable to start app at: 'C:\Users\Jesus_Berbin\Documents\Cursos\Sybven\UENO\crtopyinfinitymobilebanking-release.apk' (Root cause: org.openqa.selenium.SessionNotCreatedException: Unable to create a new remote session. Please check the server log for more details. Original error: An unknown server-side error occurred while processing the command. Original error: Cannot start the 'com.verticalapps.KonyMobileBanking' application. Visit https://github.com/appium/appium/blob/master/docs/en/writing-running-appium/android/activity-startup.md for troubleshooting. Original error: Cannot start the 'com.verticalapps.KonyMobileBanking' application. Visit https://github.com/appium/appium/blob/master/docs/en/writing-running-appium/android/activity-startup.md for troubleshooting. Original error: Activity name '.com.verticalapps.KonyMobileBanking.KonyMobileBankin' used to start the app doesn't exist or cannot be launched! Make sure it exists and is a launchable activity
Build info: version: '3.141.59', revision: 'e82be7d358', time: '2018-11-14T08:25:53'
System info: host: 'ENDER-LOBO', ip: '192.168.17.1', os.name: 'Windows 10', os.arch: 'amd64', os.version: '10.0', java.version: '1.8.0_282'
Driver info: driver.version: SwipeableAndroidDriver
remote stacktrace: UnknownError: An unknown server-side error occurred while processing the command. Original error: Cannot start the 'com.verticalapps.KonyMobileBanking' application. Visit https://github.com/appium/appium/blob/master/docs/en/writing-running-appium/android/activity-startup.md for troubleshooting. Original error: Cannot start the 'com.verticalapps.KonyMobileBanking' application. Visit https://github.com/appium/appium/blob/master/docs/en/writing-running-appium/android/activity-startup.md for troubleshooting. Original error: Activity name '.com.verticalapps.KonyMobileBanking.KonyMobileBankin' used to start the app doesn't exist or cannot be launched! Make sure it exists and is a launchable activity
    at getResponseForW3CError (C:\Users\Jesus_Berbin\AppData\Roaming\npm\node_modules\appium\node_modules\appium-base-driver\lib\protocol\errors.js:804:9)
    at asyncHandler (C:\Users\Jesus_Berbin\AppData\Roaming\npm\node_modules\appium\node_modules\appium-base-driver\lib\protocol\protocol.js:380:37)
Build info: version: '3.141.59', revision: 'e82be7d358', time: '2018-11-14T08:25:53'
System info: host: 'ENDER-LOBO', ip: '192.168.17.1', os.name: 'Windows 10', os.arch: 'amd64', os.version: '10.0', java.version: '1.8.0_282'
Driver info: driver.version: SwipeableAndroidDriver
	at io.appium.java_client.remote.AppiumCommandExecutor$1.createSession(AppiumCommandExecutor.java:208)
	at io.appium.java_client.remote.AppiumCommandExecutor.createSession(AppiumCommandExecutor.java:217)
	at io.appium.java_client.remote.AppiumCommandExecutor.execute(AppiumCommandExecutor.java:239)
	at org.openqa.selenium.remote.RemoteWebDriver.execute(RemoteWebDriver.java:552)
	at io.appium.java_client.DefaultGenericMobileDriver.execute(DefaultGenericMobileDriver.java:42)
	at io.appium.java_client.AppiumDriver.execute(AppiumDriver.java:1)
	at io.appium.java_client.android.AndroidDriver.execute(AndroidDriver.java:1)
	at com.kms.katalon.core.appium.driver.SwipeableAndroidDriver.execute(SwipeableAndroidDriver.java:1)
	at org.openqa.selenium.remote.RemoteWebDriver.startSession(RemoteWebDriver.java:213)
	at org.openqa.selenium.remote.RemoteWebDriver.<init>(RemoteWebDriver.java:131)
	at io.appium.java_client.DefaultGenericMobileDriver.<init>(DefaultGenericMobileDriver.java:38)
	at io.appium.java_client.AppiumDriver.<init>(AppiumDriver.java:84)
	at io.appium.java_client.android.AndroidDriver.<init>(AndroidDriver.java:85)
	at com.kms.katalon.core.appium.driver.SwipeableAndroidDriver.<init>(SwipeableAndroidDriver.java:24)
	at com.kms.katalon.core.appium.driver.AppiumDriverManager.createMobileDriver(AppiumDriverManager.java:503)
	at com.kms.katalon.core.appium.driver.AppiumDriverManager.createMobileDriver(AppiumDriverManager.java:485)
	at com.kms.katalon.core.mobile.keyword.internal.MobileDriverFactory.startLocalMobileDriver(MobileDriverFactory.java:539)
	at com.kms.katalon.core.mobile.keyword.internal.MobileDriverFactory.startMobileDriver(MobileDriverFactory.java:452)
	at com.kms.katalon.core.mobile.keyword.builtin.StartApplicationKeyword$_startApplication_closure1.doCall(StartApplicationKeyword.groovy:49)
	at com.kms.katalon.core.mobile.keyword.builtin.StartApplicationKeyword$_startApplication_closure1.call(StartApplicationKeyword.groovy)
	at com.kms.katalon.core.mobile.keyword.internal.MobileKeywordMain.runKeyword(MobileKeywordMain.groovy:21)
	at com.kms.katalon.core.mobile.keyword.builtin.StartApplicationKeyword.startApplication(StartApplicationKeyword.groovy:51)
	at com.kms.katalon.core.mobile.keyword.builtin.StartApplicationKeyword.execute(StartApplicationKeyword.groovy:40)
	at com.kms.katalon.core.keyword.internal.KeywordExecutor.executeKeywordForPlatform(KeywordExecutor.groovy:74)
	at com.kms.katalon.core.mobile.keyword.MobileBuiltInKeywords.startApplication(MobileBuiltInKeywords.groovy:78)
	at com.kms.katalon.core.mobile.keyword.MobileBuiltInKeywords$startApplication.call(Unknown Source)
	at 14 Cierre de Sesion - Tiempo de Inactividad.run(14 Cierre de Sesion - Tiempo de Inactividad:20)
	at com.kms.katalon.core.main.ScriptEngine.run(ScriptEngine.java:194)
	at com.kms.katalon.core.main.ScriptEngine.runScriptAsRawText(ScriptEngine.java:119)
	at com.kms.katalon.core.main.TestCaseExecutor.runScript(TestCaseExecutor.java:445)
	at com.kms.katalon.core.main.TestCaseExecutor.doExecute(TestCaseExecutor.java:436)
	at com.kms.katalon.core.main.TestCaseExecutor.processExecutionPhase(TestCaseExecutor.java:415)
	at com.kms.katalon.core.main.TestCaseExecutor.accessMainPhase(TestCaseExecutor.java:407)
	at com.kms.katalon.core.main.TestCaseExecutor.execute(TestCaseExecutor.java:284)
	at com.kms.katalon.core.common.CommonExecutor.accessTestCaseMainPhase(CommonExecutor.java:65)
	at com.kms.katalon.core.main.TestSuiteExecutor.accessTestSuiteMainPhase(TestSuiteExecutor.java:144)
	at com.kms.katalon.core.main.TestSuiteExecutor.execute(TestSuiteExecutor.java:106)
	at com.kms.katalon.core.main.TestCaseMain.startTestSuite(TestCaseMain.java:185)
	at com.kms.katalon.core.main.TestCaseMain$startTestSuite$0.call(Unknown Source)
	at TempTestSuite1651263721294.run(TempTestSuite1651263721294.groovy:36)
Caused by: java.lang.reflect.InvocationTargetException
	at io.appium.java_client.remote.AppiumCommandExecutor$1.createSession(AppiumCommandExecutor.java:186)
	at io.appium.java_client.remote.AppiumCommandExecutor.createSession(AppiumCommandExecutor.java:217)
	at io.appium.java_client.remote.AppiumCommandExecutor.execute(AppiumCommandExecutor.java:239)
	at org.openqa.selenium.remote.RemoteWebDriver.execute(RemoteWebDriver.java:552)
	at io.appium.java_client.DefaultGenericMobileDriver.execute(DefaultGenericMobileDriver.java:42)
	at io.appium.java_client.AppiumDriver.execute(AppiumDriver.java:1)
	at io.appium.java_client.android.AndroidDriver.execute(AndroidDriver.java:1)
	at com.kms.katalon.core.appium.driver.SwipeableAndroidDriver.execute(SwipeableAndroidDriver.java:1)
	at org.openqa.selenium.remote.RemoteWebDriver.startSession(RemoteWebDriver.java:213)
	at org.openqa.selenium.remote.RemoteWebDriver.<init>(RemoteWebDriver.java:131)
	at io.appium.java_client.DefaultGenericMobileDriver.<init>(DefaultGenericMobileDriver.java:38)
	at io.appium.java_client.AppiumDriver.<init>(AppiumDriver.java:84)
	at io.appium.java_client.android.AndroidDriver.<init>(AndroidDriver.java:85)
	at com.kms.katalon.core.appium.driver.SwipeableAndroidDriver.<init>(SwipeableAndroidDriver.java:24)
	at com.kms.katalon.core.appium.driver.AppiumDriverManager.createMobileDriver(AppiumDriverManager.java:503)
	at com.kms.katalon.core.appium.driver.AppiumDriverManager.createMobileDriver(AppiumDriverManager.java:485)
	at com.kms.katalon.core.mobile.keyword.internal.MobileDriverFactory.startLocalMobileDriver(MobileDriverFactory.java:539)
	at com.kms.katalon.core.mobile.keyword.internal.MobileDriverFactory.startMobileDriver(MobileDriverFactory.java:452)
	at com.kms.katalon.core.mobile.keyword.builtin.StartApplicationKeyword$_startApplication_closure1.doCall(StartApplicationKeyword.groovy:49)
	at com.kms.katalon.core.mobile.keyword.builtin.StartApplicationKeyword$_startApplication_closure1.call(StartApplicationKeyword.groovy)
	at com.kms.katalon.core.mobile.keyword.internal.MobileKeywordMain.runKeyword(MobileKeywordMain.groovy:21)
	at com.kms.katalon.core.mobile.keyword.builtin.StartApplicationKeyword.startApplication(StartApplicationKeyword.groovy:51)
	at com.kms.katalon.core.mobile.keyword.builtin.StartApplicationKeyword.execute(StartApplicationKeyword.groovy:40)
	at com.kms.katalon.core.keyword.internal.KeywordExecutor.executeKeywordForPlatform(KeywordExecutor.groovy:74)
	at com.kms.katalon.core.mobile.keyword.MobileBuiltInKeywords.startApplication(MobileBuiltInKeywords.groovy:78)
	at com.kms.katalon.core.mobile.keyword.MobileBuiltInKeywords$startApplication.call(Unknown Source)
	at Script1649798807212.run(Script1649798807212.groovy:20)
	... 13 more
Caused by: org.openqa.selenium.WebDriverException: An unknown server-side error occurred while processing the command. Original error: Cannot start the 'com.verticalapps.KonyMobileBanking' application. Visit https://github.com/appium/appium/blob/master/docs/en/writing-running-appium/android/activity-startup.md for troubleshooting. Original error: Cannot start the 'com.verticalapps.KonyMobileBanking' application. Visit https://github.com/appium/appium/blob/master/docs/en/writing-running-appium/android/activity-startup.md for troubleshooting. Original error: Activity name '.com.verticalapps.KonyMobileBanking.KonyMobileBankin' used to start the app doesn't exist or cannot be launched! Make sure it exists and is a launchable activity
Build info: version: '3.141.59', revision: 'e82be7d358', time: '2018-11-14T08:25:53'
System info: host: 'ENDER-LOBO', ip: '192.168.17.1', os.name: 'Windows 10', os.arch: 'amd64', os.version: '10.0', java.version: '1.8.0_282'
Driver info: driver.version: SwipeableAndroidDriver
remote stacktrace: UnknownError: An unknown server-side error occurred while processing the command. Original error: Cannot start the 'com.verticalapps.KonyMobileBanking' application. Visit https://github.com/appium/appium/blob/master/docs/en/writing-running-appium/android/activity-startup.md for troubleshooting. Original error: Cannot start the 'com.verticalapps.KonyMobileBanking' application. Visit https://github.com/appium/appium/blob/master/docs/en/writing-running-appium/android/activity-startup.md for troubleshooting. Original error: Activity name '.com.verticalapps.KonyMobileBanking.KonyMobileBankin' used to start the app doesn't exist or cannot be launched! Make sure it exists and is a launchable activity
    at getResponseForW3CError (C:\Users\Jesus_Berbin\AppData\Roaming\npm\node_modules\appium\node_modules\appium-base-driver\lib\protocol\errors.js:804:9)
    at asyncHandler (C:\Users\Jesus_Berbin\AppData\Roaming\npm\node_modules\appium\node_modules\appium-base-driver\lib\protocol\protocol.js:380:37)
	at org.openqa.selenium.remote.W3CHandshakeResponse.lambda$errorHandler$0(W3CHandshakeResponse.java:62)
	at org.openqa.selenium.remote.HandshakeResponse.lambda$getResponseFunction$0(HandshakeResponse.java:30)
	at org.openqa.selenium.remote.ProtocolHandshake.lambda$createSession$0(ProtocolHandshake.java:126)
	at org.openqa.selenium.remote.ProtocolHandshake.createSession(ProtocolHandshake.java:128)
	... 40 more
)
	at com.kms.katalon.core.keyword.internal.KeywordMain.stepFailed(KeywordMain.groovy:39)
	at com.kms.katalon.core.mobile.keyword.internal.MobileKeywordMain.stepFailed(MobileKeywordMain.groovy:40)
	at com.kms.katalon.core.mobile.keyword.internal.MobileKeywordMain.runKeyword(MobileKeywordMain.groovy:23)
	at com.kms.katalon.core.mobile.keyword.builtin.StartApplicationKeyword.startApplication(StartApplicationKeyword.groovy:51)
	at com.kms.katalon.core.mobile.keyword.builtin.StartApplicationKeyword.execute(StartApplicationKeyword.groovy:40)
	at com.kms.katalon.core.keyword.internal.KeywordExecutor.executeKeywordForPlatform(KeywordExecutor.groovy:74)
	at com.kms.katalon.core.mobile.keyword.MobileBuiltInKeywords.startApplication(MobileBuiltInKeywords.groovy:78)
	at com.kms.katalon.core.mobile.keyword.MobileBuiltInKeywords$startApplication.call(Unknown Source)
	at 14 Cierre de Sesion - Tiempo de Inactividad.run(14 Cierre de Sesion - Tiempo de Inactividad:20)
	at com.kms.katalon.core.main.ScriptEngine.run(ScriptEngine.java:194)
	at com.kms.katalon.core.main.ScriptEngine.runScriptAsRawText(ScriptEngine.java:119)
	at com.kms.katalon.core.main.TestCaseExecutor.runScript(TestCaseExecutor.java:445)
	at com.kms.katalon.core.main.TestCaseExecutor.doExecute(TestCaseExecutor.java:436)
	at com.kms.katalon.core.main.TestCaseExecutor.processExecutionPhase(TestCaseExecutor.java:415)
	at com.kms.katalon.core.main.TestCaseExecutor.accessMainPhase(TestCaseExecutor.java:407)
	at com.kms.katalon.core.main.TestCaseExecutor.execute(TestCaseExecutor.java:284)
	at com.kms.katalon.core.common.CommonExecutor.accessTestCaseMainPhase(CommonExecutor.java:65)
	at com.kms.katalon.core.main.TestSuiteExecutor.accessTestSuiteMainPhase(TestSuiteExecutor.java:144)
	at com.kms.katalon.core.main.TestSuiteExecutor.execute(TestSuiteExecutor.java:106)
	at com.kms.katalon.core.main.TestCaseMain.startTestSuite(TestCaseMain.java:185)
	at com.kms.katalon.core.main.TestCaseMain$startTestSuite$0.call(Unknown Source)
	at TempTestSuite1651263721294.run(TempTestSuite1651263721294.groovy:36)
Caused by: org.openqa.selenium.SessionNotCreatedException: Unable to create a new remote session. Please check the server log for more details. Original error: An unknown server-side error occurred while processing the command. Original error: Cannot start the 'com.verticalapps.KonyMobileBanking' application. Visit https://github.com/appium/appium/blob/master/docs/en/writing-running-appium/android/activity-startup.md for troubleshooting. Original error: Cannot start the 'com.verticalapps.KonyMobileBanking' application. Visit https://github.com/appium/appium/blob/master/docs/en/writing-running-appium/android/activity-startup.md for troubleshooting. Original error: Activity name '.com.verticalapps.KonyMobileBanking.KonyMobileBankin' used to start the app doesn't exist or cannot be launched! Make sure it exists and is a launchable activity
Build info: version: '3.141.59', revision: 'e82be7d358', time: '2018-11-14T08:25:53'
System info: host: 'ENDER-LOBO', ip: '192.168.17.1', os.name: 'Windows 10', os.arch: 'amd64', os.version: '10.0', java.version: '1.8.0_282'
Driver info: driver.version: SwipeableAndroidDriver
remote stacktrace: UnknownError: An unknown server-side error occurred while processing the command. Original error: Cannot start the 'com.verticalapps.KonyMobileBanking' application. Visit https://github.com/appium/appium/blob/master/docs/en/writing-running-appium/android/activity-startup.md for troubleshooting. Original error: Cannot start the 'com.verticalapps.KonyMobileBanking' application. Visit https://github.com/appium/appium/blob/master/docs/en/writing-running-appium/android/activity-startup.md for troubleshooting. Original error: Activity name '.com.verticalapps.KonyMobileBanking.KonyMobileBankin' used to start the app doesn't exist or cannot be launched! Make sure it exists and is a launchable activity
    at getResponseForW3CError (C:\Users\Jesus_Berbin\AppData\Roaming\npm\node_modules\appium\node_modules\appium-base-driver\lib\protocol\errors.js:804:9)
    at asyncHandler (C:\Users\Jesus_Berbin\AppData\Roaming\npm\node_modules\appium\node_modules\appium-base-driver\lib\protocol\protocol.js:380:37)
Build info: version: '3.141.59', revision: 'e82be7d358', time: '2018-11-14T08:25:53'
System info: host: 'ENDER-LOBO', ip: '192.168.17.1', os.name: 'Windows 10', os.arch: 'amd64', os.version: '10.0', java.version: '1.8.0_282'
Driver info: driver.version: SwipeableAndroidDriver
	at io.appium.java_client.remote.AppiumCommandExecutor$1.createSession(AppiumCommandExecutor.java:208)
	at io.appium.java_client.remote.AppiumCommandExecutor.createSession(AppiumCommandExecutor.java:217)
	at io.appium.java_client.remote.AppiumCommandExecutor.execute(AppiumCommandExecutor.java:239)
	at org.openqa.selenium.remote.RemoteWebDriver.execute(RemoteWebDriver.java:552)
	at io.appium.java_client.DefaultGenericMobileDriver.execute(DefaultGenericMobileDriver.java:42)
	at io.appium.java_client.AppiumDriver.execute(AppiumDriver.java:1)
	at io.appium.java_client.android.AndroidDriver.execute(AndroidDriver.java:1)
	at com.kms.katalon.core.appium.driver.SwipeableAndroidDriver.execute(SwipeableAndroidDriver.java:1)
	at org.openqa.selenium.remote.RemoteWebDriver.startSession(RemoteWebDriver.java:213)
	at org.openqa.selenium.remote.RemoteWebDriver.<init>(RemoteWebDriver.java:131)
	at io.appium.java_client.DefaultGenericMobileDriver.<init>(DefaultGenericMobileDriver.java:38)
	at io.appium.java_client.AppiumDriver.<init>(AppiumDriver.java:84)
	at io.appium.java_client.android.AndroidDriver.<init>(AndroidDriver.java:85)
	at com.kms.katalon.core.appium.driver.SwipeableAndroidDriver.<init>(SwipeableAndroidDriver.java:24)
	at com.kms.katalon.core.appium.driver.AppiumDriverManager.createMobileDriver(AppiumDriverManager.java:503)
	at com.kms.katalon.core.appium.driver.AppiumDriverManager.createMobileDriver(AppiumDriverManager.java:485)
	at com.kms.katalon.core.mobile.keyword.internal.MobileDriverFactory.startLocalMobileDriver(MobileDriverFactory.java:539)
	at com.kms.katalon.core.mobile.keyword.internal.MobileDriverFactory.startMobileDriver(MobileDriverFactory.java:452)
	at com.kms.katalon.core.mobile.keyword.builtin.StartApplicationKeyword$_startApplication_closure1.doCall(StartApplicationKeyword.groovy:49)
	at com.kms.katalon.core.mobile.keyword.builtin.StartApplicationKeyword$_startApplication_closure1.call(StartApplicationKeyword.groovy)
	at com.kms.katalon.core.mobile.keyword.internal.MobileKeywordMain.runKeyword(MobileKeywordMain.groovy:21)
	... 19 more
Caused by: java.lang.reflect.InvocationTargetException
	at io.appium.java_client.remote.AppiumCommandExecutor$1.createSession(AppiumCommandExecutor.java:186)
	at io.appium.java_client.remote.AppiumCommandExecutor.createSession(AppiumCommandExecutor.java:217)
	at io.appium.java_client.remote.AppiumCommandExecutor.execute(AppiumCommandExecutor.java:239)
	at org.openqa.selenium.remote.RemoteWebDriver.execute(RemoteWebDriver.java:552)
	at io.appium.java_client.DefaultGenericMobileDriver.execute(DefaultGenericMobileDriver.java:42)
	at io.appium.java_client.AppiumDriver.execute(AppiumDriver.java:1)
	at io.appium.java_client.android.AndroidDriver.execute(AndroidDriver.java:1)
	at com.kms.katalon.core.appium.driver.SwipeableAndroidDriver.execute(SwipeableAndroidDriver.java:1)
	at org.openqa.selenium.remote.RemoteWebDriver.startSession(RemoteWebDriver.java:213)
	at org.openqa.selenium.remote.RemoteWebDriver.<init>(RemoteWebDriver.java:131)
	at io.appium.java_client.DefaultGenericMobileDriver.<init>(DefaultGenericMobileDriver.java:38)
	at io.appium.java_client.AppiumDriver.<init>(AppiumDriver.java:84)
	at io.appium.java_client.android.AndroidDriver.<init>(AndroidDriver.java:85)
	at com.kms.katalon.core.appium.driver.SwipeableAndroidDriver.<init>(SwipeableAndroidDriver.java:24)
	at com.kms.katalon.core.appium.driver.AppiumDriverManager.createMobileDriver(AppiumDriverManager.java:503)
	at com.kms.katalon.core.appium.driver.AppiumDriverManager.createMobileDriver(AppiumDriverManager.java:485)
	at com.kms.katalon.core.mobile.keyword.internal.MobileDriverFactory.startLocalMobileDriver(MobileDriverFactory.java:539)
	at com.kms.katalon.core.mobile.keyword.internal.MobileDriverFactory.startMobileDriver(MobileDriverFactory.java:452)
	at com.kms.katalon.core.mobile.keyword.builtin.StartApplicationKeyword$_startApplication_closure1.doCall(StartApplicationKeyword.groovy:49)
	at com.kms.katalon.core.mobile.keyword.builtin.StartApplicationKeyword$_startApplication_closure1.call(StartApplicationKeyword.groovy)
	at com.kms.katalon.core.mobile.keyword.internal.MobileKeywordMain.runKeyword(MobileKeywordMain.groovy:21)
	at com.kms.katalon.core.mobile.keyword.builtin.StartApplicationKeyword.startApplication(StartApplicationKeyword.groovy:51)
	at com.kms.katalon.core.mobile.keyword.builtin.StartApplicationKeyword.execute(StartApplicationKeyword.groovy:40)
	at com.kms.katalon.core.keyword.internal.KeywordExecutor.executeKeywordForPlatform(KeywordExecutor.groovy:74)
	at com.kms.katalon.core.mobile.keyword.MobileBuiltInKeywords.startApplication(MobileBuiltInKeywords.groovy:78)
	at com.kms.katalon.core.mobile.keyword.MobileBuiltInKeywords$startApplication.call(Unknown Source)
	at Script1649798807212.run(Script1649798807212.groovy:20)
	... 13 more
Caused by: org.openqa.selenium.WebDriverException: An unknown server-side error occurred while processing the command. Original error: Cannot start the 'com.verticalapps.KonyMobileBanking' application. Visit https://github.com/appium/appium/blob/master/docs/en/writing-running-appium/android/activity-startup.md for troubleshooting. Original error: Cannot start the 'com.verticalapps.KonyMobileBanking' application. Visit https://github.com/appium/appium/blob/master/docs/en/writing-running-appium/android/activity-startup.md for troubleshooting. Original error: Activity name '.com.verticalapps.KonyMobileBanking.KonyMobileBankin' used to start the app doesn't exist or cannot be launched! Make sure it exists and is a launchable activity
Build info: version: '3.141.59', revision: 'e82be7d358', time: '2018-11-14T08:25:53'
System info: host: 'ENDER-LOBO', ip: '192.168.17.1', os.name: 'Windows 10', os.arch: 'amd64', os.version: '10.0', java.version: '1.8.0_282'
Driver info: driver.version: SwipeableAndroidDriver
remote stacktrace: UnknownError: An unknown server-side error occurred while processing the command. Original error: Cannot start the 'com.verticalapps.KonyMobileBanking' application. Visit https://github.com/appium/appium/blob/master/docs/en/writing-running-appium/android/activity-startup.md for troubleshooting. Original error: Cannot start the 'com.verticalapps.KonyMobileBanking' application. Visit https://github.com/appium/appium/blob/master/docs/en/writing-running-appium/android/activity-startup.md for troubleshooting. Original error: Activity name '.com.verticalapps.KonyMobileBanking.KonyMobileBankin' used to start the app doesn't exist or cannot be launched! Make sure it exists and is a launchable activity
    at getResponseForW3CError (C:\Users\Jesus_Berbin\AppData\Roaming\npm\node_modules\appium\node_modules\appium-base-driver\lib\protocol\errors.js:804:9)
    at asyncHandler (C:\Users\Jesus_Berbin\AppData\Roaming\npm\node_modules\appium\node_modules\appium-base-driver\lib\protocol\protocol.js:380:37)
	at org.openqa.selenium.remote.W3CHandshakeResponse.lambda$errorHandler$0(W3CHandshakeResponse.java:62)
	at org.openqa.selenium.remote.HandshakeResponse.lambda$getResponseFunction$0(HandshakeResponse.java:30)
	at org.openqa.selenium.remote.ProtocolHandshake.lambda$createSession$0(ProtocolHandshake.java:126)
	at org.openqa.selenium.remote.ProtocolHandshake.createSession(ProtocolHandshake.java:128)
	at io.appium.java_client.remote.AppiumCommandExecutor$1.createSession(AppiumCommandExecutor.java:186)
	at io.appium.java_client.remote.AppiumCommandExecutor.createSession(AppiumCommandExecutor.java:217)
	at io.appium.java_client.remote.AppiumCommandExecutor.execute(AppiumCommandExecutor.java:239)
	at org.openqa.selenium.remote.RemoteWebDriver.execute(RemoteWebDriver.java:552)
	at io.appium.java_client.DefaultGenericMobileDriver.execute(DefaultGenericMobileDriver.java:42)
	at io.appium.java_client.AppiumDriver.execute(AppiumDriver.java:1)
	at io.appium.java_client.android.AndroidDriver.execute(AndroidDriver.java:1)
	at com.kms.katalon.core.appium.driver.SwipeableAndroidDriver.execute(SwipeableAndroidDriver.java:1)
	at org.openqa.selenium.remote.RemoteWebDriver.startSession(RemoteWebDriver.java:213)
	at org.openqa.selenium.remote.RemoteWebDriver.<init>(RemoteWebDriver.java:131)
	at io.appium.java_client.DefaultGenericMobileDriver.<init>(DefaultGenericMobileDriver.java:38)
	at io.appium.java_client.AppiumDriver.<init>(AppiumDriver.java:84)
	at io.appium.java_client.android.AndroidDriver.<init>(AndroidDriver.java:85)
	at com.kms.katalon.core.appium.driver.SwipeableAndroidDriver.<init>(SwipeableAndroidDriver.java:24)
	at com.kms.katalon.core.appium.driver.AppiumDriverManager.createMobileDriver(AppiumDriverManager.java:503)
	at com.kms.katalon.core.appium.driver.AppiumDriverManager.createMobileDriver(AppiumDriverManager.java:485)
	at com.kms.katalon.core.mobile.keyword.internal.MobileDriverFactory.startLocalMobileDriver(MobileDriverFactory.java:539)
	at com.kms.katalon.core.mobile.keyword.internal.MobileDriverFactory.startMobileDriver(MobileDriverFactory.java:452)
	at com.kms.katalon.core.mobile.keyword.builtin.StartApplicationKeyword$_startApplication_closure1.doCall(StartApplicationKeyword.groovy:49)
	at com.kms.katalon.core.mobile.keyword.builtin.StartApplicationKeyword$_startApplication_closure1.call(StartApplicationKeyword.groovy)
	at com.kms.katalon.core.mobile.keyword.internal.MobileKeywordMain.runKeyword(MobileKeywordMain.groovy:21)
	at com.kms.katalon.core.mobile.keyword.builtin.StartApplicationKeyword.startApplication(StartApplicationKeyword.groovy:51)
	at com.kms.katalon.core.mobile.keyword.builtin.StartApplicationKeyword.execute(StartApplicationKeyword.groovy:40)
	at com.kms.katalon.core.keyword.internal.KeywordExecutor.executeKeywordForPlatform(KeywordExecutor.groovy:74)
	at com.kms.katalon.core.mobile.keyword.MobileBuiltInKeywords.startApplication(MobileBuiltInKeywords.groovy:78)
	at com.kms.katalon.core.mobile.keyword.MobileBuiltInKeywords$startApplication.call(Unknown Source)
	at 14 Cierre de Sesion - Tiempo de Inactividad.run(14 Cierre de Sesion - Tiempo de Inactividad:20)
	... 13 more


2022-04-29 16:29:41 - [TEST_STEP][FAILED] - startApplication(URL, false): Unable to start app at: 'C:\Users\Jesus_Berbin\Documents\Cursos\Sybven\UENO\crtopyinfinitymobilebanking-release.apk' (Root cause: org.openqa.selenium.SessionNotCreatedException: Unable to create a new remote session. Please check the server log for more details. Original error: An unknown server-side error occurred while processing the command. Original error: Cannot start the 'com.verticalapps.KonyMobileBanking' application. Visit https://github.com/appium/appium/blob/master/docs/en/writing-running-appium/android/activity-startup.md for troubleshooting. Original error: Cannot start the 'com.verticalapps.KonyMobileBanking' application. Visit https://github.com/appium/appium/blob/master/docs/en/writing-running-appium/android/activity-startup.md for troubleshooting. Original error: Activity name '.com.verticalapps.KonyMobileBanking.KonyMobileBankin' used to start the app doesn't exist or cannot be launched! Make sure it exists and is a launchable activity
Build info: version: '3.141.59', revision: 'e82be7d358', time: '2018-11-14T08:25:53'
System info: host: 'ENDER-LOBO', ip: '192.168.17.1', os.name: 'Windows 10', os.arch: 'amd64', os.version: '10.0', java.version: '1.8.0_282'
Driver info: driver.version: SwipeableAndroidDriver
remote stacktrace: UnknownError: An unknown server-side error occurred while processing the command. Original error: Cannot start the 'com.verticalapps.KonyMobileBanking' application. Visit https://github.com/appium/appium/blob/master/docs/en/writing-running-appium/android/activity-startup.md for troubleshooting. Original error: Cannot start the 'com.verticalapps.KonyMobileBanking' application. Visit https://github.com/appium/appium/blob/master/docs/en/writing-running-appium/android/activity-startup.md for troubleshooting. Original error: Activity name '.com.verticalapps.KonyMobileBanking.KonyMobileBankin' used to start the app doesn't exist or cannot be launched! Make sure it exists and is a launchable activity
    at getResponseForW3CError (C:\Users\Jesus_Berbin\AppData\Roaming\npm\node_modules\appium\node_modules\appium-base-driver\lib\protocol\errors.js:804:9)
    at asyncHandler (C:\Users\Jesus_Berbin\AppData\Roaming\npm\node_modules\appium\node_modules\appium-base-driver\lib\protocol\protocol.js:380:37)
Build info: version: '3.141.59', revision: 'e82be7d358', time: '2018-11-14T08:25:53'
System info: host: 'ENDER-LOBO', ip: '192.168.17.1', os.name: 'Windows 10', os.arch: 'amd64', os.version: '10.0', java.version: '1.8.0_282'
Driver info: driver.version: SwipeableAndroidDriver
	at io.appium.java_client.remote.AppiumCommandExecutor$1.createSession(AppiumCommandExecutor.java:208)
	at io.appium.java_client.remote.AppiumCommandExecutor.createSession(AppiumCommandExecutor.java:217)
	at io.appium.java_client.remote.AppiumCommandExecutor.execute(AppiumCommandExecutor.java:239)
	at org.openqa.selenium.remote.RemoteWebDriver.execute(RemoteWebDriver.java:552)
	at io.appium.java_client.DefaultGenericMobileDriver.execute(DefaultGenericMobileDriver.java:42)
	at io.appium.java_client.AppiumDriver.execute(AppiumDriver.java:1)
	at io.appium.java_client.android.AndroidDriver.execute(AndroidDriver.java:1)
	at com.kms.katalon.core.appium.driver.SwipeableAndroidDriver.execute(SwipeableAndroidDriver.java:1)
	at org.openqa.selenium.remote.RemoteWebDriver.startSession(RemoteWebDriver.java:213)
	at org.openqa.selenium.remote.RemoteWebDriver.<init>(RemoteWebDriver.java:131)
	at io.appium.java_client.DefaultGenericMobileDriver.<init>(DefaultGenericMobileDriver.java:38)
	at io.appium.java_client.AppiumDriver.<init>(AppiumDriver.java:84)
	at io.appium.java_client.android.AndroidDriver.<init>(AndroidDriver.java:85)
	at com.kms.katalon.core.appium.driver.SwipeableAndroidDriver.<init>(SwipeableAndroidDriver.java:24)
	at com.kms.katalon.core.appium.driver.AppiumDriverManager.createMobileDriver(AppiumDriverManager.java:503)
	at com.kms.katalon.core.appium.driver.AppiumDriverManager.createMobileDriver(AppiumDriverManager.java:485)
	at com.kms.katalon.core.mobile.keyword.internal.MobileDriverFactory.startLocalMobileDriver(MobileDriverFactory.java:539)
	at com.kms.katalon.core.mobile.keyword.internal.MobileDriverFactory.startMobileDriver(MobileDriverFactory.java:452)
	at com.kms.katalon.core.mobile.keyword.builtin.StartApplicationKeyword$_startApplication_closure1.doCall(StartApplicationKeyword.groovy:49)
	at com.kms.katalon.core.mobile.keyword.builtin.StartApplicationKeyword$_startApplication_closure1.call(StartApplicationKeyword.groovy)
	at com.kms.katalon.core.mobile.keyword.internal.MobileKeywordMain.runKeyword(MobileKeywordMain.groovy:21)
	at com.kms.katalon.core.mobile.keyword.builtin.StartApplicationKeyword.startApplication(StartApplicationKeyword.groovy:51)
	at com.kms.katalon.core.mobile.keyword.builtin.StartApplicationKeyword.execute(StartApplicationKeyword.groovy:40)
	at com.kms.katalon.core.keyword.internal.KeywordExecutor.executeKeywordForPlatform(KeywordExecutor.groovy:74)
	at com.kms.katalon.core.mobile.keyword.MobileBuiltInKeywords.startApplication(MobileBuiltInKeywords.groovy:78)
	at com.kms.katalon.core.mobile.keyword.MobileBuiltInKeywords$startApplication.call(Unknown Source)
	at 14 Cierre de Sesion - Tiempo de Inactividad.run(14 Cierre de Sesion - Tiempo de Inactividad:20)
	at com.kms.katalon.core.main.ScriptEngine.run(ScriptEngine.java:194)
	at com.kms.katalon.core.main.ScriptEngine.runScriptAsRawText(ScriptEngine.java:119)
	at com.kms.katalon.core.main.TestCaseExecutor.runScript(TestCaseExecutor.java:445)
	at com.kms.katalon.core.main.TestCaseExecutor.doExecute(TestCaseExecutor.java:436)
	at com.kms.katalon.core.main.TestCaseExecutor.processExecutionPhase(TestCaseExecutor.java:415)
	at com.kms.katalon.core.main.TestCaseExecutor.accessMainPhase(TestCaseExecutor.java:407)
	at com.kms.katalon.core.main.TestCaseExecutor.execute(TestCaseExecutor.java:284)
	at com.kms.katalon.core.common.CommonExecutor.accessTestCaseMainPhase(CommonExecutor.java:65)
	at com.kms.katalon.core.main.TestSuiteExecutor.accessTestSuiteMainPhase(TestSuiteExecutor.java:144)
	at com.kms.katalon.core.main.TestSuiteExecutor.execute(TestSuiteExecutor.java:106)
	at com.kms.katalon.core.main.TestCaseMain.startTestSuite(TestCaseMain.java:185)
	at com.kms.katalon.core.main.TestCaseMain$startTestSuite$0.call(Unknown Source)
	at TempTestSuite1651263721294.run(TempTestSuite1651263721294.groovy:36)
Caused by: java.lang.reflect.InvocationTargetException
	at io.appium.java_client.remote.AppiumCommandExecutor$1.createSession(AppiumCommandExecutor.java:186)
	at io.appium.java_client.remote.AppiumCommandExecutor.createSession(AppiumCommandExecutor.java:217)
	at io.appium.java_client.remote.AppiumCommandExecutor.execute(AppiumCommandExecutor.java:239)
	at org.openqa.selenium.remote.RemoteWebDriver.execute(RemoteWebDriver.java:552)
	at io.appium.java_client.DefaultGenericMobileDriver.execute(DefaultGenericMobileDriver.java:42)
	at io.appium.java_client.AppiumDriver.execute(AppiumDriver.java:1)
	at io.appium.java_client.android.AndroidDriver.execute(AndroidDriver.java:1)
	at com.kms.katalon.core.appium.driver.SwipeableAndroidDriver.execute(SwipeableAndroidDriver.java:1)
	at org.openqa.selenium.remote.RemoteWebDriver.startSession(RemoteWebDriver.java:213)
	at org.openqa.selenium.remote.RemoteWebDriver.<init>(RemoteWebDriver.java:131)
	at io.appium.java_client.DefaultGenericMobileDriver.<init>(DefaultGenericMobileDriver.java:38)
	at io.appium.java_client.AppiumDriver.<init>(AppiumDriver.java:84)
	at io.appium.java_client.android.AndroidDriver.<init>(AndroidDriver.java:85)
	at com.kms.katalon.core.appium.driver.SwipeableAndroidDriver.<init>(SwipeableAndroidDriver.java:24)
	at com.kms.katalon.core.appium.driver.AppiumDriverManager.createMobileDriver(AppiumDriverManager.java:503)
	at com.kms.katalon.core.appium.driver.AppiumDriverManager.createMobileDriver(AppiumDriverManager.java:485)
	at com.kms.katalon.core.mobile.keyword.internal.MobileDriverFactory.startLocalMobileDriver(MobileDriverFactory.java:539)
	at com.kms.katalon.core.mobile.keyword.internal.MobileDriverFactory.startMobileDriver(MobileDriverFactory.java:452)
	at com.kms.katalon.core.mobile.keyword.builtin.StartApplicationKeyword$_startApplication_closure1.doCall(StartApplicationKeyword.groovy:49)
	at com.kms.katalon.core.mobile.keyword.builtin.StartApplicationKeyword$_startApplication_closure1.call(StartApplicationKeyword.groovy)
	at com.kms.katalon.core.mobile.keyword.internal.MobileKeywordMain.runKeyword(MobileKeywordMain.groovy:21)
	at com.kms.katalon.core.mobile.keyword.builtin.StartApplicationKeyword.startApplication(StartApplicationKeyword.groovy:51)
	at com.kms.katalon.core.mobile.keyword.builtin.StartApplicationKeyword.execute(StartApplicationKeyword.groovy:40)
	at com.kms.katalon.core.keyword.internal.KeywordExecutor.executeKeywordForPlatform(KeywordExecutor.groovy:74)
	at com.kms.katalon.core.mobile.keyword.MobileBuiltInKeywords.startApplication(MobileBuiltInKeywords.groovy:78)
	at com.kms.katalon.core.mobile.keyword.MobileBuiltInKeywords$startApplication.call(Unknown Source)
	at Script1649798807212.run(Script1649798807212.groovy:20)
	... 13 more
Caused by: org.openqa.selenium.WebDriverException: An unknown server-side error occurred while processing the command. Original error: Cannot start the 'com.verticalapps.KonyMobileBanking' application. Visit https://github.com/appium/appium/blob/master/docs/en/writing-running-appium/android/activity-startup.md for troubleshooting. Original error: Cannot start the 'com.verticalapps.KonyMobileBanking' application. Visit https://github.com/appium/appium/blob/master/docs/en/writing-running-appium/android/activity-startup.md for troubleshooting. Original error: Activity name '.com.verticalapps.KonyMobileBanking.KonyMobileBankin' used to start the app doesn't exist or cannot be launched! Make sure it exists and is a launchable activity
Build info: version: '3.141.59', revision: 'e82be7d358', time: '2018-11-14T08:25:53'
System info: host: 'ENDER-LOBO', ip: '192.168.17.1', os.name: 'Windows 10', os.arch: 'amd64', os.version: '10.0', java.version: '1.8.0_282'
Driver info: driver.version: SwipeableAndroidDriver
remote stacktrace: UnknownError: An unknown server-side error occurred while processing the command. Original error: Cannot start the 'com.verticalapps.KonyMobileBanking' application. Visit https://github.com/appium/appium/blob/master/docs/en/writing-running-appium/android/activity-startup.md for troubleshooting. Original error: Cannot start the 'com.verticalapps.KonyMobileBanking' application. Visit https://github.com/appium/appium/blob/master/docs/en/writing-running-appium/android/activity-startup.md for troubleshooting. Original error: Activity name '.com.verticalapps.KonyMobileBanking.KonyMobileBankin' used to start the app doesn't exist or cannot be launched! Make sure it exists and is a launchable activity
    at getResponseForW3CError (C:\Users\Jesus_Berbin\AppData\Roaming\npm\node_modules\appium\node_modules\appium-base-driver\lib\protocol\errors.js:804:9)
    at asyncHandler (C:\Users\Jesus_Berbin\AppData\Roaming\npm\node_modules\appium\node_modules\appium-base-driver\lib\protocol\protocol.js:380:37)
	at org.openqa.selenium.remote.W3CHandshakeResponse.lambda$errorHandler$0(W3CHandshakeResponse.java:62)
	at org.openqa.selenium.remote.HandshakeResponse.lambda$getResponseFunction$0(HandshakeResponse.java:30)
	at org.openqa.selenium.remote.ProtocolHandshake.lambda$createSession$0(ProtocolHandshake.java:126)
	at org.openqa.selenium.remote.ProtocolHandshake.createSession(ProtocolHandshake.java:128)
	... 40 more
)

2022-04-29 16:29:41 - [MESSAGE][INFO] - User set preference: ['deviceId', '']

2022-04-29 16:29:56 - [MESSAGE][FAILED] - Unable to start app at: 'C:\Users\Jesus_Berbin\Documents\Cursos\Sybven\UENO\crtopyinfinitymobilebanking-release.apk' (Root cause: org.openqa.selenium.SessionNotCreatedException: Unable to create a new remote session. Please check the server log for more details. Original error: An unknown server-side error occurred while processing the command. Original error: Cannot start the 'com.verticalapps.KonyMobileBanking' application. Visit https://github.com/appium/appium/blob/master/docs/en/writing-running-appium/android/activity-startup.md for troubleshooting. Original error: Cannot start the 'com.verticalapps.KonyMobileBanking' application. Visit https://github.com/appium/appium/blob/master/docs/en/writing-running-appium/android/activity-startup.md for troubleshooting. Original error: Activity name '.com.verticalapps.KonyMobileBanking.KonyMobileBankin' used to start the app doesn't exist or cannot be launched! Make sure it exists and is a launchable activity
Build info: version: '3.141.59', revision: 'e82be7d358', time: '2018-11-14T08:25:53'
System info: host: 'ENDER-LOBO', ip: '192.168.17.1', os.name: 'Windows 10', os.arch: 'amd64', os.version: '10.0', java.version: '1.8.0_282'
Driver info: driver.version: SwipeableAndroidDriver
remote stacktrace: UnknownError: An unknown server-side error occurred while processing the command. Original error: Cannot start the 'com.verticalapps.KonyMobileBanking' application. Visit https://github.com/appium/appium/blob/master/docs/en/writing-running-appium/android/activity-startup.md for troubleshooting. Original error: Cannot start the 'com.verticalapps.KonyMobileBanking' application. Visit https://github.com/appium/appium/blob/master/docs/en/writing-running-appium/android/activity-startup.md for troubleshooting. Original error: Activity name '.com.verticalapps.KonyMobileBanking.KonyMobileBankin' used to start the app doesn't exist or cannot be launched! Make sure it exists and is a launchable activity
    at getResponseForW3CError (C:\Users\Jesus_Berbin\AppData\Roaming\npm\node_modules\appium\node_modules\appium-base-driver\lib\protocol\errors.js:804:9)
    at asyncHandler (C:\Users\Jesus_Berbin\AppData\Roaming\npm\node_modules\appium\node_modules\appium-base-driver\lib\protocol\protocol.js:380:37)
Build info: version: '3.141.59', revision: 'e82be7d358', time: '2018-11-14T08:25:53'
System info: host: 'ENDER-LOBO', ip: '192.168.17.1', os.name: 'Windows 10', os.arch: 'amd64', os.version: '10.0', java.version: '1.8.0_282'
Driver info: driver.version: SwipeableAndroidDriver
	at io.appium.java_client.remote.AppiumCommandExecutor$1.createSession(AppiumCommandExecutor.java:208)
	at io.appium.java_client.remote.AppiumCommandExecutor.createSession(AppiumCommandExecutor.java:217)
	at io.appium.java_client.remote.AppiumCommandExecutor.execute(AppiumCommandExecutor.java:239)
	at org.openqa.selenium.remote.RemoteWebDriver.execute(RemoteWebDriver.java:552)
	at io.appium.java_client.DefaultGenericMobileDriver.execute(DefaultGenericMobileDriver.java:42)
	at io.appium.java_client.AppiumDriver.execute(AppiumDriver.java:1)
	at io.appium.java_client.android.AndroidDriver.execute(AndroidDriver.java:1)
	at com.kms.katalon.core.appium.driver.SwipeableAndroidDriver.execute(SwipeableAndroidDriver.java:1)
	at org.openqa.selenium.remote.RemoteWebDriver.startSession(RemoteWebDriver.java:213)
	at org.openqa.selenium.remote.RemoteWebDriver.<init>(RemoteWebDriver.java:131)
	at io.appium.java_client.DefaultGenericMobileDriver.<init>(DefaultGenericMobileDriver.java:38)
	at io.appium.java_client.AppiumDriver.<init>(AppiumDriver.java:84)
	at io.appium.java_client.android.AndroidDriver.<init>(AndroidDriver.java:85)
	at com.kms.katalon.core.appium.driver.SwipeableAndroidDriver.<init>(SwipeableAndroidDriver.java:24)
	at com.kms.katalon.core.appium.driver.AppiumDriverManager.createMobileDriver(AppiumDriverManager.java:503)
	at com.kms.katalon.core.appium.driver.AppiumDriverManager.createMobileDriver(AppiumDriverManager.java:485)
	at com.kms.katalon.core.mobile.keyword.internal.MobileDriverFactory.startLocalMobileDriver(MobileDriverFactory.java:539)
	at com.kms.katalon.core.mobile.keyword.internal.MobileDriverFactory.startMobileDriver(MobileDriverFactory.java:452)
	at com.kms.katalon.core.mobile.keyword.builtin.StartApplicationKeyword$_startApplication_closure1.doCall(StartApplicationKeyword.groovy:49)
	at com.kms.katalon.core.mobile.keyword.builtin.StartApplicationKeyword$_startApplication_closure1.call(StartApplicationKeyword.groovy)
	at com.kms.katalon.core.mobile.keyword.internal.MobileKeywordMain.runKeyword(MobileKeywordMain.groovy:21)
	at com.kms.katalon.core.mobile.keyword.builtin.StartApplicationKeyword.startApplication(StartApplicationKeyword.groovy:51)
	at com.kms.katalon.core.mobile.keyword.builtin.StartApplicationKeyword.execute(StartApplicationKeyword.groovy:40)
	at com.kms.katalon.core.keyword.internal.KeywordExecutor.executeKeywordForPlatform(KeywordExecutor.groovy:74)
	at com.kms.katalon.core.mobile.keyword.MobileBuiltInKeywords.startApplication(MobileBuiltInKeywords.groovy:78)
	at com.kms.katalon.core.mobile.keyword.MobileBuiltInKeywords$startApplication.call(Unknown Source)
	at 14 Cierre de Sesion - Tiempo de Inactividad.run(14 Cierre de Sesion - Tiempo de Inactividad:20)
	at com.kms.katalon.core.main.ScriptEngine.run(ScriptEngine.java:194)
	at com.kms.katalon.core.main.ScriptEngine.runScriptAsRawText(ScriptEngine.java:119)
	at com.kms.katalon.core.main.TestCaseExecutor.runScript(TestCaseExecutor.java:445)
	at com.kms.katalon.core.main.TestCaseExecutor.doExecute(TestCaseExecutor.java:436)
	at com.kms.katalon.core.main.TestCaseExecutor.processExecutionPhase(TestCaseExecutor.java:415)
	at com.kms.katalon.core.main.TestCaseExecutor.accessMainPhase(TestCaseExecutor.java:407)
	at com.kms.katalon.core.main.TestCaseExecutor.execute(TestCaseExecutor.java:284)
	at com.kms.katalon.core.common.CommonExecutor.accessTestCaseMainPhase(CommonExecutor.java:65)
	at com.kms.katalon.core.main.TestSuiteExecutor.accessTestSuiteMainPhase(TestSuiteExecutor.java:144)
	at com.kms.katalon.core.main.TestSuiteExecutor.execute(TestSuiteExecutor.java:106)
	at com.kms.katalon.core.main.TestCaseMain.startTestSuite(TestCaseMain.java:185)
	at com.kms.katalon.core.main.TestCaseMain$startTestSuite$0.call(Unknown Source)
	at TempTestSuite1651263721294.run(TempTestSuite1651263721294.groovy:36)
Caused by: java.lang.reflect.InvocationTargetException
	at io.appium.java_client.remote.AppiumCommandExecutor$1.createSession(AppiumCommandExecutor.java:186)
	at io.appium.java_client.remote.AppiumCommandExecutor.createSession(AppiumCommandExecutor.java:217)
	at io.appium.java_client.remote.AppiumCommandExecutor.execute(AppiumCommandExecutor.java:239)
	at org.openqa.selenium.remote.RemoteWebDriver.execute(RemoteWebDriver.java:552)
	at io.appium.java_client.DefaultGenericMobileDriver.execute(DefaultGenericMobileDriver.java:42)
	at io.appium.java_client.AppiumDriver.execute(AppiumDriver.java:1)
	at io.appium.java_client.android.AndroidDriver.execute(AndroidDriver.java:1)
	at com.kms.katalon.core.appium.driver.SwipeableAndroidDriver.execute(SwipeableAndroidDriver.java:1)
	at org.openqa.selenium.remote.RemoteWebDriver.startSession(RemoteWebDriver.java:213)
	at org.openqa.selenium.remote.RemoteWebDriver.<init>(RemoteWebDriver.java:131)
	at io.appium.java_client.DefaultGenericMobileDriver.<init>(DefaultGenericMobileDriver.java:38)
	at io.appium.java_client.AppiumDriver.<init>(AppiumDriver.java:84)
	at io.appium.java_client.android.AndroidDriver.<init>(AndroidDriver.java:85)
	at com.kms.katalon.core.appium.driver.SwipeableAndroidDriver.<init>(SwipeableAndroidDriver.java:24)
	at com.kms.katalon.core.appium.driver.AppiumDriverManager.createMobileDriver(AppiumDriverManager.java:503)
	at com.kms.katalon.core.appium.driver.AppiumDriverManager.createMobileDriver(AppiumDriverManager.java:485)
	at com.kms.katalon.core.mobile.keyword.internal.MobileDriverFactory.startLocalMobileDriver(MobileDriverFactory.java:539)
	at com.kms.katalon.core.mobile.keyword.internal.MobileDriverFactory.startMobileDriver(MobileDriverFactory.java:452)
	at com.kms.katalon.core.mobile.keyword.builtin.StartApplicationKeyword$_startApplication_closure1.doCall(StartApplicationKeyword.groovy:49)
	at com.kms.katalon.core.mobile.keyword.builtin.StartApplicationKeyword$_startApplication_closure1.call(StartApplicationKeyword.groovy)
	at com.kms.katalon.core.mobile.keyword.internal.MobileKeywordMain.runKeyword(MobileKeywordMain.groovy:21)
	at com.kms.katalon.core.mobile.keyword.builtin.StartApplicationKeyword.startApplication(StartApplicationKeyword.groovy:51)
	at com.kms.katalon.core.mobile.keyword.builtin.StartApplicationKeyword.execute(StartApplicationKeyword.groovy:40)
	at com.kms.katalon.core.keyword.internal.KeywordExecutor.executeKeywordForPlatform(KeywordExecutor.groovy:74)
	at com.kms.katalon.core.mobile.keyword.MobileBuiltInKeywords.startApplication(MobileBuiltInKeywords.groovy:78)
	at com.kms.katalon.core.mobile.keyword.MobileBuiltInKeywords$startApplication.call(Unknown Source)
	at Script1649798807212.run(Script1649798807212.groovy:20)
	... 13 more
Caused by: org.openqa.selenium.WebDriverException: An unknown server-side error occurred while processing the command. Original error: Cannot start the 'com.verticalapps.KonyMobileBanking' application. Visit https://github.com/appium/appium/blob/master/docs/en/writing-running-appium/android/activity-startup.md for troubleshooting. Original error: Cannot start the 'com.verticalapps.KonyMobileBanking' application. Visit https://github.com/appium/appium/blob/master/docs/en/writing-running-appium/android/activity-startup.md for troubleshooting. Original error: Activity name '.com.verticalapps.KonyMobileBanking.KonyMobileBankin' used to start the app doesn't exist or cannot be launched! Make sure it exists and is a launchable activity
Build info: version: '3.141.59', revision: 'e82be7d358', time: '2018-11-14T08:25:53'
System info: host: 'ENDER-LOBO', ip: '192.168.17.1', os.name: 'Windows 10', os.arch: 'amd64', os.version: '10.0', java.version: '1.8.0_282'
Driver info: driver.version: SwipeableAndroidDriver
remote stacktrace: UnknownError: An unknown server-side error occurred while processing the command. Original error: Cannot start the 'com.verticalapps.KonyMobileBanking' application. Visit https://github.com/appium/appium/blob/master/docs/en/writing-running-appium/android/activity-startup.md for troubleshooting. Original error: Cannot start the 'com.verticalapps.KonyMobileBanking' application. Visit https://github.com/appium/appium/blob/master/docs/en/writing-running-appium/android/activity-startup.md for troubleshooting. Original error: Activity name '.com.verticalapps.KonyMobileBanking.KonyMobileBankin' used to start the app doesn't exist or cannot be launched! Make sure it exists and is a launchable activity
    at getResponseForW3CError (C:\Users\Jesus_Berbin\AppData\Roaming\npm\node_modules\appium\node_modules\appium-base-driver\lib\protocol\errors.js:804:9)
    at asyncHandler (C:\Users\Jesus_Berbin\AppData\Roaming\npm\node_modules\appium\node_modules\appium-base-driver\lib\protocol\protocol.js:380:37)
	at org.openqa.selenium.remote.W3CHandshakeResponse.lambda$errorHandler$0(W3CHandshakeResponse.java:62)
	at org.openqa.selenium.remote.HandshakeResponse.lambda$getResponseFunction$0(HandshakeResponse.java:30)
	at org.openqa.selenium.remote.ProtocolHandshake.lambda$createSession$0(ProtocolHandshake.java:126)
	at org.openqa.selenium.remote.ProtocolHandshake.createSession(ProtocolHandshake.java:128)
	... 40 more
)

2022-04-29 16:29:56 - [TEST_STEP][PASSED] - delay(10, CONTINUE_ON_FAILURE): Delayed 10 second(s)

2022-04-29 16:30:06 - [MESSAGE][PASSED] - Delayed 10 second(s)

2022-04-29 16:30:06 - [TEST_STEP][FAILED] - clearText(findTestObject("Login/android.widget.EditText - Numero de celular login"), 0): Failed to clear text of element (Root cause: org.openqa.selenium.WebDriverException: An unknown server-side error occurred while processing the command. Original error: 'GET /window/current/size' cannot be proxied to UiAutomator2 server because the instrumentation process is not running (probably crashed). Check the server log and/or the logcat output for more details
Build info: version: '3.141.59', revision: 'e82be7d358', time: '2018-11-14T08:25:53'
System info: host: 'ENDER-LOBO', ip: '192.168.17.1', os.name: 'Windows 10', os.arch: 'amd64', os.version: '10.0', java.version: '1.8.0_282'
Driver info: com.kms.katalon.core.appium.driver.SwipeableAndroidDriver
Capabilities {app: C:\Users\Jesus_Berbin\Docum..., appPackage: com.verticalapps.KonyMobile..., autoGrantPermissions: true, automationName: uiautomator2, chromedriverPort: 64773, databaseEnabled: false, desired: {app: C:\Users\Jesus_Berbin\Docum..., autoGrantPermissions: true, automationName: uiautomator2, chromedriverPort: 64773, deviceId: , deviceName: samsung SM-A105M (Android 11), fullReset: false, newCommandTimeout: 1800, noReset: true, platform: ANDROID, platformName: android, platformVersion: 11, systemPort: 49773, udid: R28M42G369B}, deviceApiLevel: 30, deviceId: , deviceManufacturer: samsung, deviceModel: SM-A105M, deviceName: R28M42G369B, deviceScreenDensity: 300, deviceScreenSize: 720x1520, deviceUDID: R28M42G369B, fullReset: false, javascriptEnabled: true, locationContextEnabled: false, networkConnectionEnabled: true, newCommandTimeout: 1800, noReset: true, pixelRatio: 1.875, platform: ANDROID, platformName: Android, platformVersion: 11, statBarHeight: 54, systemPort: 49773, takesScreenshot: true, udid: R28M42G369B, viewportRect: {height: 1322, left: 0, top: 54, width: 720}, warnings: {}, webStorageEnabled: false}
Session ID: 4b045db7-8c38-4732-922c-d9496a6c375b
	at org.openqa.selenium.remote.http.W3CHttpResponseCodec.createException(W3CHttpResponseCodec.java:187)
	at org.openqa.selenium.remote.http.W3CHttpResponseCodec.decode(W3CHttpResponseCodec.java:122)
	at org.openqa.selenium.remote.http.W3CHttpResponseCodec.decode(W3CHttpResponseCodec.java:49)
	at org.openqa.selenium.remote.HttpCommandExecutor.execute(HttpCommandExecutor.java:158)
	at io.appium.java_client.remote.AppiumCommandExecutor.execute(AppiumCommandExecutor.java:239)
	at org.openqa.selenium.remote.RemoteWebDriver.execute(RemoteWebDriver.java:552)
	at io.appium.java_client.DefaultGenericMobileDriver.execute(DefaultGenericMobileDriver.java:46)
	at io.appium.java_client.AppiumDriver.execute(AppiumDriver.java:1)
	at io.appium.java_client.android.AndroidDriver.execute(AndroidDriver.java:1)
	at com.kms.katalon.core.appium.driver.SwipeableAndroidDriver.execute(SwipeableAndroidDriver.java:1)
	at org.openqa.selenium.remote.RemoteWebDriver$RemoteWebDriverOptions$RemoteWindow.getSize(RemoteWebDriver.java:813)
	at org.openqa.selenium.WebDriver$Window$getSize.call(Unknown Source)
	at com.kms.katalon.core.mobile.keyword.internal.MobileAbstractKeyword.findElement(MobileAbstractKeyword.groovy:81)
	at com.kms.katalon.core.mobile.keyword.builtin.ClearTextKeyword.access$1(ClearTextKeyword.groovy)
	at com.kms.katalon.core.mobile.keyword.builtin.ClearTextKeyword$_clearText_closure1.doCall(ClearTextKeyword.groovy:73)
	at com.kms.katalon.core.mobile.keyword.builtin.ClearTextKeyword$_clearText_closure1.call(ClearTextKeyword.groovy)
	at com.kms.katalon.core.mobile.keyword.internal.MobileKeywordMain.runKeyword(MobileKeywordMain.groovy:21)
	at com.kms.katalon.core.mobile.keyword.builtin.ClearTextKeyword.clearText(ClearTextKeyword.groovy:80)
	at com.kms.katalon.core.mobile.keyword.builtin.ClearTextKeyword.execute(ClearTextKeyword.groovy:65)
	at com.kms.katalon.core.keyword.internal.KeywordExecutor.executeKeywordForPlatform(KeywordExecutor.groovy:74)
	at com.kms.katalon.core.mobile.keyword.MobileBuiltInKeywords.clearText(MobileBuiltInKeywords.groovy:1817)
	at com.kms.katalon.core.mobile.keyword.MobileBuiltInKeywords$clearText$9.call(Unknown Source)
	at 14 Cierre de Sesion - Tiempo de Inactividad.run(14 Cierre de Sesion - Tiempo de Inactividad:24)
	at com.kms.katalon.core.main.ScriptEngine.run(ScriptEngine.java:194)
	at com.kms.katalon.core.main.ScriptEngine.runScriptAsRawText(ScriptEngine.java:119)
	at com.kms.katalon.core.main.TestCaseExecutor.runScript(TestCaseExecutor.java:445)
	at com.kms.katalon.core.main.TestCaseExecutor.doExecute(TestCaseExecutor.java:436)
	at com.kms.katalon.core.main.TestCaseExecutor.processExecutionPhase(TestCaseExecutor.java:415)
	at com.kms.katalon.core.main.TestCaseExecutor.accessMainPhase(TestCaseExecutor.java:407)
	at com.kms.katalon.core.main.TestCaseExecutor.execute(TestCaseExecutor.java:284)
	at com.kms.katalon.core.common.CommonExecutor.accessTestCaseMainPhase(CommonExecutor.java:65)
	at com.kms.katalon.core.main.TestSuiteExecutor.accessTestSuiteMainPhase(TestSuiteExecutor.java:144)
	at com.kms.katalon.core.main.TestSuiteExecutor.execute(TestSuiteExecutor.java:106)
	at com.kms.katalon.core.main.TestCaseMain.startTestSuite(TestCaseMain.java:185)
	at com.kms.katalon.core.main.TestCaseMain$startTestSuite$0.call(Unknown Source)
	at TempTestSuite1651263721294.run(TempTestSuite1651263721294.groovy:36)
)

2022-04-29 16:30:06 - [MESSAGE][WARNING] - Timeout '0' is invalid. Using default page load timeout: '30'

2022-04-29 16:30:06 - [MESSAGE][WARNING] - Cannot take screenshot

2022-04-29 16:30:06 - [MESSAGE][FAILED] - Failed to clear text of element (Root cause: org.openqa.selenium.WebDriverException: An unknown server-side error occurred while processing the command. Original error: 'GET /window/current/size' cannot be proxied to UiAutomator2 server because the instrumentation process is not running (probably crashed). Check the server log and/or the logcat output for more details
Build info: version: '3.141.59', revision: 'e82be7d358', time: '2018-11-14T08:25:53'
System info: host: 'ENDER-LOBO', ip: '192.168.17.1', os.name: 'Windows 10', os.arch: 'amd64', os.version: '10.0', java.version: '1.8.0_282'
Driver info: com.kms.katalon.core.appium.driver.SwipeableAndroidDriver
Capabilities {app: C:\Users\Jesus_Berbin\Docum..., appPackage: com.verticalapps.KonyMobile..., autoGrantPermissions: true, automationName: uiautomator2, chromedriverPort: 64773, databaseEnabled: false, desired: {app: C:\Users\Jesus_Berbin\Docum..., autoGrantPermissions: true, automationName: uiautomator2, chromedriverPort: 64773, deviceId: , deviceName: samsung SM-A105M (Android 11), fullReset: false, newCommandTimeout: 1800, noReset: true, platform: ANDROID, platformName: android, platformVersion: 11, systemPort: 49773, udid: R28M42G369B}, deviceApiLevel: 30, deviceId: , deviceManufacturer: samsung, deviceModel: SM-A105M, deviceName: R28M42G369B, deviceScreenDensity: 300, deviceScreenSize: 720x1520, deviceUDID: R28M42G369B, fullReset: false, javascriptEnabled: true, locationContextEnabled: false, networkConnectionEnabled: true, newCommandTimeout: 1800, noReset: true, pixelRatio: 1.875, platform: ANDROID, platformName: Android, platformVersion: 11, statBarHeight: 54, systemPort: 49773, takesScreenshot: true, udid: R28M42G369B, viewportRect: {height: 1322, left: 0, top: 54, width: 720}, warnings: {}, webStorageEnabled: false}
Session ID: 4b045db7-8c38-4732-922c-d9496a6c375b
	at org.openqa.selenium.remote.http.W3CHttpResponseCodec.createException(W3CHttpResponseCodec.java:187)
	at org.openqa.selenium.remote.http.W3CHttpResponseCodec.decode(W3CHttpResponseCodec.java:122)
	at org.openqa.selenium.remote.http.W3CHttpResponseCodec.decode(W3CHttpResponseCodec.java:49)
	at org.openqa.selenium.remote.HttpCommandExecutor.execute(HttpCommandExecutor.java:158)
	at io.appium.java_client.remote.AppiumCommandExecutor.execute(AppiumCommandExecutor.java:239)
	at org.openqa.selenium.remote.RemoteWebDriver.execute(RemoteWebDriver.java:552)
	at io.appium.java_client.DefaultGenericMobileDriver.execute(DefaultGenericMobileDriver.java:46)
	at io.appium.java_client.AppiumDriver.execute(AppiumDriver.java:1)
	at io.appium.java_client.android.AndroidDriver.execute(AndroidDriver.java:1)
	at com.kms.katalon.core.appium.driver.SwipeableAndroidDriver.execute(SwipeableAndroidDriver.java:1)
	at org.openqa.selenium.remote.RemoteWebDriver$RemoteWebDriverOptions$RemoteWindow.getSize(RemoteWebDriver.java:813)
	at org.openqa.selenium.WebDriver$Window$getSize.call(Unknown Source)
	at com.kms.katalon.core.mobile.keyword.internal.MobileAbstractKeyword.findElement(MobileAbstractKeyword.groovy:81)
	at com.kms.katalon.core.mobile.keyword.builtin.ClearTextKeyword.access$1(ClearTextKeyword.groovy)
	at com.kms.katalon.core.mobile.keyword.builtin.ClearTextKeyword$_clearText_closure1.doCall(ClearTextKeyword.groovy:73)
	at com.kms.katalon.core.mobile.keyword.builtin.ClearTextKeyword$_clearText_closure1.call(ClearTextKeyword.groovy)
	at com.kms.katalon.core.mobile.keyword.internal.MobileKeywordMain.runKeyword(MobileKeywordMain.groovy:21)
	at com.kms.katalon.core.mobile.keyword.builtin.ClearTextKeyword.clearText(ClearTextKeyword.groovy:80)
	at com.kms.katalon.core.mobile.keyword.builtin.ClearTextKeyword.execute(ClearTextKeyword.groovy:65)
	at com.kms.katalon.core.keyword.internal.KeywordExecutor.executeKeywordForPlatform(KeywordExecutor.groovy:74)
	at com.kms.katalon.core.mobile.keyword.MobileBuiltInKeywords.clearText(MobileBuiltInKeywords.groovy:1817)
	at com.kms.katalon.core.mobile.keyword.MobileBuiltInKeywords$clearText$9.call(Unknown Source)
	at 14 Cierre de Sesion - Tiempo de Inactividad.run(14 Cierre de Sesion - Tiempo de Inactividad:24)
	at com.kms.katalon.core.main.ScriptEngine.run(ScriptEngine.java:194)
	at com.kms.katalon.core.main.ScriptEngine.runScriptAsRawText(ScriptEngine.java:119)
	at com.kms.katalon.core.main.TestCaseExecutor.runScript(TestCaseExecutor.java:445)
	at com.kms.katalon.core.main.TestCaseExecutor.doExecute(TestCaseExecutor.java:436)
	at com.kms.katalon.core.main.TestCaseExecutor.processExecutionPhase(TestCaseExecutor.java:415)
	at com.kms.katalon.core.main.TestCaseExecutor.accessMainPhase(TestCaseExecutor.java:407)
	at com.kms.katalon.core.main.TestCaseExecutor.execute(TestCaseExecutor.java:284)
	at com.kms.katalon.core.common.CommonExecutor.accessTestCaseMainPhase(CommonExecutor.java:65)
	at com.kms.katalon.core.main.TestSuiteExecutor.accessTestSuiteMainPhase(TestSuiteExecutor.java:144)
	at com.kms.katalon.core.main.TestSuiteExecutor.execute(TestSuiteExecutor.java:106)
	at com.kms.katalon.core.main.TestCaseMain.startTestSuite(TestCaseMain.java:185)
	at com.kms.katalon.core.main.TestCaseMain$startTestSuite$0.call(Unknown Source)
	at TempTestSuite1651263721294.run(TempTestSuite1651263721294.groovy:36)
)

2022-04-29 16:30:06 - [TEST_STEP][FAILED] - setText(findTestObject("Login/android.widget.EditText - Ejemplo 0981123456"), Numerocelular, 0): Failed to set text into element (Root cause: org.openqa.selenium.WebDriverException: An unknown server-side error occurred while processing the command. Original error: 'GET /window/current/size' cannot be proxied to UiAutomator2 server because the instrumentation process is not running (probably crashed). Check the server log and/or the logcat output for more details
Build info: version: '3.141.59', revision: 'e82be7d358', time: '2018-11-14T08:25:53'
System info: host: 'ENDER-LOBO', ip: '192.168.17.1', os.name: 'Windows 10', os.arch: 'amd64', os.version: '10.0', java.version: '1.8.0_282'
Driver info: com.kms.katalon.core.appium.driver.SwipeableAndroidDriver
Capabilities {app: C:\Users\Jesus_Berbin\Docum..., appPackage: com.verticalapps.KonyMobile..., autoGrantPermissions: true, automationName: uiautomator2, chromedriverPort: 64773, databaseEnabled: false, desired: {app: C:\Users\Jesus_Berbin\Docum..., autoGrantPermissions: true, automationName: uiautomator2, chromedriverPort: 64773, deviceId: , deviceName: samsung SM-A105M (Android 11), fullReset: false, newCommandTimeout: 1800, noReset: true, platform: ANDROID, platformName: android, platformVersion: 11, systemPort: 49773, udid: R28M42G369B}, deviceApiLevel: 30, deviceId: , deviceManufacturer: samsung, deviceModel: SM-A105M, deviceName: R28M42G369B, deviceScreenDensity: 300, deviceScreenSize: 720x1520, deviceUDID: R28M42G369B, fullReset: false, javascriptEnabled: true, locationContextEnabled: false, networkConnectionEnabled: true, newCommandTimeout: 1800, noReset: true, pixelRatio: 1.875, platform: ANDROID, platformName: Android, platformVersion: 11, statBarHeight: 54, systemPort: 49773, takesScreenshot: true, udid: R28M42G369B, viewportRect: {height: 1322, left: 0, top: 54, width: 720}, warnings: {}, webStorageEnabled: false}
Session ID: 4b045db7-8c38-4732-922c-d9496a6c375b
	at org.openqa.selenium.remote.http.W3CHttpResponseCodec.createException(W3CHttpResponseCodec.java:187)
	at org.openqa.selenium.remote.http.W3CHttpResponseCodec.decode(W3CHttpResponseCodec.java:122)
	at org.openqa.selenium.remote.http.W3CHttpResponseCodec.decode(W3CHttpResponseCodec.java:49)
	at org.openqa.selenium.remote.HttpCommandExecutor.execute(HttpCommandExecutor.java:158)
	at io.appium.java_client.remote.AppiumCommandExecutor.execute(AppiumCommandExecutor.java:239)
	at org.openqa.selenium.remote.RemoteWebDriver.execute(RemoteWebDriver.java:552)
	at io.appium.java_client.DefaultGenericMobileDriver.execute(DefaultGenericMobileDriver.java:46)
	at io.appium.java_client.AppiumDriver.execute(AppiumDriver.java:1)
	at io.appium.java_client.android.AndroidDriver.execute(AndroidDriver.java:1)
	at com.kms.katalon.core.appium.driver.SwipeableAndroidDriver.execute(SwipeableAndroidDriver.java:1)
	at org.openqa.selenium.remote.RemoteWebDriver$RemoteWebDriverOptions$RemoteWindow.getSize(RemoteWebDriver.java:813)
	at org.openqa.selenium.WebDriver$Window$getSize.call(Unknown Source)
	at com.kms.katalon.core.mobile.keyword.internal.MobileAbstractKeyword.findElement(MobileAbstractKeyword.groovy:81)
	at com.kms.katalon.core.mobile.keyword.builtin.SetTextKeyword.access$1(SetTextKeyword.groovy)
	at com.kms.katalon.core.mobile.keyword.builtin.SetTextKeyword$_setText_closure1.doCall(SetTextKeyword.groovy:74)
	at com.kms.katalon.core.mobile.keyword.builtin.SetTextKeyword$_setText_closure1.call(SetTextKeyword.groovy)
	at com.kms.katalon.core.mobile.keyword.internal.MobileKeywordMain.runKeyword(MobileKeywordMain.groovy:21)
	at com.kms.katalon.core.mobile.keyword.builtin.SetTextKeyword.setText(SetTextKeyword.groovy:83)
	at com.kms.katalon.core.mobile.keyword.builtin.SetTextKeyword.execute(SetTextKeyword.groovy:66)
	at com.kms.katalon.core.keyword.internal.KeywordExecutor.executeKeywordForPlatform(KeywordExecutor.groovy:74)
	at com.kms.katalon.core.mobile.keyword.MobileBuiltInKeywords.setText(MobileBuiltInKeywords.groovy:1307)
	at com.kms.katalon.core.mobile.keyword.MobileBuiltInKeywords$setText$10.call(Unknown Source)
	at 14 Cierre de Sesion - Tiempo de Inactividad.run(14 Cierre de Sesion - Tiempo de Inactividad:26)
	at com.kms.katalon.core.main.ScriptEngine.run(ScriptEngine.java:194)
	at com.kms.katalon.core.main.ScriptEngine.runScriptAsRawText(ScriptEngine.java:119)
	at com.kms.katalon.core.main.TestCaseExecutor.runScript(TestCaseExecutor.java:445)
	at com.kms.katalon.core.main.TestCaseExecutor.doExecute(TestCaseExecutor.java:436)
	at com.kms.katalon.core.main.TestCaseExecutor.processExecutionPhase(TestCaseExecutor.java:415)
	at com.kms.katalon.core.main.TestCaseExecutor.accessMainPhase(TestCaseExecutor.java:407)
	at com.kms.katalon.core.main.TestCaseExecutor.execute(TestCaseExecutor.java:284)
	at com.kms.katalon.core.common.CommonExecutor.accessTestCaseMainPhase(CommonExecutor.java:65)
	at com.kms.katalon.core.main.TestSuiteExecutor.accessTestSuiteMainPhase(TestSuiteExecutor.java:144)
	at com.kms.katalon.core.main.TestSuiteExecutor.execute(TestSuiteExecutor.java:106)
	at com.kms.katalon.core.main.TestCaseMain.startTestSuite(TestCaseMain.java:185)
	at com.kms.katalon.core.main.TestCaseMain$startTestSuite$0.call(Unknown Source)
	at TempTestSuite1651263721294.run(TempTestSuite1651263721294.groovy:36)
)

2022-04-29 16:30:06 - [MESSAGE][WARNING] - Timeout '0' is invalid. Using default page load timeout: '30'

2022-04-29 16:30:06 - [MESSAGE][WARNING] - Cannot take screenshot

2022-04-29 16:30:06 - [MESSAGE][FAILED] - Failed to set text into element (Root cause: org.openqa.selenium.WebDriverException: An unknown server-side error occurred while processing the command. Original error: 'GET /window/current/size' cannot be proxied to UiAutomator2 server because the instrumentation process is not running (probably crashed). Check the server log and/or the logcat output for more details
Build info: version: '3.141.59', revision: 'e82be7d358', time: '2018-11-14T08:25:53'
System info: host: 'ENDER-LOBO', ip: '192.168.17.1', os.name: 'Windows 10', os.arch: 'amd64', os.version: '10.0', java.version: '1.8.0_282'
Driver info: com.kms.katalon.core.appium.driver.SwipeableAndroidDriver
Capabilities {app: C:\Users\Jesus_Berbin\Docum..., appPackage: com.verticalapps.KonyMobile..., autoGrantPermissions: true, automationName: uiautomator2, chromedriverPort: 64773, databaseEnabled: false, desired: {app: C:\Users\Jesus_Berbin\Docum..., autoGrantPermissions: true, automationName: uiautomator2, chromedriverPort: 64773, deviceId: , deviceName: samsung SM-A105M (Android 11), fullReset: false, newCommandTimeout: 1800, noReset: true, platform: ANDROID, platformName: android, platformVersion: 11, systemPort: 49773, udid: R28M42G369B}, deviceApiLevel: 30, deviceId: , deviceManufacturer: samsung, deviceModel: SM-A105M, deviceName: R28M42G369B, deviceScreenDensity: 300, deviceScreenSize: 720x1520, deviceUDID: R28M42G369B, fullReset: false, javascriptEnabled: true, locationContextEnabled: false, networkConnectionEnabled: true, newCommandTimeout: 1800, noReset: true, pixelRatio: 1.875, platform: ANDROID, platformName: Android, platformVersion: 11, statBarHeight: 54, systemPort: 49773, takesScreenshot: true, udid: R28M42G369B, viewportRect: {height: 1322, left: 0, top: 54, width: 720}, warnings: {}, webStorageEnabled: false}
Session ID: 4b045db7-8c38-4732-922c-d9496a6c375b
	at org.openqa.selenium.remote.http.W3CHttpResponseCodec.createException(W3CHttpResponseCodec.java:187)
	at org.openqa.selenium.remote.http.W3CHttpResponseCodec.decode(W3CHttpResponseCodec.java:122)
	at org.openqa.selenium.remote.http.W3CHttpResponseCodec.decode(W3CHttpResponseCodec.java:49)
	at org.openqa.selenium.remote.HttpCommandExecutor.execute(HttpCommandExecutor.java:158)
	at io.appium.java_client.remote.AppiumCommandExecutor.execute(AppiumCommandExecutor.java:239)
	at org.openqa.selenium.remote.RemoteWebDriver.execute(RemoteWebDriver.java:552)
	at io.appium.java_client.DefaultGenericMobileDriver.execute(DefaultGenericMobileDriver.java:46)
	at io.appium.java_client.AppiumDriver.execute(AppiumDriver.java:1)
	at io.appium.java_client.android.AndroidDriver.execute(AndroidDriver.java:1)
	at com.kms.katalon.core.appium.driver.SwipeableAndroidDriver.execute(SwipeableAndroidDriver.java:1)
	at org.openqa.selenium.remote.RemoteWebDriver$RemoteWebDriverOptions$RemoteWindow.getSize(RemoteWebDriver.java:813)
	at org.openqa.selenium.WebDriver$Window$getSize.call(Unknown Source)
	at com.kms.katalon.core.mobile.keyword.internal.MobileAbstractKeyword.findElement(MobileAbstractKeyword.groovy:81)
	at com.kms.katalon.core.mobile.keyword.builtin.SetTextKeyword.access$1(SetTextKeyword.groovy)
	at com.kms.katalon.core.mobile.keyword.builtin.SetTextKeyword$_setText_closure1.doCall(SetTextKeyword.groovy:74)
	at com.kms.katalon.core.mobile.keyword.builtin.SetTextKeyword$_setText_closure1.call(SetTextKeyword.groovy)
	at com.kms.katalon.core.mobile.keyword.internal.MobileKeywordMain.runKeyword(MobileKeywordMain.groovy:21)
	at com.kms.katalon.core.mobile.keyword.builtin.SetTextKeyword.setText(SetTextKeyword.groovy:83)
	at com.kms.katalon.core.mobile.keyword.builtin.SetTextKeyword.execute(SetTextKeyword.groovy:66)
	at com.kms.katalon.core.keyword.internal.KeywordExecutor.executeKeywordForPlatform(KeywordExecutor.groovy:74)
	at com.kms.katalon.core.mobile.keyword.MobileBuiltInKeywords.setText(MobileBuiltInKeywords.groovy:1307)
	at com.kms.katalon.core.mobile.keyword.MobileBuiltInKeywords$setText$10.call(Unknown Source)
	at 14 Cierre de Sesion - Tiempo de Inactividad.run(14 Cierre de Sesion - Tiempo de Inactividad:26)
	at com.kms.katalon.core.main.ScriptEngine.run(ScriptEngine.java:194)
	at com.kms.katalon.core.main.ScriptEngine.runScriptAsRawText(ScriptEngine.java:119)
	at com.kms.katalon.core.main.TestCaseExecutor.runScript(TestCaseExecutor.java:445)
	at com.kms.katalon.core.main.TestCaseExecutor.doExecute(TestCaseExecutor.java:436)
	at com.kms.katalon.core.main.TestCaseExecutor.processExecutionPhase(TestCaseExecutor.java:415)
	at com.kms.katalon.core.main.TestCaseExecutor.accessMainPhase(TestCaseExecutor.java:407)
	at com.kms.katalon.core.main.TestCaseExecutor.execute(TestCaseExecutor.java:284)
	at com.kms.katalon.core.common.CommonExecutor.accessTestCaseMainPhase(CommonExecutor.java:65)
	at com.kms.katalon.core.main.TestSuiteExecutor.accessTestSuiteMainPhase(TestSuiteExecutor.java:144)
	at com.kms.katalon.core.main.TestSuiteExecutor.execute(TestSuiteExecutor.java:106)
	at com.kms.katalon.core.main.TestCaseMain.startTestSuite(TestCaseMain.java:185)
	at com.kms.katalon.core.main.TestCaseMain$startTestSuite$0.call(Unknown Source)
	at TempTestSuite1651263721294.run(TempTestSuite1651263721294.groovy:36)
)

2022-04-29 16:30:06 - [TEST_STEP][FAILED] - setText(findTestObject("Login/android.widget.EditText - tipear contrasea"), Contrasena, 0): Failed to set text into element (Root cause: org.openqa.selenium.WebDriverException: An unknown server-side error occurred while processing the command. Original error: 'GET /window/current/size' cannot be proxied to UiAutomator2 server because the instrumentation process is not running (probably crashed). Check the server log and/or the logcat output for more details
Build info: version: '3.141.59', revision: 'e82be7d358', time: '2018-11-14T08:25:53'
System info: host: 'ENDER-LOBO', ip: '192.168.17.1', os.name: 'Windows 10', os.arch: 'amd64', os.version: '10.0', java.version: '1.8.0_282'
Driver info: com.kms.katalon.core.appium.driver.SwipeableAndroidDriver
Capabilities {app: C:\Users\Jesus_Berbin\Docum..., appPackage: com.verticalapps.KonyMobile..., autoGrantPermissions: true, automationName: uiautomator2, chromedriverPort: 64773, databaseEnabled: false, desired: {app: C:\Users\Jesus_Berbin\Docum..., autoGrantPermissions: true, automationName: uiautomator2, chromedriverPort: 64773, deviceId: , deviceName: samsung SM-A105M (Android 11), fullReset: false, newCommandTimeout: 1800, noReset: true, platform: ANDROID, platformName: android, platformVersion: 11, systemPort: 49773, udid: R28M42G369B}, deviceApiLevel: 30, deviceId: , deviceManufacturer: samsung, deviceModel: SM-A105M, deviceName: R28M42G369B, deviceScreenDensity: 300, deviceScreenSize: 720x1520, deviceUDID: R28M42G369B, fullReset: false, javascriptEnabled: true, locationContextEnabled: false, networkConnectionEnabled: true, newCommandTimeout: 1800, noReset: true, pixelRatio: 1.875, platform: ANDROID, platformName: Android, platformVersion: 11, statBarHeight: 54, systemPort: 49773, takesScreenshot: true, udid: R28M42G369B, viewportRect: {height: 1322, left: 0, top: 54, width: 720}, warnings: {}, webStorageEnabled: false}
Session ID: 4b045db7-8c38-4732-922c-d9496a6c375b
	at org.openqa.selenium.remote.http.W3CHttpResponseCodec.createException(W3CHttpResponseCodec.java:187)
	at org.openqa.selenium.remote.http.W3CHttpResponseCodec.decode(W3CHttpResponseCodec.java:122)
	at org.openqa.selenium.remote.http.W3CHttpResponseCodec.decode(W3CHttpResponseCodec.java:49)
	at org.openqa.selenium.remote.HttpCommandExecutor.execute(HttpCommandExecutor.java:158)
	at io.appium.java_client.remote.AppiumCommandExecutor.execute(AppiumCommandExecutor.java:239)
	at org.openqa.selenium.remote.RemoteWebDriver.execute(RemoteWebDriver.java:552)
	at io.appium.java_client.DefaultGenericMobileDriver.execute(DefaultGenericMobileDriver.java:46)
	at io.appium.java_client.AppiumDriver.execute(AppiumDriver.java:1)
	at io.appium.java_client.android.AndroidDriver.execute(AndroidDriver.java:1)
	at com.kms.katalon.core.appium.driver.SwipeableAndroidDriver.execute(SwipeableAndroidDriver.java:1)
	at org.openqa.selenium.remote.RemoteWebDriver$RemoteWebDriverOptions$RemoteWindow.getSize(RemoteWebDriver.java:813)
	at org.openqa.selenium.WebDriver$Window$getSize.call(Unknown Source)
	at com.kms.katalon.core.mobile.keyword.internal.MobileAbstractKeyword.findElement(MobileAbstractKeyword.groovy:81)
	at com.kms.katalon.core.mobile.keyword.builtin.SetTextKeyword.access$1(SetTextKeyword.groovy)
	at com.kms.katalon.core.mobile.keyword.builtin.SetTextKeyword$_setText_closure1.doCall(SetTextKeyword.groovy:74)
	at com.kms.katalon.core.mobile.keyword.builtin.SetTextKeyword$_setText_closure1.call(SetTextKeyword.groovy)
	at com.kms.katalon.core.mobile.keyword.internal.MobileKeywordMain.runKeyword(MobileKeywordMain.groovy:21)
	at com.kms.katalon.core.mobile.keyword.builtin.SetTextKeyword.setText(SetTextKeyword.groovy:83)
	at com.kms.katalon.core.mobile.keyword.builtin.SetTextKeyword.execute(SetTextKeyword.groovy:66)
	at com.kms.katalon.core.keyword.internal.KeywordExecutor.executeKeywordForPlatform(KeywordExecutor.groovy:74)
	at com.kms.katalon.core.mobile.keyword.MobileBuiltInKeywords.setText(MobileBuiltInKeywords.groovy:1307)
	at com.kms.katalon.core.mobile.keyword.MobileBuiltInKeywords$setText$10.call(Unknown Source)
	at 14 Cierre de Sesion - Tiempo de Inactividad.run(14 Cierre de Sesion - Tiempo de Inactividad:28)
	at com.kms.katalon.core.main.ScriptEngine.run(ScriptEngine.java:194)
	at com.kms.katalon.core.main.ScriptEngine.runScriptAsRawText(ScriptEngine.java:119)
	at com.kms.katalon.core.main.TestCaseExecutor.runScript(TestCaseExecutor.java:445)
	at com.kms.katalon.core.main.TestCaseExecutor.doExecute(TestCaseExecutor.java:436)
	at com.kms.katalon.core.main.TestCaseExecutor.processExecutionPhase(TestCaseExecutor.java:415)
	at com.kms.katalon.core.main.TestCaseExecutor.accessMainPhase(TestCaseExecutor.java:407)
	at com.kms.katalon.core.main.TestCaseExecutor.execute(TestCaseExecutor.java:284)
	at com.kms.katalon.core.common.CommonExecutor.accessTestCaseMainPhase(CommonExecutor.java:65)
	at com.kms.katalon.core.main.TestSuiteExecutor.accessTestSuiteMainPhase(TestSuiteExecutor.java:144)
	at com.kms.katalon.core.main.TestSuiteExecutor.execute(TestSuiteExecutor.java:106)
	at com.kms.katalon.core.main.TestCaseMain.startTestSuite(TestCaseMain.java:185)
	at com.kms.katalon.core.main.TestCaseMain$startTestSuite$0.call(Unknown Source)
	at TempTestSuite1651263721294.run(TempTestSuite1651263721294.groovy:36)
)

2022-04-29 16:30:06 - [MESSAGE][WARNING] - Timeout '0' is invalid. Using default page load timeout: '30'

2022-04-29 16:30:07 - [MESSAGE][WARNING] - Cannot take screenshot

2022-04-29 16:30:07 - [MESSAGE][FAILED] - Failed to set text into element (Root cause: org.openqa.selenium.WebDriverException: An unknown server-side error occurred while processing the command. Original error: 'GET /window/current/size' cannot be proxied to UiAutomator2 server because the instrumentation process is not running (probably crashed). Check the server log and/or the logcat output for more details
Build info: version: '3.141.59', revision: 'e82be7d358', time: '2018-11-14T08:25:53'
System info: host: 'ENDER-LOBO', ip: '192.168.17.1', os.name: 'Windows 10', os.arch: 'amd64', os.version: '10.0', java.version: '1.8.0_282'
Driver info: com.kms.katalon.core.appium.driver.SwipeableAndroidDriver
Capabilities {app: C:\Users\Jesus_Berbin\Docum..., appPackage: com.verticalapps.KonyMobile..., autoGrantPermissions: true, automationName: uiautomator2, chromedriverPort: 64773, databaseEnabled: false, desired: {app: C:\Users\Jesus_Berbin\Docum..., autoGrantPermissions: true, automationName: uiautomator2, chromedriverPort: 64773, deviceId: , deviceName: samsung SM-A105M (Android 11), fullReset: false, newCommandTimeout: 1800, noReset: true, platform: ANDROID, platformName: android, platformVersion: 11, systemPort: 49773, udid: R28M42G369B}, deviceApiLevel: 30, deviceId: , deviceManufacturer: samsung, deviceModel: SM-A105M, deviceName: R28M42G369B, deviceScreenDensity: 300, deviceScreenSize: 720x1520, deviceUDID: R28M42G369B, fullReset: false, javascriptEnabled: true, locationContextEnabled: false, networkConnectionEnabled: true, newCommandTimeout: 1800, noReset: true, pixelRatio: 1.875, platform: ANDROID, platformName: Android, platformVersion: 11, statBarHeight: 54, systemPort: 49773, takesScreenshot: true, udid: R28M42G369B, viewportRect: {height: 1322, left: 0, top: 54, width: 720}, warnings: {}, webStorageEnabled: false}
Session ID: 4b045db7-8c38-4732-922c-d9496a6c375b
	at org.openqa.selenium.remote.http.W3CHttpResponseCodec.createException(W3CHttpResponseCodec.java:187)
	at org.openqa.selenium.remote.http.W3CHttpResponseCodec.decode(W3CHttpResponseCodec.java:122)
	at org.openqa.selenium.remote.http.W3CHttpResponseCodec.decode(W3CHttpResponseCodec.java:49)
	at org.openqa.selenium.remote.HttpCommandExecutor.execute(HttpCommandExecutor.java:158)
	at io.appium.java_client.remote.AppiumCommandExecutor.execute(AppiumCommandExecutor.java:239)
	at org.openqa.selenium.remote.RemoteWebDriver.execute(RemoteWebDriver.java:552)
	at io.appium.java_client.DefaultGenericMobileDriver.execute(DefaultGenericMobileDriver.java:46)
	at io.appium.java_client.AppiumDriver.execute(AppiumDriver.java:1)
	at io.appium.java_client.android.AndroidDriver.execute(AndroidDriver.java:1)
	at com.kms.katalon.core.appium.driver.SwipeableAndroidDriver.execute(SwipeableAndroidDriver.java:1)
	at org.openqa.selenium.remote.RemoteWebDriver$RemoteWebDriverOptions$RemoteWindow.getSize(RemoteWebDriver.java:813)
	at org.openqa.selenium.WebDriver$Window$getSize.call(Unknown Source)
	at com.kms.katalon.core.mobile.keyword.internal.MobileAbstractKeyword.findElement(MobileAbstractKeyword.groovy:81)
	at com.kms.katalon.core.mobile.keyword.builtin.SetTextKeyword.access$1(SetTextKeyword.groovy)
	at com.kms.katalon.core.mobile.keyword.builtin.SetTextKeyword$_setText_closure1.doCall(SetTextKeyword.groovy:74)
	at com.kms.katalon.core.mobile.keyword.builtin.SetTextKeyword$_setText_closure1.call(SetTextKeyword.groovy)
	at com.kms.katalon.core.mobile.keyword.internal.MobileKeywordMain.runKeyword(MobileKeywordMain.groovy:21)
	at com.kms.katalon.core.mobile.keyword.builtin.SetTextKeyword.setText(SetTextKeyword.groovy:83)
	at com.kms.katalon.core.mobile.keyword.builtin.SetTextKeyword.execute(SetTextKeyword.groovy:66)
	at com.kms.katalon.core.keyword.internal.KeywordExecutor.executeKeywordForPlatform(KeywordExecutor.groovy:74)
	at com.kms.katalon.core.mobile.keyword.MobileBuiltInKeywords.setText(MobileBuiltInKeywords.groovy:1307)
	at com.kms.katalon.core.mobile.keyword.MobileBuiltInKeywords$setText$10.call(Unknown Source)
	at 14 Cierre de Sesion - Tiempo de Inactividad.run(14 Cierre de Sesion - Tiempo de Inactividad:28)
	at com.kms.katalon.core.main.ScriptEngine.run(ScriptEngine.java:194)
	at com.kms.katalon.core.main.ScriptEngine.runScriptAsRawText(ScriptEngine.java:119)
	at com.kms.katalon.core.main.TestCaseExecutor.runScript(TestCaseExecutor.java:445)
	at com.kms.katalon.core.main.TestCaseExecutor.doExecute(TestCaseExecutor.java:436)
	at com.kms.katalon.core.main.TestCaseExecutor.processExecutionPhase(TestCaseExecutor.java:415)
	at com.kms.katalon.core.main.TestCaseExecutor.accessMainPhase(TestCaseExecutor.java:407)
	at com.kms.katalon.core.main.TestCaseExecutor.execute(TestCaseExecutor.java:284)
	at com.kms.katalon.core.common.CommonExecutor.accessTestCaseMainPhase(CommonExecutor.java:65)
	at com.kms.katalon.core.main.TestSuiteExecutor.accessTestSuiteMainPhase(TestSuiteExecutor.java:144)
	at com.kms.katalon.core.main.TestSuiteExecutor.execute(TestSuiteExecutor.java:106)
	at com.kms.katalon.core.main.TestCaseMain.startTestSuite(TestCaseMain.java:185)
	at com.kms.katalon.core.main.TestCaseMain$startTestSuite$0.call(Unknown Source)
	at TempTestSuite1651263721294.run(TempTestSuite1651263721294.groovy:36)
)

2022-04-29 16:30:07 - [TEST_STEP][FAILED] - tap(findTestObject("Object Repository/cierre de sesion/android.widget.Button - Ingresar"), 0): Failed to tap on element 'Object Repository/cierre de sesion/android.widget.Button - Ingresar' (Root cause: org.openqa.selenium.WebDriverException: An unknown server-side error occurred while processing the command. Original error: 'GET /window/current/size' cannot be proxied to UiAutomator2 server because the instrumentation process is not running (probably crashed). Check the server log and/or the logcat output for more details
Build info: version: '3.141.59', revision: 'e82be7d358', time: '2018-11-14T08:25:53'
System info: host: 'ENDER-LOBO', ip: '192.168.17.1', os.name: 'Windows 10', os.arch: 'amd64', os.version: '10.0', java.version: '1.8.0_282'
Driver info: com.kms.katalon.core.appium.driver.SwipeableAndroidDriver
Capabilities {app: C:\Users\Jesus_Berbin\Docum..., appPackage: com.verticalapps.KonyMobile..., autoGrantPermissions: true, automationName: uiautomator2, chromedriverPort: 64773, databaseEnabled: false, desired: {app: C:\Users\Jesus_Berbin\Docum..., autoGrantPermissions: true, automationName: uiautomator2, chromedriverPort: 64773, deviceId: , deviceName: samsung SM-A105M (Android 11), fullReset: false, newCommandTimeout: 1800, noReset: true, platform: ANDROID, platformName: android, platformVersion: 11, systemPort: 49773, udid: R28M42G369B}, deviceApiLevel: 30, deviceId: , deviceManufacturer: samsung, deviceModel: SM-A105M, deviceName: R28M42G369B, deviceScreenDensity: 300, deviceScreenSize: 720x1520, deviceUDID: R28M42G369B, fullReset: false, javascriptEnabled: true, locationContextEnabled: false, networkConnectionEnabled: true, newCommandTimeout: 1800, noReset: true, pixelRatio: 1.875, platform: ANDROID, platformName: Android, platformVersion: 11, statBarHeight: 54, systemPort: 49773, takesScreenshot: true, udid: R28M42G369B, viewportRect: {height: 1322, left: 0, top: 54, width: 720}, warnings: {}, webStorageEnabled: false}
Session ID: 4b045db7-8c38-4732-922c-d9496a6c375b
	at org.openqa.selenium.remote.http.W3CHttpResponseCodec.createException(W3CHttpResponseCodec.java:187)
	at org.openqa.selenium.remote.http.W3CHttpResponseCodec.decode(W3CHttpResponseCodec.java:122)
	at org.openqa.selenium.remote.http.W3CHttpResponseCodec.decode(W3CHttpResponseCodec.java:49)
	at org.openqa.selenium.remote.HttpCommandExecutor.execute(HttpCommandExecutor.java:158)
	at io.appium.java_client.remote.AppiumCommandExecutor.execute(AppiumCommandExecutor.java:239)
	at org.openqa.selenium.remote.RemoteWebDriver.execute(RemoteWebDriver.java:552)
	at io.appium.java_client.DefaultGenericMobileDriver.execute(DefaultGenericMobileDriver.java:46)
	at io.appium.java_client.AppiumDriver.execute(AppiumDriver.java:1)
	at io.appium.java_client.android.AndroidDriver.execute(AndroidDriver.java:1)
	at com.kms.katalon.core.appium.driver.SwipeableAndroidDriver.execute(SwipeableAndroidDriver.java:1)
	at org.openqa.selenium.remote.RemoteWebDriver$RemoteWebDriverOptions$RemoteWindow.getSize(RemoteWebDriver.java:813)
	at org.openqa.selenium.WebDriver$Window$getSize.call(Unknown Source)
	at com.kms.katalon.core.mobile.keyword.internal.MobileAbstractKeyword.findElement(MobileAbstractKeyword.groovy:81)
	at com.kms.katalon.core.mobile.keyword.builtin.TapKeyword.access$1(TapKeyword.groovy)
	at com.kms.katalon.core.mobile.keyword.builtin.TapKeyword$_tap_closure1.doCall(TapKeyword.groovy:76)
	at com.kms.katalon.core.mobile.keyword.builtin.TapKeyword$_tap_closure1.call(TapKeyword.groovy)
	at com.kms.katalon.core.mobile.keyword.internal.MobileKeywordMain.runKeyword(MobileKeywordMain.groovy:21)
	at com.kms.katalon.core.mobile.keyword.builtin.TapKeyword.tap(TapKeyword.groovy:84)
	at com.kms.katalon.core.mobile.keyword.builtin.TapKeyword.execute(TapKeyword.groovy:68)
	at com.kms.katalon.core.keyword.internal.KeywordExecutor.executeKeywordForPlatform(KeywordExecutor.groovy:74)
	at com.kms.katalon.core.mobile.keyword.MobileBuiltInKeywords.tap(MobileBuiltInKeywords.groovy:1490)
	at com.kms.katalon.core.mobile.keyword.MobileBuiltInKeywords$tap$3.call(Unknown Source)
	at 14 Cierre de Sesion - Tiempo de Inactividad.run(14 Cierre de Sesion - Tiempo de Inactividad:30)
	at com.kms.katalon.core.main.ScriptEngine.run(ScriptEngine.java:194)
	at com.kms.katalon.core.main.ScriptEngine.runScriptAsRawText(ScriptEngine.java:119)
	at com.kms.katalon.core.main.TestCaseExecutor.runScript(TestCaseExecutor.java:445)
	at com.kms.katalon.core.main.TestCaseExecutor.doExecute(TestCaseExecutor.java:436)
	at com.kms.katalon.core.main.TestCaseExecutor.processExecutionPhase(TestCaseExecutor.java:415)
	at com.kms.katalon.core.main.TestCaseExecutor.accessMainPhase(TestCaseExecutor.java:407)
	at com.kms.katalon.core.main.TestCaseExecutor.execute(TestCaseExecutor.java:284)
	at com.kms.katalon.core.common.CommonExecutor.accessTestCaseMainPhase(CommonExecutor.java:65)
	at com.kms.katalon.core.main.TestSuiteExecutor.accessTestSuiteMainPhase(TestSuiteExecutor.java:144)
	at com.kms.katalon.core.main.TestSuiteExecutor.execute(TestSuiteExecutor.java:106)
	at com.kms.katalon.core.main.TestCaseMain.startTestSuite(TestCaseMain.java:185)
	at com.kms.katalon.core.main.TestCaseMain$startTestSuite$0.call(Unknown Source)
	at TempTestSuite1651263721294.run(TempTestSuite1651263721294.groovy:36)
)

2022-04-29 16:30:07 - [MESSAGE][WARNING] - Timeout '0' is invalid. Using default page load timeout: '30'

2022-04-29 16:30:07 - [MESSAGE][WARNING] - Cannot take screenshot

2022-04-29 16:30:07 - [MESSAGE][FAILED] - Failed to tap on element 'Object Repository/cierre de sesion/android.widget.Button - Ingresar' (Root cause: org.openqa.selenium.WebDriverException: An unknown server-side error occurred while processing the command. Original error: 'GET /window/current/size' cannot be proxied to UiAutomator2 server because the instrumentation process is not running (probably crashed). Check the server log and/or the logcat output for more details
Build info: version: '3.141.59', revision: 'e82be7d358', time: '2018-11-14T08:25:53'
System info: host: 'ENDER-LOBO', ip: '192.168.17.1', os.name: 'Windows 10', os.arch: 'amd64', os.version: '10.0', java.version: '1.8.0_282'
Driver info: com.kms.katalon.core.appium.driver.SwipeableAndroidDriver
Capabilities {app: C:\Users\Jesus_Berbin\Docum..., appPackage: com.verticalapps.KonyMobile..., autoGrantPermissions: true, automationName: uiautomator2, chromedriverPort: 64773, databaseEnabled: false, desired: {app: C:\Users\Jesus_Berbin\Docum..., autoGrantPermissions: true, automationName: uiautomator2, chromedriverPort: 64773, deviceId: , deviceName: samsung SM-A105M (Android 11), fullReset: false, newCommandTimeout: 1800, noReset: true, platform: ANDROID, platformName: android, platformVersion: 11, systemPort: 49773, udid: R28M42G369B}, deviceApiLevel: 30, deviceId: , deviceManufacturer: samsung, deviceModel: SM-A105M, deviceName: R28M42G369B, deviceScreenDensity: 300, deviceScreenSize: 720x1520, deviceUDID: R28M42G369B, fullReset: false, javascriptEnabled: true, locationContextEnabled: false, networkConnectionEnabled: true, newCommandTimeout: 1800, noReset: true, pixelRatio: 1.875, platform: ANDROID, platformName: Android, platformVersion: 11, statBarHeight: 54, systemPort: 49773, takesScreenshot: true, udid: R28M42G369B, viewportRect: {height: 1322, left: 0, top: 54, width: 720}, warnings: {}, webStorageEnabled: false}
Session ID: 4b045db7-8c38-4732-922c-d9496a6c375b
	at org.openqa.selenium.remote.http.W3CHttpResponseCodec.createException(W3CHttpResponseCodec.java:187)
	at org.openqa.selenium.remote.http.W3CHttpResponseCodec.decode(W3CHttpResponseCodec.java:122)
	at org.openqa.selenium.remote.http.W3CHttpResponseCodec.decode(W3CHttpResponseCodec.java:49)
	at org.openqa.selenium.remote.HttpCommandExecutor.execute(HttpCommandExecutor.java:158)
	at io.appium.java_client.remote.AppiumCommandExecutor.execute(AppiumCommandExecutor.java:239)
	at org.openqa.selenium.remote.RemoteWebDriver.execute(RemoteWebDriver.java:552)
	at io.appium.java_client.DefaultGenericMobileDriver.execute(DefaultGenericMobileDriver.java:46)
	at io.appium.java_client.AppiumDriver.execute(AppiumDriver.java:1)
	at io.appium.java_client.android.AndroidDriver.execute(AndroidDriver.java:1)
	at com.kms.katalon.core.appium.driver.SwipeableAndroidDriver.execute(SwipeableAndroidDriver.java:1)
	at org.openqa.selenium.remote.RemoteWebDriver$RemoteWebDriverOptions$RemoteWindow.getSize(RemoteWebDriver.java:813)
	at org.openqa.selenium.WebDriver$Window$getSize.call(Unknown Source)
	at com.kms.katalon.core.mobile.keyword.internal.MobileAbstractKeyword.findElement(MobileAbstractKeyword.groovy:81)
	at com.kms.katalon.core.mobile.keyword.builtin.TapKeyword.access$1(TapKeyword.groovy)
	at com.kms.katalon.core.mobile.keyword.builtin.TapKeyword$_tap_closure1.doCall(TapKeyword.groovy:76)
	at com.kms.katalon.core.mobile.keyword.builtin.TapKeyword$_tap_closure1.call(TapKeyword.groovy)
	at com.kms.katalon.core.mobile.keyword.internal.MobileKeywordMain.runKeyword(MobileKeywordMain.groovy:21)
	at com.kms.katalon.core.mobile.keyword.builtin.TapKeyword.tap(TapKeyword.groovy:84)
	at com.kms.katalon.core.mobile.keyword.builtin.TapKeyword.execute(TapKeyword.groovy:68)
	at com.kms.katalon.core.keyword.internal.KeywordExecutor.executeKeywordForPlatform(KeywordExecutor.groovy:74)
	at com.kms.katalon.core.mobile.keyword.MobileBuiltInKeywords.tap(MobileBuiltInKeywords.groovy:1490)
	at com.kms.katalon.core.mobile.keyword.MobileBuiltInKeywords$tap$3.call(Unknown Source)
	at 14 Cierre de Sesion - Tiempo de Inactividad.run(14 Cierre de Sesion - Tiempo de Inactividad:30)
	at com.kms.katalon.core.main.ScriptEngine.run(ScriptEngine.java:194)
	at com.kms.katalon.core.main.ScriptEngine.runScriptAsRawText(ScriptEngine.java:119)
	at com.kms.katalon.core.main.TestCaseExecutor.runScript(TestCaseExecutor.java:445)
	at com.kms.katalon.core.main.TestCaseExecutor.doExecute(TestCaseExecutor.java:436)
	at com.kms.katalon.core.main.TestCaseExecutor.processExecutionPhase(TestCaseExecutor.java:415)
	at com.kms.katalon.core.main.TestCaseExecutor.accessMainPhase(TestCaseExecutor.java:407)
	at com.kms.katalon.core.main.TestCaseExecutor.execute(TestCaseExecutor.java:284)
	at com.kms.katalon.core.common.CommonExecutor.accessTestCaseMainPhase(CommonExecutor.java:65)
	at com.kms.katalon.core.main.TestSuiteExecutor.accessTestSuiteMainPhase(TestSuiteExecutor.java:144)
	at com.kms.katalon.core.main.TestSuiteExecutor.execute(TestSuiteExecutor.java:106)
	at com.kms.katalon.core.main.TestCaseMain.startTestSuite(TestCaseMain.java:185)
	at com.kms.katalon.core.main.TestCaseMain$startTestSuite$0.call(Unknown Source)
	at TempTestSuite1651263721294.run(TempTestSuite1651263721294.groovy:36)
)

2022-04-29 16:30:07 - [TEST_STEP][PASSED] - delay(300, CONTINUE_ON_FAILURE): Delayed 300 second(s)

2022-04-29 16:35:07 - [MESSAGE][PASSED] - Delayed 300 second(s)

2022-04-29 16:35:07 - [TEST_STEP][FAILED] - MensajeInactividad = getText(findTestObject("cierre de sesion/android.widget.TextView - Sesin cerrada por inactividad. Ingres de nuevo"), 0): Failed to get text from element (Root cause: org.openqa.selenium.WebDriverException: An unknown server-side error occurred while processing the command. Original error: 'GET /window/current/size' cannot be proxied to UiAutomator2 server because the instrumentation process is not running (probably crashed). Check the server log and/or the logcat output for more details
Build info: version: '3.141.59', revision: 'e82be7d358', time: '2018-11-14T08:25:53'
System info: host: 'ENDER-LOBO', ip: '192.168.17.1', os.name: 'Windows 10', os.arch: 'amd64', os.version: '10.0', java.version: '1.8.0_282'
Driver info: com.kms.katalon.core.appium.driver.SwipeableAndroidDriver
Capabilities {app: C:\Users\Jesus_Berbin\Docum..., appPackage: com.verticalapps.KonyMobile..., autoGrantPermissions: true, automationName: uiautomator2, chromedriverPort: 64773, databaseEnabled: false, desired: {app: C:\Users\Jesus_Berbin\Docum..., autoGrantPermissions: true, automationName: uiautomator2, chromedriverPort: 64773, deviceId: , deviceName: samsung SM-A105M (Android 11), fullReset: false, newCommandTimeout: 1800, noReset: true, platform: ANDROID, platformName: android, platformVersion: 11, systemPort: 49773, udid: R28M42G369B}, deviceApiLevel: 30, deviceId: , deviceManufacturer: samsung, deviceModel: SM-A105M, deviceName: R28M42G369B, deviceScreenDensity: 300, deviceScreenSize: 720x1520, deviceUDID: R28M42G369B, fullReset: false, javascriptEnabled: true, locationContextEnabled: false, networkConnectionEnabled: true, newCommandTimeout: 1800, noReset: true, pixelRatio: 1.875, platform: ANDROID, platformName: Android, platformVersion: 11, statBarHeight: 54, systemPort: 49773, takesScreenshot: true, udid: R28M42G369B, viewportRect: {height: 1322, left: 0, top: 54, width: 720}, warnings: {}, webStorageEnabled: false}
Session ID: 4b045db7-8c38-4732-922c-d9496a6c375b
	at org.openqa.selenium.remote.http.W3CHttpResponseCodec.createException(W3CHttpResponseCodec.java:187)
	at org.openqa.selenium.remote.http.W3CHttpResponseCodec.decode(W3CHttpResponseCodec.java:122)
	at org.openqa.selenium.remote.http.W3CHttpResponseCodec.decode(W3CHttpResponseCodec.java:49)
	at org.openqa.selenium.remote.HttpCommandExecutor.execute(HttpCommandExecutor.java:158)
	at io.appium.java_client.remote.AppiumCommandExecutor.execute(AppiumCommandExecutor.java:239)
	at org.openqa.selenium.remote.RemoteWebDriver.execute(RemoteWebDriver.java:552)
	at io.appium.java_client.DefaultGenericMobileDriver.execute(DefaultGenericMobileDriver.java:46)
	at io.appium.java_client.AppiumDriver.execute(AppiumDriver.java:1)
	at io.appium.java_client.android.AndroidDriver.execute(AndroidDriver.java:1)
	at com.kms.katalon.core.appium.driver.SwipeableAndroidDriver.execute(SwipeableAndroidDriver.java:1)
	at org.openqa.selenium.remote.RemoteWebDriver$RemoteWebDriverOptions$RemoteWindow.getSize(RemoteWebDriver.java:813)
	at org.openqa.selenium.WebDriver$Window$getSize.call(Unknown Source)
	at com.kms.katalon.core.mobile.keyword.internal.MobileAbstractKeyword.findElement(MobileAbstractKeyword.groovy:81)
	at com.kms.katalon.core.mobile.keyword.builtin.GetTextKeyword.access$1(GetTextKeyword.groovy)
	at com.kms.katalon.core.mobile.keyword.builtin.GetTextKeyword$_getText_closure1.doCall(GetTextKeyword.groovy:72)
	at com.kms.katalon.core.mobile.keyword.builtin.GetTextKeyword$_getText_closure1.call(GetTextKeyword.groovy)
	at com.kms.katalon.core.mobile.keyword.internal.MobileKeywordMain.runKeyword(MobileKeywordMain.groovy:21)
	at com.kms.katalon.core.mobile.keyword.builtin.GetTextKeyword.getText(GetTextKeyword.groovy:80)
	at com.kms.katalon.core.mobile.keyword.builtin.GetTextKeyword.execute(GetTextKeyword.groovy:64)
	at com.kms.katalon.core.keyword.internal.KeywordExecutor.executeKeywordForPlatform(KeywordExecutor.groovy:74)
	at com.kms.katalon.core.mobile.keyword.MobileBuiltInKeywords.getText(MobileBuiltInKeywords.groovy:1274)
	at com.kms.katalon.core.mobile.keyword.MobileBuiltInKeywords$getText$0.call(Unknown Source)
	at 14 Cierre de Sesion - Tiempo de Inactividad.run(14 Cierre de Sesion - Tiempo de Inactividad:34)
	at com.kms.katalon.core.main.ScriptEngine.run(ScriptEngine.java:194)
	at com.kms.katalon.core.main.ScriptEngine.runScriptAsRawText(ScriptEngine.java:119)
	at com.kms.katalon.core.main.TestCaseExecutor.runScript(TestCaseExecutor.java:445)
	at com.kms.katalon.core.main.TestCaseExecutor.doExecute(TestCaseExecutor.java:436)
	at com.kms.katalon.core.main.TestCaseExecutor.processExecutionPhase(TestCaseExecutor.java:415)
	at com.kms.katalon.core.main.TestCaseExecutor.accessMainPhase(TestCaseExecutor.java:407)
	at com.kms.katalon.core.main.TestCaseExecutor.execute(TestCaseExecutor.java:284)
	at com.kms.katalon.core.common.CommonExecutor.accessTestCaseMainPhase(CommonExecutor.java:65)
	at com.kms.katalon.core.main.TestSuiteExecutor.accessTestSuiteMainPhase(TestSuiteExecutor.java:144)
	at com.kms.katalon.core.main.TestSuiteExecutor.execute(TestSuiteExecutor.java:106)
	at com.kms.katalon.core.main.TestCaseMain.startTestSuite(TestCaseMain.java:185)
	at com.kms.katalon.core.main.TestCaseMain$startTestSuite$0.call(Unknown Source)
	at TempTestSuite1651263721294.run(TempTestSuite1651263721294.groovy:36)
)

2022-04-29 16:35:07 - [MESSAGE][WARNING] - Timeout '0' is invalid. Using default page load timeout: '30'

2022-04-29 16:35:07 - [MESSAGE][WARNING] - Cannot take screenshot

2022-04-29 16:35:07 - [MESSAGE][FAILED] - Failed to get text from element (Root cause: org.openqa.selenium.WebDriverException: An unknown server-side error occurred while processing the command. Original error: 'GET /window/current/size' cannot be proxied to UiAutomator2 server because the instrumentation process is not running (probably crashed). Check the server log and/or the logcat output for more details
Build info: version: '3.141.59', revision: 'e82be7d358', time: '2018-11-14T08:25:53'
System info: host: 'ENDER-LOBO', ip: '192.168.17.1', os.name: 'Windows 10', os.arch: 'amd64', os.version: '10.0', java.version: '1.8.0_282'
Driver info: com.kms.katalon.core.appium.driver.SwipeableAndroidDriver
Capabilities {app: C:\Users\Jesus_Berbin\Docum..., appPackage: com.verticalapps.KonyMobile..., autoGrantPermissions: true, automationName: uiautomator2, chromedriverPort: 64773, databaseEnabled: false, desired: {app: C:\Users\Jesus_Berbin\Docum..., autoGrantPermissions: true, automationName: uiautomator2, chromedriverPort: 64773, deviceId: , deviceName: samsung SM-A105M (Android 11), fullReset: false, newCommandTimeout: 1800, noReset: true, platform: ANDROID, platformName: android, platformVersion: 11, systemPort: 49773, udid: R28M42G369B}, deviceApiLevel: 30, deviceId: , deviceManufacturer: samsung, deviceModel: SM-A105M, deviceName: R28M42G369B, deviceScreenDensity: 300, deviceScreenSize: 720x1520, deviceUDID: R28M42G369B, fullReset: false, javascriptEnabled: true, locationContextEnabled: false, networkConnectionEnabled: true, newCommandTimeout: 1800, noReset: true, pixelRatio: 1.875, platform: ANDROID, platformName: Android, platformVersion: 11, statBarHeight: 54, systemPort: 49773, takesScreenshot: true, udid: R28M42G369B, viewportRect: {height: 1322, left: 0, top: 54, width: 720}, warnings: {}, webStorageEnabled: false}
Session ID: 4b045db7-8c38-4732-922c-d9496a6c375b
	at org.openqa.selenium.remote.http.W3CHttpResponseCodec.createException(W3CHttpResponseCodec.java:187)
	at org.openqa.selenium.remote.http.W3CHttpResponseCodec.decode(W3CHttpResponseCodec.java:122)
	at org.openqa.selenium.remote.http.W3CHttpResponseCodec.decode(W3CHttpResponseCodec.java:49)
	at org.openqa.selenium.remote.HttpCommandExecutor.execute(HttpCommandExecutor.java:158)
	at io.appium.java_client.remote.AppiumCommandExecutor.execute(AppiumCommandExecutor.java:239)
	at org.openqa.selenium.remote.RemoteWebDriver.execute(RemoteWebDriver.java:552)
	at io.appium.java_client.DefaultGenericMobileDriver.execute(DefaultGenericMobileDriver.java:46)
	at io.appium.java_client.AppiumDriver.execute(AppiumDriver.java:1)
	at io.appium.java_client.android.AndroidDriver.execute(AndroidDriver.java:1)
	at com.kms.katalon.core.appium.driver.SwipeableAndroidDriver.execute(SwipeableAndroidDriver.java:1)
	at org.openqa.selenium.remote.RemoteWebDriver$RemoteWebDriverOptions$RemoteWindow.getSize(RemoteWebDriver.java:813)
	at org.openqa.selenium.WebDriver$Window$getSize.call(Unknown Source)
	at com.kms.katalon.core.mobile.keyword.internal.MobileAbstractKeyword.findElement(MobileAbstractKeyword.groovy:81)
	at com.kms.katalon.core.mobile.keyword.builtin.GetTextKeyword.access$1(GetTextKeyword.groovy)
	at com.kms.katalon.core.mobile.keyword.builtin.GetTextKeyword$_getText_closure1.doCall(GetTextKeyword.groovy:72)
	at com.kms.katalon.core.mobile.keyword.builtin.GetTextKeyword$_getText_closure1.call(GetTextKeyword.groovy)
	at com.kms.katalon.core.mobile.keyword.internal.MobileKeywordMain.runKeyword(MobileKeywordMain.groovy:21)
	at com.kms.katalon.core.mobile.keyword.builtin.GetTextKeyword.getText(GetTextKeyword.groovy:80)
	at com.kms.katalon.core.mobile.keyword.builtin.GetTextKeyword.execute(GetTextKeyword.groovy:64)
	at com.kms.katalon.core.keyword.internal.KeywordExecutor.executeKeywordForPlatform(KeywordExecutor.groovy:74)
	at com.kms.katalon.core.mobile.keyword.MobileBuiltInKeywords.getText(MobileBuiltInKeywords.groovy:1274)
	at com.kms.katalon.core.mobile.keyword.MobileBuiltInKeywords$getText$0.call(Unknown Source)
	at 14 Cierre de Sesion - Tiempo de Inactividad.run(14 Cierre de Sesion - Tiempo de Inactividad:34)
	at com.kms.katalon.core.main.ScriptEngine.run(ScriptEngine.java:194)
	at com.kms.katalon.core.main.ScriptEngine.runScriptAsRawText(ScriptEngine.java:119)
	at com.kms.katalon.core.main.TestCaseExecutor.runScript(TestCaseExecutor.java:445)
	at com.kms.katalon.core.main.TestCaseExecutor.doExecute(TestCaseExecutor.java:436)
	at com.kms.katalon.core.main.TestCaseExecutor.processExecutionPhase(TestCaseExecutor.java:415)
	at com.kms.katalon.core.main.TestCaseExecutor.accessMainPhase(TestCaseExecutor.java:407)
	at com.kms.katalon.core.main.TestCaseExecutor.execute(TestCaseExecutor.java:284)
	at com.kms.katalon.core.common.CommonExecutor.accessTestCaseMainPhase(CommonExecutor.java:65)
	at com.kms.katalon.core.main.TestSuiteExecutor.accessTestSuiteMainPhase(TestSuiteExecutor.java:144)
	at com.kms.katalon.core.main.TestSuiteExecutor.execute(TestSuiteExecutor.java:106)
	at com.kms.katalon.core.main.TestCaseMain.startTestSuite(TestCaseMain.java:185)
	at com.kms.katalon.core.main.TestCaseMain$startTestSuite$0.call(Unknown Source)
	at TempTestSuite1651263721294.run(TempTestSuite1651263721294.groovy:36)
)

2022-04-29 16:35:07 - [TEST_STEP][FAILED] - verifyEqual(MensajeInactividad, "Sesión cerrada por inactividad. Ingresá de nuevo."): Unable to verify equal between actual object '' and expected object 'Sesión cerrada por inactividad. Ingresá de nuevo.' (Root cause: com.kms.katalon.core.exception.StepFailedException: Actual object '' and expected object 'Sesión cerrada por inactividad. Ingresá de nuevo.' are not equal
	at com.kms.katalon.core.keyword.builtin.VerifyEqualKeyword$_verifyEqual_closure1.doCall(VerifyEqualKeyword.groovy:58)
	at com.kms.katalon.core.keyword.builtin.VerifyEqualKeyword$_verifyEqual_closure1.call(VerifyEqualKeyword.groovy)
	at com.kms.katalon.core.keyword.internal.KeywordMain.runKeyword(KeywordMain.groovy:74)
	at com.kms.katalon.core.keyword.builtin.VerifyEqualKeyword.verifyEqual(VerifyEqualKeyword.groovy:63)
	at com.kms.katalon.core.keyword.builtin.VerifyEqualKeyword.execute(VerifyEqualKeyword.groovy:44)
	at com.kms.katalon.core.keyword.internal.KeywordExecutor.executeKeywordForPlatform(KeywordExecutor.groovy:74)
	at com.kms.katalon.core.keyword.BuiltinKeywords.verifyEqual(BuiltinKeywords.groovy:141)
	at 14 Cierre de Sesion - Tiempo de Inactividad.run(14 Cierre de Sesion - Tiempo de Inactividad:37)
	at com.kms.katalon.core.main.ScriptEngine.run(ScriptEngine.java:194)
	at com.kms.katalon.core.main.ScriptEngine.runScriptAsRawText(ScriptEngine.java:119)
	at com.kms.katalon.core.main.TestCaseExecutor.runScript(TestCaseExecutor.java:445)
	at com.kms.katalon.core.main.TestCaseExecutor.doExecute(TestCaseExecutor.java:436)
	at com.kms.katalon.core.main.TestCaseExecutor.processExecutionPhase(TestCaseExecutor.java:415)
	at com.kms.katalon.core.main.TestCaseExecutor.accessMainPhase(TestCaseExecutor.java:407)
	at com.kms.katalon.core.main.TestCaseExecutor.execute(TestCaseExecutor.java:284)
	at com.kms.katalon.core.common.CommonExecutor.accessTestCaseMainPhase(CommonExecutor.java:65)
	at com.kms.katalon.core.main.TestSuiteExecutor.accessTestSuiteMainPhase(TestSuiteExecutor.java:144)
	at com.kms.katalon.core.main.TestSuiteExecutor.execute(TestSuiteExecutor.java:106)
	at com.kms.katalon.core.main.TestCaseMain.startTestSuite(TestCaseMain.java:185)
	at com.kms.katalon.core.main.TestCaseMain$startTestSuite$0.call(Unknown Source)
	at TempTestSuite1651263721294.run(TempTestSuite1651263721294.groovy:36)
)

2022-04-29 16:35:07 - [MESSAGE][FAILED] - Unable to verify equal between actual object '' and expected object 'Sesión cerrada por inactividad. Ingresá de nuevo.' (Root cause: com.kms.katalon.core.exception.StepFailedException: Actual object '' and expected object 'Sesión cerrada por inactividad. Ingresá de nuevo.' are not equal
	at com.kms.katalon.core.keyword.builtin.VerifyEqualKeyword$_verifyEqual_closure1.doCall(VerifyEqualKeyword.groovy:58)
	at com.kms.katalon.core.keyword.builtin.VerifyEqualKeyword$_verifyEqual_closure1.call(VerifyEqualKeyword.groovy)
	at com.kms.katalon.core.keyword.internal.KeywordMain.runKeyword(KeywordMain.groovy:74)
	at com.kms.katalon.core.keyword.builtin.VerifyEqualKeyword.verifyEqual(VerifyEqualKeyword.groovy:63)
	at com.kms.katalon.core.keyword.builtin.VerifyEqualKeyword.execute(VerifyEqualKeyword.groovy:44)
	at com.kms.katalon.core.keyword.internal.KeywordExecutor.executeKeywordForPlatform(KeywordExecutor.groovy:74)
	at com.kms.katalon.core.keyword.BuiltinKeywords.verifyEqual(BuiltinKeywords.groovy:141)
	at 14 Cierre de Sesion - Tiempo de Inactividad.run(14 Cierre de Sesion - Tiempo de Inactividad:37)
	at com.kms.katalon.core.main.ScriptEngine.run(ScriptEngine.java:194)
	at com.kms.katalon.core.main.ScriptEngine.runScriptAsRawText(ScriptEngine.java:119)
	at com.kms.katalon.core.main.TestCaseExecutor.runScript(TestCaseExecutor.java:445)
	at com.kms.katalon.core.main.TestCaseExecutor.doExecute(TestCaseExecutor.java:436)
	at com.kms.katalon.core.main.TestCaseExecutor.processExecutionPhase(TestCaseExecutor.java:415)
	at com.kms.katalon.core.main.TestCaseExecutor.accessMainPhase(TestCaseExecutor.java:407)
	at com.kms.katalon.core.main.TestCaseExecutor.execute(TestCaseExecutor.java:284)
	at com.kms.katalon.core.common.CommonExecutor.accessTestCaseMainPhase(CommonExecutor.java:65)
	at com.kms.katalon.core.main.TestSuiteExecutor.accessTestSuiteMainPhase(TestSuiteExecutor.java:144)
	at com.kms.katalon.core.main.TestSuiteExecutor.execute(TestSuiteExecutor.java:106)
	at com.kms.katalon.core.main.TestCaseMain.startTestSuite(TestCaseMain.java:185)
	at com.kms.katalon.core.main.TestCaseMain$startTestSuite$0.call(Unknown Source)
	at TempTestSuite1651263721294.run(TempTestSuite1651263721294.groovy:36)
)]]></system-out>
         <system-err><![CDATA[2022-04-29 16:29:40 - [TEST_CASE][FAILED] - Test Cases/01HU-Login-Cierre de Sesión/14 Cierre de Sesion - Tiempo de Inactividad: Test Cases/01HU-Login-Cierre de Sesión/14 Cierre de Sesion - Tiempo de Inactividad FAILED.
Reason:
com.kms.katalon.core.exception.StepFailedException: Unable to start app at: 'C:\Users\Jesus_Berbin\Documents\Cursos\Sybven\UENO\crtopyinfinitymobilebanking-release.apk' (Root cause: org.openqa.selenium.SessionNotCreatedException: Unable to create a new remote session. Please check the server log for more details. Original error: An unknown server-side error occurred while processing the command. Original error: Cannot start the 'com.verticalapps.KonyMobileBanking' application. Visit https://github.com/appium/appium/blob/master/docs/en/writing-running-appium/android/activity-startup.md for troubleshooting. Original error: Cannot start the 'com.verticalapps.KonyMobileBanking' application. Visit https://github.com/appium/appium/blob/master/docs/en/writing-running-appium/android/activity-startup.md for troubleshooting. Original error: Activity name '.com.verticalapps.KonyMobileBanking.KonyMobileBankin' used to start the app doesn't exist or cannot be launched! Make sure it exists and is a launchable activity
Build info: version: '3.141.59', revision: 'e82be7d358', time: '2018-11-14T08:25:53'
System info: host: 'ENDER-LOBO', ip: '192.168.17.1', os.name: 'Windows 10', os.arch: 'amd64', os.version: '10.0', java.version: '1.8.0_282'
Driver info: driver.version: SwipeableAndroidDriver
remote stacktrace: UnknownError: An unknown server-side error occurred while processing the command. Original error: Cannot start the 'com.verticalapps.KonyMobileBanking' application. Visit https://github.com/appium/appium/blob/master/docs/en/writing-running-appium/android/activity-startup.md for troubleshooting. Original error: Cannot start the 'com.verticalapps.KonyMobileBanking' application. Visit https://github.com/appium/appium/blob/master/docs/en/writing-running-appium/android/activity-startup.md for troubleshooting. Original error: Activity name '.com.verticalapps.KonyMobileBanking.KonyMobileBankin' used to start the app doesn't exist or cannot be launched! Make sure it exists and is a launchable activity
    at getResponseForW3CError (C:\Users\Jesus_Berbin\AppData\Roaming\npm\node_modules\appium\node_modules\appium-base-driver\lib\protocol\errors.js:804:9)
    at asyncHandler (C:\Users\Jesus_Berbin\AppData\Roaming\npm\node_modules\appium\node_modules\appium-base-driver\lib\protocol\protocol.js:380:37)
Build info: version: '3.141.59', revision: 'e82be7d358', time: '2018-11-14T08:25:53'
System info: host: 'ENDER-LOBO', ip: '192.168.17.1', os.name: 'Windows 10', os.arch: 'amd64', os.version: '10.0', java.version: '1.8.0_282'
Driver info: driver.version: SwipeableAndroidDriver
	at io.appium.java_client.remote.AppiumCommandExecutor$1.createSession(AppiumCommandExecutor.java:208)
	at io.appium.java_client.remote.AppiumCommandExecutor.createSession(AppiumCommandExecutor.java:217)
	at io.appium.java_client.remote.AppiumCommandExecutor.execute(AppiumCommandExecutor.java:239)
	at org.openqa.selenium.remote.RemoteWebDriver.execute(RemoteWebDriver.java:552)
	at io.appium.java_client.DefaultGenericMobileDriver.execute(DefaultGenericMobileDriver.java:42)
	at io.appium.java_client.AppiumDriver.execute(AppiumDriver.java:1)
	at io.appium.java_client.android.AndroidDriver.execute(AndroidDriver.java:1)
	at com.kms.katalon.core.appium.driver.SwipeableAndroidDriver.execute(SwipeableAndroidDriver.java:1)
	at org.openqa.selenium.remote.RemoteWebDriver.startSession(RemoteWebDriver.java:213)
	at org.openqa.selenium.remote.RemoteWebDriver.<init>(RemoteWebDriver.java:131)
	at io.appium.java_client.DefaultGenericMobileDriver.<init>(DefaultGenericMobileDriver.java:38)
	at io.appium.java_client.AppiumDriver.<init>(AppiumDriver.java:84)
	at io.appium.java_client.android.AndroidDriver.<init>(AndroidDriver.java:85)
	at com.kms.katalon.core.appium.driver.SwipeableAndroidDriver.<init>(SwipeableAndroidDriver.java:24)
	at com.kms.katalon.core.appium.driver.AppiumDriverManager.createMobileDriver(AppiumDriverManager.java:503)
	at com.kms.katalon.core.appium.driver.AppiumDriverManager.createMobileDriver(AppiumDriverManager.java:485)
	at com.kms.katalon.core.mobile.keyword.internal.MobileDriverFactory.startLocalMobileDriver(MobileDriverFactory.java:539)
	at com.kms.katalon.core.mobile.keyword.internal.MobileDriverFactory.startMobileDriver(MobileDriverFactory.java:452)
	at com.kms.katalon.core.mobile.keyword.builtin.StartApplicationKeyword$_startApplication_closure1.doCall(StartApplicationKeyword.groovy:49)
	at com.kms.katalon.core.mobile.keyword.builtin.StartApplicationKeyword$_startApplication_closure1.call(StartApplicationKeyword.groovy)
	at com.kms.katalon.core.mobile.keyword.internal.MobileKeywordMain.runKeyword(MobileKeywordMain.groovy:21)
	at com.kms.katalon.core.mobile.keyword.builtin.StartApplicationKeyword.startApplication(StartApplicationKeyword.groovy:51)
	at com.kms.katalon.core.mobile.keyword.builtin.StartApplicationKeyword.execute(StartApplicationKeyword.groovy:40)
	at com.kms.katalon.core.keyword.internal.KeywordExecutor.executeKeywordForPlatform(KeywordExecutor.groovy:74)
	at com.kms.katalon.core.mobile.keyword.MobileBuiltInKeywords.startApplication(MobileBuiltInKeywords.groovy:78)
	at com.kms.katalon.core.mobile.keyword.MobileBuiltInKeywords$startApplication.call(Unknown Source)
	at 14 Cierre de Sesion - Tiempo de Inactividad.run(14 Cierre de Sesion - Tiempo de Inactividad:20)
	at com.kms.katalon.core.main.ScriptEngine.run(ScriptEngine.java:194)
	at com.kms.katalon.core.main.ScriptEngine.runScriptAsRawText(ScriptEngine.java:119)
	at com.kms.katalon.core.main.TestCaseExecutor.runScript(TestCaseExecutor.java:445)
	at com.kms.katalon.core.main.TestCaseExecutor.doExecute(TestCaseExecutor.java:436)
	at com.kms.katalon.core.main.TestCaseExecutor.processExecutionPhase(TestCaseExecutor.java:415)
	at com.kms.katalon.core.main.TestCaseExecutor.accessMainPhase(TestCaseExecutor.java:407)
	at com.kms.katalon.core.main.TestCaseExecutor.execute(TestCaseExecutor.java:284)
	at com.kms.katalon.core.common.CommonExecutor.accessTestCaseMainPhase(CommonExecutor.java:65)
	at com.kms.katalon.core.main.TestSuiteExecutor.accessTestSuiteMainPhase(TestSuiteExecutor.java:144)
	at com.kms.katalon.core.main.TestSuiteExecutor.execute(TestSuiteExecutor.java:106)
	at com.kms.katalon.core.main.TestCaseMain.startTestSuite(TestCaseMain.java:185)
	at com.kms.katalon.core.main.TestCaseMain$startTestSuite$0.call(Unknown Source)
	at TempTestSuite1651263721294.run(TempTestSuite1651263721294.groovy:36)
Caused by: java.lang.reflect.InvocationTargetException
	at io.appium.java_client.remote.AppiumCommandExecutor$1.createSession(AppiumCommandExecutor.java:186)
	at io.appium.java_client.remote.AppiumCommandExecutor.createSession(AppiumCommandExecutor.java:217)
	at io.appium.java_client.remote.AppiumCommandExecutor.execute(AppiumCommandExecutor.java:239)
	at org.openqa.selenium.remote.RemoteWebDriver.execute(RemoteWebDriver.java:552)
	at io.appium.java_client.DefaultGenericMobileDriver.execute(DefaultGenericMobileDriver.java:42)
	at io.appium.java_client.AppiumDriver.execute(AppiumDriver.java:1)
	at io.appium.java_client.android.AndroidDriver.execute(AndroidDriver.java:1)
	at com.kms.katalon.core.appium.driver.SwipeableAndroidDriver.execute(SwipeableAndroidDriver.java:1)
	at org.openqa.selenium.remote.RemoteWebDriver.startSession(RemoteWebDriver.java:213)
	at org.openqa.selenium.remote.RemoteWebDriver.<init>(RemoteWebDriver.java:131)
	at io.appium.java_client.DefaultGenericMobileDriver.<init>(DefaultGenericMobileDriver.java:38)
	at io.appium.java_client.AppiumDriver.<init>(AppiumDriver.java:84)
	at io.appium.java_client.android.AndroidDriver.<init>(AndroidDriver.java:85)
	at com.kms.katalon.core.appium.driver.SwipeableAndroidDriver.<init>(SwipeableAndroidDriver.java:24)
	at com.kms.katalon.core.appium.driver.AppiumDriverManager.createMobileDriver(AppiumDriverManager.java:503)
	at com.kms.katalon.core.appium.driver.AppiumDriverManager.createMobileDriver(AppiumDriverManager.java:485)
	at com.kms.katalon.core.mobile.keyword.internal.MobileDriverFactory.startLocalMobileDriver(MobileDriverFactory.java:539)
	at com.kms.katalon.core.mobile.keyword.internal.MobileDriverFactory.startMobileDriver(MobileDriverFactory.java:452)
	at com.kms.katalon.core.mobile.keyword.builtin.StartApplicationKeyword$_startApplication_closure1.doCall(StartApplicationKeyword.groovy:49)
	at com.kms.katalon.core.mobile.keyword.builtin.StartApplicationKeyword$_startApplication_closure1.call(StartApplicationKeyword.groovy)
	at com.kms.katalon.core.mobile.keyword.internal.MobileKeywordMain.runKeyword(MobileKeywordMain.groovy:21)
	at com.kms.katalon.core.mobile.keyword.builtin.StartApplicationKeyword.startApplication(StartApplicationKeyword.groovy:51)
	at com.kms.katalon.core.mobile.keyword.builtin.StartApplicationKeyword.execute(StartApplicationKeyword.groovy:40)
	at com.kms.katalon.core.keyword.internal.KeywordExecutor.executeKeywordForPlatform(KeywordExecutor.groovy:74)
	at com.kms.katalon.core.mobile.keyword.MobileBuiltInKeywords.startApplication(MobileBuiltInKeywords.groovy:78)
	at com.kms.katalon.core.mobile.keyword.MobileBuiltInKeywords$startApplication.call(Unknown Source)
	at Script1649798807212.run(Script1649798807212.groovy:20)
	... 13 more
Caused by: org.openqa.selenium.WebDriverException: An unknown server-side error occurred while processing the command. Original error: Cannot start the 'com.verticalapps.KonyMobileBanking' application. Visit https://github.com/appium/appium/blob/master/docs/en/writing-running-appium/android/activity-startup.md for troubleshooting. Original error: Cannot start the 'com.verticalapps.KonyMobileBanking' application. Visit https://github.com/appium/appium/blob/master/docs/en/writing-running-appium/android/activity-startup.md for troubleshooting. Original error: Activity name '.com.verticalapps.KonyMobileBanking.KonyMobileBankin' used to start the app doesn't exist or cannot be launched! Make sure it exists and is a launchable activity
Build info: version: '3.141.59', revision: 'e82be7d358', time: '2018-11-14T08:25:53'
System info: host: 'ENDER-LOBO', ip: '192.168.17.1', os.name: 'Windows 10', os.arch: 'amd64', os.version: '10.0', java.version: '1.8.0_282'
Driver info: driver.version: SwipeableAndroidDriver
remote stacktrace: UnknownError: An unknown server-side error occurred while processing the command. Original error: Cannot start the 'com.verticalapps.KonyMobileBanking' application. Visit https://github.com/appium/appium/blob/master/docs/en/writing-running-appium/android/activity-startup.md for troubleshooting. Original error: Cannot start the 'com.verticalapps.KonyMobileBanking' application. Visit https://github.com/appium/appium/blob/master/docs/en/writing-running-appium/android/activity-startup.md for troubleshooting. Original error: Activity name '.com.verticalapps.KonyMobileBanking.KonyMobileBankin' used to start the app doesn't exist or cannot be launched! Make sure it exists and is a launchable activity
    at getResponseForW3CError (C:\Users\Jesus_Berbin\AppData\Roaming\npm\node_modules\appium\node_modules\appium-base-driver\lib\protocol\errors.js:804:9)
    at asyncHandler (C:\Users\Jesus_Berbin\AppData\Roaming\npm\node_modules\appium\node_modules\appium-base-driver\lib\protocol\protocol.js:380:37)
	at org.openqa.selenium.remote.W3CHandshakeResponse.lambda$errorHandler$0(W3CHandshakeResponse.java:62)
	at org.openqa.selenium.remote.HandshakeResponse.lambda$getResponseFunction$0(HandshakeResponse.java:30)
	at org.openqa.selenium.remote.ProtocolHandshake.lambda$createSession$0(ProtocolHandshake.java:126)
	at org.openqa.selenium.remote.ProtocolHandshake.createSession(ProtocolHandshake.java:128)
	... 40 more
)
	at com.kms.katalon.core.keyword.internal.KeywordMain.stepFailed(KeywordMain.groovy:39)
	at com.kms.katalon.core.mobile.keyword.internal.MobileKeywordMain.stepFailed(MobileKeywordMain.groovy:40)
	at com.kms.katalon.core.mobile.keyword.internal.MobileKeywordMain.runKeyword(MobileKeywordMain.groovy:23)
	at com.kms.katalon.core.mobile.keyword.builtin.StartApplicationKeyword.startApplication(StartApplicationKeyword.groovy:51)
	at com.kms.katalon.core.mobile.keyword.builtin.StartApplicationKeyword.execute(StartApplicationKeyword.groovy:40)
	at com.kms.katalon.core.keyword.internal.KeywordExecutor.executeKeywordForPlatform(KeywordExecutor.groovy:74)
	at com.kms.katalon.core.mobile.keyword.MobileBuiltInKeywords.startApplication(MobileBuiltInKeywords.groovy:78)
	at com.kms.katalon.core.mobile.keyword.MobileBuiltInKeywords$startApplication.call(Unknown Source)
	at 14 Cierre de Sesion - Tiempo de Inactividad.run(14 Cierre de Sesion - Tiempo de Inactividad:20)
	at com.kms.katalon.core.main.ScriptEngine.run(ScriptEngine.java:194)
	at com.kms.katalon.core.main.ScriptEngine.runScriptAsRawText(ScriptEngine.java:119)
	at com.kms.katalon.core.main.TestCaseExecutor.runScript(TestCaseExecutor.java:445)
	at com.kms.katalon.core.main.TestCaseExecutor.doExecute(TestCaseExecutor.java:436)
	at com.kms.katalon.core.main.TestCaseExecutor.processExecutionPhase(TestCaseExecutor.java:415)
	at com.kms.katalon.core.main.TestCaseExecutor.accessMainPhase(TestCaseExecutor.java:407)
	at com.kms.katalon.core.main.TestCaseExecutor.execute(TestCaseExecutor.java:284)
	at com.kms.katalon.core.common.CommonExecutor.accessTestCaseMainPhase(CommonExecutor.java:65)
	at com.kms.katalon.core.main.TestSuiteExecutor.accessTestSuiteMainPhase(TestSuiteExecutor.java:144)
	at com.kms.katalon.core.main.TestSuiteExecutor.execute(TestSuiteExecutor.java:106)
	at com.kms.katalon.core.main.TestCaseMain.startTestSuite(TestCaseMain.java:185)
	at com.kms.katalon.core.main.TestCaseMain$startTestSuite$0.call(Unknown Source)
	at TempTestSuite1651263721294.run(TempTestSuite1651263721294.groovy:36)
Caused by: org.openqa.selenium.SessionNotCreatedException: Unable to create a new remote session. Please check the server log for more details. Original error: An unknown server-side error occurred while processing the command. Original error: Cannot start the 'com.verticalapps.KonyMobileBanking' application. Visit https://github.com/appium/appium/blob/master/docs/en/writing-running-appium/android/activity-startup.md for troubleshooting. Original error: Cannot start the 'com.verticalapps.KonyMobileBanking' application. Visit https://github.com/appium/appium/blob/master/docs/en/writing-running-appium/android/activity-startup.md for troubleshooting. Original error: Activity name '.com.verticalapps.KonyMobileBanking.KonyMobileBankin' used to start the app doesn't exist or cannot be launched! Make sure it exists and is a launchable activity
Build info: version: '3.141.59', revision: 'e82be7d358', time: '2018-11-14T08:25:53'
System info: host: 'ENDER-LOBO', ip: '192.168.17.1', os.name: 'Windows 10', os.arch: 'amd64', os.version: '10.0', java.version: '1.8.0_282'
Driver info: driver.version: SwipeableAndroidDriver
remote stacktrace: UnknownError: An unknown server-side error occurred while processing the command. Original error: Cannot start the 'com.verticalapps.KonyMobileBanking' application. Visit https://github.com/appium/appium/blob/master/docs/en/writing-running-appium/android/activity-startup.md for troubleshooting. Original error: Cannot start the 'com.verticalapps.KonyMobileBanking' application. Visit https://github.com/appium/appium/blob/master/docs/en/writing-running-appium/android/activity-startup.md for troubleshooting. Original error: Activity name '.com.verticalapps.KonyMobileBanking.KonyMobileBankin' used to start the app doesn't exist or cannot be launched! Make sure it exists and is a launchable activity
    at getResponseForW3CError (C:\Users\Jesus_Berbin\AppData\Roaming\npm\node_modules\appium\node_modules\appium-base-driver\lib\protocol\errors.js:804:9)
    at asyncHandler (C:\Users\Jesus_Berbin\AppData\Roaming\npm\node_modules\appium\node_modules\appium-base-driver\lib\protocol\protocol.js:380:37)
Build info: version: '3.141.59', revision: 'e82be7d358', time: '2018-11-14T08:25:53'
System info: host: 'ENDER-LOBO', ip: '192.168.17.1', os.name: 'Windows 10', os.arch: 'amd64', os.version: '10.0', java.version: '1.8.0_282'
Driver info: driver.version: SwipeableAndroidDriver
	at io.appium.java_client.remote.AppiumCommandExecutor$1.createSession(AppiumCommandExecutor.java:208)
	at io.appium.java_client.remote.AppiumCommandExecutor.createSession(AppiumCommandExecutor.java:217)
	at io.appium.java_client.remote.AppiumCommandExecutor.execute(AppiumCommandExecutor.java:239)
	at org.openqa.selenium.remote.RemoteWebDriver.execute(RemoteWebDriver.java:552)
	at io.appium.java_client.DefaultGenericMobileDriver.execute(DefaultGenericMobileDriver.java:42)
	at io.appium.java_client.AppiumDriver.execute(AppiumDriver.java:1)
	at io.appium.java_client.android.AndroidDriver.execute(AndroidDriver.java:1)
	at com.kms.katalon.core.appium.driver.SwipeableAndroidDriver.execute(SwipeableAndroidDriver.java:1)
	at org.openqa.selenium.remote.RemoteWebDriver.startSession(RemoteWebDriver.java:213)
	at org.openqa.selenium.remote.RemoteWebDriver.<init>(RemoteWebDriver.java:131)
	at io.appium.java_client.DefaultGenericMobileDriver.<init>(DefaultGenericMobileDriver.java:38)
	at io.appium.java_client.AppiumDriver.<init>(AppiumDriver.java:84)
	at io.appium.java_client.android.AndroidDriver.<init>(AndroidDriver.java:85)
	at com.kms.katalon.core.appium.driver.SwipeableAndroidDriver.<init>(SwipeableAndroidDriver.java:24)
	at com.kms.katalon.core.appium.driver.AppiumDriverManager.createMobileDriver(AppiumDriverManager.java:503)
	at com.kms.katalon.core.appium.driver.AppiumDriverManager.createMobileDriver(AppiumDriverManager.java:485)
	at com.kms.katalon.core.mobile.keyword.internal.MobileDriverFactory.startLocalMobileDriver(MobileDriverFactory.java:539)
	at com.kms.katalon.core.mobile.keyword.internal.MobileDriverFactory.startMobileDriver(MobileDriverFactory.java:452)
	at com.kms.katalon.core.mobile.keyword.builtin.StartApplicationKeyword$_startApplication_closure1.doCall(StartApplicationKeyword.groovy:49)
	at com.kms.katalon.core.mobile.keyword.builtin.StartApplicationKeyword$_startApplication_closure1.call(StartApplicationKeyword.groovy)
	at com.kms.katalon.core.mobile.keyword.internal.MobileKeywordMain.runKeyword(MobileKeywordMain.groovy:21)
	... 19 more
Caused by: java.lang.reflect.InvocationTargetException
	at io.appium.java_client.remote.AppiumCommandExecutor$1.createSession(AppiumCommandExecutor.java:186)
	at io.appium.java_client.remote.AppiumCommandExecutor.createSession(AppiumCommandExecutor.java:217)
	at io.appium.java_client.remote.AppiumCommandExecutor.execute(AppiumCommandExecutor.java:239)
	at org.openqa.selenium.remote.RemoteWebDriver.execute(RemoteWebDriver.java:552)
	at io.appium.java_client.DefaultGenericMobileDriver.execute(DefaultGenericMobileDriver.java:42)
	at io.appium.java_client.AppiumDriver.execute(AppiumDriver.java:1)
	at io.appium.java_client.android.AndroidDriver.execute(AndroidDriver.java:1)
	at com.kms.katalon.core.appium.driver.SwipeableAndroidDriver.execute(SwipeableAndroidDriver.java:1)
	at org.openqa.selenium.remote.RemoteWebDriver.startSession(RemoteWebDriver.java:213)
	at org.openqa.selenium.remote.RemoteWebDriver.<init>(RemoteWebDriver.java:131)
	at io.appium.java_client.DefaultGenericMobileDriver.<init>(DefaultGenericMobileDriver.java:38)
	at io.appium.java_client.AppiumDriver.<init>(AppiumDriver.java:84)
	at io.appium.java_client.android.AndroidDriver.<init>(AndroidDriver.java:85)
	at com.kms.katalon.core.appium.driver.SwipeableAndroidDriver.<init>(SwipeableAndroidDriver.java:24)
	at com.kms.katalon.core.appium.driver.AppiumDriverManager.createMobileDriver(AppiumDriverManager.java:503)
	at com.kms.katalon.core.appium.driver.AppiumDriverManager.createMobileDriver(AppiumDriverManager.java:485)
	at com.kms.katalon.core.mobile.keyword.internal.MobileDriverFactory.startLocalMobileDriver(MobileDriverFactory.java:539)
	at com.kms.katalon.core.mobile.keyword.internal.MobileDriverFactory.startMobileDriver(MobileDriverFactory.java:452)
	at com.kms.katalon.core.mobile.keyword.builtin.StartApplicationKeyword$_startApplication_closure1.doCall(StartApplicationKeyword.groovy:49)
	at com.kms.katalon.core.mobile.keyword.builtin.StartApplicationKeyword$_startApplication_closure1.call(StartApplicationKeyword.groovy)
	at com.kms.katalon.core.mobile.keyword.internal.MobileKeywordMain.runKeyword(MobileKeywordMain.groovy:21)
	at com.kms.katalon.core.mobile.keyword.builtin.StartApplicationKeyword.startApplication(StartApplicationKeyword.groovy:51)
	at com.kms.katalon.core.mobile.keyword.builtin.StartApplicationKeyword.execute(StartApplicationKeyword.groovy:40)
	at com.kms.katalon.core.keyword.internal.KeywordExecutor.executeKeywordForPlatform(KeywordExecutor.groovy:74)
	at com.kms.katalon.core.mobile.keyword.MobileBuiltInKeywords.startApplication(MobileBuiltInKeywords.groovy:78)
	at com.kms.katalon.core.mobile.keyword.MobileBuiltInKeywords$startApplication.call(Unknown Source)
	at Script1649798807212.run(Script1649798807212.groovy:20)
	... 13 more
Caused by: org.openqa.selenium.WebDriverException: An unknown server-side error occurred while processing the command. Original error: Cannot start the 'com.verticalapps.KonyMobileBanking' application. Visit https://github.com/appium/appium/blob/master/docs/en/writing-running-appium/android/activity-startup.md for troubleshooting. Original error: Cannot start the 'com.verticalapps.KonyMobileBanking' application. Visit https://github.com/appium/appium/blob/master/docs/en/writing-running-appium/android/activity-startup.md for troubleshooting. Original error: Activity name '.com.verticalapps.KonyMobileBanking.KonyMobileBankin' used to start the app doesn't exist or cannot be launched! Make sure it exists and is a launchable activity
Build info: version: '3.141.59', revision: 'e82be7d358', time: '2018-11-14T08:25:53'
System info: host: 'ENDER-LOBO', ip: '192.168.17.1', os.name: 'Windows 10', os.arch: 'amd64', os.version: '10.0', java.version: '1.8.0_282'
Driver info: driver.version: SwipeableAndroidDriver
remote stacktrace: UnknownError: An unknown server-side error occurred while processing the command. Original error: Cannot start the 'com.verticalapps.KonyMobileBanking' application. Visit https://github.com/appium/appium/blob/master/docs/en/writing-running-appium/android/activity-startup.md for troubleshooting. Original error: Cannot start the 'com.verticalapps.KonyMobileBanking' application. Visit https://github.com/appium/appium/blob/master/docs/en/writing-running-appium/android/activity-startup.md for troubleshooting. Original error: Activity name '.com.verticalapps.KonyMobileBanking.KonyMobileBankin' used to start the app doesn't exist or cannot be launched! Make sure it exists and is a launchable activity
    at getResponseForW3CError (C:\Users\Jesus_Berbin\AppData\Roaming\npm\node_modules\appium\node_modules\appium-base-driver\lib\protocol\errors.js:804:9)
    at asyncHandler (C:\Users\Jesus_Berbin\AppData\Roaming\npm\node_modules\appium\node_modules\appium-base-driver\lib\protocol\protocol.js:380:37)
	at org.openqa.selenium.remote.W3CHandshakeResponse.lambda$errorHandler$0(W3CHandshakeResponse.java:62)
	at org.openqa.selenium.remote.HandshakeResponse.lambda$getResponseFunction$0(HandshakeResponse.java:30)
	at org.openqa.selenium.remote.ProtocolHandshake.lambda$createSession$0(ProtocolHandshake.java:126)
	at org.openqa.selenium.remote.ProtocolHandshake.createSession(ProtocolHandshake.java:128)
	at io.appium.java_client.remote.AppiumCommandExecutor$1.createSession(AppiumCommandExecutor.java:186)
	at io.appium.java_client.remote.AppiumCommandExecutor.createSession(AppiumCommandExecutor.java:217)
	at io.appium.java_client.remote.AppiumCommandExecutor.execute(AppiumCommandExecutor.java:239)
	at org.openqa.selenium.remote.RemoteWebDriver.execute(RemoteWebDriver.java:552)
	at io.appium.java_client.DefaultGenericMobileDriver.execute(DefaultGenericMobileDriver.java:42)
	at io.appium.java_client.AppiumDriver.execute(AppiumDriver.java:1)
	at io.appium.java_client.android.AndroidDriver.execute(AndroidDriver.java:1)
	at com.kms.katalon.core.appium.driver.SwipeableAndroidDriver.execute(SwipeableAndroidDriver.java:1)
	at org.openqa.selenium.remote.RemoteWebDriver.startSession(RemoteWebDriver.java:213)
	at org.openqa.selenium.remote.RemoteWebDriver.<init>(RemoteWebDriver.java:131)
	at io.appium.java_client.DefaultGenericMobileDriver.<init>(DefaultGenericMobileDriver.java:38)
	at io.appium.java_client.AppiumDriver.<init>(AppiumDriver.java:84)
	at io.appium.java_client.android.AndroidDriver.<init>(AndroidDriver.java:85)
	at com.kms.katalon.core.appium.driver.SwipeableAndroidDriver.<init>(SwipeableAndroidDriver.java:24)
	at com.kms.katalon.core.appium.driver.AppiumDriverManager.createMobileDriver(AppiumDriverManager.java:503)
	at com.kms.katalon.core.appium.driver.AppiumDriverManager.createMobileDriver(AppiumDriverManager.java:485)
	at com.kms.katalon.core.mobile.keyword.internal.MobileDriverFactory.startLocalMobileDriver(MobileDriverFactory.java:539)
	at com.kms.katalon.core.mobile.keyword.internal.MobileDriverFactory.startMobileDriver(MobileDriverFactory.java:452)
	at com.kms.katalon.core.mobile.keyword.builtin.StartApplicationKeyword$_startApplication_closure1.doCall(StartApplicationKeyword.groovy:49)
	at com.kms.katalon.core.mobile.keyword.builtin.StartApplicationKeyword$_startApplication_closure1.call(StartApplicationKeyword.groovy)
	at com.kms.katalon.core.mobile.keyword.internal.MobileKeywordMain.runKeyword(MobileKeywordMain.groovy:21)
	at com.kms.katalon.core.mobile.keyword.builtin.StartApplicationKeyword.startApplication(StartApplicationKeyword.groovy:51)
	at com.kms.katalon.core.mobile.keyword.builtin.StartApplicationKeyword.execute(StartApplicationKeyword.groovy:40)
	at com.kms.katalon.core.keyword.internal.KeywordExecutor.executeKeywordForPlatform(KeywordExecutor.groovy:74)
	at com.kms.katalon.core.mobile.keyword.MobileBuiltInKeywords.startApplication(MobileBuiltInKeywords.groovy:78)
	at com.kms.katalon.core.mobile.keyword.MobileBuiltInKeywords$startApplication.call(Unknown Source)
	at 14 Cierre de Sesion - Tiempo de Inactividad.run(14 Cierre de Sesion - Tiempo de Inactividad:20)
	... 13 more]]></system-err>
      </testcase>
      <testcase name="Test Cases/01HU-Login-Cierre de Sesión/15 Cerrar sesión del cliente desde la pantalla Dashboard" time="66.596" classname="Test Cases/01HU-Login-Cierre de Sesión/15 Cerrar sesión del cliente desde la pantalla Dashboard" status="PASSED">
         <system-out><![CDATA[2022-04-29 16:35:07 - [TEST_CASE][PASSED] - Test Cases/01HU-Login-Cierre de Sesión/15 Cerrar sesión del cliente desde la pantalla Dashboard: Test Cases/01HU-Login-Cierre de Sesión/15 Cerrar sesión del cliente desde la pantalla Dashboard

2022-04-29 16:35:07 - [TEST_STEP][PASSED] - startApplication(URL, false): Started app at: 'C:\Users\Jesus_Berbin\Documents\Cursos\Sybven\UENO\crtopyinfinitymobilebanking-release.apk'

2022-04-29 16:35:07 - [MESSAGE][INFO] - User set preference: ['deviceId', '']

2022-04-29 16:35:37 - [MESSAGE][PASSED] - Started app at: 'C:\Users\Jesus_Berbin\Documents\Cursos\Sybven\UENO\crtopyinfinitymobilebanking-release.apk'

2022-04-29 16:35:37 - [TEST_STEP][PASSED] - delay(10, CONTINUE_ON_FAILURE): Delayed 10 second(s)

2022-04-29 16:35:47 - [MESSAGE][PASSED] - Delayed 10 second(s)

2022-04-29 16:35:47 - [TEST_STEP][PASSED] - clearText(findTestObject("Login/android.widget.EditText - Numero de celular login"), 0): Element 'Object Repository/Login/android.widget.EditText - Numero de celular login' text is cleared

2022-04-29 16:35:47 - [MESSAGE][WARNING] - Timeout '0' is invalid. Using default page load timeout: '30'

2022-04-29 16:35:47 - [MESSAGE][PASSED] - Element 'Object Repository/Login/android.widget.EditText - Numero de celular login' text is cleared

2022-04-29 16:35:47 - [TEST_STEP][PASSED] - setText(findTestObject("Login/android.widget.EditText - Ejemplo 0981123456"), Numerocelular, 0): Text '0972875200' has been set to element 'Object Repository/Login/android.widget.EditText - Ejemplo 0981123456'

2022-04-29 16:35:47 - [MESSAGE][WARNING] - Timeout '0' is invalid. Using default page load timeout: '30'

2022-04-29 16:35:50 - [MESSAGE][PASSED] - Text '0972875200' has been set to element 'Object Repository/Login/android.widget.EditText - Ejemplo 0981123456'

2022-04-29 16:35:50 - [TEST_STEP][PASSED] - setText(findTestObject("Login/android.widget.EditText - tipear contrasea"), Contrasena, 0): Text 'Kony!12345' has been set to element 'Object Repository/Login/android.widget.EditText - tipear contrasea'

2022-04-29 16:35:50 - [MESSAGE][WARNING] - Timeout '0' is invalid. Using default page load timeout: '30'

2022-04-29 16:35:51 - [MESSAGE][PASSED] - Text 'Kony!12345' has been set to element 'Object Repository/Login/android.widget.EditText - tipear contrasea'

2022-04-29 16:35:51 - [TEST_STEP][PASSED] - tap(findTestObject("Object Repository/cierre de sesion/android.widget.Button - Ingresar"), 0): Tapped on element 'Object Repository/cierre de sesion/android.widget.Button - Ingresar'

2022-04-29 16:35:51 - [MESSAGE][WARNING] - Timeout '0' is invalid. Using default page load timeout: '30'

2022-04-29 16:35:53 - [MESSAGE][PASSED] - Tapped on element 'Object Repository/cierre de sesion/android.widget.Button - Ingresar'

2022-04-29 16:35:53 - [TEST_STEP][PASSED] - tap(findTestObject("Object Repository/cierre de sesion/android.widget.ImageView Menu hamburguesa Inferior"), 0): Tapped on element 'Object Repository/cierre de sesion/android.widget.ImageView Menu hamburguesa Inferior'

2022-04-29 16:35:53 - [MESSAGE][WARNING] - Timeout '0' is invalid. Using default page load timeout: '30'

2022-04-29 16:36:12 - [MESSAGE][PASSED] - Tapped on element 'Object Repository/cierre de sesion/android.widget.ImageView Menu hamburguesa Inferior'

2022-04-29 16:36:12 - [TEST_STEP][PASSED] - tap(findTestObject("Object Repository/cierre de sesion/android.widget.ImageView Icono salir superior"), 0): Tapped on element 'Object Repository/cierre de sesion/android.widget.ImageView Icono salir superior'

2022-04-29 16:36:12 - [MESSAGE][WARNING] - Timeout '0' is invalid. Using default page load timeout: '30'

2022-04-29 16:36:13 - [MESSAGE][PASSED] - Tapped on element 'Object Repository/cierre de sesion/android.widget.ImageView Icono salir superior'

2022-04-29 16:36:13 - [TEST_STEP][PASSED] - tap(findTestObject("cierre de sesion/android.widget.Button - cierresesionSi"), 0): Tapped on element 'Object Repository/cierre de sesion/android.widget.Button - cierresesionSi'

2022-04-29 16:36:13 - [MESSAGE][WARNING] - Timeout '0' is invalid. Using default page load timeout: '30'

2022-04-29 16:36:14 - [MESSAGE][PASSED] - Tapped on element 'Object Repository/cierre de sesion/android.widget.Button - cierresesionSi']]></system-out>
         <system-err><![CDATA[]]></system-err>
      </testcase>
      <testcase name="Test Cases/01HU-Login-Cierre de Sesión/16 Cierre de sesión del cliente desde la pantalla Resumen de Saldo" time="47.914" classname="Test Cases/01HU-Login-Cierre de Sesión/16 Cierre de sesión del cliente desde la pantalla Resumen de Saldo" status="PASSED">
         <system-out><![CDATA[2022-04-29 16:36:14 - [TEST_CASE][PASSED] - Test Cases/01HU-Login-Cierre de Sesión/16 Cierre de sesión del cliente desde la pantalla Resumen de Saldo: Test Cases/01HU-Login-Cierre de Sesión/16 Cierre de sesión del cliente desde la pantalla Resumen de Saldo

2022-04-29 16:36:14 - [TEST_STEP][PASSED] - startApplication(URL, false): Started app at: 'C:\Users\Jesus_Berbin\Documents\Cursos\Sybven\UENO\crtopyinfinitymobilebanking-release.apk'

2022-04-29 16:36:14 - [MESSAGE][INFO] - User set preference: ['deviceId', '']

2022-04-29 16:36:26 - [MESSAGE][PASSED] - Started app at: 'C:\Users\Jesus_Berbin\Documents\Cursos\Sybven\UENO\crtopyinfinitymobilebanking-release.apk'

2022-04-29 16:36:26 - [TEST_STEP][PASSED] - delay(10, CONTINUE_ON_FAILURE): Delayed 10 second(s)

2022-04-29 16:36:36 - [MESSAGE][PASSED] - Delayed 10 second(s)

2022-04-29 16:36:36 - [TEST_STEP][PASSED] - clearText(findTestObject("Login/android.widget.EditText - Numero de celular login"), 0): Element 'Object Repository/Login/android.widget.EditText - Numero de celular login' text is cleared

2022-04-29 16:36:36 - [MESSAGE][WARNING] - Timeout '0' is invalid. Using default page load timeout: '30'

2022-04-29 16:36:37 - [MESSAGE][PASSED] - Element 'Object Repository/Login/android.widget.EditText - Numero de celular login' text is cleared

2022-04-29 16:36:37 - [TEST_STEP][PASSED] - setText(findTestObject("Login/android.widget.EditText - Ejemplo 0981123456"), Numerocelular, 0): Text '0972875200' has been set to element 'Object Repository/Login/android.widget.EditText - Ejemplo 0981123456'

2022-04-29 16:36:37 - [MESSAGE][WARNING] - Timeout '0' is invalid. Using default page load timeout: '30'

2022-04-29 16:36:38 - [MESSAGE][PASSED] - Text '0972875200' has been set to element 'Object Repository/Login/android.widget.EditText - Ejemplo 0981123456'

2022-04-29 16:36:38 - [TEST_STEP][PASSED] - setText(findTestObject("Login/android.widget.EditText - tipear contrasea"), Contrasena, 0): Text 'Kony!12345' has been set to element 'Object Repository/Login/android.widget.EditText - tipear contrasea'

2022-04-29 16:36:38 - [MESSAGE][WARNING] - Timeout '0' is invalid. Using default page load timeout: '30'

2022-04-29 16:36:40 - [MESSAGE][PASSED] - Text 'Kony!12345' has been set to element 'Object Repository/Login/android.widget.EditText - tipear contrasea'

2022-04-29 16:36:40 - [TEST_STEP][PASSED] - tap(findTestObject("Object Repository/cierre de sesion/android.widget.Button - Ingresar"), 0): Tapped on element 'Object Repository/cierre de sesion/android.widget.Button - Ingresar'

2022-04-29 16:36:40 - [MESSAGE][WARNING] - Timeout '0' is invalid. Using default page load timeout: '30'

2022-04-29 16:36:41 - [MESSAGE][PASSED] - Tapped on element 'Object Repository/cierre de sesion/android.widget.Button - Ingresar'

2022-04-29 16:36:41 - [TEST_STEP][PASSED] - tap(findTestObject("Object Repository/cierre de sesion/android.widget.ImageView Menu hamburguesa Inferior"), 0): Tapped on element 'Object Repository/cierre de sesion/android.widget.ImageView Menu hamburguesa Inferior'

2022-04-29 16:36:41 - [MESSAGE][WARNING] - Timeout '0' is invalid. Using default page load timeout: '30'

2022-04-29 16:36:57 - [MESSAGE][PASSED] - Tapped on element 'Object Repository/cierre de sesion/android.widget.ImageView Menu hamburguesa Inferior'

2022-04-29 16:36:57 - [TEST_STEP][PASSED] - tap(findTestObject("Object Repository/cierre de sesion/android.widget.ImageView Icono salir superior"), 0): Tapped on element 'Object Repository/cierre de sesion/android.widget.ImageView Icono salir superior'

2022-04-29 16:36:57 - [MESSAGE][WARNING] - Timeout '0' is invalid. Using default page load timeout: '30'

2022-04-29 16:37:00 - [MESSAGE][PASSED] - Tapped on element 'Object Repository/cierre de sesion/android.widget.ImageView Icono salir superior'

2022-04-29 16:37:00 - [TEST_STEP][PASSED] - tap(findTestObject("cierre de sesion/android.widget.Button - cierresesionSi"), 0): Tapped on element 'Object Repository/cierre de sesion/android.widget.Button - cierresesionSi'

2022-04-29 16:37:00 - [MESSAGE][WARNING] - Timeout '0' is invalid. Using default page load timeout: '30'

2022-04-29 16:37:02 - [MESSAGE][PASSED] - Tapped on element 'Object Repository/cierre de sesion/android.widget.Button - cierresesionSi']]></system-out>
         <system-err><![CDATA[]]></system-err>
      </testcase>
      <testcase name="Test Cases/01HU-Login-Cierre de Sesión/18 Validaciones Funcionales - Intentar iniciar sesión con falla de conexión" time="58.131" classname="Test Cases/01HU-Login-Cierre de Sesión/18 Validaciones Funcionales - Intentar iniciar sesión con falla de conexión" status="FAILED">
         <failure type="FAILED" message="Test Cases/01HU-Login-Cierre de Sesión/18 Validaciones Funcionales - Intentar iniciar sesión con falla de conexión FAILED.
Reason:
com.kms.katalon.core.exception.StepFailedException: Cannot toogle airplane mode (Root cause: org.openqa.selenium.WebDriverException: An unknown server-side error occurred while processing the command. Original error: Error executing adbExec. Original error: 'Command 'C:\\Users\\Jesus_Berbin\\AppData\\Local\\Android\\Sdk\\platform-tools\\adb.exe -P 5037 -s R28M42G369B shell am broadcast -a android.intent.action.AIRPLANE_MODE --ez state true' exited with code 255'; Stderr: 'Exception occurred while executing 'broadcast':
java.lang.SecurityException: Permission Denial: not allowed to send broadcast android.intent.action.AIRPLANE_MODE from pid=16845, uid=2000
	at com.android.server.am.ActivityManagerService.broadcastIntentLocked(ActivityManagerService.java:19102)
	at com.android.server.am.ActivityManagerService.broadcastIntentLocked(ActivityManagerService.java:18901)
	at com.android.server.am.ActivityManagerService.broadcastIntentWithFeature(ActivityManagerService.java:19908)
	at com.android.server.am.ActivityManagerShellCommand.runSendBroadcast(ActivityManagerShellCommand.java:772)
	at com.android.server.am.ActivityManagerShellCommand.onCommand(ActivityManagerShellCommand.java:205)
	at android.os.BasicShellCommandHandler.exec(BasicShellCommandHandler.java:98)
	at android.os.ShellCommand.exec(ShellCommand.java:44)
	at com.android.server.am.ActivityManagerService.onShellCommand(ActivityManagerService.java:13105)
	at android.os.Binder.shellCommand(Binder.java:965)
	at android.os.Binder.onTransact(Binder.java:839)
	at android.app.IActivityManager$Stub.onTransact(IActivityManager.java:6026)
	at com.android.server.am.ActivityManagerService.onTransact(ActivityManagerService.java:3628)
	at android.os.Binder.execTransactInternal(Binder.java:1195)
	at android.os.Binder.execTransact(Binder.java:1159)'; Code: '255'
Build info: version: '3.141.59', revision: 'e82be7d358', time: '2018-11-14T08:25:53'
System info: host: 'ENDER-LOBO', ip: '192.168.17.1', os.name: 'Windows 10', os.arch: 'amd64', os.version: '10.0', java.version: '1.8.0_282'
Driver info: com.kms.katalon.core.appium.driver.SwipeableAndroidDriver
Capabilities {app: C:\Users\Jesus_Berbin\Docum..., appPackage: com.verticalapps.KonyMobile..., autoGrantPermissions: true, automationName: uiautomator2, chromedriverPort: 64773, databaseEnabled: false, desired: {app: C:\Users\Jesus_Berbin\Docum..., autoGrantPermissions: true, automationName: uiautomator2, chromedriverPort: 64773, deviceId: , deviceName: samsung SM-A105M (Android 11), fullReset: false, newCommandTimeout: 1800, noReset: true, platform: ANDROID, platformName: android, platformVersion: 11, systemPort: 56363, udid: R28M42G369B}, deviceApiLevel: 30, deviceId: , deviceManufacturer: samsung, deviceModel: SM-A105M, deviceName: R28M42G369B, deviceScreenDensity: 300, deviceScreenSize: 720x1520, deviceUDID: R28M42G369B, fullReset: false, javascriptEnabled: true, locationContextEnabled: false, networkConnectionEnabled: true, newCommandTimeout: 1800, noReset: true, pixelRatio: 1.875, platform: ANDROID, platformName: Android, platformVersion: 11, statBarHeight: 54, systemPort: 56363, takesScreenshot: true, udid: R28M42G369B, viewportRect: {height: 1322, left: 0, top: 54, width: 720}, warnings: {}, webStorageEnabled: false}
Session ID: 6ceedf2e-9a55-4c16-8922-7cadd0087868
	at org.openqa.selenium.remote.http.W3CHttpResponseCodec.createException(W3CHttpResponseCodec.java:187)
	at org.openqa.selenium.remote.http.W3CHttpResponseCodec.decode(W3CHttpResponseCodec.java:122)
	at org.openqa.selenium.remote.http.W3CHttpResponseCodec.decode(W3CHttpResponseCodec.java:49)
	at org.openqa.selenium.remote.HttpCommandExecutor.execute(HttpCommandExecutor.java:158)
	at io.appium.java_client.remote.AppiumCommandExecutor.execute(AppiumCommandExecutor.java:239)
	at org.openqa.selenium.remote.RemoteWebDriver.execute(RemoteWebDriver.java:552)
	at io.appium.java_client.DefaultGenericMobileDriver.execute(DefaultGenericMobileDriver.java:42)
	at io.appium.java_client.AppiumDriver.execute(AppiumDriver.java:1)
	at io.appium.java_client.android.AndroidDriver.execute(AndroidDriver.java:1)
	at com.kms.katalon.core.appium.driver.SwipeableAndroidDriver.execute(SwipeableAndroidDriver.java:1)
	at io.appium.java_client.CommandExecutionHelper.execute(CommandExecutionHelper.java:27)
	at io.appium.java_client.android.connection.HasNetworkConnection.setConnection(HasNetworkConnection.java:34)
	at com.kms.katalon.core.mobile.keyword.builtin.ToggleAirplaneModeKeyword$_toggleAirplaneMode_closure1.doCall(ToggleAirplaneModeKeyword.groovy:64)
	at com.kms.katalon.core.mobile.keyword.builtin.ToggleAirplaneModeKeyword$_toggleAirplaneMode_closure1.call(ToggleAirplaneModeKeyword.groovy)
	at com.kms.katalon.core.mobile.keyword.internal.MobileKeywordMain.runKeyword(MobileKeywordMain.groovy:21)
	at com.kms.katalon.core.mobile.keyword.builtin.ToggleAirplaneModeKeyword.toggleAirplaneMode(ToggleAirplaneModeKeyword.groovy:51)
	at com.kms.katalon.core.mobile.keyword.builtin.ToggleAirplaneModeKeyword.execute(ToggleAirplaneModeKeyword.groovy:46)
	at com.kms.katalon.core.keyword.internal.KeywordExecutor.executeKeywordForPlatform(KeywordExecutor.groovy:74)
	at com.kms.katalon.core.mobile.keyword.MobileBuiltInKeywords.toggleAirplaneMode(MobileBuiltInKeywords.groovy:1167)
	at com.kms.katalon.core.mobile.keyword.MobileBuiltInKeywords$toggleAirplaneMode$6.call(Unknown Source)
	at 18 Validaciones Funcionales - Intentar iniciar sesión con falla de conexión.run(18 Validaciones Funcionales - Intentar iniciar sesión con falla de conexión:24)
	at com.kms.katalon.core.main.ScriptEngine.run(ScriptEngine.java:194)
	at com.kms.katalon.core.main.ScriptEngine.runScriptAsRawText(ScriptEngine.java:119)
	at com.kms.katalon.core.main.TestCaseExecutor.runScript(TestCaseExecutor.java:445)
	at com.kms.katalon.core.main.TestCaseExecutor.doExecute(TestCaseExecutor.java:436)
	at com.kms.katalon.core.main.TestCaseExecutor.processExecutionPhase(TestCaseExecutor.java:415)
	at com.kms.katalon.core.main.TestCaseExecutor.accessMainPhase(TestCaseExecutor.java:407)
	at com.kms.katalon.core.main.TestCaseExecutor.execute(TestCaseExecutor.java:284)
	at com.kms.katalon.core.common.CommonExecutor.accessTestCaseMainPhase(CommonExecutor.java:65)
	at com.kms.katalon.core.main.TestSuiteExecutor.accessTestSuiteMainPhase(TestSuiteExecutor.java:144)
	at com.kms.katalon.core.main.TestSuiteExecutor.execute(TestSuiteExecutor.java:106)
	at com.kms.katalon.core.main.TestCaseMain.startTestSuite(TestCaseMain.java:185)
	at com.kms.katalon.core.main.TestCaseMain$startTestSuite$0.call(Unknown Source)
	at TempTestSuite1651263721294.run(TempTestSuite1651263721294.groovy:36)
)
	at com.kms.katalon.core.keyword.internal.KeywordMain.stepFailed(KeywordMain.groovy:39)
	at com.kms.katalon.core.mobile.keyword.internal.MobileKeywordMain.stepFailed(MobileKeywordMain.groovy:40)
	at com.kms.katalon.core.mobile.keyword.internal.MobileKeywordMain.runKeyword(MobileKeywordMain.groovy:23)
	at com.kms.katalon.core.mobile.keyword.builtin.ToggleAirplaneModeKeyword.toggleAirplaneMode(ToggleAirplaneModeKeyword.groovy:51)
	at com.kms.katalon.core.mobile.keyword.builtin.ToggleAirplaneModeKeyword.execute(ToggleAirplaneModeKeyword.groovy:46)
	at com.kms.katalon.core.keyword.internal.KeywordExecutor.executeKeywordForPlatform(KeywordExecutor.groovy:74)
	at com.kms.katalon.core.mobile.keyword.MobileBuiltInKeywords.toggleAirplaneMode(MobileBuiltInKeywords.groovy:1167)
	at com.kms.katalon.core.mobile.keyword.MobileBuiltInKeywords$toggleAirplaneMode$6.call(Unknown Source)
	at 18 Validaciones Funcionales - Intentar iniciar sesión con falla de conexión.run(18 Validaciones Funcionales - Intentar iniciar sesión con falla de conexión:24)
	at com.kms.katalon.core.main.ScriptEngine.run(ScriptEngine.java:194)
	at com.kms.katalon.core.main.ScriptEngine.runScriptAsRawText(ScriptEngine.java:119)
	at com.kms.katalon.core.main.TestCaseExecutor.runScript(TestCaseExecutor.java:445)
	at com.kms.katalon.core.main.TestCaseExecutor.doExecute(TestCaseExecutor.java:436)
	at com.kms.katalon.core.main.TestCaseExecutor.processExecutionPhase(TestCaseExecutor.java:415)
	at com.kms.katalon.core.main.TestCaseExecutor.accessMainPhase(TestCaseExecutor.java:407)
	at com.kms.katalon.core.main.TestCaseExecutor.execute(TestCaseExecutor.java:284)
	at com.kms.katalon.core.common.CommonExecutor.accessTestCaseMainPhase(CommonExecutor.java:65)
	at com.kms.katalon.core.main.TestSuiteExecutor.accessTestSuiteMainPhase(TestSuiteExecutor.java:144)
	at com.kms.katalon.core.main.TestSuiteExecutor.execute(TestSuiteExecutor.java:106)
	at com.kms.katalon.core.main.TestCaseMain.startTestSuite(TestCaseMain.java:185)
	at com.kms.katalon.core.main.TestCaseMain$startTestSuite$0.call(Unknown Source)
	at TempTestSuite1651263721294.run(TempTestSuite1651263721294.groovy:36)
Caused by: org.openqa.selenium.WebDriverException: An unknown server-side error occurred while processing the command. Original error: Error executing adbExec. Original error: 'Command 'C:\\Users\\Jesus_Berbin\\AppData\\Local\\Android\\Sdk\\platform-tools\\adb.exe -P 5037 -s R28M42G369B shell am broadcast -a android.intent.action.AIRPLANE_MODE --ez state true' exited with code 255'; Stderr: 'Exception occurred while executing 'broadcast':
java.lang.SecurityException: Permission Denial: not allowed to send broadcast android.intent.action.AIRPLANE_MODE from pid=16845, uid=2000
	at com.android.server.am.ActivityManagerService.broadcastIntentLocked(ActivityManagerService.java:19102)
	at com.android.server.am.ActivityManagerService.broadcastIntentLocked(ActivityManagerService.java:18901)
	at com.android.server.am.ActivityManagerService.broadcastIntentWithFeature(ActivityManagerService.java:19908)
	at com.android.server.am.ActivityManagerShellCommand.runSendBroadcast(ActivityManagerShellCommand.java:772)
	at com.android.server.am.ActivityManagerShellCommand.onCommand(ActivityManagerShellCommand.java:205)
	at android.os.BasicShellCommandHandler.exec(BasicShellCommandHandler.java:98)
	at android.os.ShellCommand.exec(ShellCommand.java:44)
	at com.android.server.am.ActivityManagerService.onShellCommand(ActivityManagerService.java:13105)
	at android.os.Binder.shellCommand(Binder.java:965)
	at android.os.Binder.onTransact(Binder.java:839)
	at android.app.IActivityManager$Stub.onTransact(IActivityManager.java:6026)
	at com.android.server.am.ActivityManagerService.onTransact(ActivityManagerService.java:3628)
	at android.os.Binder.execTransactInternal(Binder.java:1195)
	at android.os.Binder.execTransact(Binder.java:1159)'; Code: '255'
Build info: version: '3.141.59', revision: 'e82be7d358', time: '2018-11-14T08:25:53'
System info: host: 'ENDER-LOBO', ip: '192.168.17.1', os.name: 'Windows 10', os.arch: 'amd64', os.version: '10.0', java.version: '1.8.0_282'
Driver info: com.kms.katalon.core.appium.driver.SwipeableAndroidDriver
Capabilities {app: C:\Users\Jesus_Berbin\Docum..., appPackage: com.verticalapps.KonyMobile..., autoGrantPermissions: true, automationName: uiautomator2, chromedriverPort: 64773, databaseEnabled: false, desired: {app: C:\Users\Jesus_Berbin\Docum..., autoGrantPermissions: true, automationName: uiautomator2, chromedriverPort: 64773, deviceId: , deviceName: samsung SM-A105M (Android 11), fullReset: false, newCommandTimeout: 1800, noReset: true, platform: ANDROID, platformName: android, platformVersion: 11, systemPort: 56363, udid: R28M42G369B}, deviceApiLevel: 30, deviceId: , deviceManufacturer: samsung, deviceModel: SM-A105M, deviceName: R28M42G369B, deviceScreenDensity: 300, deviceScreenSize: 720x1520, deviceUDID: R28M42G369B, fullReset: false, javascriptEnabled: true, locationContextEnabled: false, networkConnectionEnabled: true, newCommandTimeout: 1800, noReset: true, pixelRatio: 1.875, platform: ANDROID, platformName: Android, platformVersion: 11, statBarHeight: 54, systemPort: 56363, takesScreenshot: true, udid: R28M42G369B, viewportRect: {height: 1322, left: 0, top: 54, width: 720}, warnings: {}, webStorageEnabled: false}
Session ID: 6ceedf2e-9a55-4c16-8922-7cadd0087868
	at org.openqa.selenium.remote.http.W3CHttpResponseCodec.createException(W3CHttpResponseCodec.java:187)
	at org.openqa.selenium.remote.http.W3CHttpResponseCodec.decode(W3CHttpResponseCodec.java:122)
	at org.openqa.selenium.remote.http.W3CHttpResponseCodec.decode(W3CHttpResponseCodec.java:49)
	at org.openqa.selenium.remote.HttpCommandExecutor.execute(HttpCommandExecutor.java:158)
	at io.appium.java_client.remote.AppiumCommandExecutor.execute(AppiumCommandExecutor.java:239)
	at org.openqa.selenium.remote.RemoteWebDriver.execute(RemoteWebDriver.java:552)
	at io.appium.java_client.DefaultGenericMobileDriver.execute(DefaultGenericMobileDriver.java:42)
	at io.appium.java_client.AppiumDriver.execute(AppiumDriver.java:1)
	at io.appium.java_client.android.AndroidDriver.execute(AndroidDriver.java:1)
	at com.kms.katalon.core.appium.driver.SwipeableAndroidDriver.execute(SwipeableAndroidDriver.java:1)
	at io.appium.java_client.CommandExecutionHelper.execute(CommandExecutionHelper.java:27)
	at io.appium.java_client.android.connection.HasNetworkConnection.setConnection(HasNetworkConnection.java:34)
	at com.kms.katalon.core.mobile.keyword.builtin.ToggleAirplaneModeKeyword$_toggleAirplaneMode_closure1.doCall(ToggleAirplaneModeKeyword.groovy:64)
	at com.kms.katalon.core.mobile.keyword.builtin.ToggleAirplaneModeKeyword$_toggleAirplaneMode_closure1.call(ToggleAirplaneModeKeyword.groovy)
	at com.kms.katalon.core.mobile.keyword.internal.MobileKeywordMain.runKeyword(MobileKeywordMain.groovy:21)
	... 19 more
"/>
         <system-out><![CDATA[2022-04-29 16:37:02 - [TEST_CASE][FAILED] - Test Cases/01HU-Login-Cierre de Sesión/18 Validaciones Funcionales - Intentar iniciar sesión con falla de conexión: Test Cases/01HU-Login-Cierre de Sesión/18 Validaciones Funcionales - Intentar iniciar sesión con falla de conexión FAILED.
Reason:
com.kms.katalon.core.exception.StepFailedException: Cannot toogle airplane mode (Root cause: org.openqa.selenium.WebDriverException: An unknown server-side error occurred while processing the command. Original error: Error executing adbExec. Original error: 'Command 'C:\\Users\\Jesus_Berbin\\AppData\\Local\\Android\\Sdk\\platform-tools\\adb.exe -P 5037 -s R28M42G369B shell am broadcast -a android.intent.action.AIRPLANE_MODE --ez state true' exited with code 255'; Stderr: 'Exception occurred while executing 'broadcast':
java.lang.SecurityException: Permission Denial: not allowed to send broadcast android.intent.action.AIRPLANE_MODE from pid=16845, uid=2000
	at com.android.server.am.ActivityManagerService.broadcastIntentLocked(ActivityManagerService.java:19102)
	at com.android.server.am.ActivityManagerService.broadcastIntentLocked(ActivityManagerService.java:18901)
	at com.android.server.am.ActivityManagerService.broadcastIntentWithFeature(ActivityManagerService.java:19908)
	at com.android.server.am.ActivityManagerShellCommand.runSendBroadcast(ActivityManagerShellCommand.java:772)
	at com.android.server.am.ActivityManagerShellCommand.onCommand(ActivityManagerShellCommand.java:205)
	at android.os.BasicShellCommandHandler.exec(BasicShellCommandHandler.java:98)
	at android.os.ShellCommand.exec(ShellCommand.java:44)
	at com.android.server.am.ActivityManagerService.onShellCommand(ActivityManagerService.java:13105)
	at android.os.Binder.shellCommand(Binder.java:965)
	at android.os.Binder.onTransact(Binder.java:839)
	at android.app.IActivityManager$Stub.onTransact(IActivityManager.java:6026)
	at com.android.server.am.ActivityManagerService.onTransact(ActivityManagerService.java:3628)
	at android.os.Binder.execTransactInternal(Binder.java:1195)
	at android.os.Binder.execTransact(Binder.java:1159)'; Code: '255'
Build info: version: '3.141.59', revision: 'e82be7d358', time: '2018-11-14T08:25:53'
System info: host: 'ENDER-LOBO', ip: '192.168.17.1', os.name: 'Windows 10', os.arch: 'amd64', os.version: '10.0', java.version: '1.8.0_282'
Driver info: com.kms.katalon.core.appium.driver.SwipeableAndroidDriver
Capabilities {app: C:\Users\Jesus_Berbin\Docum..., appPackage: com.verticalapps.KonyMobile..., autoGrantPermissions: true, automationName: uiautomator2, chromedriverPort: 64773, databaseEnabled: false, desired: {app: C:\Users\Jesus_Berbin\Docum..., autoGrantPermissions: true, automationName: uiautomator2, chromedriverPort: 64773, deviceId: , deviceName: samsung SM-A105M (Android 11), fullReset: false, newCommandTimeout: 1800, noReset: true, platform: ANDROID, platformName: android, platformVersion: 11, systemPort: 56363, udid: R28M42G369B}, deviceApiLevel: 30, deviceId: , deviceManufacturer: samsung, deviceModel: SM-A105M, deviceName: R28M42G369B, deviceScreenDensity: 300, deviceScreenSize: 720x1520, deviceUDID: R28M42G369B, fullReset: false, javascriptEnabled: true, locationContextEnabled: false, networkConnectionEnabled: true, newCommandTimeout: 1800, noReset: true, pixelRatio: 1.875, platform: ANDROID, platformName: Android, platformVersion: 11, statBarHeight: 54, systemPort: 56363, takesScreenshot: true, udid: R28M42G369B, viewportRect: {height: 1322, left: 0, top: 54, width: 720}, warnings: {}, webStorageEnabled: false}
Session ID: 6ceedf2e-9a55-4c16-8922-7cadd0087868
	at org.openqa.selenium.remote.http.W3CHttpResponseCodec.createException(W3CHttpResponseCodec.java:187)
	at org.openqa.selenium.remote.http.W3CHttpResponseCodec.decode(W3CHttpResponseCodec.java:122)
	at org.openqa.selenium.remote.http.W3CHttpResponseCodec.decode(W3CHttpResponseCodec.java:49)
	at org.openqa.selenium.remote.HttpCommandExecutor.execute(HttpCommandExecutor.java:158)
	at io.appium.java_client.remote.AppiumCommandExecutor.execute(AppiumCommandExecutor.java:239)
	at org.openqa.selenium.remote.RemoteWebDriver.execute(RemoteWebDriver.java:552)
	at io.appium.java_client.DefaultGenericMobileDriver.execute(DefaultGenericMobileDriver.java:42)
	at io.appium.java_client.AppiumDriver.execute(AppiumDriver.java:1)
	at io.appium.java_client.android.AndroidDriver.execute(AndroidDriver.java:1)
	at com.kms.katalon.core.appium.driver.SwipeableAndroidDriver.execute(SwipeableAndroidDriver.java:1)
	at io.appium.java_client.CommandExecutionHelper.execute(CommandExecutionHelper.java:27)
	at io.appium.java_client.android.connection.HasNetworkConnection.setConnection(HasNetworkConnection.java:34)
	at com.kms.katalon.core.mobile.keyword.builtin.ToggleAirplaneModeKeyword$_toggleAirplaneMode_closure1.doCall(ToggleAirplaneModeKeyword.groovy:64)
	at com.kms.katalon.core.mobile.keyword.builtin.ToggleAirplaneModeKeyword$_toggleAirplaneMode_closure1.call(ToggleAirplaneModeKeyword.groovy)
	at com.kms.katalon.core.mobile.keyword.internal.MobileKeywordMain.runKeyword(MobileKeywordMain.groovy:21)
	at com.kms.katalon.core.mobile.keyword.builtin.ToggleAirplaneModeKeyword.toggleAirplaneMode(ToggleAirplaneModeKeyword.groovy:51)
	at com.kms.katalon.core.mobile.keyword.builtin.ToggleAirplaneModeKeyword.execute(ToggleAirplaneModeKeyword.groovy:46)
	at com.kms.katalon.core.keyword.internal.KeywordExecutor.executeKeywordForPlatform(KeywordExecutor.groovy:74)
	at com.kms.katalon.core.mobile.keyword.MobileBuiltInKeywords.toggleAirplaneMode(MobileBuiltInKeywords.groovy:1167)
	at com.kms.katalon.core.mobile.keyword.MobileBuiltInKeywords$toggleAirplaneMode$6.call(Unknown Source)
	at 18 Validaciones Funcionales - Intentar iniciar sesión con falla de conexión.run(18 Validaciones Funcionales - Intentar iniciar sesión con falla de conexión:24)
	at com.kms.katalon.core.main.ScriptEngine.run(ScriptEngine.java:194)
	at com.kms.katalon.core.main.ScriptEngine.runScriptAsRawText(ScriptEngine.java:119)
	at com.kms.katalon.core.main.TestCaseExecutor.runScript(TestCaseExecutor.java:445)
	at com.kms.katalon.core.main.TestCaseExecutor.doExecute(TestCaseExecutor.java:436)
	at com.kms.katalon.core.main.TestCaseExecutor.processExecutionPhase(TestCaseExecutor.java:415)
	at com.kms.katalon.core.main.TestCaseExecutor.accessMainPhase(TestCaseExecutor.java:407)
	at com.kms.katalon.core.main.TestCaseExecutor.execute(TestCaseExecutor.java:284)
	at com.kms.katalon.core.common.CommonExecutor.accessTestCaseMainPhase(CommonExecutor.java:65)
	at com.kms.katalon.core.main.TestSuiteExecutor.accessTestSuiteMainPhase(TestSuiteExecutor.java:144)
	at com.kms.katalon.core.main.TestSuiteExecutor.execute(TestSuiteExecutor.java:106)
	at com.kms.katalon.core.main.TestCaseMain.startTestSuite(TestCaseMain.java:185)
	at com.kms.katalon.core.main.TestCaseMain$startTestSuite$0.call(Unknown Source)
	at TempTestSuite1651263721294.run(TempTestSuite1651263721294.groovy:36)
)
	at com.kms.katalon.core.keyword.internal.KeywordMain.stepFailed(KeywordMain.groovy:39)
	at com.kms.katalon.core.mobile.keyword.internal.MobileKeywordMain.stepFailed(MobileKeywordMain.groovy:40)
	at com.kms.katalon.core.mobile.keyword.internal.MobileKeywordMain.runKeyword(MobileKeywordMain.groovy:23)
	at com.kms.katalon.core.mobile.keyword.builtin.ToggleAirplaneModeKeyword.toggleAirplaneMode(ToggleAirplaneModeKeyword.groovy:51)
	at com.kms.katalon.core.mobile.keyword.builtin.ToggleAirplaneModeKeyword.execute(ToggleAirplaneModeKeyword.groovy:46)
	at com.kms.katalon.core.keyword.internal.KeywordExecutor.executeKeywordForPlatform(KeywordExecutor.groovy:74)
	at com.kms.katalon.core.mobile.keyword.MobileBuiltInKeywords.toggleAirplaneMode(MobileBuiltInKeywords.groovy:1167)
	at com.kms.katalon.core.mobile.keyword.MobileBuiltInKeywords$toggleAirplaneMode$6.call(Unknown Source)
	at 18 Validaciones Funcionales - Intentar iniciar sesión con falla de conexión.run(18 Validaciones Funcionales - Intentar iniciar sesión con falla de conexión:24)
	at com.kms.katalon.core.main.ScriptEngine.run(ScriptEngine.java:194)
	at com.kms.katalon.core.main.ScriptEngine.runScriptAsRawText(ScriptEngine.java:119)
	at com.kms.katalon.core.main.TestCaseExecutor.runScript(TestCaseExecutor.java:445)
	at com.kms.katalon.core.main.TestCaseExecutor.doExecute(TestCaseExecutor.java:436)
	at com.kms.katalon.core.main.TestCaseExecutor.processExecutionPhase(TestCaseExecutor.java:415)
	at com.kms.katalon.core.main.TestCaseExecutor.accessMainPhase(TestCaseExecutor.java:407)
	at com.kms.katalon.core.main.TestCaseExecutor.execute(TestCaseExecutor.java:284)
	at com.kms.katalon.core.common.CommonExecutor.accessTestCaseMainPhase(CommonExecutor.java:65)
	at com.kms.katalon.core.main.TestSuiteExecutor.accessTestSuiteMainPhase(TestSuiteExecutor.java:144)
	at com.kms.katalon.core.main.TestSuiteExecutor.execute(TestSuiteExecutor.java:106)
	at com.kms.katalon.core.main.TestCaseMain.startTestSuite(TestCaseMain.java:185)
	at com.kms.katalon.core.main.TestCaseMain$startTestSuite$0.call(Unknown Source)
	at TempTestSuite1651263721294.run(TempTestSuite1651263721294.groovy:36)
Caused by: org.openqa.selenium.WebDriverException: An unknown server-side error occurred while processing the command. Original error: Error executing adbExec. Original error: 'Command 'C:\\Users\\Jesus_Berbin\\AppData\\Local\\Android\\Sdk\\platform-tools\\adb.exe -P 5037 -s R28M42G369B shell am broadcast -a android.intent.action.AIRPLANE_MODE --ez state true' exited with code 255'; Stderr: 'Exception occurred while executing 'broadcast':
java.lang.SecurityException: Permission Denial: not allowed to send broadcast android.intent.action.AIRPLANE_MODE from pid=16845, uid=2000
	at com.android.server.am.ActivityManagerService.broadcastIntentLocked(ActivityManagerService.java:19102)
	at com.android.server.am.ActivityManagerService.broadcastIntentLocked(ActivityManagerService.java:18901)
	at com.android.server.am.ActivityManagerService.broadcastIntentWithFeature(ActivityManagerService.java:19908)
	at com.android.server.am.ActivityManagerShellCommand.runSendBroadcast(ActivityManagerShellCommand.java:772)
	at com.android.server.am.ActivityManagerShellCommand.onCommand(ActivityManagerShellCommand.java:205)
	at android.os.BasicShellCommandHandler.exec(BasicShellCommandHandler.java:98)
	at android.os.ShellCommand.exec(ShellCommand.java:44)
	at com.android.server.am.ActivityManagerService.onShellCommand(ActivityManagerService.java:13105)
	at android.os.Binder.shellCommand(Binder.java:965)
	at android.os.Binder.onTransact(Binder.java:839)
	at android.app.IActivityManager$Stub.onTransact(IActivityManager.java:6026)
	at com.android.server.am.ActivityManagerService.onTransact(ActivityManagerService.java:3628)
	at android.os.Binder.execTransactInternal(Binder.java:1195)
	at android.os.Binder.execTransact(Binder.java:1159)'; Code: '255'
Build info: version: '3.141.59', revision: 'e82be7d358', time: '2018-11-14T08:25:53'
System info: host: 'ENDER-LOBO', ip: '192.168.17.1', os.name: 'Windows 10', os.arch: 'amd64', os.version: '10.0', java.version: '1.8.0_282'
Driver info: com.kms.katalon.core.appium.driver.SwipeableAndroidDriver
Capabilities {app: C:\Users\Jesus_Berbin\Docum..., appPackage: com.verticalapps.KonyMobile..., autoGrantPermissions: true, automationName: uiautomator2, chromedriverPort: 64773, databaseEnabled: false, desired: {app: C:\Users\Jesus_Berbin\Docum..., autoGrantPermissions: true, automationName: uiautomator2, chromedriverPort: 64773, deviceId: , deviceName: samsung SM-A105M (Android 11), fullReset: false, newCommandTimeout: 1800, noReset: true, platform: ANDROID, platformName: android, platformVersion: 11, systemPort: 56363, udid: R28M42G369B}, deviceApiLevel: 30, deviceId: , deviceManufacturer: samsung, deviceModel: SM-A105M, deviceName: R28M42G369B, deviceScreenDensity: 300, deviceScreenSize: 720x1520, deviceUDID: R28M42G369B, fullReset: false, javascriptEnabled: true, locationContextEnabled: false, networkConnectionEnabled: true, newCommandTimeout: 1800, noReset: true, pixelRatio: 1.875, platform: ANDROID, platformName: Android, platformVersion: 11, statBarHeight: 54, systemPort: 56363, takesScreenshot: true, udid: R28M42G369B, viewportRect: {height: 1322, left: 0, top: 54, width: 720}, warnings: {}, webStorageEnabled: false}
Session ID: 6ceedf2e-9a55-4c16-8922-7cadd0087868
	at org.openqa.selenium.remote.http.W3CHttpResponseCodec.createException(W3CHttpResponseCodec.java:187)
	at org.openqa.selenium.remote.http.W3CHttpResponseCodec.decode(W3CHttpResponseCodec.java:122)
	at org.openqa.selenium.remote.http.W3CHttpResponseCodec.decode(W3CHttpResponseCodec.java:49)
	at org.openqa.selenium.remote.HttpCommandExecutor.execute(HttpCommandExecutor.java:158)
	at io.appium.java_client.remote.AppiumCommandExecutor.execute(AppiumCommandExecutor.java:239)
	at org.openqa.selenium.remote.RemoteWebDriver.execute(RemoteWebDriver.java:552)
	at io.appium.java_client.DefaultGenericMobileDriver.execute(DefaultGenericMobileDriver.java:42)
	at io.appium.java_client.AppiumDriver.execute(AppiumDriver.java:1)
	at io.appium.java_client.android.AndroidDriver.execute(AndroidDriver.java:1)
	at com.kms.katalon.core.appium.driver.SwipeableAndroidDriver.execute(SwipeableAndroidDriver.java:1)
	at io.appium.java_client.CommandExecutionHelper.execute(CommandExecutionHelper.java:27)
	at io.appium.java_client.android.connection.HasNetworkConnection.setConnection(HasNetworkConnection.java:34)
	at com.kms.katalon.core.mobile.keyword.builtin.ToggleAirplaneModeKeyword$_toggleAirplaneMode_closure1.doCall(ToggleAirplaneModeKeyword.groovy:64)
	at com.kms.katalon.core.mobile.keyword.builtin.ToggleAirplaneModeKeyword$_toggleAirplaneMode_closure1.call(ToggleAirplaneModeKeyword.groovy)
	at com.kms.katalon.core.mobile.keyword.internal.MobileKeywordMain.runKeyword(MobileKeywordMain.groovy:21)
	... 19 more


2022-04-29 16:37:02 - [TEST_STEP][PASSED] - startApplication(URL, false): Started app at: 'C:\Users\Jesus_Berbin\Documents\Cursos\Sybven\UENO\crtopyinfinitymobilebanking-release.apk'

2022-04-29 16:37:02 - [MESSAGE][INFO] - User set preference: ['deviceId', '']

2022-04-29 16:37:13 - [MESSAGE][PASSED] - Started app at: 'C:\Users\Jesus_Berbin\Documents\Cursos\Sybven\UENO\crtopyinfinitymobilebanking-release.apk'

2022-04-29 16:37:13 - [TEST_STEP][PASSED] - delay(10, STOP_ON_FAILURE): Delayed 10 second(s)

2022-04-29 16:37:23 - [MESSAGE][PASSED] - Delayed 10 second(s)

2022-04-29 16:37:23 - [TEST_STEP][FAILED] - toggleAirplaneMode("yes", CONTINUE_ON_FAILURE): Cannot toogle airplane mode (Root cause: org.openqa.selenium.WebDriverException: An unknown server-side error occurred while processing the command. Original error: Error executing adbExec. Original error: 'Command 'C:\\Users\\Jesus_Berbin\\AppData\\Local\\Android\\Sdk\\platform-tools\\adb.exe -P 5037 -s R28M42G369B shell am broadcast -a android.intent.action.AIRPLANE_MODE --ez state true' exited with code 255'; Stderr: 'Exception occurred while executing 'broadcast':
java.lang.SecurityException: Permission Denial: not allowed to send broadcast android.intent.action.AIRPLANE_MODE from pid=16845, uid=2000
	at com.android.server.am.ActivityManagerService.broadcastIntentLocked(ActivityManagerService.java:19102)
	at com.android.server.am.ActivityManagerService.broadcastIntentLocked(ActivityManagerService.java:18901)
	at com.android.server.am.ActivityManagerService.broadcastIntentWithFeature(ActivityManagerService.java:19908)
	at com.android.server.am.ActivityManagerShellCommand.runSendBroadcast(ActivityManagerShellCommand.java:772)
	at com.android.server.am.ActivityManagerShellCommand.onCommand(ActivityManagerShellCommand.java:205)
	at android.os.BasicShellCommandHandler.exec(BasicShellCommandHandler.java:98)
	at android.os.ShellCommand.exec(ShellCommand.java:44)
	at com.android.server.am.ActivityManagerService.onShellCommand(ActivityManagerService.java:13105)
	at android.os.Binder.shellCommand(Binder.java:965)
	at android.os.Binder.onTransact(Binder.java:839)
	at android.app.IActivityManager$Stub.onTransact(IActivityManager.java:6026)
	at com.android.server.am.ActivityManagerService.onTransact(ActivityManagerService.java:3628)
	at android.os.Binder.execTransactInternal(Binder.java:1195)
	at android.os.Binder.execTransact(Binder.java:1159)'; Code: '255'
Build info: version: '3.141.59', revision: 'e82be7d358', time: '2018-11-14T08:25:53'
System info: host: 'ENDER-LOBO', ip: '192.168.17.1', os.name: 'Windows 10', os.arch: 'amd64', os.version: '10.0', java.version: '1.8.0_282'
Driver info: com.kms.katalon.core.appium.driver.SwipeableAndroidDriver
Capabilities {app: C:\Users\Jesus_Berbin\Docum..., appPackage: com.verticalapps.KonyMobile..., autoGrantPermissions: true, automationName: uiautomator2, chromedriverPort: 64773, databaseEnabled: false, desired: {app: C:\Users\Jesus_Berbin\Docum..., autoGrantPermissions: true, automationName: uiautomator2, chromedriverPort: 64773, deviceId: , deviceName: samsung SM-A105M (Android 11), fullReset: false, newCommandTimeout: 1800, noReset: true, platform: ANDROID, platformName: android, platformVersion: 11, systemPort: 56363, udid: R28M42G369B}, deviceApiLevel: 30, deviceId: , deviceManufacturer: samsung, deviceModel: SM-A105M, deviceName: R28M42G369B, deviceScreenDensity: 300, deviceScreenSize: 720x1520, deviceUDID: R28M42G369B, fullReset: false, javascriptEnabled: true, locationContextEnabled: false, networkConnectionEnabled: true, newCommandTimeout: 1800, noReset: true, pixelRatio: 1.875, platform: ANDROID, platformName: Android, platformVersion: 11, statBarHeight: 54, systemPort: 56363, takesScreenshot: true, udid: R28M42G369B, viewportRect: {height: 1322, left: 0, top: 54, width: 720}, warnings: {}, webStorageEnabled: false}
Session ID: 6ceedf2e-9a55-4c16-8922-7cadd0087868
	at org.openqa.selenium.remote.http.W3CHttpResponseCodec.createException(W3CHttpResponseCodec.java:187)
	at org.openqa.selenium.remote.http.W3CHttpResponseCodec.decode(W3CHttpResponseCodec.java:122)
	at org.openqa.selenium.remote.http.W3CHttpResponseCodec.decode(W3CHttpResponseCodec.java:49)
	at org.openqa.selenium.remote.HttpCommandExecutor.execute(HttpCommandExecutor.java:158)
	at io.appium.java_client.remote.AppiumCommandExecutor.execute(AppiumCommandExecutor.java:239)
	at org.openqa.selenium.remote.RemoteWebDriver.execute(RemoteWebDriver.java:552)
	at io.appium.java_client.DefaultGenericMobileDriver.execute(DefaultGenericMobileDriver.java:42)
	at io.appium.java_client.AppiumDriver.execute(AppiumDriver.java:1)
	at io.appium.java_client.android.AndroidDriver.execute(AndroidDriver.java:1)
	at com.kms.katalon.core.appium.driver.SwipeableAndroidDriver.execute(SwipeableAndroidDriver.java:1)
	at io.appium.java_client.CommandExecutionHelper.execute(CommandExecutionHelper.java:27)
	at io.appium.java_client.android.connection.HasNetworkConnection.setConnection(HasNetworkConnection.java:34)
	at com.kms.katalon.core.mobile.keyword.builtin.ToggleAirplaneModeKeyword$_toggleAirplaneMode_closure1.doCall(ToggleAirplaneModeKeyword.groovy:64)
	at com.kms.katalon.core.mobile.keyword.builtin.ToggleAirplaneModeKeyword$_toggleAirplaneMode_closure1.call(ToggleAirplaneModeKeyword.groovy)
	at com.kms.katalon.core.mobile.keyword.internal.MobileKeywordMain.runKeyword(MobileKeywordMain.groovy:21)
	at com.kms.katalon.core.mobile.keyword.builtin.ToggleAirplaneModeKeyword.toggleAirplaneMode(ToggleAirplaneModeKeyword.groovy:51)
	at com.kms.katalon.core.mobile.keyword.builtin.ToggleAirplaneModeKeyword.execute(ToggleAirplaneModeKeyword.groovy:46)
	at com.kms.katalon.core.keyword.internal.KeywordExecutor.executeKeywordForPlatform(KeywordExecutor.groovy:74)
	at com.kms.katalon.core.mobile.keyword.MobileBuiltInKeywords.toggleAirplaneMode(MobileBuiltInKeywords.groovy:1167)
	at com.kms.katalon.core.mobile.keyword.MobileBuiltInKeywords$toggleAirplaneMode$6.call(Unknown Source)
	at 18 Validaciones Funcionales - Intentar iniciar sesión con falla de conexión.run(18 Validaciones Funcionales - Intentar iniciar sesión con falla de conexión:24)
	at com.kms.katalon.core.main.ScriptEngine.run(ScriptEngine.java:194)
	at com.kms.katalon.core.main.ScriptEngine.runScriptAsRawText(ScriptEngine.java:119)
	at com.kms.katalon.core.main.TestCaseExecutor.runScript(TestCaseExecutor.java:445)
	at com.kms.katalon.core.main.TestCaseExecutor.doExecute(TestCaseExecutor.java:436)
	at com.kms.katalon.core.main.TestCaseExecutor.processExecutionPhase(TestCaseExecutor.java:415)
	at com.kms.katalon.core.main.TestCaseExecutor.accessMainPhase(TestCaseExecutor.java:407)
	at com.kms.katalon.core.main.TestCaseExecutor.execute(TestCaseExecutor.java:284)
	at com.kms.katalon.core.common.CommonExecutor.accessTestCaseMainPhase(CommonExecutor.java:65)
	at com.kms.katalon.core.main.TestSuiteExecutor.accessTestSuiteMainPhase(TestSuiteExecutor.java:144)
	at com.kms.katalon.core.main.TestSuiteExecutor.execute(TestSuiteExecutor.java:106)
	at com.kms.katalon.core.main.TestCaseMain.startTestSuite(TestCaseMain.java:185)
	at com.kms.katalon.core.main.TestCaseMain$startTestSuite$0.call(Unknown Source)
	at TempTestSuite1651263721294.run(TempTestSuite1651263721294.groovy:36)
)

2022-04-29 16:37:25 - [MESSAGE][FAILED] - Cannot toogle airplane mode (Root cause: org.openqa.selenium.WebDriverException: An unknown server-side error occurred while processing the command. Original error: Error executing adbExec. Original error: 'Command 'C:\\Users\\Jesus_Berbin\\AppData\\Local\\Android\\Sdk\\platform-tools\\adb.exe -P 5037 -s R28M42G369B shell am broadcast -a android.intent.action.AIRPLANE_MODE --ez state true' exited with code 255'; Stderr: 'Exception occurred while executing 'broadcast':
java.lang.SecurityException: Permission Denial: not allowed to send broadcast android.intent.action.AIRPLANE_MODE from pid=16845, uid=2000
	at com.android.server.am.ActivityManagerService.broadcastIntentLocked(ActivityManagerService.java:19102)
	at com.android.server.am.ActivityManagerService.broadcastIntentLocked(ActivityManagerService.java:18901)
	at com.android.server.am.ActivityManagerService.broadcastIntentWithFeature(ActivityManagerService.java:19908)
	at com.android.server.am.ActivityManagerShellCommand.runSendBroadcast(ActivityManagerShellCommand.java:772)
	at com.android.server.am.ActivityManagerShellCommand.onCommand(ActivityManagerShellCommand.java:205)
	at android.os.BasicShellCommandHandler.exec(BasicShellCommandHandler.java:98)
	at android.os.ShellCommand.exec(ShellCommand.java:44)
	at com.android.server.am.ActivityManagerService.onShellCommand(ActivityManagerService.java:13105)
	at android.os.Binder.shellCommand(Binder.java:965)
	at android.os.Binder.onTransact(Binder.java:839)
	at android.app.IActivityManager$Stub.onTransact(IActivityManager.java:6026)
	at com.android.server.am.ActivityManagerService.onTransact(ActivityManagerService.java:3628)
	at android.os.Binder.execTransactInternal(Binder.java:1195)
	at android.os.Binder.execTransact(Binder.java:1159)'; Code: '255'
Build info: version: '3.141.59', revision: 'e82be7d358', time: '2018-11-14T08:25:53'
System info: host: 'ENDER-LOBO', ip: '192.168.17.1', os.name: 'Windows 10', os.arch: 'amd64', os.version: '10.0', java.version: '1.8.0_282'
Driver info: com.kms.katalon.core.appium.driver.SwipeableAndroidDriver
Capabilities {app: C:\Users\Jesus_Berbin\Docum..., appPackage: com.verticalapps.KonyMobile..., autoGrantPermissions: true, automationName: uiautomator2, chromedriverPort: 64773, databaseEnabled: false, desired: {app: C:\Users\Jesus_Berbin\Docum..., autoGrantPermissions: true, automationName: uiautomator2, chromedriverPort: 64773, deviceId: , deviceName: samsung SM-A105M (Android 11), fullReset: false, newCommandTimeout: 1800, noReset: true, platform: ANDROID, platformName: android, platformVersion: 11, systemPort: 56363, udid: R28M42G369B}, deviceApiLevel: 30, deviceId: , deviceManufacturer: samsung, deviceModel: SM-A105M, deviceName: R28M42G369B, deviceScreenDensity: 300, deviceScreenSize: 720x1520, deviceUDID: R28M42G369B, fullReset: false, javascriptEnabled: true, locationContextEnabled: false, networkConnectionEnabled: true, newCommandTimeout: 1800, noReset: true, pixelRatio: 1.875, platform: ANDROID, platformName: Android, platformVersion: 11, statBarHeight: 54, systemPort: 56363, takesScreenshot: true, udid: R28M42G369B, viewportRect: {height: 1322, left: 0, top: 54, width: 720}, warnings: {}, webStorageEnabled: false}
Session ID: 6ceedf2e-9a55-4c16-8922-7cadd0087868
	at org.openqa.selenium.remote.http.W3CHttpResponseCodec.createException(W3CHttpResponseCodec.java:187)
	at org.openqa.selenium.remote.http.W3CHttpResponseCodec.decode(W3CHttpResponseCodec.java:122)
	at org.openqa.selenium.remote.http.W3CHttpResponseCodec.decode(W3CHttpResponseCodec.java:49)
	at org.openqa.selenium.remote.HttpCommandExecutor.execute(HttpCommandExecutor.java:158)
	at io.appium.java_client.remote.AppiumCommandExecutor.execute(AppiumCommandExecutor.java:239)
	at org.openqa.selenium.remote.RemoteWebDriver.execute(RemoteWebDriver.java:552)
	at io.appium.java_client.DefaultGenericMobileDriver.execute(DefaultGenericMobileDriver.java:42)
	at io.appium.java_client.AppiumDriver.execute(AppiumDriver.java:1)
	at io.appium.java_client.android.AndroidDriver.execute(AndroidDriver.java:1)
	at com.kms.katalon.core.appium.driver.SwipeableAndroidDriver.execute(SwipeableAndroidDriver.java:1)
	at io.appium.java_client.CommandExecutionHelper.execute(CommandExecutionHelper.java:27)
	at io.appium.java_client.android.connection.HasNetworkConnection.setConnection(HasNetworkConnection.java:34)
	at com.kms.katalon.core.mobile.keyword.builtin.ToggleAirplaneModeKeyword$_toggleAirplaneMode_closure1.doCall(ToggleAirplaneModeKeyword.groovy:64)
	at com.kms.katalon.core.mobile.keyword.builtin.ToggleAirplaneModeKeyword$_toggleAirplaneMode_closure1.call(ToggleAirplaneModeKeyword.groovy)
	at com.kms.katalon.core.mobile.keyword.internal.MobileKeywordMain.runKeyword(MobileKeywordMain.groovy:21)
	at com.kms.katalon.core.mobile.keyword.builtin.ToggleAirplaneModeKeyword.toggleAirplaneMode(ToggleAirplaneModeKeyword.groovy:51)
	at com.kms.katalon.core.mobile.keyword.builtin.ToggleAirplaneModeKeyword.execute(ToggleAirplaneModeKeyword.groovy:46)
	at com.kms.katalon.core.keyword.internal.KeywordExecutor.executeKeywordForPlatform(KeywordExecutor.groovy:74)
	at com.kms.katalon.core.mobile.keyword.MobileBuiltInKeywords.toggleAirplaneMode(MobileBuiltInKeywords.groovy:1167)
	at com.kms.katalon.core.mobile.keyword.MobileBuiltInKeywords$toggleAirplaneMode$6.call(Unknown Source)
	at 18 Validaciones Funcionales - Intentar iniciar sesión con falla de conexión.run(18 Validaciones Funcionales - Intentar iniciar sesión con falla de conexión:24)
	at com.kms.katalon.core.main.ScriptEngine.run(ScriptEngine.java:194)
	at com.kms.katalon.core.main.ScriptEngine.runScriptAsRawText(ScriptEngine.java:119)
	at com.kms.katalon.core.main.TestCaseExecutor.runScript(TestCaseExecutor.java:445)
	at com.kms.katalon.core.main.TestCaseExecutor.doExecute(TestCaseExecutor.java:436)
	at com.kms.katalon.core.main.TestCaseExecutor.processExecutionPhase(TestCaseExecutor.java:415)
	at com.kms.katalon.core.main.TestCaseExecutor.accessMainPhase(TestCaseExecutor.java:407)
	at com.kms.katalon.core.main.TestCaseExecutor.execute(TestCaseExecutor.java:284)
	at com.kms.katalon.core.common.CommonExecutor.accessTestCaseMainPhase(CommonExecutor.java:65)
	at com.kms.katalon.core.main.TestSuiteExecutor.accessTestSuiteMainPhase(TestSuiteExecutor.java:144)
	at com.kms.katalon.core.main.TestSuiteExecutor.execute(TestSuiteExecutor.java:106)
	at com.kms.katalon.core.main.TestCaseMain.startTestSuite(TestCaseMain.java:185)
	at com.kms.katalon.core.main.TestCaseMain$startTestSuite$0.call(Unknown Source)
	at TempTestSuite1651263721294.run(TempTestSuite1651263721294.groovy:36)
)
[[ATTACHMENT|C:\\Users\\Jesus_Berbin\\git\\UENO-App-Android\\Reports\\20220429_162154\\01HU-Login-Cierre de Sesi\u00F3n\\20220429_162201\\1651264644234.png]]

2022-04-29 16:37:25 - [TEST_STEP][PASSED] - clearText(findTestObject("Login/android.widget.EditText - Numero de celular login"), 0): Element 'Object Repository/Login/android.widget.EditText - Numero de celular login' text is cleared

2022-04-29 16:37:25 - [MESSAGE][WARNING] - Timeout '0' is invalid. Using default page load timeout: '30'

2022-04-29 16:37:25 - [MESSAGE][PASSED] - Element 'Object Repository/Login/android.widget.EditText - Numero de celular login' text is cleared

2022-04-29 16:37:25 - [TEST_STEP][PASSED] - setText(findTestObject("Login/android.widget.EditText - Ejemplo 0981123456"), Numerocelular, 0): Text '0972875200' has been set to element 'Object Repository/Login/android.widget.EditText - Ejemplo 0981123456'

2022-04-29 16:37:25 - [MESSAGE][WARNING] - Timeout '0' is invalid. Using default page load timeout: '30'

2022-04-29 16:37:27 - [MESSAGE][PASSED] - Text '0972875200' has been set to element 'Object Repository/Login/android.widget.EditText - Ejemplo 0981123456'

2022-04-29 16:37:27 - [TEST_STEP][PASSED] - setText(findTestObject("Login/android.widget.EditText - tipear contrasea"), Contrasena, 0): Text 'Kony!12345' has been set to element 'Object Repository/Login/android.widget.EditText - tipear contrasea'

2022-04-29 16:37:27 - [MESSAGE][WARNING] - Timeout '0' is invalid. Using default page load timeout: '30'

2022-04-29 16:37:29 - [MESSAGE][PASSED] - Text 'Kony!12345' has been set to element 'Object Repository/Login/android.widget.EditText - tipear contrasea'

2022-04-29 16:37:29 - [TEST_STEP][PASSED] - tap(findTestObject("Login/android.widget.Button - Ingresar"), 0): Tapped on element 'Object Repository/Login/android.widget.Button - Ingresar'

2022-04-29 16:37:29 - [MESSAGE][WARNING] - Timeout '0' is invalid. Using default page load timeout: '30'

2022-04-29 16:37:30 - [MESSAGE][PASSED] - Tapped on element 'Object Repository/Login/android.widget.Button - Ingresar'

2022-04-29 16:37:30 - [TEST_STEP][FAILED] - Mensajefallaconexion = getText(findTestObject("falla de conexion dashboard/android.widget.TextView - Ups Hubo una falla en la conexin. Por favor, verific y prob de nuevo"), 0): Object Object Repository/falla de conexion dashboard/android.widget.TextView - Ups Hubo una falla en la conexin. Por favor, verific y prob de nuevo not found

2022-04-29 16:37:30 - [MESSAGE][WARNING] - Timeout '0' is invalid. Using default page load timeout: '30'

2022-04-29 16:38:00 - [MESSAGE][FAILED] - Object Object Repository/falla de conexion dashboard/android.widget.TextView - Ups Hubo una falla en la conexin. Por favor, verific y prob de nuevo not found

2022-04-29 16:38:00 - [TEST_STEP][FAILED] - verifyEqual(Mensajefallaconexion, "Ups! Hubo una falla en la conexión. Por favor, verificá y probá de nuevo.", CONTINUE_ON_FAILURE): Unable to verify equal between actual object '' and expected object 'Ups! Hubo una falla en la conexión. Por favor, verificá y probá de nuevo.' (Root cause: com.kms.katalon.core.exception.StepFailedException: Actual object '' and expected object 'Ups! Hubo una falla en la conexión. Por favor, verificá y probá de nuevo.' are not equal
	at com.kms.katalon.core.keyword.builtin.VerifyEqualKeyword$_verifyEqual_closure1.doCall(VerifyEqualKeyword.groovy:58)
	at com.kms.katalon.core.keyword.builtin.VerifyEqualKeyword$_verifyEqual_closure1.call(VerifyEqualKeyword.groovy)
	at com.kms.katalon.core.keyword.internal.KeywordMain.runKeyword(KeywordMain.groovy:74)
	at com.kms.katalon.core.keyword.builtin.VerifyEqualKeyword.verifyEqual(VerifyEqualKeyword.groovy:63)
	at com.kms.katalon.core.keyword.builtin.VerifyEqualKeyword.execute(VerifyEqualKeyword.groovy:44)
	at com.kms.katalon.core.keyword.internal.KeywordExecutor.executeKeywordForPlatform(KeywordExecutor.groovy:74)
	at com.kms.katalon.core.keyword.BuiltinKeywords.verifyEqual(BuiltinKeywords.groovy:126)
	at 18 Validaciones Funcionales - Intentar iniciar sesión con falla de conexión.run(18 Validaciones Funcionales - Intentar iniciar sesión con falla de conexión:37)
	at com.kms.katalon.core.main.ScriptEngine.run(ScriptEngine.java:194)
	at com.kms.katalon.core.main.ScriptEngine.runScriptAsRawText(ScriptEngine.java:119)
	at com.kms.katalon.core.main.TestCaseExecutor.runScript(TestCaseExecutor.java:445)
	at com.kms.katalon.core.main.TestCaseExecutor.doExecute(TestCaseExecutor.java:436)
	at com.kms.katalon.core.main.TestCaseExecutor.processExecutionPhase(TestCaseExecutor.java:415)
	at com.kms.katalon.core.main.TestCaseExecutor.accessMainPhase(TestCaseExecutor.java:407)
	at com.kms.katalon.core.main.TestCaseExecutor.execute(TestCaseExecutor.java:284)
	at com.kms.katalon.core.common.CommonExecutor.accessTestCaseMainPhase(CommonExecutor.java:65)
	at com.kms.katalon.core.main.TestSuiteExecutor.accessTestSuiteMainPhase(TestSuiteExecutor.java:144)
	at com.kms.katalon.core.main.TestSuiteExecutor.execute(TestSuiteExecutor.java:106)
	at com.kms.katalon.core.main.TestCaseMain.startTestSuite(TestCaseMain.java:185)
	at com.kms.katalon.core.main.TestCaseMain$startTestSuite$0.call(Unknown Source)
	at TempTestSuite1651263721294.run(TempTestSuite1651263721294.groovy:36)
)

2022-04-29 16:38:00 - [MESSAGE][FAILED] - Unable to verify equal between actual object '' and expected object 'Ups! Hubo una falla en la conexión. Por favor, verificá y probá de nuevo.' (Root cause: com.kms.katalon.core.exception.StepFailedException: Actual object '' and expected object 'Ups! Hubo una falla en la conexión. Por favor, verificá y probá de nuevo.' are not equal
	at com.kms.katalon.core.keyword.builtin.VerifyEqualKeyword$_verifyEqual_closure1.doCall(VerifyEqualKeyword.groovy:58)
	at com.kms.katalon.core.keyword.builtin.VerifyEqualKeyword$_verifyEqual_closure1.call(VerifyEqualKeyword.groovy)
	at com.kms.katalon.core.keyword.internal.KeywordMain.runKeyword(KeywordMain.groovy:74)
	at com.kms.katalon.core.keyword.builtin.VerifyEqualKeyword.verifyEqual(VerifyEqualKeyword.groovy:63)
	at com.kms.katalon.core.keyword.builtin.VerifyEqualKeyword.execute(VerifyEqualKeyword.groovy:44)
	at com.kms.katalon.core.keyword.internal.KeywordExecutor.executeKeywordForPlatform(KeywordExecutor.groovy:74)
	at com.kms.katalon.core.keyword.BuiltinKeywords.verifyEqual(BuiltinKeywords.groovy:126)
	at 18 Validaciones Funcionales - Intentar iniciar sesión con falla de conexión.run(18 Validaciones Funcionales - Intentar iniciar sesión con falla de conexión:37)
	at com.kms.katalon.core.main.ScriptEngine.run(ScriptEngine.java:194)
	at com.kms.katalon.core.main.ScriptEngine.runScriptAsRawText(ScriptEngine.java:119)
	at com.kms.katalon.core.main.TestCaseExecutor.runScript(TestCaseExecutor.java:445)
	at com.kms.katalon.core.main.TestCaseExecutor.doExecute(TestCaseExecutor.java:436)
	at com.kms.katalon.core.main.TestCaseExecutor.processExecutionPhase(TestCaseExecutor.java:415)
	at com.kms.katalon.core.main.TestCaseExecutor.accessMainPhase(TestCaseExecutor.java:407)
	at com.kms.katalon.core.main.TestCaseExecutor.execute(TestCaseExecutor.java:284)
	at com.kms.katalon.core.common.CommonExecutor.accessTestCaseMainPhase(CommonExecutor.java:65)
	at com.kms.katalon.core.main.TestSuiteExecutor.accessTestSuiteMainPhase(TestSuiteExecutor.java:144)
	at com.kms.katalon.core.main.TestSuiteExecutor.execute(TestSuiteExecutor.java:106)
	at com.kms.katalon.core.main.TestCaseMain.startTestSuite(TestCaseMain.java:185)
	at com.kms.katalon.core.main.TestCaseMain$startTestSuite$0.call(Unknown Source)
	at TempTestSuite1651263721294.run(TempTestSuite1651263721294.groovy:36)
)]]></system-out>
         <system-err><![CDATA[2022-04-29 16:37:02 - [TEST_CASE][FAILED] - Test Cases/01HU-Login-Cierre de Sesión/18 Validaciones Funcionales - Intentar iniciar sesión con falla de conexión: Test Cases/01HU-Login-Cierre de Sesión/18 Validaciones Funcionales - Intentar iniciar sesión con falla de conexión FAILED.
Reason:
com.kms.katalon.core.exception.StepFailedException: Cannot toogle airplane mode (Root cause: org.openqa.selenium.WebDriverException: An unknown server-side error occurred while processing the command. Original error: Error executing adbExec. Original error: 'Command 'C:\\Users\\Jesus_Berbin\\AppData\\Local\\Android\\Sdk\\platform-tools\\adb.exe -P 5037 -s R28M42G369B shell am broadcast -a android.intent.action.AIRPLANE_MODE --ez state true' exited with code 255'; Stderr: 'Exception occurred while executing 'broadcast':
java.lang.SecurityException: Permission Denial: not allowed to send broadcast android.intent.action.AIRPLANE_MODE from pid=16845, uid=2000
	at com.android.server.am.ActivityManagerService.broadcastIntentLocked(ActivityManagerService.java:19102)
	at com.android.server.am.ActivityManagerService.broadcastIntentLocked(ActivityManagerService.java:18901)
	at com.android.server.am.ActivityManagerService.broadcastIntentWithFeature(ActivityManagerService.java:19908)
	at com.android.server.am.ActivityManagerShellCommand.runSendBroadcast(ActivityManagerShellCommand.java:772)
	at com.android.server.am.ActivityManagerShellCommand.onCommand(ActivityManagerShellCommand.java:205)
	at android.os.BasicShellCommandHandler.exec(BasicShellCommandHandler.java:98)
	at android.os.ShellCommand.exec(ShellCommand.java:44)
	at com.android.server.am.ActivityManagerService.onShellCommand(ActivityManagerService.java:13105)
	at android.os.Binder.shellCommand(Binder.java:965)
	at android.os.Binder.onTransact(Binder.java:839)
	at android.app.IActivityManager$Stub.onTransact(IActivityManager.java:6026)
	at com.android.server.am.ActivityManagerService.onTransact(ActivityManagerService.java:3628)
	at android.os.Binder.execTransactInternal(Binder.java:1195)
	at android.os.Binder.execTransact(Binder.java:1159)'; Code: '255'
Build info: version: '3.141.59', revision: 'e82be7d358', time: '2018-11-14T08:25:53'
System info: host: 'ENDER-LOBO', ip: '192.168.17.1', os.name: 'Windows 10', os.arch: 'amd64', os.version: '10.0', java.version: '1.8.0_282'
Driver info: com.kms.katalon.core.appium.driver.SwipeableAndroidDriver
Capabilities {app: C:\Users\Jesus_Berbin\Docum..., appPackage: com.verticalapps.KonyMobile..., autoGrantPermissions: true, automationName: uiautomator2, chromedriverPort: 64773, databaseEnabled: false, desired: {app: C:\Users\Jesus_Berbin\Docum..., autoGrantPermissions: true, automationName: uiautomator2, chromedriverPort: 64773, deviceId: , deviceName: samsung SM-A105M (Android 11), fullReset: false, newCommandTimeout: 1800, noReset: true, platform: ANDROID, platformName: android, platformVersion: 11, systemPort: 56363, udid: R28M42G369B}, deviceApiLevel: 30, deviceId: , deviceManufacturer: samsung, deviceModel: SM-A105M, deviceName: R28M42G369B, deviceScreenDensity: 300, deviceScreenSize: 720x1520, deviceUDID: R28M42G369B, fullReset: false, javascriptEnabled: true, locationContextEnabled: false, networkConnectionEnabled: true, newCommandTimeout: 1800, noReset: true, pixelRatio: 1.875, platform: ANDROID, platformName: Android, platformVersion: 11, statBarHeight: 54, systemPort: 56363, takesScreenshot: true, udid: R28M42G369B, viewportRect: {height: 1322, left: 0, top: 54, width: 720}, warnings: {}, webStorageEnabled: false}
Session ID: 6ceedf2e-9a55-4c16-8922-7cadd0087868
	at org.openqa.selenium.remote.http.W3CHttpResponseCodec.createException(W3CHttpResponseCodec.java:187)
	at org.openqa.selenium.remote.http.W3CHttpResponseCodec.decode(W3CHttpResponseCodec.java:122)
	at org.openqa.selenium.remote.http.W3CHttpResponseCodec.decode(W3CHttpResponseCodec.java:49)
	at org.openqa.selenium.remote.HttpCommandExecutor.execute(HttpCommandExecutor.java:158)
	at io.appium.java_client.remote.AppiumCommandExecutor.execute(AppiumCommandExecutor.java:239)
	at org.openqa.selenium.remote.RemoteWebDriver.execute(RemoteWebDriver.java:552)
	at io.appium.java_client.DefaultGenericMobileDriver.execute(DefaultGenericMobileDriver.java:42)
	at io.appium.java_client.AppiumDriver.execute(AppiumDriver.java:1)
	at io.appium.java_client.android.AndroidDriver.execute(AndroidDriver.java:1)
	at com.kms.katalon.core.appium.driver.SwipeableAndroidDriver.execute(SwipeableAndroidDriver.java:1)
	at io.appium.java_client.CommandExecutionHelper.execute(CommandExecutionHelper.java:27)
	at io.appium.java_client.android.connection.HasNetworkConnection.setConnection(HasNetworkConnection.java:34)
	at com.kms.katalon.core.mobile.keyword.builtin.ToggleAirplaneModeKeyword$_toggleAirplaneMode_closure1.doCall(ToggleAirplaneModeKeyword.groovy:64)
	at com.kms.katalon.core.mobile.keyword.builtin.ToggleAirplaneModeKeyword$_toggleAirplaneMode_closure1.call(ToggleAirplaneModeKeyword.groovy)
	at com.kms.katalon.core.mobile.keyword.internal.MobileKeywordMain.runKeyword(MobileKeywordMain.groovy:21)
	at com.kms.katalon.core.mobile.keyword.builtin.ToggleAirplaneModeKeyword.toggleAirplaneMode(ToggleAirplaneModeKeyword.groovy:51)
	at com.kms.katalon.core.mobile.keyword.builtin.ToggleAirplaneModeKeyword.execute(ToggleAirplaneModeKeyword.groovy:46)
	at com.kms.katalon.core.keyword.internal.KeywordExecutor.executeKeywordForPlatform(KeywordExecutor.groovy:74)
	at com.kms.katalon.core.mobile.keyword.MobileBuiltInKeywords.toggleAirplaneMode(MobileBuiltInKeywords.groovy:1167)
	at com.kms.katalon.core.mobile.keyword.MobileBuiltInKeywords$toggleAirplaneMode$6.call(Unknown Source)
	at 18 Validaciones Funcionales - Intentar iniciar sesión con falla de conexión.run(18 Validaciones Funcionales - Intentar iniciar sesión con falla de conexión:24)
	at com.kms.katalon.core.main.ScriptEngine.run(ScriptEngine.java:194)
	at com.kms.katalon.core.main.ScriptEngine.runScriptAsRawText(ScriptEngine.java:119)
	at com.kms.katalon.core.main.TestCaseExecutor.runScript(TestCaseExecutor.java:445)
	at com.kms.katalon.core.main.TestCaseExecutor.doExecute(TestCaseExecutor.java:436)
	at com.kms.katalon.core.main.TestCaseExecutor.processExecutionPhase(TestCaseExecutor.java:415)
	at com.kms.katalon.core.main.TestCaseExecutor.accessMainPhase(TestCaseExecutor.java:407)
	at com.kms.katalon.core.main.TestCaseExecutor.execute(TestCaseExecutor.java:284)
	at com.kms.katalon.core.common.CommonExecutor.accessTestCaseMainPhase(CommonExecutor.java:65)
	at com.kms.katalon.core.main.TestSuiteExecutor.accessTestSuiteMainPhase(TestSuiteExecutor.java:144)
	at com.kms.katalon.core.main.TestSuiteExecutor.execute(TestSuiteExecutor.java:106)
	at com.kms.katalon.core.main.TestCaseMain.startTestSuite(TestCaseMain.java:185)
	at com.kms.katalon.core.main.TestCaseMain$startTestSuite$0.call(Unknown Source)
	at TempTestSuite1651263721294.run(TempTestSuite1651263721294.groovy:36)
)
	at com.kms.katalon.core.keyword.internal.KeywordMain.stepFailed(KeywordMain.groovy:39)
	at com.kms.katalon.core.mobile.keyword.internal.MobileKeywordMain.stepFailed(MobileKeywordMain.groovy:40)
	at com.kms.katalon.core.mobile.keyword.internal.MobileKeywordMain.runKeyword(MobileKeywordMain.groovy:23)
	at com.kms.katalon.core.mobile.keyword.builtin.ToggleAirplaneModeKeyword.toggleAirplaneMode(ToggleAirplaneModeKeyword.groovy:51)
	at com.kms.katalon.core.mobile.keyword.builtin.ToggleAirplaneModeKeyword.execute(ToggleAirplaneModeKeyword.groovy:46)
	at com.kms.katalon.core.keyword.internal.KeywordExecutor.executeKeywordForPlatform(KeywordExecutor.groovy:74)
	at com.kms.katalon.core.mobile.keyword.MobileBuiltInKeywords.toggleAirplaneMode(MobileBuiltInKeywords.groovy:1167)
	at com.kms.katalon.core.mobile.keyword.MobileBuiltInKeywords$toggleAirplaneMode$6.call(Unknown Source)
	at 18 Validaciones Funcionales - Intentar iniciar sesión con falla de conexión.run(18 Validaciones Funcionales - Intentar iniciar sesión con falla de conexión:24)
	at com.kms.katalon.core.main.ScriptEngine.run(ScriptEngine.java:194)
	at com.kms.katalon.core.main.ScriptEngine.runScriptAsRawText(ScriptEngine.java:119)
	at com.kms.katalon.core.main.TestCaseExecutor.runScript(TestCaseExecutor.java:445)
	at com.kms.katalon.core.main.TestCaseExecutor.doExecute(TestCaseExecutor.java:436)
	at com.kms.katalon.core.main.TestCaseExecutor.processExecutionPhase(TestCaseExecutor.java:415)
	at com.kms.katalon.core.main.TestCaseExecutor.accessMainPhase(TestCaseExecutor.java:407)
	at com.kms.katalon.core.main.TestCaseExecutor.execute(TestCaseExecutor.java:284)
	at com.kms.katalon.core.common.CommonExecutor.accessTestCaseMainPhase(CommonExecutor.java:65)
	at com.kms.katalon.core.main.TestSuiteExecutor.accessTestSuiteMainPhase(TestSuiteExecutor.java:144)
	at com.kms.katalon.core.main.TestSuiteExecutor.execute(TestSuiteExecutor.java:106)
	at com.kms.katalon.core.main.TestCaseMain.startTestSuite(TestCaseMain.java:185)
	at com.kms.katalon.core.main.TestCaseMain$startTestSuite$0.call(Unknown Source)
	at TempTestSuite1651263721294.run(TempTestSuite1651263721294.groovy:36)
Caused by: org.openqa.selenium.WebDriverException: An unknown server-side error occurred while processing the command. Original error: Error executing adbExec. Original error: 'Command 'C:\\Users\\Jesus_Berbin\\AppData\\Local\\Android\\Sdk\\platform-tools\\adb.exe -P 5037 -s R28M42G369B shell am broadcast -a android.intent.action.AIRPLANE_MODE --ez state true' exited with code 255'; Stderr: 'Exception occurred while executing 'broadcast':
java.lang.SecurityException: Permission Denial: not allowed to send broadcast android.intent.action.AIRPLANE_MODE from pid=16845, uid=2000
	at com.android.server.am.ActivityManagerService.broadcastIntentLocked(ActivityManagerService.java:19102)
	at com.android.server.am.ActivityManagerService.broadcastIntentLocked(ActivityManagerService.java:18901)
	at com.android.server.am.ActivityManagerService.broadcastIntentWithFeature(ActivityManagerService.java:19908)
	at com.android.server.am.ActivityManagerShellCommand.runSendBroadcast(ActivityManagerShellCommand.java:772)
	at com.android.server.am.ActivityManagerShellCommand.onCommand(ActivityManagerShellCommand.java:205)
	at android.os.BasicShellCommandHandler.exec(BasicShellCommandHandler.java:98)
	at android.os.ShellCommand.exec(ShellCommand.java:44)
	at com.android.server.am.ActivityManagerService.onShellCommand(ActivityManagerService.java:13105)
	at android.os.Binder.shellCommand(Binder.java:965)
	at android.os.Binder.onTransact(Binder.java:839)
	at android.app.IActivityManager$Stub.onTransact(IActivityManager.java:6026)
	at com.android.server.am.ActivityManagerService.onTransact(ActivityManagerService.java:3628)
	at android.os.Binder.execTransactInternal(Binder.java:1195)
	at android.os.Binder.execTransact(Binder.java:1159)'; Code: '255'
Build info: version: '3.141.59', revision: 'e82be7d358', time: '2018-11-14T08:25:53'
System info: host: 'ENDER-LOBO', ip: '192.168.17.1', os.name: 'Windows 10', os.arch: 'amd64', os.version: '10.0', java.version: '1.8.0_282'
Driver info: com.kms.katalon.core.appium.driver.SwipeableAndroidDriver
Capabilities {app: C:\Users\Jesus_Berbin\Docum..., appPackage: com.verticalapps.KonyMobile..., autoGrantPermissions: true, automationName: uiautomator2, chromedriverPort: 64773, databaseEnabled: false, desired: {app: C:\Users\Jesus_Berbin\Docum..., autoGrantPermissions: true, automationName: uiautomator2, chromedriverPort: 64773, deviceId: , deviceName: samsung SM-A105M (Android 11), fullReset: false, newCommandTimeout: 1800, noReset: true, platform: ANDROID, platformName: android, platformVersion: 11, systemPort: 56363, udid: R28M42G369B}, deviceApiLevel: 30, deviceId: , deviceManufacturer: samsung, deviceModel: SM-A105M, deviceName: R28M42G369B, deviceScreenDensity: 300, deviceScreenSize: 720x1520, deviceUDID: R28M42G369B, fullReset: false, javascriptEnabled: true, locationContextEnabled: false, networkConnectionEnabled: true, newCommandTimeout: 1800, noReset: true, pixelRatio: 1.875, platform: ANDROID, platformName: Android, platformVersion: 11, statBarHeight: 54, systemPort: 56363, takesScreenshot: true, udid: R28M42G369B, viewportRect: {height: 1322, left: 0, top: 54, width: 720}, warnings: {}, webStorageEnabled: false}
Session ID: 6ceedf2e-9a55-4c16-8922-7cadd0087868
	at org.openqa.selenium.remote.http.W3CHttpResponseCodec.createException(W3CHttpResponseCodec.java:187)
	at org.openqa.selenium.remote.http.W3CHttpResponseCodec.decode(W3CHttpResponseCodec.java:122)
	at org.openqa.selenium.remote.http.W3CHttpResponseCodec.decode(W3CHttpResponseCodec.java:49)
	at org.openqa.selenium.remote.HttpCommandExecutor.execute(HttpCommandExecutor.java:158)
	at io.appium.java_client.remote.AppiumCommandExecutor.execute(AppiumCommandExecutor.java:239)
	at org.openqa.selenium.remote.RemoteWebDriver.execute(RemoteWebDriver.java:552)
	at io.appium.java_client.DefaultGenericMobileDriver.execute(DefaultGenericMobileDriver.java:42)
	at io.appium.java_client.AppiumDriver.execute(AppiumDriver.java:1)
	at io.appium.java_client.android.AndroidDriver.execute(AndroidDriver.java:1)
	at com.kms.katalon.core.appium.driver.SwipeableAndroidDriver.execute(SwipeableAndroidDriver.java:1)
	at io.appium.java_client.CommandExecutionHelper.execute(CommandExecutionHelper.java:27)
	at io.appium.java_client.android.connection.HasNetworkConnection.setConnection(HasNetworkConnection.java:34)
	at com.kms.katalon.core.mobile.keyword.builtin.ToggleAirplaneModeKeyword$_toggleAirplaneMode_closure1.doCall(ToggleAirplaneModeKeyword.groovy:64)
	at com.kms.katalon.core.mobile.keyword.builtin.ToggleAirplaneModeKeyword$_toggleAirplaneMode_closure1.call(ToggleAirplaneModeKeyword.groovy)
	at com.kms.katalon.core.mobile.keyword.internal.MobileKeywordMain.runKeyword(MobileKeywordMain.groovy:21)
	... 19 more]]></system-err>
      </testcase>
      <testcase name="Test Cases/01HU-Login-Cierre de Sesión/17 Cierre de Sesión - Desde la pantalla Resumen -por Tiempo de Inactividad" time="426.102" classname="Test Cases/01HU-Login-Cierre de Sesión/17 Cierre de Sesión - Desde la pantalla Resumen -por Tiempo de Inactividad" status="FAILED">
         <failure type="FAILED" message="Test Cases/01HU-Login-Cierre de Sesión/17 Cierre de Sesión - Desde la pantalla Resumen -por Tiempo de Inactividad FAILED.
Reason:
com.kms.katalon.core.exception.StepFailedException: Object Object Repository/cierre de sesion/android.widget.ImageView Menu hamburguesa Inferior not found
	at com.kms.katalon.core.keyword.internal.KeywordMain.stepFailed(KeywordMain.groovy:39)
	at com.kms.katalon.core.mobile.keyword.internal.MobileKeywordMain.stepFailed(MobileKeywordMain.groovy:40)
	at com.kms.katalon.core.mobile.keyword.builtin.TapKeyword$_tap_closure1.doCall(TapKeyword.groovy:79)
	at com.kms.katalon.core.mobile.keyword.builtin.TapKeyword$_tap_closure1.call(TapKeyword.groovy)
	at com.kms.katalon.core.mobile.keyword.internal.MobileKeywordMain.runKeyword(MobileKeywordMain.groovy:21)
	at com.kms.katalon.core.mobile.keyword.builtin.TapKeyword.tap(TapKeyword.groovy:84)
	at com.kms.katalon.core.mobile.keyword.builtin.TapKeyword.execute(TapKeyword.groovy:68)
	at com.kms.katalon.core.keyword.internal.KeywordExecutor.executeKeywordForPlatform(KeywordExecutor.groovy:74)
	at com.kms.katalon.core.mobile.keyword.MobileBuiltInKeywords.tap(MobileBuiltInKeywords.groovy:1490)
	at com.kms.katalon.core.mobile.keyword.MobileBuiltInKeywords$tap$3.call(Unknown Source)
	at 17 Cierre de Sesión - Desde la pantalla Resumen -por Tiempo de Inactividad.run(17 Cierre de Sesión - Desde la pantalla Resumen -por Tiempo de Inactividad:32)
	at com.kms.katalon.core.main.ScriptEngine.run(ScriptEngine.java:194)
	at com.kms.katalon.core.main.ScriptEngine.runScriptAsRawText(ScriptEngine.java:119)
	at com.kms.katalon.core.main.TestCaseExecutor.runScript(TestCaseExecutor.java:445)
	at com.kms.katalon.core.main.TestCaseExecutor.doExecute(TestCaseExecutor.java:436)
	at com.kms.katalon.core.main.TestCaseExecutor.processExecutionPhase(TestCaseExecutor.java:415)
	at com.kms.katalon.core.main.TestCaseExecutor.accessMainPhase(TestCaseExecutor.java:407)
	at com.kms.katalon.core.main.TestCaseExecutor.execute(TestCaseExecutor.java:284)
	at com.kms.katalon.core.common.CommonExecutor.accessTestCaseMainPhase(CommonExecutor.java:65)
	at com.kms.katalon.core.main.TestSuiteExecutor.accessTestSuiteMainPhase(TestSuiteExecutor.java:144)
	at com.kms.katalon.core.main.TestSuiteExecutor.execute(TestSuiteExecutor.java:106)
	at com.kms.katalon.core.main.TestCaseMain.startTestSuite(TestCaseMain.java:185)
	at com.kms.katalon.core.main.TestCaseMain$startTestSuite$0.call(Unknown Source)
	at TempTestSuite1651263721294.run(TempTestSuite1651263721294.groovy:36)
"/>
         <system-out><![CDATA[2022-04-29 16:38:00 - [TEST_CASE][FAILED] - Test Cases/01HU-Login-Cierre de Sesión/17 Cierre de Sesión - Desde la pantalla Resumen -por Tiempo de Inactividad: Test Cases/01HU-Login-Cierre de Sesión/17 Cierre de Sesión - Desde la pantalla Resumen -por Tiempo de Inactividad FAILED.
Reason:
com.kms.katalon.core.exception.StepFailedException: Object Object Repository/cierre de sesion/android.widget.ImageView Menu hamburguesa Inferior not found
	at com.kms.katalon.core.keyword.internal.KeywordMain.stepFailed(KeywordMain.groovy:39)
	at com.kms.katalon.core.mobile.keyword.internal.MobileKeywordMain.stepFailed(MobileKeywordMain.groovy:40)
	at com.kms.katalon.core.mobile.keyword.builtin.TapKeyword$_tap_closure1.doCall(TapKeyword.groovy:79)
	at com.kms.katalon.core.mobile.keyword.builtin.TapKeyword$_tap_closure1.call(TapKeyword.groovy)
	at com.kms.katalon.core.mobile.keyword.internal.MobileKeywordMain.runKeyword(MobileKeywordMain.groovy:21)
	at com.kms.katalon.core.mobile.keyword.builtin.TapKeyword.tap(TapKeyword.groovy:84)
	at com.kms.katalon.core.mobile.keyword.builtin.TapKeyword.execute(TapKeyword.groovy:68)
	at com.kms.katalon.core.keyword.internal.KeywordExecutor.executeKeywordForPlatform(KeywordExecutor.groovy:74)
	at com.kms.katalon.core.mobile.keyword.MobileBuiltInKeywords.tap(MobileBuiltInKeywords.groovy:1490)
	at com.kms.katalon.core.mobile.keyword.MobileBuiltInKeywords$tap$3.call(Unknown Source)
	at 17 Cierre de Sesión - Desde la pantalla Resumen -por Tiempo de Inactividad.run(17 Cierre de Sesión - Desde la pantalla Resumen -por Tiempo de Inactividad:32)
	at com.kms.katalon.core.main.ScriptEngine.run(ScriptEngine.java:194)
	at com.kms.katalon.core.main.ScriptEngine.runScriptAsRawText(ScriptEngine.java:119)
	at com.kms.katalon.core.main.TestCaseExecutor.runScript(TestCaseExecutor.java:445)
	at com.kms.katalon.core.main.TestCaseExecutor.doExecute(TestCaseExecutor.java:436)
	at com.kms.katalon.core.main.TestCaseExecutor.processExecutionPhase(TestCaseExecutor.java:415)
	at com.kms.katalon.core.main.TestCaseExecutor.accessMainPhase(TestCaseExecutor.java:407)
	at com.kms.katalon.core.main.TestCaseExecutor.execute(TestCaseExecutor.java:284)
	at com.kms.katalon.core.common.CommonExecutor.accessTestCaseMainPhase(CommonExecutor.java:65)
	at com.kms.katalon.core.main.TestSuiteExecutor.accessTestSuiteMainPhase(TestSuiteExecutor.java:144)
	at com.kms.katalon.core.main.TestSuiteExecutor.execute(TestSuiteExecutor.java:106)
	at com.kms.katalon.core.main.TestCaseMain.startTestSuite(TestCaseMain.java:185)
	at com.kms.katalon.core.main.TestCaseMain$startTestSuite$0.call(Unknown Source)
	at TempTestSuite1651263721294.run(TempTestSuite1651263721294.groovy:36)


2022-04-29 16:38:00 - [TEST_STEP][PASSED] - startApplication(URL, true): Started app at: 'C:\Users\Jesus_Berbin\Documents\Cursos\Sybven\UENO\crtopyinfinitymobilebanking-release.apk'

2022-04-29 16:38:00 - [MESSAGE][INFO] - User set preference: ['deviceId', '']

2022-04-29 16:38:46 - [MESSAGE][PASSED] - Started app at: 'C:\Users\Jesus_Berbin\Documents\Cursos\Sybven\UENO\crtopyinfinitymobilebanking-release.apk'

2022-04-29 16:38:46 - [TEST_STEP][PASSED] - delay(10, CONTINUE_ON_FAILURE): Delayed 10 second(s)

2022-04-29 16:38:56 - [MESSAGE][PASSED] - Delayed 10 second(s)

2022-04-29 16:38:56 - [TEST_STEP][PASSED] - clearText(findTestObject("Login/android.widget.EditText - Numero de celular login"), 0): Element 'Object Repository/Login/android.widget.EditText - Numero de celular login' text is cleared

2022-04-29 16:38:56 - [MESSAGE][WARNING] - Timeout '0' is invalid. Using default page load timeout: '30'

2022-04-29 16:38:57 - [MESSAGE][PASSED] - Element 'Object Repository/Login/android.widget.EditText - Numero de celular login' text is cleared

2022-04-29 16:38:57 - [TEST_STEP][PASSED] - setText(findTestObject("Login/android.widget.EditText - Ejemplo 0981123456"), Numerocelular, 0): Text '0972875200' has been set to element 'Object Repository/Login/android.widget.EditText - Ejemplo 0981123456'

2022-04-29 16:38:57 - [MESSAGE][WARNING] - Timeout '0' is invalid. Using default page load timeout: '30'

2022-04-29 16:38:59 - [MESSAGE][PASSED] - Text '0972875200' has been set to element 'Object Repository/Login/android.widget.EditText - Ejemplo 0981123456'

2022-04-29 16:38:59 - [TEST_STEP][PASSED] - setText(findTestObject("Login/android.widget.EditText - tipear contrasea"), Contrasena, 0): Text 'Kony!12345' has been set to element 'Object Repository/Login/android.widget.EditText - tipear contrasea'

2022-04-29 16:38:59 - [MESSAGE][WARNING] - Timeout '0' is invalid. Using default page load timeout: '30'

2022-04-29 16:39:00 - [MESSAGE][PASSED] - Text 'Kony!12345' has been set to element 'Object Repository/Login/android.widget.EditText - tipear contrasea'

2022-04-29 16:39:00 - [TEST_STEP][PASSED] - tap(findTestObject("Object Repository/cierre de sesion/android.widget.Button - Ingresar"), 0): Tapped on element 'Object Repository/cierre de sesion/android.widget.Button - Ingresar'

2022-04-29 16:39:00 - [MESSAGE][WARNING] - Timeout '0' is invalid. Using default page load timeout: '30'

2022-04-29 16:39:02 - [MESSAGE][PASSED] - Tapped on element 'Object Repository/cierre de sesion/android.widget.Button - Ingresar'

2022-04-29 16:39:02 - [TEST_STEP][FAILED] - tap(findTestObject("Object Repository/cierre de sesion/android.widget.ImageView Menu hamburguesa Inferior"), 0): Object Object Repository/cierre de sesion/android.widget.ImageView Menu hamburguesa Inferior not found

2022-04-29 16:39:02 - [MESSAGE][WARNING] - Timeout '0' is invalid. Using default page load timeout: '30'

2022-04-29 16:39:36 - [MESSAGE][FAILED] - Object Object Repository/cierre de sesion/android.widget.ImageView Menu hamburguesa Inferior not found

2022-04-29 16:39:36 - [TEST_STEP][PASSED] - delay(300, CONTINUE_ON_FAILURE): Delayed 300 second(s)

2022-04-29 16:44:36 - [MESSAGE][PASSED] - Delayed 300 second(s)

2022-04-29 16:44:36 - [TEST_STEP][FAILED] - MensajeInactividad = getText(findTestObject("cierre de sesion/android.widget.TextView - Sesin cerrada por inactividad. Ingres de nuevo"), 0): Object Object Repository/cierre de sesion/android.widget.TextView - Sesin cerrada por inactividad. Ingres de nuevo not found

2022-04-29 16:44:36 - [MESSAGE][WARNING] - Timeout '0' is invalid. Using default page load timeout: '30'

2022-04-29 16:45:06 - [MESSAGE][FAILED] - Object Object Repository/cierre de sesion/android.widget.TextView - Sesin cerrada por inactividad. Ingres de nuevo not found

2022-04-29 16:45:06 - [TEST_STEP][FAILED] - verifyEqual(MensajeInactividad, "Sesión cerrada por inactividad. Ingresá de nuevo."): Unable to verify equal between actual object '' and expected object 'Sesión cerrada por inactividad. Ingresá de nuevo.' (Root cause: com.kms.katalon.core.exception.StepFailedException: Actual object '' and expected object 'Sesión cerrada por inactividad. Ingresá de nuevo.' are not equal
	at com.kms.katalon.core.keyword.builtin.VerifyEqualKeyword$_verifyEqual_closure1.doCall(VerifyEqualKeyword.groovy:58)
	at com.kms.katalon.core.keyword.builtin.VerifyEqualKeyword$_verifyEqual_closure1.call(VerifyEqualKeyword.groovy)
	at com.kms.katalon.core.keyword.internal.KeywordMain.runKeyword(KeywordMain.groovy:74)
	at com.kms.katalon.core.keyword.builtin.VerifyEqualKeyword.verifyEqual(VerifyEqualKeyword.groovy:63)
	at com.kms.katalon.core.keyword.builtin.VerifyEqualKeyword.execute(VerifyEqualKeyword.groovy:44)
	at com.kms.katalon.core.keyword.internal.KeywordExecutor.executeKeywordForPlatform(KeywordExecutor.groovy:74)
	at com.kms.katalon.core.keyword.BuiltinKeywords.verifyEqual(BuiltinKeywords.groovy:141)
	at 17 Cierre de Sesión - Desde la pantalla Resumen -por Tiempo de Inactividad.run(17 Cierre de Sesión - Desde la pantalla Resumen -por Tiempo de Inactividad:39)
	at com.kms.katalon.core.main.ScriptEngine.run(ScriptEngine.java:194)
	at com.kms.katalon.core.main.ScriptEngine.runScriptAsRawText(ScriptEngine.java:119)
	at com.kms.katalon.core.main.TestCaseExecutor.runScript(TestCaseExecutor.java:445)
	at com.kms.katalon.core.main.TestCaseExecutor.doExecute(TestCaseExecutor.java:436)
	at com.kms.katalon.core.main.TestCaseExecutor.processExecutionPhase(TestCaseExecutor.java:415)
	at com.kms.katalon.core.main.TestCaseExecutor.accessMainPhase(TestCaseExecutor.java:407)
	at com.kms.katalon.core.main.TestCaseExecutor.execute(TestCaseExecutor.java:284)
	at com.kms.katalon.core.common.CommonExecutor.accessTestCaseMainPhase(CommonExecutor.java:65)
	at com.kms.katalon.core.main.TestSuiteExecutor.accessTestSuiteMainPhase(TestSuiteExecutor.java:144)
	at com.kms.katalon.core.main.TestSuiteExecutor.execute(TestSuiteExecutor.java:106)
	at com.kms.katalon.core.main.TestCaseMain.startTestSuite(TestCaseMain.java:185)
	at com.kms.katalon.core.main.TestCaseMain$startTestSuite$0.call(Unknown Source)
	at TempTestSuite1651263721294.run(TempTestSuite1651263721294.groovy:36)
)

2022-04-29 16:45:06 - [MESSAGE][FAILED] - Unable to verify equal between actual object '' and expected object 'Sesión cerrada por inactividad. Ingresá de nuevo.' (Root cause: com.kms.katalon.core.exception.StepFailedException: Actual object '' and expected object 'Sesión cerrada por inactividad. Ingresá de nuevo.' are not equal
	at com.kms.katalon.core.keyword.builtin.VerifyEqualKeyword$_verifyEqual_closure1.doCall(VerifyEqualKeyword.groovy:58)
	at com.kms.katalon.core.keyword.builtin.VerifyEqualKeyword$_verifyEqual_closure1.call(VerifyEqualKeyword.groovy)
	at com.kms.katalon.core.keyword.internal.KeywordMain.runKeyword(KeywordMain.groovy:74)
	at com.kms.katalon.core.keyword.builtin.VerifyEqualKeyword.verifyEqual(VerifyEqualKeyword.groovy:63)
	at com.kms.katalon.core.keyword.builtin.VerifyEqualKeyword.execute(VerifyEqualKeyword.groovy:44)
	at com.kms.katalon.core.keyword.internal.KeywordExecutor.executeKeywordForPlatform(KeywordExecutor.groovy:74)
	at com.kms.katalon.core.keyword.BuiltinKeywords.verifyEqual(BuiltinKeywords.groovy:141)
	at 17 Cierre de Sesión - Desde la pantalla Resumen -por Tiempo de Inactividad.run(17 Cierre de Sesión - Desde la pantalla Resumen -por Tiempo de Inactividad:39)
	at com.kms.katalon.core.main.ScriptEngine.run(ScriptEngine.java:194)
	at com.kms.katalon.core.main.ScriptEngine.runScriptAsRawText(ScriptEngine.java:119)
	at com.kms.katalon.core.main.TestCaseExecutor.runScript(TestCaseExecutor.java:445)
	at com.kms.katalon.core.main.TestCaseExecutor.doExecute(TestCaseExecutor.java:436)
	at com.kms.katalon.core.main.TestCaseExecutor.processExecutionPhase(TestCaseExecutor.java:415)
	at com.kms.katalon.core.main.TestCaseExecutor.accessMainPhase(TestCaseExecutor.java:407)
	at com.kms.katalon.core.main.TestCaseExecutor.execute(TestCaseExecutor.java:284)
	at com.kms.katalon.core.common.CommonExecutor.accessTestCaseMainPhase(CommonExecutor.java:65)
	at com.kms.katalon.core.main.TestSuiteExecutor.accessTestSuiteMainPhase(TestSuiteExecutor.java:144)
	at com.kms.katalon.core.main.TestSuiteExecutor.execute(TestSuiteExecutor.java:106)
	at com.kms.katalon.core.main.TestCaseMain.startTestSuite(TestCaseMain.java:185)
	at com.kms.katalon.core.main.TestCaseMain$startTestSuite$0.call(Unknown Source)
	at TempTestSuite1651263721294.run(TempTestSuite1651263721294.groovy:36)
)]]></system-out>
         <system-err><![CDATA[2022-04-29 16:38:00 - [TEST_CASE][FAILED] - Test Cases/01HU-Login-Cierre de Sesión/17 Cierre de Sesión - Desde la pantalla Resumen -por Tiempo de Inactividad: Test Cases/01HU-Login-Cierre de Sesión/17 Cierre de Sesión - Desde la pantalla Resumen -por Tiempo de Inactividad FAILED.
Reason:
com.kms.katalon.core.exception.StepFailedException: Object Object Repository/cierre de sesion/android.widget.ImageView Menu hamburguesa Inferior not found
	at com.kms.katalon.core.keyword.internal.KeywordMain.stepFailed(KeywordMain.groovy:39)
	at com.kms.katalon.core.mobile.keyword.internal.MobileKeywordMain.stepFailed(MobileKeywordMain.groovy:40)
	at com.kms.katalon.core.mobile.keyword.builtin.TapKeyword$_tap_closure1.doCall(TapKeyword.groovy:79)
	at com.kms.katalon.core.mobile.keyword.builtin.TapKeyword$_tap_closure1.call(TapKeyword.groovy)
	at com.kms.katalon.core.mobile.keyword.internal.MobileKeywordMain.runKeyword(MobileKeywordMain.groovy:21)
	at com.kms.katalon.core.mobile.keyword.builtin.TapKeyword.tap(TapKeyword.groovy:84)
	at com.kms.katalon.core.mobile.keyword.builtin.TapKeyword.execute(TapKeyword.groovy:68)
	at com.kms.katalon.core.keyword.internal.KeywordExecutor.executeKeywordForPlatform(KeywordExecutor.groovy:74)
	at com.kms.katalon.core.mobile.keyword.MobileBuiltInKeywords.tap(MobileBuiltInKeywords.groovy:1490)
	at com.kms.katalon.core.mobile.keyword.MobileBuiltInKeywords$tap$3.call(Unknown Source)
	at 17 Cierre de Sesión - Desde la pantalla Resumen -por Tiempo de Inactividad.run(17 Cierre de Sesión - Desde la pantalla Resumen -por Tiempo de Inactividad:32)
	at com.kms.katalon.core.main.ScriptEngine.run(ScriptEngine.java:194)
	at com.kms.katalon.core.main.ScriptEngine.runScriptAsRawText(ScriptEngine.java:119)
	at com.kms.katalon.core.main.TestCaseExecutor.runScript(TestCaseExecutor.java:445)
	at com.kms.katalon.core.main.TestCaseExecutor.doExecute(TestCaseExecutor.java:436)
	at com.kms.katalon.core.main.TestCaseExecutor.processExecutionPhase(TestCaseExecutor.java:415)
	at com.kms.katalon.core.main.TestCaseExecutor.accessMainPhase(TestCaseExecutor.java:407)
	at com.kms.katalon.core.main.TestCaseExecutor.execute(TestCaseExecutor.java:284)
	at com.kms.katalon.core.common.CommonExecutor.accessTestCaseMainPhase(CommonExecutor.java:65)
	at com.kms.katalon.core.main.TestSuiteExecutor.accessTestSuiteMainPhase(TestSuiteExecutor.java:144)
	at com.kms.katalon.core.main.TestSuiteExecutor.execute(TestSuiteExecutor.java:106)
	at com.kms.katalon.core.main.TestCaseMain.startTestSuite(TestCaseMain.java:185)
	at com.kms.katalon.core.main.TestCaseMain$startTestSuite$0.call(Unknown Source)
	at TempTestSuite1651263721294.run(TempTestSuite1651263721294.groovy:36)]]></system-err>
      </testcase>
      <testcase name="Test Cases/01HU-Login-Cierre de Sesión/19 Estructura de pantalla - Pantalla Cierre de sesión" time="48.146" classname="Test Cases/01HU-Login-Cierre de Sesión/19 Estructura de pantalla - Pantalla Cierre de sesión" status="PASSED">
         <system-out><![CDATA[2022-04-29 16:45:06 - [TEST_CASE][PASSED] - Test Cases/01HU-Login-Cierre de Sesión/19 Estructura de pantalla - Pantalla Cierre de sesión: Test Cases/01HU-Login-Cierre de Sesión/19 Estructura de pantalla - Pantalla Cierre de sesión

2022-04-29 16:45:06 - [TEST_STEP][PASSED] - callTestCase(findTestCase("01HU-Login-Cierre de Sesión/11 Especificaciones Funcionales - Login exitoso del usuario"), ["NumeroCelular":findTestData("Usuarios").getValue(1, 1), "Contrasena":findTestData("Usuarios").getValue(2, 1)], CONTINUE_ON_FAILURE): Call Test Case 'Test Cases/01HU-Login-Cierre de Sesión/11 Especificaciones Funcionales - Login exitoso del usuario' successfully

2022-04-29 16:45:06 - [TEST_CASE][PASSED] - Test Cases/01HU-Login-Cierre de Sesión/11 Especificaciones Funcionales - Login exitoso del usuario: Test Cases/01HU-Login-Cierre de Sesión/11 Especificaciones Funcionales - Login exitoso del usuario

2022-04-29 16:45:06 - [TEST_STEP][PASSED] - startApplication(URL, false): Started app at: 'C:\Users\Jesus_Berbin\Documents\Cursos\Sybven\UENO\crtopyinfinitymobilebanking-release.apk'

2022-04-29 16:45:06 - [MESSAGE][INFO] - User set preference: ['deviceId', '']

2022-04-29 16:45:19 - [MESSAGE][PASSED] - Started app at: 'C:\Users\Jesus_Berbin\Documents\Cursos\Sybven\UENO\crtopyinfinitymobilebanking-release.apk'

2022-04-29 16:45:19 - [TEST_STEP][PASSED] - delay(10, STOP_ON_FAILURE): Delayed 10 second(s)

2022-04-29 16:45:29 - [MESSAGE][PASSED] - Delayed 10 second(s)

2022-04-29 16:45:29 - [TEST_STEP][PASSED] - clearText(findTestObject("Login/android.widget.EditText - Numero de celular login"), 0): Element 'Object Repository/Login/android.widget.EditText - Numero de celular login' text is cleared

2022-04-29 16:45:29 - [MESSAGE][WARNING] - Timeout '0' is invalid. Using default page load timeout: '30'

2022-04-29 16:45:29 - [MESSAGE][PASSED] - Element 'Object Repository/Login/android.widget.EditText - Numero de celular login' text is cleared

2022-04-29 16:45:29 - [TEST_STEP][PASSED] - setText(findTestObject("Login/android.widget.EditText - Ejemplo 0981123456"), Numerocelular, 0): Text '0972875200' has been set to element 'Object Repository/Login/android.widget.EditText - Ejemplo 0981123456'

2022-04-29 16:45:29 - [MESSAGE][WARNING] - Timeout '0' is invalid. Using default page load timeout: '30'

2022-04-29 16:45:31 - [MESSAGE][PASSED] - Text '0972875200' has been set to element 'Object Repository/Login/android.widget.EditText - Ejemplo 0981123456'

2022-04-29 16:45:31 - [TEST_STEP][PASSED] - setText(findTestObject("Login/android.widget.EditText - tipear contrasea"), Contrasena, 0): Text 'Kony!12345' has been set to element 'Object Repository/Login/android.widget.EditText - tipear contrasea'

2022-04-29 16:45:31 - [MESSAGE][WARNING] - Timeout '0' is invalid. Using default page load timeout: '30'

2022-04-29 16:45:32 - [MESSAGE][PASSED] - Text 'Kony!12345' has been set to element 'Object Repository/Login/android.widget.EditText - tipear contrasea'

2022-04-29 16:45:32 - [TEST_STEP][PASSED] - tap(findTestObject("Login/android.widget.Button - Ingresar"), 0): Tapped on element 'Object Repository/Login/android.widget.Button - Ingresar'

2022-04-29 16:45:32 - [MESSAGE][WARNING] - Timeout '0' is invalid. Using default page load timeout: '30'

2022-04-29 16:45:33 - [MESSAGE][PASSED] - Tapped on element 'Object Repository/Login/android.widget.Button - Ingresar'

2022-04-29 16:45:33 - [MESSAGE][PASSED] - Call Test Case 'Test Cases/01HU-Login-Cierre de Sesión/11 Especificaciones Funcionales - Login exitoso del usuario' successfully

2022-04-29 16:45:33 - [TEST_STEP][PASSED] - tap(findTestObject("Object Repository/cierre de sesion/android.widget.ImageView Menu hamburguesa Inferior"), 0): Tapped on element 'Object Repository/cierre de sesion/android.widget.ImageView Menu hamburguesa Inferior'

2022-04-29 16:45:33 - [MESSAGE][WARNING] - Timeout '0' is invalid. Using default page load timeout: '30'

2022-04-29 16:45:51 - [MESSAGE][PASSED] - Tapped on element 'Object Repository/cierre de sesion/android.widget.ImageView Menu hamburguesa Inferior'

2022-04-29 16:45:51 - [TEST_STEP][PASSED] - tap(findTestObject("Object Repository/cierre de sesion/android.widget.ImageView Icono salir superior"), 0): Tapped on element 'Object Repository/cierre de sesion/android.widget.ImageView Icono salir superior'

2022-04-29 16:45:51 - [MESSAGE][WARNING] - Timeout '0' is invalid. Using default page load timeout: '30'

2022-04-29 16:45:54 - [MESSAGE][PASSED] - Tapped on element 'Object Repository/cierre de sesion/android.widget.ImageView Icono salir superior'

2022-04-29 16:45:54 - [TEST_STEP][PASSED] - mensajecierresesion = getText(findTestObject("cierre de sesion/android.widget.TextView - Ests seguro de querer salir"), 0): Text of element 'Object Repository/cierre de sesion/android.widget.TextView - Ests seguro de querer salir' is: '¿Estás seguro de querer salir?'

2022-04-29 16:45:54 - [MESSAGE][WARNING] - Timeout '0' is invalid. Using default page load timeout: '30'

2022-04-29 16:45:54 - [MESSAGE][PASSED] - Text of element 'Object Repository/cierre de sesion/android.widget.TextView - Ests seguro de querer salir' is: '¿Estás seguro de querer salir?'

2022-04-29 16:45:54 - [TEST_STEP][PASSED] - verifyEqual(mensajecierresesion, "¿Estás seguro de querer salir?"): Actual object '¿Estás seguro de querer salir?' and expected object '¿Estás seguro de querer salir?' are equal

2022-04-29 16:45:54 - [MESSAGE][PASSED] - Actual object '¿Estás seguro de querer salir?' and expected object '¿Estás seguro de querer salir?' are equal]]></system-out>
         <system-err><![CDATA[]]></system-err>
      </testcase>
      <system-out><![CDATA[2022-04-29 16:22:16 - [TEST_SUITE][FAILED] - 01HU-Login-Cierre de Sesión: Test Cases/01HU-Login-Cierre de Sesión/01 Especificaciones Funcionales - Primer Login exitoso del Cliente FAILED.
Reason:
com.kms.katalon.core.exception.StepFailedException: Unable to start app at: 'C:\Users\Jesus_Berbin\Documents\Cursos\Sybven\UENO\crtopyinfinitymobilebanking-release.apk' (Root cause: org.openqa.selenium.SessionNotCreatedException: Unable to create a new remote session. Please check the server log for more details. Original error: An unknown server-side error occurred while processing the command. Original error: Error executing adbExec. Original error: 'Command 'C:\\Users\\Jesus_Berbin\\AppData\\Local\\Android\\Sdk\\platform-tools\\adb.exe -P 5037 -s R28M42G369B install -r -g C:\\Users\\Jesus_Berbin\\Documents\\Cursos\\Sybven\\UENO\\crtopyinfinitymobilebanking-release.apk' exited with code 1'; Stderr: 'adb: failed to install C:\Users\Jesus_Berbin\Documents\Cursos\Sybven\UENO\crtopyinfinitymobilebanking-release.apk: Failure [INSTALL_FAILED_PACKAGE_CHANGED: Package was removed before install could complete.]'; Code: '1'
Build info: version: '3.141.59', revision: 'e82be7d358', time: '2018-11-14T08:25:53'
System info: host: 'ENDER-LOBO', ip: '192.168.17.1', os.name: 'Windows 10', os.arch: 'amd64', os.version: '10.0', java.version: '1.8.0_282'
Driver info: driver.version: SwipeableAndroidDriver
remote stacktrace: UnknownError: An unknown server-side error occurred while processing the command. Original error: Error executing adbExec. Original error: 'Command 'C:\\Users\\Jesus_Berbin\\AppData\\Local\\Android\\Sdk\\platform-tools\\adb.exe -P 5037 -s R28M42G369B install -r -g C:\\Users\\Jesus_Berbin\\Documents\\Cursos\\Sybven\\UENO\\crtopyinfinitymobilebanking-release.apk' exited with code 1'; Stderr: 'adb: failed to install C:\Users\Jesus_Berbin\Documents\Cursos\Sybven\UENO\crtopyinfinitymobilebanking-release.apk: Failure [INSTALL_FAILED_PACKAGE_CHANGED: Package was removed before install could complete.]'; Code: '1'
    at getResponseForW3CError (C:\Users\Jesus_Berbin\AppData\Roaming\npm\node_modules\appium\node_modules\appium-base-driver\lib\protocol\errors.js:804:9)
    at asyncHandler (C:\Users\Jesus_Berbin\AppData\Roaming\npm\node_modules\appium\node_modules\appium-base-driver\lib\protocol\protocol.js:380:37)
Build info: version: '3.141.59', revision: 'e82be7d358', time: '2018-11-14T08:25:53'
System info: host: 'ENDER-LOBO', ip: '192.168.17.1', os.name: 'Windows 10', os.arch: 'amd64', os.version: '10.0', java.version: '1.8.0_282'
Driver info: driver.version: SwipeableAndroidDriver
	at io.appium.java_client.remote.AppiumCommandExecutor$1.createSession(AppiumCommandExecutor.java:208)
	at io.appium.java_client.remote.AppiumCommandExecutor.createSession(AppiumCommandExecutor.java:217)
	at io.appium.java_client.remote.AppiumCommandExecutor.execute(AppiumCommandExecutor.java:239)
	at org.openqa.selenium.remote.RemoteWebDriver.execute(RemoteWebDriver.java:552)
	at io.appium.java_client.DefaultGenericMobileDriver.execute(DefaultGenericMobileDriver.java:42)
	at io.appium.java_client.AppiumDriver.execute(AppiumDriver.java:1)
	at io.appium.java_client.android.AndroidDriver.execute(AndroidDriver.java:1)
	at com.kms.katalon.core.appium.driver.SwipeableAndroidDriver.execute(SwipeableAndroidDriver.java:1)
	at org.openqa.selenium.remote.RemoteWebDriver.startSession(RemoteWebDriver.java:213)
	at org.openqa.selenium.remote.RemoteWebDriver.<init>(RemoteWebDriver.java:131)
	at io.appium.java_client.DefaultGenericMobileDriver.<init>(DefaultGenericMobileDriver.java:38)
	at io.appium.java_client.AppiumDriver.<init>(AppiumDriver.java:84)
	at io.appium.java_client.android.AndroidDriver.<init>(AndroidDriver.java:85)
	at com.kms.katalon.core.appium.driver.SwipeableAndroidDriver.<init>(SwipeableAndroidDriver.java:24)
	at com.kms.katalon.core.appium.driver.AppiumDriverManager.createMobileDriver(AppiumDriverManager.java:503)
	at com.kms.katalon.core.appium.driver.AppiumDriverManager.createMobileDriver(AppiumDriverManager.java:485)
	at com.kms.katalon.core.mobile.keyword.internal.MobileDriverFactory.startLocalMobileDriver(MobileDriverFactory.java:539)
	at com.kms.katalon.core.mobile.keyword.internal.MobileDriverFactory.startMobileDriver(MobileDriverFactory.java:452)
	at com.kms.katalon.core.mobile.keyword.builtin.StartApplicationKeyword$_startApplication_closure1.doCall(StartApplicationKeyword.groovy:49)
	at com.kms.katalon.core.mobile.keyword.builtin.StartApplicationKeyword$_startApplication_closure1.call(StartApplicationKeyword.groovy)
	at com.kms.katalon.core.mobile.keyword.internal.MobileKeywordMain.runKeyword(MobileKeywordMain.groovy:21)
	at com.kms.katalon.core.mobile.keyword.builtin.StartApplicationKeyword.startApplication(StartApplicationKeyword.groovy:51)
	at com.kms.katalon.core.mobile.keyword.builtin.StartApplicationKeyword.execute(StartApplicationKeyword.groovy:40)
	at com.kms.katalon.core.keyword.internal.KeywordExecutor.executeKeywordForPlatform(KeywordExecutor.groovy:74)
	at com.kms.katalon.core.mobile.keyword.MobileBuiltInKeywords.startApplication(MobileBuiltInKeywords.groovy:78)
	at com.kms.katalon.core.mobile.keyword.MobileBuiltInKeywords$startApplication.call(Unknown Source)
	at 01 Especificaciones Funcionales - Primer Login exitoso del Cliente.run(01 Especificaciones Funcionales - Primer Login exitoso del Cliente:20)
	at com.kms.katalon.core.main.ScriptEngine.run(ScriptEngine.java:194)
	at com.kms.katalon.core.main.ScriptEngine.runScriptAsRawText(ScriptEngine.java:119)
	at com.kms.katalon.core.main.TestCaseExecutor.runScript(TestCaseExecutor.java:445)
	at com.kms.katalon.core.main.TestCaseExecutor.doExecute(TestCaseExecutor.java:436)
	at com.kms.katalon.core.main.TestCaseExecutor.processExecutionPhase(TestCaseExecutor.java:415)
	at com.kms.katalon.core.main.TestCaseExecutor.accessMainPhase(TestCaseExecutor.java:407)
	at com.kms.katalon.core.main.TestCaseExecutor.execute(TestCaseExecutor.java:284)
	at com.kms.katalon.core.common.CommonExecutor.accessTestCaseMainPhase(CommonExecutor.java:65)
	at com.kms.katalon.core.main.TestSuiteExecutor.accessTestSuiteMainPhase(TestSuiteExecutor.java:144)
	at com.kms.katalon.core.main.TestSuiteExecutor.execute(TestSuiteExecutor.java:106)
	at com.kms.katalon.core.main.TestCaseMain.startTestSuite(TestCaseMain.java:185)
	at com.kms.katalon.core.main.TestCaseMain$startTestSuite$0.call(Unknown Source)
	at TempTestSuite1651263721294.run(TempTestSuite1651263721294.groovy:36)
Caused by: java.lang.reflect.InvocationTargetException
	at io.appium.java_client.remote.AppiumCommandExecutor$1.createSession(AppiumCommandExecutor.java:186)
	at io.appium.java_client.remote.AppiumCommandExecutor.createSession(AppiumCommandExecutor.java:217)
	at io.appium.java_client.remote.AppiumCommandExecutor.execute(AppiumCommandExecutor.java:239)
	at org.openqa.selenium.remote.RemoteWebDriver.execute(RemoteWebDriver.java:552)
	at io.appium.java_client.DefaultGenericMobileDriver.execute(DefaultGenericMobileDriver.java:42)
	at io.appium.java_client.AppiumDriver.execute(AppiumDriver.java:1)
	at io.appium.java_client.android.AndroidDriver.execute(AndroidDriver.java:1)
	at com.kms.katalon.core.appium.driver.SwipeableAndroidDriver.execute(SwipeableAndroidDriver.java:1)
	at org.openqa.selenium.remote.RemoteWebDriver.startSession(RemoteWebDriver.java:213)
	at org.openqa.selenium.remote.RemoteWebDriver.<init>(RemoteWebDriver.java:131)
	at io.appium.java_client.DefaultGenericMobileDriver.<init>(DefaultGenericMobileDriver.java:38)
	at io.appium.java_client.AppiumDriver.<init>(AppiumDriver.java:84)
	at io.appium.java_client.android.AndroidDriver.<init>(AndroidDriver.java:85)
	at com.kms.katalon.core.appium.driver.SwipeableAndroidDriver.<init>(SwipeableAndroidDriver.java:24)
	at com.kms.katalon.core.appium.driver.AppiumDriverManager.createMobileDriver(AppiumDriverManager.java:503)
	at com.kms.katalon.core.appium.driver.AppiumDriverManager.createMobileDriver(AppiumDriverManager.java:485)
	at com.kms.katalon.core.mobile.keyword.internal.MobileDriverFactory.startLocalMobileDriver(MobileDriverFactory.java:539)
	at com.kms.katalon.core.mobile.keyword.internal.MobileDriverFactory.startMobileDriver(MobileDriverFactory.java:452)
	at com.kms.katalon.core.mobile.keyword.builtin.StartApplicationKeyword$_startApplication_closure1.doCall(StartApplicationKeyword.groovy:49)
	at com.kms.katalon.core.mobile.keyword.builtin.StartApplicationKeyword$_startApplication_closure1.call(StartApplicationKeyword.groovy)
	at com.kms.katalon.core.mobile.keyword.internal.MobileKeywordMain.runKeyword(MobileKeywordMain.groovy:21)
	at com.kms.katalon.core.mobile.keyword.builtin.StartApplicationKeyword.startApplication(StartApplicationKeyword.groovy:51)
	at com.kms.katalon.core.mobile.keyword.builtin.StartApplicationKeyword.execute(StartApplicationKeyword.groovy:40)
	at com.kms.katalon.core.keyword.internal.KeywordExecutor.executeKeywordForPlatform(KeywordExecutor.groovy:74)
	at com.kms.katalon.core.mobile.keyword.MobileBuiltInKeywords.startApplication(MobileBuiltInKeywords.groovy:78)
	at com.kms.katalon.core.mobile.keyword.MobileBuiltInKeywords$startApplication.call(Unknown Source)
	at Script1650980472078.run(Script1650980472078.groovy:20)
	... 13 more
Caused by: org.openqa.selenium.WebDriverException: An unknown server-side error occurred while processing the command. Original error: Error executing adbExec. Original error: 'Command 'C:\\Users\\Jesus_Berbin\\AppData\\Local\\Android\\Sdk\\platform-tools\\adb.exe -P 5037 -s R28M42G369B install -r -g C:\\Users\\Jesus_Berbin\\Documents\\Cursos\\Sybven\\UENO\\crtopyinfinitymobilebanking-release.apk' exited with code 1'; Stderr: 'adb: failed to install C:\Users\Jesus_Berbin\Documents\Cursos\Sybven\UENO\crtopyinfinitymobilebanking-release.apk: Failure [INSTALL_FAILED_PACKAGE_CHANGED: Package was removed before install could complete.]'; Code: '1'
Build info: version: '3.141.59', revision: 'e82be7d358', time: '2018-11-14T08:25:53'
System info: host: 'ENDER-LOBO', ip: '192.168.17.1', os.name: 'Windows 10', os.arch: 'amd64', os.version: '10.0', java.version: '1.8.0_282'
Driver info: driver.version: SwipeableAndroidDriver
remote stacktrace: UnknownError: An unknown server-side error occurred while processing the command. Original error: Error executing adbExec. Original error: 'Command 'C:\\Users\\Jesus_Berbin\\AppData\\Local\\Android\\Sdk\\platform-tools\\adb.exe -P 5037 -s R28M42G369B install -r -g C:\\Users\\Jesus_Berbin\\Documents\\Cursos\\Sybven\\UENO\\crtopyinfinitymobilebanking-release.apk' exited with code 1'; Stderr: 'adb: failed to install C:\Users\Jesus_Berbin\Documents\Cursos\Sybven\UENO\crtopyinfinitymobilebanking-release.apk: Failure [INSTALL_FAILED_PACKAGE_CHANGED: Package was removed before install could complete.]'; Code: '1'
    at getResponseForW3CError (C:\Users\Jesus_Berbin\AppData\Roaming\npm\node_modules\appium\node_modules\appium-base-driver\lib\protocol\errors.js:804:9)
    at asyncHandler (C:\Users\Jesus_Berbin\AppData\Roaming\npm\node_modules\appium\node_modules\appium-base-driver\lib\protocol\protocol.js:380:37)
	at org.openqa.selenium.remote.W3CHandshakeResponse.lambda$errorHandler$0(W3CHandshakeResponse.java:62)
	at org.openqa.selenium.remote.HandshakeResponse.lambda$getResponseFunction$0(HandshakeResponse.java:30)
	at org.openqa.selenium.remote.ProtocolHandshake.lambda$createSession$0(ProtocolHandshake.java:126)
	at org.openqa.selenium.remote.ProtocolHandshake.createSession(ProtocolHandshake.java:128)
	... 40 more
)
	at com.kms.katalon.core.keyword.internal.KeywordMain.stepFailed(KeywordMain.groovy:39)
	at com.kms.katalon.core.mobile.keyword.internal.MobileKeywordMain.stepFailed(MobileKeywordMain.groovy:40)
	at com.kms.katalon.core.mobile.keyword.internal.MobileKeywordMain.runKeyword(MobileKeywordMain.groovy:23)
	at com.kms.katalon.core.mobile.keyword.builtin.StartApplicationKeyword.startApplication(StartApplicationKeyword.groovy:51)
	at com.kms.katalon.core.mobile.keyword.builtin.StartApplicationKeyword.execute(StartApplicationKeyword.groovy:40)
	at com.kms.katalon.core.keyword.internal.KeywordExecutor.executeKeywordForPlatform(KeywordExecutor.groovy:74)
	at com.kms.katalon.core.mobile.keyword.MobileBuiltInKeywords.startApplication(MobileBuiltInKeywords.groovy:78)
	at com.kms.katalon.core.mobile.keyword.MobileBuiltInKeywords$startApplication.call(Unknown Source)
	at 01 Especificaciones Funcionales - Primer Login exitoso del Cliente.run(01 Especificaciones Funcionales - Primer Login exitoso del Cliente:20)
	at com.kms.katalon.core.main.ScriptEngine.run(ScriptEngine.java:194)
	at com.kms.katalon.core.main.ScriptEngine.runScriptAsRawText(ScriptEngine.java:119)
	at com.kms.katalon.core.main.TestCaseExecutor.runScript(TestCaseExecutor.java:445)
	at com.kms.katalon.core.main.TestCaseExecutor.doExecute(TestCaseExecutor.java:436)
	at com.kms.katalon.core.main.TestCaseExecutor.processExecutionPhase(TestCaseExecutor.java:415)
	at com.kms.katalon.core.main.TestCaseExecutor.accessMainPhase(TestCaseExecutor.java:407)
	at com.kms.katalon.core.main.TestCaseExecutor.execute(TestCaseExecutor.java:284)
	at com.kms.katalon.core.common.CommonExecutor.accessTestCaseMainPhase(CommonExecutor.java:65)
	at com.kms.katalon.core.main.TestSuiteExecutor.accessTestSuiteMainPhase(TestSuiteExecutor.java:144)
	at com.kms.katalon.core.main.TestSuiteExecutor.execute(TestSuiteExecutor.java:106)
	at com.kms.katalon.core.main.TestCaseMain.startTestSuite(TestCaseMain.java:185)
	at com.kms.katalon.core.main.TestCaseMain$startTestSuite$0.call(Unknown Source)
	at TempTestSuite1651263721294.run(TempTestSuite1651263721294.groovy:36)
Caused by: org.openqa.selenium.SessionNotCreatedException: Unable to create a new remote session. Please check the server log for more details. Original error: An unknown server-side error occurred while processing the command. Original error: Error executing adbExec. Original error: 'Command 'C:\\Users\\Jesus_Berbin\\AppData\\Local\\Android\\Sdk\\platform-tools\\adb.exe -P 5037 -s R28M42G369B install -r -g C:\\Users\\Jesus_Berbin\\Documents\\Cursos\\Sybven\\UENO\\crtopyinfinitymobilebanking-release.apk' exited with code 1'; Stderr: 'adb: failed to install C:\Users\Jesus_Berbin\Documents\Cursos\Sybven\UENO\crtopyinfinitymobilebanking-release.apk: Failure [INSTALL_FAILED_PACKAGE_CHANGED: Package was removed before install could complete.]'; Code: '1'
Build info: version: '3.141.59', revision: 'e82be7d358', time: '2018-11-14T08:25:53'
System info: host: 'ENDER-LOBO', ip: '192.168.17.1', os.name: 'Windows 10', os.arch: 'amd64', os.version: '10.0', java.version: '1.8.0_282'
Driver info: driver.version: SwipeableAndroidDriver
remote stacktrace: UnknownError: An unknown server-side error occurred while processing the command. Original error: Error executing adbExec. Original error: 'Command 'C:\\Users\\Jesus_Berbin\\AppData\\Local\\Android\\Sdk\\platform-tools\\adb.exe -P 5037 -s R28M42G369B install -r -g C:\\Users\\Jesus_Berbin\\Documents\\Cursos\\Sybven\\UENO\\crtopyinfinitymobilebanking-release.apk' exited with code 1'; Stderr: 'adb: failed to install C:\Users\Jesus_Berbin\Documents\Cursos\Sybven\UENO\crtopyinfinitymobilebanking-release.apk: Failure [INSTALL_FAILED_PACKAGE_CHANGED: Package was removed before install could complete.]'; Code: '1'
    at getResponseForW3CError (C:\Users\Jesus_Berbin\AppData\Roaming\npm\node_modules\appium\node_modules\appium-base-driver\lib\protocol\errors.js:804:9)
    at asyncHandler (C:\Users\Jesus_Berbin\AppData\Roaming\npm\node_modules\appium\node_modules\appium-base-driver\lib\protocol\protocol.js:380:37)
Build info: version: '3.141.59', revision: 'e82be7d358', time: '2018-11-14T08:25:53'
System info: host: 'ENDER-LOBO', ip: '192.168.17.1', os.name: 'Windows 10', os.arch: 'amd64', os.version: '10.0', java.version: '1.8.0_282'
Driver info: driver.version: SwipeableAndroidDriver
	at io.appium.java_client.remote.AppiumCommandExecutor$1.createSession(AppiumCommandExecutor.java:208)
	at io.appium.java_client.remote.AppiumCommandExecutor.createSession(AppiumCommandExecutor.java:217)
	at io.appium.java_client.remote.AppiumCommandExecutor.execute(AppiumCommandExecutor.java:239)
	at org.openqa.selenium.remote.RemoteWebDriver.execute(RemoteWebDriver.java:552)
	at io.appium.java_client.DefaultGenericMobileDriver.execute(DefaultGenericMobileDriver.java:42)
	at io.appium.java_client.AppiumDriver.execute(AppiumDriver.java:1)
	at io.appium.java_client.android.AndroidDriver.execute(AndroidDriver.java:1)
	at com.kms.katalon.core.appium.driver.SwipeableAndroidDriver.execute(SwipeableAndroidDriver.java:1)
	at org.openqa.selenium.remote.RemoteWebDriver.startSession(RemoteWebDriver.java:213)
	at org.openqa.selenium.remote.RemoteWebDriver.<init>(RemoteWebDriver.java:131)
	at io.appium.java_client.DefaultGenericMobileDriver.<init>(DefaultGenericMobileDriver.java:38)
	at io.appium.java_client.AppiumDriver.<init>(AppiumDriver.java:84)
	at io.appium.java_client.android.AndroidDriver.<init>(AndroidDriver.java:85)
	at com.kms.katalon.core.appium.driver.SwipeableAndroidDriver.<init>(SwipeableAndroidDriver.java:24)
	at com.kms.katalon.core.appium.driver.AppiumDriverManager.createMobileDriver(AppiumDriverManager.java:503)
	at com.kms.katalon.core.appium.driver.AppiumDriverManager.createMobileDriver(AppiumDriverManager.java:485)
	at com.kms.katalon.core.mobile.keyword.internal.MobileDriverFactory.startLocalMobileDriver(MobileDriverFactory.java:539)
	at com.kms.katalon.core.mobile.keyword.internal.MobileDriverFactory.startMobileDriver(MobileDriverFactory.java:452)
	at com.kms.katalon.core.mobile.keyword.builtin.StartApplicationKeyword$_startApplication_closure1.doCall(StartApplicationKeyword.groovy:49)
	at com.kms.katalon.core.mobile.keyword.builtin.StartApplicationKeyword$_startApplication_closure1.call(StartApplicationKeyword.groovy)
	at com.kms.katalon.core.mobile.keyword.internal.MobileKeywordMain.runKeyword(MobileKeywordMain.groovy:21)
	... 19 more
Caused by: java.lang.reflect.InvocationTargetException
	at io.appium.java_client.remote.AppiumCommandExecutor$1.createSession(AppiumCommandExecutor.java:186)
	at io.appium.java_client.remote.AppiumCommandExecutor.createSession(AppiumCommandExecutor.java:217)
	at io.appium.java_client.remote.AppiumCommandExecutor.execute(AppiumCommandExecutor.java:239)
	at org.openqa.selenium.remote.RemoteWebDriver.execute(RemoteWebDriver.java:552)
	at io.appium.java_client.DefaultGenericMobileDriver.execute(DefaultGenericMobileDriver.java:42)
	at io.appium.java_client.AppiumDriver.execute(AppiumDriver.java:1)
	at io.appium.java_client.android.AndroidDriver.execute(AndroidDriver.java:1)
	at com.kms.katalon.core.appium.driver.SwipeableAndroidDriver.execute(SwipeableAndroidDriver.java:1)
	at org.openqa.selenium.remote.RemoteWebDriver.startSession(RemoteWebDriver.java:213)
	at org.openqa.selenium.remote.RemoteWebDriver.<init>(RemoteWebDriver.java:131)
	at io.appium.java_client.DefaultGenericMobileDriver.<init>(DefaultGenericMobileDriver.java:38)
	at io.appium.java_client.AppiumDriver.<init>(AppiumDriver.java:84)
	at io.appium.java_client.android.AndroidDriver.<init>(AndroidDriver.java:85)
	at com.kms.katalon.core.appium.driver.SwipeableAndroidDriver.<init>(SwipeableAndroidDriver.java:24)
	at com.kms.katalon.core.appium.driver.AppiumDriverManager.createMobileDriver(AppiumDriverManager.java:503)
	at com.kms.katalon.core.appium.driver.AppiumDriverManager.createMobileDriver(AppiumDriverManager.java:485)
	at com.kms.katalon.core.mobile.keyword.internal.MobileDriverFactory.startLocalMobileDriver(MobileDriverFactory.java:539)
	at com.kms.katalon.core.mobile.keyword.internal.MobileDriverFactory.startMobileDriver(MobileDriverFactory.java:452)
	at com.kms.katalon.core.mobile.keyword.builtin.StartApplicationKeyword$_startApplication_closure1.doCall(StartApplicationKeyword.groovy:49)
	at com.kms.katalon.core.mobile.keyword.builtin.StartApplicationKeyword$_startApplication_closure1.call(StartApplicationKeyword.groovy)
	at com.kms.katalon.core.mobile.keyword.internal.MobileKeywordMain.runKeyword(MobileKeywordMain.groovy:21)
	at com.kms.katalon.core.mobile.keyword.builtin.StartApplicationKeyword.startApplication(StartApplicationKeyword.groovy:51)
	at com.kms.katalon.core.mobile.keyword.builtin.StartApplicationKeyword.execute(StartApplicationKeyword.groovy:40)
	at com.kms.katalon.core.keyword.internal.KeywordExecutor.executeKeywordForPlatform(KeywordExecutor.groovy:74)
	at com.kms.katalon.core.mobile.keyword.MobileBuiltInKeywords.startApplication(MobileBuiltInKeywords.groovy:78)
	at com.kms.katalon.core.mobile.keyword.MobileBuiltInKeywords$startApplication.call(Unknown Source)
	at Script1650980472078.run(Script1650980472078.groovy:20)
	... 13 more
Caused by: org.openqa.selenium.WebDriverException: An unknown server-side error occurred while processing the command. Original error: Error executing adbExec. Original error: 'Command 'C:\\Users\\Jesus_Berbin\\AppData\\Local\\Android\\Sdk\\platform-tools\\adb.exe -P 5037 -s R28M42G369B install -r -g C:\\Users\\Jesus_Berbin\\Documents\\Cursos\\Sybven\\UENO\\crtopyinfinitymobilebanking-release.apk' exited with code 1'; Stderr: 'adb: failed to install C:\Users\Jesus_Berbin\Documents\Cursos\Sybven\UENO\crtopyinfinitymobilebanking-release.apk: Failure [INSTALL_FAILED_PACKAGE_CHANGED: Package was removed before install could complete.]'; Code: '1'
Build info: version: '3.141.59', revision: 'e82be7d358', time: '2018-11-14T08:25:53'
System info: host: 'ENDER-LOBO', ip: '192.168.17.1', os.name: 'Windows 10', os.arch: 'amd64', os.version: '10.0', java.version: '1.8.0_282'
Driver info: driver.version: SwipeableAndroidDriver
remote stacktrace: UnknownError: An unknown server-side error occurred while processing the command. Original error: Error executing adbExec. Original error: 'Command 'C:\\Users\\Jesus_Berbin\\AppData\\Local\\Android\\Sdk\\platform-tools\\adb.exe -P 5037 -s R28M42G369B install -r -g C:\\Users\\Jesus_Berbin\\Documents\\Cursos\\Sybven\\UENO\\crtopyinfinitymobilebanking-release.apk' exited with code 1'; Stderr: 'adb: failed to install C:\Users\Jesus_Berbin\Documents\Cursos\Sybven\UENO\crtopyinfinitymobilebanking-release.apk: Failure [INSTALL_FAILED_PACKAGE_CHANGED: Package was removed before install could complete.]'; Code: '1'
    at getResponseForW3CError (C:\Users\Jesus_Berbin\AppData\Roaming\npm\node_modules\appium\node_modules\appium-base-driver\lib\protocol\errors.js:804:9)
    at asyncHandler (C:\Users\Jesus_Berbin\AppData\Roaming\npm\node_modules\appium\node_modules\appium-base-driver\lib\protocol\protocol.js:380:37)
	at org.openqa.selenium.remote.W3CHandshakeResponse.lambda$errorHandler$0(W3CHandshakeResponse.java:62)
	at org.openqa.selenium.remote.HandshakeResponse.lambda$getResponseFunction$0(HandshakeResponse.java:30)
	at org.openqa.selenium.remote.ProtocolHandshake.lambda$createSession$0(ProtocolHandshake.java:126)
	at org.openqa.selenium.remote.ProtocolHandshake.createSession(ProtocolHandshake.java:128)
	at io.appium.java_client.remote.AppiumCommandExecutor$1.createSession(AppiumCommandExecutor.java:186)
	at io.appium.java_client.remote.AppiumCommandExecutor.createSession(AppiumCommandExecutor.java:217)
	at io.appium.java_client.remote.AppiumCommandExecutor.execute(AppiumCommandExecutor.java:239)
	at org.openqa.selenium.remote.RemoteWebDriver.execute(RemoteWebDriver.java:552)
	at io.appium.java_client.DefaultGenericMobileDriver.execute(DefaultGenericMobileDriver.java:42)
	at io.appium.java_client.AppiumDriver.execute(AppiumDriver.java:1)
	at io.appium.java_client.android.AndroidDriver.execute(AndroidDriver.java:1)
	at com.kms.katalon.core.appium.driver.SwipeableAndroidDriver.execute(SwipeableAndroidDriver.java:1)
	at org.openqa.selenium.remote.RemoteWebDriver.startSession(RemoteWebDriver.java:213)
	at org.openqa.selenium.remote.RemoteWebDriver.<init>(RemoteWebDriver.java:131)
	at io.appium.java_client.DefaultGenericMobileDriver.<init>(DefaultGenericMobileDriver.java:38)
	at io.appium.java_client.AppiumDriver.<init>(AppiumDriver.java:84)
	at io.appium.java_client.android.AndroidDriver.<init>(AndroidDriver.java:85)
	at com.kms.katalon.core.appium.driver.SwipeableAndroidDriver.<init>(SwipeableAndroidDriver.java:24)
	at com.kms.katalon.core.appium.driver.AppiumDriverManager.createMobileDriver(AppiumDriverManager.java:503)
	at com.kms.katalon.core.appium.driver.AppiumDriverManager.createMobileDriver(AppiumDriverManager.java:485)
	at com.kms.katalon.core.mobile.keyword.internal.MobileDriverFactory.startLocalMobileDriver(MobileDriverFactory.java:539)
	at com.kms.katalon.core.mobile.keyword.internal.MobileDriverFactory.startMobileDriver(MobileDriverFactory.java:452)
	at com.kms.katalon.core.mobile.keyword.builtin.StartApplicationKeyword$_startApplication_closure1.doCall(StartApplicationKeyword.groovy:49)
	at com.kms.katalon.core.mobile.keyword.builtin.StartApplicationKeyword$_startApplication_closure1.call(StartApplicationKeyword.groovy)
	at com.kms.katalon.core.mobile.keyword.internal.MobileKeywordMain.runKeyword(MobileKeywordMain.groovy:21)
	at com.kms.katalon.core.mobile.keyword.builtin.StartApplicationKeyword.startApplication(StartApplicationKeyword.groovy:51)
	at com.kms.katalon.core.mobile.keyword.builtin.StartApplicationKeyword.execute(StartApplicationKeyword.groovy:40)
	at com.kms.katalon.core.keyword.internal.KeywordExecutor.executeKeywordForPlatform(KeywordExecutor.groovy:74)
	at com.kms.katalon.core.mobile.keyword.MobileBuiltInKeywords.startApplication(MobileBuiltInKeywords.groovy:78)
	at com.kms.katalon.core.mobile.keyword.MobileBuiltInKeywords$startApplication.call(Unknown Source)
	at 01 Especificaciones Funcionales - Primer Login exitoso del Cliente.run(01 Especificaciones Funcionales - Primer Login exitoso del Cliente:20)
	... 13 more]]></system-out>
      <system-err><![CDATA[2022-04-29 16:22:16 - [TEST_SUITE][FAILED] - 01HU-Login-Cierre de Sesión: Test Cases/01HU-Login-Cierre de Sesión/01 Especificaciones Funcionales - Primer Login exitoso del Cliente FAILED.
Reason:
com.kms.katalon.core.exception.StepFailedException: Unable to start app at: 'C:\Users\Jesus_Berbin\Documents\Cursos\Sybven\UENO\crtopyinfinitymobilebanking-release.apk' (Root cause: org.openqa.selenium.SessionNotCreatedException: Unable to create a new remote session. Please check the server log for more details. Original error: An unknown server-side error occurred while processing the command. Original error: Error executing adbExec. Original error: 'Command 'C:\\Users\\Jesus_Berbin\\AppData\\Local\\Android\\Sdk\\platform-tools\\adb.exe -P 5037 -s R28M42G369B install -r -g C:\\Users\\Jesus_Berbin\\Documents\\Cursos\\Sybven\\UENO\\crtopyinfinitymobilebanking-release.apk' exited with code 1'; Stderr: 'adb: failed to install C:\Users\Jesus_Berbin\Documents\Cursos\Sybven\UENO\crtopyinfinitymobilebanking-release.apk: Failure [INSTALL_FAILED_PACKAGE_CHANGED: Package was removed before install could complete.]'; Code: '1'
Build info: version: '3.141.59', revision: 'e82be7d358', time: '2018-11-14T08:25:53'
System info: host: 'ENDER-LOBO', ip: '192.168.17.1', os.name: 'Windows 10', os.arch: 'amd64', os.version: '10.0', java.version: '1.8.0_282'
Driver info: driver.version: SwipeableAndroidDriver
remote stacktrace: UnknownError: An unknown server-side error occurred while processing the command. Original error: Error executing adbExec. Original error: 'Command 'C:\\Users\\Jesus_Berbin\\AppData\\Local\\Android\\Sdk\\platform-tools\\adb.exe -P 5037 -s R28M42G369B install -r -g C:\\Users\\Jesus_Berbin\\Documents\\Cursos\\Sybven\\UENO\\crtopyinfinitymobilebanking-release.apk' exited with code 1'; Stderr: 'adb: failed to install C:\Users\Jesus_Berbin\Documents\Cursos\Sybven\UENO\crtopyinfinitymobilebanking-release.apk: Failure [INSTALL_FAILED_PACKAGE_CHANGED: Package was removed before install could complete.]'; Code: '1'
    at getResponseForW3CError (C:\Users\Jesus_Berbin\AppData\Roaming\npm\node_modules\appium\node_modules\appium-base-driver\lib\protocol\errors.js:804:9)
    at asyncHandler (C:\Users\Jesus_Berbin\AppData\Roaming\npm\node_modules\appium\node_modules\appium-base-driver\lib\protocol\protocol.js:380:37)
Build info: version: '3.141.59', revision: 'e82be7d358', time: '2018-11-14T08:25:53'
System info: host: 'ENDER-LOBO', ip: '192.168.17.1', os.name: 'Windows 10', os.arch: 'amd64', os.version: '10.0', java.version: '1.8.0_282'
Driver info: driver.version: SwipeableAndroidDriver
	at io.appium.java_client.remote.AppiumCommandExecutor$1.createSession(AppiumCommandExecutor.java:208)
	at io.appium.java_client.remote.AppiumCommandExecutor.createSession(AppiumCommandExecutor.java:217)
	at io.appium.java_client.remote.AppiumCommandExecutor.execute(AppiumCommandExecutor.java:239)
	at org.openqa.selenium.remote.RemoteWebDriver.execute(RemoteWebDriver.java:552)
	at io.appium.java_client.DefaultGenericMobileDriver.execute(DefaultGenericMobileDriver.java:42)
	at io.appium.java_client.AppiumDriver.execute(AppiumDriver.java:1)
	at io.appium.java_client.android.AndroidDriver.execute(AndroidDriver.java:1)
	at com.kms.katalon.core.appium.driver.SwipeableAndroidDriver.execute(SwipeableAndroidDriver.java:1)
	at org.openqa.selenium.remote.RemoteWebDriver.startSession(RemoteWebDriver.java:213)
	at org.openqa.selenium.remote.RemoteWebDriver.<init>(RemoteWebDriver.java:131)
	at io.appium.java_client.DefaultGenericMobileDriver.<init>(DefaultGenericMobileDriver.java:38)
	at io.appium.java_client.AppiumDriver.<init>(AppiumDriver.java:84)
	at io.appium.java_client.android.AndroidDriver.<init>(AndroidDriver.java:85)
	at com.kms.katalon.core.appium.driver.SwipeableAndroidDriver.<init>(SwipeableAndroidDriver.java:24)
	at com.kms.katalon.core.appium.driver.AppiumDriverManager.createMobileDriver(AppiumDriverManager.java:503)
	at com.kms.katalon.core.appium.driver.AppiumDriverManager.createMobileDriver(AppiumDriverManager.java:485)
	at com.kms.katalon.core.mobile.keyword.internal.MobileDriverFactory.startLocalMobileDriver(MobileDriverFactory.java:539)
	at com.kms.katalon.core.mobile.keyword.internal.MobileDriverFactory.startMobileDriver(MobileDriverFactory.java:452)
	at com.kms.katalon.core.mobile.keyword.builtin.StartApplicationKeyword$_startApplication_closure1.doCall(StartApplicationKeyword.groovy:49)
	at com.kms.katalon.core.mobile.keyword.builtin.StartApplicationKeyword$_startApplication_closure1.call(StartApplicationKeyword.groovy)
	at com.kms.katalon.core.mobile.keyword.internal.MobileKeywordMain.runKeyword(MobileKeywordMain.groovy:21)
	at com.kms.katalon.core.mobile.keyword.builtin.StartApplicationKeyword.startApplication(StartApplicationKeyword.groovy:51)
	at com.kms.katalon.core.mobile.keyword.builtin.StartApplicationKeyword.execute(StartApplicationKeyword.groovy:40)
	at com.kms.katalon.core.keyword.internal.KeywordExecutor.executeKeywordForPlatform(KeywordExecutor.groovy:74)
	at com.kms.katalon.core.mobile.keyword.MobileBuiltInKeywords.startApplication(MobileBuiltInKeywords.groovy:78)
	at com.kms.katalon.core.mobile.keyword.MobileBuiltInKeywords$startApplication.call(Unknown Source)
	at 01 Especificaciones Funcionales - Primer Login exitoso del Cliente.run(01 Especificaciones Funcionales - Primer Login exitoso del Cliente:20)
	at com.kms.katalon.core.main.ScriptEngine.run(ScriptEngine.java:194)
	at com.kms.katalon.core.main.ScriptEngine.runScriptAsRawText(ScriptEngine.java:119)
	at com.kms.katalon.core.main.TestCaseExecutor.runScript(TestCaseExecutor.java:445)
	at com.kms.katalon.core.main.TestCaseExecutor.doExecute(TestCaseExecutor.java:436)
	at com.kms.katalon.core.main.TestCaseExecutor.processExecutionPhase(TestCaseExecutor.java:415)
	at com.kms.katalon.core.main.TestCaseExecutor.accessMainPhase(TestCaseExecutor.java:407)
	at com.kms.katalon.core.main.TestCaseExecutor.execute(TestCaseExecutor.java:284)
	at com.kms.katalon.core.common.CommonExecutor.accessTestCaseMainPhase(CommonExecutor.java:65)
	at com.kms.katalon.core.main.TestSuiteExecutor.accessTestSuiteMainPhase(TestSuiteExecutor.java:144)
	at com.kms.katalon.core.main.TestSuiteExecutor.execute(TestSuiteExecutor.java:106)
	at com.kms.katalon.core.main.TestCaseMain.startTestSuite(TestCaseMain.java:185)
	at com.kms.katalon.core.main.TestCaseMain$startTestSuite$0.call(Unknown Source)
	at TempTestSuite1651263721294.run(TempTestSuite1651263721294.groovy:36)
Caused by: java.lang.reflect.InvocationTargetException
	at io.appium.java_client.remote.AppiumCommandExecutor$1.createSession(AppiumCommandExecutor.java:186)
	at io.appium.java_client.remote.AppiumCommandExecutor.createSession(AppiumCommandExecutor.java:217)
	at io.appium.java_client.remote.AppiumCommandExecutor.execute(AppiumCommandExecutor.java:239)
	at org.openqa.selenium.remote.RemoteWebDriver.execute(RemoteWebDriver.java:552)
	at io.appium.java_client.DefaultGenericMobileDriver.execute(DefaultGenericMobileDriver.java:42)
	at io.appium.java_client.AppiumDriver.execute(AppiumDriver.java:1)
	at io.appium.java_client.android.AndroidDriver.execute(AndroidDriver.java:1)
	at com.kms.katalon.core.appium.driver.SwipeableAndroidDriver.execute(SwipeableAndroidDriver.java:1)
	at org.openqa.selenium.remote.RemoteWebDriver.startSession(RemoteWebDriver.java:213)
	at org.openqa.selenium.remote.RemoteWebDriver.<init>(RemoteWebDriver.java:131)
	at io.appium.java_client.DefaultGenericMobileDriver.<init>(DefaultGenericMobileDriver.java:38)
	at io.appium.java_client.AppiumDriver.<init>(AppiumDriver.java:84)
	at io.appium.java_client.android.AndroidDriver.<init>(AndroidDriver.java:85)
	at com.kms.katalon.core.appium.driver.SwipeableAndroidDriver.<init>(SwipeableAndroidDriver.java:24)
	at com.kms.katalon.core.appium.driver.AppiumDriverManager.createMobileDriver(AppiumDriverManager.java:503)
	at com.kms.katalon.core.appium.driver.AppiumDriverManager.createMobileDriver(AppiumDriverManager.java:485)
	at com.kms.katalon.core.mobile.keyword.internal.MobileDriverFactory.startLocalMobileDriver(MobileDriverFactory.java:539)
	at com.kms.katalon.core.mobile.keyword.internal.MobileDriverFactory.startMobileDriver(MobileDriverFactory.java:452)
	at com.kms.katalon.core.mobile.keyword.builtin.StartApplicationKeyword$_startApplication_closure1.doCall(StartApplicationKeyword.groovy:49)
	at com.kms.katalon.core.mobile.keyword.builtin.StartApplicationKeyword$_startApplication_closure1.call(StartApplicationKeyword.groovy)
	at com.kms.katalon.core.mobile.keyword.internal.MobileKeywordMain.runKeyword(MobileKeywordMain.groovy:21)
	at com.kms.katalon.core.mobile.keyword.builtin.StartApplicationKeyword.startApplication(StartApplicationKeyword.groovy:51)
	at com.kms.katalon.core.mobile.keyword.builtin.StartApplicationKeyword.execute(StartApplicationKeyword.groovy:40)
	at com.kms.katalon.core.keyword.internal.KeywordExecutor.executeKeywordForPlatform(KeywordExecutor.groovy:74)
	at com.kms.katalon.core.mobile.keyword.MobileBuiltInKeywords.startApplication(MobileBuiltInKeywords.groovy:78)
	at com.kms.katalon.core.mobile.keyword.MobileBuiltInKeywords$startApplication.call(Unknown Source)
	at Script1650980472078.run(Script1650980472078.groovy:20)
	... 13 more
Caused by: org.openqa.selenium.WebDriverException: An unknown server-side error occurred while processing the command. Original error: Error executing adbExec. Original error: 'Command 'C:\\Users\\Jesus_Berbin\\AppData\\Local\\Android\\Sdk\\platform-tools\\adb.exe -P 5037 -s R28M42G369B install -r -g C:\\Users\\Jesus_Berbin\\Documents\\Cursos\\Sybven\\UENO\\crtopyinfinitymobilebanking-release.apk' exited with code 1'; Stderr: 'adb: failed to install C:\Users\Jesus_Berbin\Documents\Cursos\Sybven\UENO\crtopyinfinitymobilebanking-release.apk: Failure [INSTALL_FAILED_PACKAGE_CHANGED: Package was removed before install could complete.]'; Code: '1'
Build info: version: '3.141.59', revision: 'e82be7d358', time: '2018-11-14T08:25:53'
System info: host: 'ENDER-LOBO', ip: '192.168.17.1', os.name: 'Windows 10', os.arch: 'amd64', os.version: '10.0', java.version: '1.8.0_282'
Driver info: driver.version: SwipeableAndroidDriver
remote stacktrace: UnknownError: An unknown server-side error occurred while processing the command. Original error: Error executing adbExec. Original error: 'Command 'C:\\Users\\Jesus_Berbin\\AppData\\Local\\Android\\Sdk\\platform-tools\\adb.exe -P 5037 -s R28M42G369B install -r -g C:\\Users\\Jesus_Berbin\\Documents\\Cursos\\Sybven\\UENO\\crtopyinfinitymobilebanking-release.apk' exited with code 1'; Stderr: 'adb: failed to install C:\Users\Jesus_Berbin\Documents\Cursos\Sybven\UENO\crtopyinfinitymobilebanking-release.apk: Failure [INSTALL_FAILED_PACKAGE_CHANGED: Package was removed before install could complete.]'; Code: '1'
    at getResponseForW3CError (C:\Users\Jesus_Berbin\AppData\Roaming\npm\node_modules\appium\node_modules\appium-base-driver\lib\protocol\errors.js:804:9)
    at asyncHandler (C:\Users\Jesus_Berbin\AppData\Roaming\npm\node_modules\appium\node_modules\appium-base-driver\lib\protocol\protocol.js:380:37)
	at org.openqa.selenium.remote.W3CHandshakeResponse.lambda$errorHandler$0(W3CHandshakeResponse.java:62)
	at org.openqa.selenium.remote.HandshakeResponse.lambda$getResponseFunction$0(HandshakeResponse.java:30)
	at org.openqa.selenium.remote.ProtocolHandshake.lambda$createSession$0(ProtocolHandshake.java:126)
	at org.openqa.selenium.remote.ProtocolHandshake.createSession(ProtocolHandshake.java:128)
	... 40 more
)
	at com.kms.katalon.core.keyword.internal.KeywordMain.stepFailed(KeywordMain.groovy:39)
	at com.kms.katalon.core.mobile.keyword.internal.MobileKeywordMain.stepFailed(MobileKeywordMain.groovy:40)
	at com.kms.katalon.core.mobile.keyword.internal.MobileKeywordMain.runKeyword(MobileKeywordMain.groovy:23)
	at com.kms.katalon.core.mobile.keyword.builtin.StartApplicationKeyword.startApplication(StartApplicationKeyword.groovy:51)
	at com.kms.katalon.core.mobile.keyword.builtin.StartApplicationKeyword.execute(StartApplicationKeyword.groovy:40)
	at com.kms.katalon.core.keyword.internal.KeywordExecutor.executeKeywordForPlatform(KeywordExecutor.groovy:74)
	at com.kms.katalon.core.mobile.keyword.MobileBuiltInKeywords.startApplication(MobileBuiltInKeywords.groovy:78)
	at com.kms.katalon.core.mobile.keyword.MobileBuiltInKeywords$startApplication.call(Unknown Source)
	at 01 Especificaciones Funcionales - Primer Login exitoso del Cliente.run(01 Especificaciones Funcionales - Primer Login exitoso del Cliente:20)
	at com.kms.katalon.core.main.ScriptEngine.run(ScriptEngine.java:194)
	at com.kms.katalon.core.main.ScriptEngine.runScriptAsRawText(ScriptEngine.java:119)
	at com.kms.katalon.core.main.TestCaseExecutor.runScript(TestCaseExecutor.java:445)
	at com.kms.katalon.core.main.TestCaseExecutor.doExecute(TestCaseExecutor.java:436)
	at com.kms.katalon.core.main.TestCaseExecutor.processExecutionPhase(TestCaseExecutor.java:415)
	at com.kms.katalon.core.main.TestCaseExecutor.accessMainPhase(TestCaseExecutor.java:407)
	at com.kms.katalon.core.main.TestCaseExecutor.execute(TestCaseExecutor.java:284)
	at com.kms.katalon.core.common.CommonExecutor.accessTestCaseMainPhase(CommonExecutor.java:65)
	at com.kms.katalon.core.main.TestSuiteExecutor.accessTestSuiteMainPhase(TestSuiteExecutor.java:144)
	at com.kms.katalon.core.main.TestSuiteExecutor.execute(TestSuiteExecutor.java:106)
	at com.kms.katalon.core.main.TestCaseMain.startTestSuite(TestCaseMain.java:185)
	at com.kms.katalon.core.main.TestCaseMain$startTestSuite$0.call(Unknown Source)
	at TempTestSuite1651263721294.run(TempTestSuite1651263721294.groovy:36)
Caused by: org.openqa.selenium.SessionNotCreatedException: Unable to create a new remote session. Please check the server log for more details. Original error: An unknown server-side error occurred while processing the command. Original error: Error executing adbExec. Original error: 'Command 'C:\\Users\\Jesus_Berbin\\AppData\\Local\\Android\\Sdk\\platform-tools\\adb.exe -P 5037 -s R28M42G369B install -r -g C:\\Users\\Jesus_Berbin\\Documents\\Cursos\\Sybven\\UENO\\crtopyinfinitymobilebanking-release.apk' exited with code 1'; Stderr: 'adb: failed to install C:\Users\Jesus_Berbin\Documents\Cursos\Sybven\UENO\crtopyinfinitymobilebanking-release.apk: Failure [INSTALL_FAILED_PACKAGE_CHANGED: Package was removed before install could complete.]'; Code: '1'
Build info: version: '3.141.59', revision: 'e82be7d358', time: '2018-11-14T08:25:53'
System info: host: 'ENDER-LOBO', ip: '192.168.17.1', os.name: 'Windows 10', os.arch: 'amd64', os.version: '10.0', java.version: '1.8.0_282'
Driver info: driver.version: SwipeableAndroidDriver
remote stacktrace: UnknownError: An unknown server-side error occurred while processing the command. Original error: Error executing adbExec. Original error: 'Command 'C:\\Users\\Jesus_Berbin\\AppData\\Local\\Android\\Sdk\\platform-tools\\adb.exe -P 5037 -s R28M42G369B install -r -g C:\\Users\\Jesus_Berbin\\Documents\\Cursos\\Sybven\\UENO\\crtopyinfinitymobilebanking-release.apk' exited with code 1'; Stderr: 'adb: failed to install C:\Users\Jesus_Berbin\Documents\Cursos\Sybven\UENO\crtopyinfinitymobilebanking-release.apk: Failure [INSTALL_FAILED_PACKAGE_CHANGED: Package was removed before install could complete.]'; Code: '1'
    at getResponseForW3CError (C:\Users\Jesus_Berbin\AppData\Roaming\npm\node_modules\appium\node_modules\appium-base-driver\lib\protocol\errors.js:804:9)
    at asyncHandler (C:\Users\Jesus_Berbin\AppData\Roaming\npm\node_modules\appium\node_modules\appium-base-driver\lib\protocol\protocol.js:380:37)
Build info: version: '3.141.59', revision: 'e82be7d358', time: '2018-11-14T08:25:53'
System info: host: 'ENDER-LOBO', ip: '192.168.17.1', os.name: 'Windows 10', os.arch: 'amd64', os.version: '10.0', java.version: '1.8.0_282'
Driver info: driver.version: SwipeableAndroidDriver
	at io.appium.java_client.remote.AppiumCommandExecutor$1.createSession(AppiumCommandExecutor.java:208)
	at io.appium.java_client.remote.AppiumCommandExecutor.createSession(AppiumCommandExecutor.java:217)
	at io.appium.java_client.remote.AppiumCommandExecutor.execute(AppiumCommandExecutor.java:239)
	at org.openqa.selenium.remote.RemoteWebDriver.execute(RemoteWebDriver.java:552)
	at io.appium.java_client.DefaultGenericMobileDriver.execute(DefaultGenericMobileDriver.java:42)
	at io.appium.java_client.AppiumDriver.execute(AppiumDriver.java:1)
	at io.appium.java_client.android.AndroidDriver.execute(AndroidDriver.java:1)
	at com.kms.katalon.core.appium.driver.SwipeableAndroidDriver.execute(SwipeableAndroidDriver.java:1)
	at org.openqa.selenium.remote.RemoteWebDriver.startSession(RemoteWebDriver.java:213)
	at org.openqa.selenium.remote.RemoteWebDriver.<init>(RemoteWebDriver.java:131)
	at io.appium.java_client.DefaultGenericMobileDriver.<init>(DefaultGenericMobileDriver.java:38)
	at io.appium.java_client.AppiumDriver.<init>(AppiumDriver.java:84)
	at io.appium.java_client.android.AndroidDriver.<init>(AndroidDriver.java:85)
	at com.kms.katalon.core.appium.driver.SwipeableAndroidDriver.<init>(SwipeableAndroidDriver.java:24)
	at com.kms.katalon.core.appium.driver.AppiumDriverManager.createMobileDriver(AppiumDriverManager.java:503)
	at com.kms.katalon.core.appium.driver.AppiumDriverManager.createMobileDriver(AppiumDriverManager.java:485)
	at com.kms.katalon.core.mobile.keyword.internal.MobileDriverFactory.startLocalMobileDriver(MobileDriverFactory.java:539)
	at com.kms.katalon.core.mobile.keyword.internal.MobileDriverFactory.startMobileDriver(MobileDriverFactory.java:452)
	at com.kms.katalon.core.mobile.keyword.builtin.StartApplicationKeyword$_startApplication_closure1.doCall(StartApplicationKeyword.groovy:49)
	at com.kms.katalon.core.mobile.keyword.builtin.StartApplicationKeyword$_startApplication_closure1.call(StartApplicationKeyword.groovy)
	at com.kms.katalon.core.mobile.keyword.internal.MobileKeywordMain.runKeyword(MobileKeywordMain.groovy:21)
	... 19 more
Caused by: java.lang.reflect.InvocationTargetException
	at io.appium.java_client.remote.AppiumCommandExecutor$1.createSession(AppiumCommandExecutor.java:186)
	at io.appium.java_client.remote.AppiumCommandExecutor.createSession(AppiumCommandExecutor.java:217)
	at io.appium.java_client.remote.AppiumCommandExecutor.execute(AppiumCommandExecutor.java:239)
	at org.openqa.selenium.remote.RemoteWebDriver.execute(RemoteWebDriver.java:552)
	at io.appium.java_client.DefaultGenericMobileDriver.execute(DefaultGenericMobileDriver.java:42)
	at io.appium.java_client.AppiumDriver.execute(AppiumDriver.java:1)
	at io.appium.java_client.android.AndroidDriver.execute(AndroidDriver.java:1)
	at com.kms.katalon.core.appium.driver.SwipeableAndroidDriver.execute(SwipeableAndroidDriver.java:1)
	at org.openqa.selenium.remote.RemoteWebDriver.startSession(RemoteWebDriver.java:213)
	at org.openqa.selenium.remote.RemoteWebDriver.<init>(RemoteWebDriver.java:131)
	at io.appium.java_client.DefaultGenericMobileDriver.<init>(DefaultGenericMobileDriver.java:38)
	at io.appium.java_client.AppiumDriver.<init>(AppiumDriver.java:84)
	at io.appium.java_client.android.AndroidDriver.<init>(AndroidDriver.java:85)
	at com.kms.katalon.core.appium.driver.SwipeableAndroidDriver.<init>(SwipeableAndroidDriver.java:24)
	at com.kms.katalon.core.appium.driver.AppiumDriverManager.createMobileDriver(AppiumDriverManager.java:503)
	at com.kms.katalon.core.appium.driver.AppiumDriverManager.createMobileDriver(AppiumDriverManager.java:485)
	at com.kms.katalon.core.mobile.keyword.internal.MobileDriverFactory.startLocalMobileDriver(MobileDriverFactory.java:539)
	at com.kms.katalon.core.mobile.keyword.internal.MobileDriverFactory.startMobileDriver(MobileDriverFactory.java:452)
	at com.kms.katalon.core.mobile.keyword.builtin.StartApplicationKeyword$_startApplication_closure1.doCall(StartApplicationKeyword.groovy:49)
	at com.kms.katalon.core.mobile.keyword.builtin.StartApplicationKeyword$_startApplication_closure1.call(StartApplicationKeyword.groovy)
	at com.kms.katalon.core.mobile.keyword.internal.MobileKeywordMain.runKeyword(MobileKeywordMain.groovy:21)
	at com.kms.katalon.core.mobile.keyword.builtin.StartApplicationKeyword.startApplication(StartApplicationKeyword.groovy:51)
	at com.kms.katalon.core.mobile.keyword.builtin.StartApplicationKeyword.execute(StartApplicationKeyword.groovy:40)
	at com.kms.katalon.core.keyword.internal.KeywordExecutor.executeKeywordForPlatform(KeywordExecutor.groovy:74)
	at com.kms.katalon.core.mobile.keyword.MobileBuiltInKeywords.startApplication(MobileBuiltInKeywords.groovy:78)
	at com.kms.katalon.core.mobile.keyword.MobileBuiltInKeywords$startApplication.call(Unknown Source)
	at Script1650980472078.run(Script1650980472078.groovy:20)
	... 13 more
Caused by: org.openqa.selenium.WebDriverException: An unknown server-side error occurred while processing the command. Original error: Error executing adbExec. Original error: 'Command 'C:\\Users\\Jesus_Berbin\\AppData\\Local\\Android\\Sdk\\platform-tools\\adb.exe -P 5037 -s R28M42G369B install -r -g C:\\Users\\Jesus_Berbin\\Documents\\Cursos\\Sybven\\UENO\\crtopyinfinitymobilebanking-release.apk' exited with code 1'; Stderr: 'adb: failed to install C:\Users\Jesus_Berbin\Documents\Cursos\Sybven\UENO\crtopyinfinitymobilebanking-release.apk: Failure [INSTALL_FAILED_PACKAGE_CHANGED: Package was removed before install could complete.]'; Code: '1'
Build info: version: '3.141.59', revision: 'e82be7d358', time: '2018-11-14T08:25:53'
System info: host: 'ENDER-LOBO', ip: '192.168.17.1', os.name: 'Windows 10', os.arch: 'amd64', os.version: '10.0', java.version: '1.8.0_282'
Driver info: driver.version: SwipeableAndroidDriver
remote stacktrace: UnknownError: An unknown server-side error occurred while processing the command. Original error: Error executing adbExec. Original error: 'Command 'C:\\Users\\Jesus_Berbin\\AppData\\Local\\Android\\Sdk\\platform-tools\\adb.exe -P 5037 -s R28M42G369B install -r -g C:\\Users\\Jesus_Berbin\\Documents\\Cursos\\Sybven\\UENO\\crtopyinfinitymobilebanking-release.apk' exited with code 1'; Stderr: 'adb: failed to install C:\Users\Jesus_Berbin\Documents\Cursos\Sybven\UENO\crtopyinfinitymobilebanking-release.apk: Failure [INSTALL_FAILED_PACKAGE_CHANGED: Package was removed before install could complete.]'; Code: '1'
    at getResponseForW3CError (C:\Users\Jesus_Berbin\AppData\Roaming\npm\node_modules\appium\node_modules\appium-base-driver\lib\protocol\errors.js:804:9)
    at asyncHandler (C:\Users\Jesus_Berbin\AppData\Roaming\npm\node_modules\appium\node_modules\appium-base-driver\lib\protocol\protocol.js:380:37)
	at org.openqa.selenium.remote.W3CHandshakeResponse.lambda$errorHandler$0(W3CHandshakeResponse.java:62)
	at org.openqa.selenium.remote.HandshakeResponse.lambda$getResponseFunction$0(HandshakeResponse.java:30)
	at org.openqa.selenium.remote.ProtocolHandshake.lambda$createSession$0(ProtocolHandshake.java:126)
	at org.openqa.selenium.remote.ProtocolHandshake.createSession(ProtocolHandshake.java:128)
	at io.appium.java_client.remote.AppiumCommandExecutor$1.createSession(AppiumCommandExecutor.java:186)
	at io.appium.java_client.remote.AppiumCommandExecutor.createSession(AppiumCommandExecutor.java:217)
	at io.appium.java_client.remote.AppiumCommandExecutor.execute(AppiumCommandExecutor.java:239)
	at org.openqa.selenium.remote.RemoteWebDriver.execute(RemoteWebDriver.java:552)
	at io.appium.java_client.DefaultGenericMobileDriver.execute(DefaultGenericMobileDriver.java:42)
	at io.appium.java_client.AppiumDriver.execute(AppiumDriver.java:1)
	at io.appium.java_client.android.AndroidDriver.execute(AndroidDriver.java:1)
	at com.kms.katalon.core.appium.driver.SwipeableAndroidDriver.execute(SwipeableAndroidDriver.java:1)
	at org.openqa.selenium.remote.RemoteWebDriver.startSession(RemoteWebDriver.java:213)
	at org.openqa.selenium.remote.RemoteWebDriver.<init>(RemoteWebDriver.java:131)
	at io.appium.java_client.DefaultGenericMobileDriver.<init>(DefaultGenericMobileDriver.java:38)
	at io.appium.java_client.AppiumDriver.<init>(AppiumDriver.java:84)
	at io.appium.java_client.android.AndroidDriver.<init>(AndroidDriver.java:85)
	at com.kms.katalon.core.appium.driver.SwipeableAndroidDriver.<init>(SwipeableAndroidDriver.java:24)
	at com.kms.katalon.core.appium.driver.AppiumDriverManager.createMobileDriver(AppiumDriverManager.java:503)
	at com.kms.katalon.core.appium.driver.AppiumDriverManager.createMobileDriver(AppiumDriverManager.java:485)
	at com.kms.katalon.core.mobile.keyword.internal.MobileDriverFactory.startLocalMobileDriver(MobileDriverFactory.java:539)
	at com.kms.katalon.core.mobile.keyword.internal.MobileDriverFactory.startMobileDriver(MobileDriverFactory.java:452)
	at com.kms.katalon.core.mobile.keyword.builtin.StartApplicationKeyword$_startApplication_closure1.doCall(StartApplicationKeyword.groovy:49)
	at com.kms.katalon.core.mobile.keyword.builtin.StartApplicationKeyword$_startApplication_closure1.call(StartApplicationKeyword.groovy)
	at com.kms.katalon.core.mobile.keyword.internal.MobileKeywordMain.runKeyword(MobileKeywordMain.groovy:21)
	at com.kms.katalon.core.mobile.keyword.builtin.StartApplicationKeyword.startApplication(StartApplicationKeyword.groovy:51)
	at com.kms.katalon.core.mobile.keyword.builtin.StartApplicationKeyword.execute(StartApplicationKeyword.groovy:40)
	at com.kms.katalon.core.keyword.internal.KeywordExecutor.executeKeywordForPlatform(KeywordExecutor.groovy:74)
	at com.kms.katalon.core.mobile.keyword.MobileBuiltInKeywords.startApplication(MobileBuiltInKeywords.groovy:78)
	at com.kms.katalon.core.mobile.keyword.MobileBuiltInKeywords$startApplication.call(Unknown Source)
	at 01 Especificaciones Funcionales - Primer Login exitoso del Cliente.run(01 Especificaciones Funcionales - Primer Login exitoso del Cliente:20)
	... 13 more]]></system-err>
   </testsuite>
</testsuites>
