<?xml version="1.0" encoding="UTF-8"?>
<testsuites name="08 HU-Configuraciones" time="3.85" tests="9" failures="0" errors="0">
   <testsuite name="08 HU-Configuraciones" tests="9" failures="0" errors="0" time="3.85" skipped="0" timestamp="2022-05-24 00:50:43" hostname="Jose_Arrieta - Jose-Arrieta" id="Test Suites/Sprint 1/08 HU-Configuraciones">
      <properties>
         <property name="deviceName" value=""/>
         <property name="devicePlatform" value=""/>
         <property name="logFolder" value="C:\\Users\\Jose_Arrieta\\git\\UENO-App-Android\\UENO-App-Android\\Reports\\20220523_233534\\Sprint 1\\08 HU-Configuraciones\\20220523_233550"/>
         <property name="logFiles" value="C:\\Users\\Jose_Arrieta\\git\\UENO-App-Android\\UENO-App-Android\\Reports\\20220523_233534\\Sprint 1\\08 HU-Configuraciones\\20220523_233550\\execution0.log"/>
         <property name="attachments" value=""/>
         <property name="hostName" value="Jose_Arrieta - Jose-Arrieta"/>
         <property name="hostAddress" value="192.168.0.103"/>
         <property name="os" value="Windows 10 64bit"/>
         <property name="katalonVersion" value="8.3.0.208"/>
      </properties>
      <testcase name="Test Cases/Sprint 1/08HU-Configuraciones/101 Menú principal en la aplicación Android" time="0.464" classname="Test Cases/Sprint 1/08HU-Configuraciones/101 Menú principal en la aplicación Android" status="PASSED">
         <system-out><![CDATA[2022-05-24 00:50:43 - [TEST_CASE][PASSED] - Test Cases/Sprint 1/08HU-Configuraciones/101 Menú principal en la aplicación Android: Test Cases/Sprint 1/08HU-Configuraciones/101 Menú principal en la aplicación Android

2022-05-24 00:50:43 - [TEST_STEP][PASSED] - return null: null]]></system-out>
         <system-err><![CDATA[]]></system-err>
      </testcase>
      <testcase name="Test Cases/Sprint 1/08HU-Configuraciones/102 Opciones disponibles - Pantalla perfil" time="0.381" classname="Test Cases/Sprint 1/08HU-Configuraciones/102 Opciones disponibles - Pantalla perfil" status="PASSED">
         <system-out><![CDATA[2022-05-24 00:50:43 - [TEST_CASE][PASSED] - Test Cases/Sprint 1/08HU-Configuraciones/102 Opciones disponibles - Pantalla perfil: Test Cases/Sprint 1/08HU-Configuraciones/102 Opciones disponibles - Pantalla perfil

2022-05-24 00:50:44 - [TEST_STEP][PASSED] - return null: null]]></system-out>
         <system-err><![CDATA[]]></system-err>
      </testcase>
      <testcase name="Test Cases/Sprint 1/08HU-Configuraciones/103 Opciones Inhabilitadas para este sprint - Android" time="0.366" classname="Test Cases/Sprint 1/08HU-Configuraciones/103 Opciones Inhabilitadas para este sprint - Android" status="PASSED">
         <system-out><![CDATA[2022-05-24 00:50:44 - [TEST_CASE][PASSED] - Test Cases/Sprint 1/08HU-Configuraciones/103 Opciones Inhabilitadas para este sprint - Android: Test Cases/Sprint 1/08HU-Configuraciones/103 Opciones Inhabilitadas para este sprint - Android

2022-05-24 00:50:44 - [TEST_STEP][PASSED] - return null: null]]></system-out>
         <system-err><![CDATA[]]></system-err>
      </testcase>
      <testcase name="Test Cases/Sprint 1/08HU-Configuraciones/104 Opciones del menú a ocultar - Fuera del alcance del proyecto" time="0.363" classname="Test Cases/Sprint 1/08HU-Configuraciones/104 Opciones del menú a ocultar - Fuera del alcance del proyecto" status="PASSED">
         <system-out><![CDATA[2022-05-24 00:50:44 - [TEST_CASE][PASSED] - Test Cases/Sprint 1/08HU-Configuraciones/104 Opciones del menú a ocultar - Fuera del alcance del proyecto: Test Cases/Sprint 1/08HU-Configuraciones/104 Opciones del menú a ocultar - Fuera del alcance del proyecto

2022-05-24 00:50:45 - [TEST_STEP][PASSED] - return null: null]]></system-out>
         <system-err><![CDATA[]]></system-err>
      </testcase>
      <testcase name="Test Cases/Sprint 1/08HU-Configuraciones/105 El ícono de acceso al menú hamburguesa - Android" time="0.388" classname="Test Cases/Sprint 1/08HU-Configuraciones/105 El ícono de acceso al menú hamburguesa - Android" status="PASSED">
         <system-out><![CDATA[2022-05-24 00:50:45 - [TEST_CASE][PASSED] - Test Cases/Sprint 1/08HU-Configuraciones/105 El ícono de acceso al menú hamburguesa - Android: Test Cases/Sprint 1/08HU-Configuraciones/105 El ícono de acceso al menú hamburguesa - Android

2022-05-24 00:50:45 - [TEST_STEP][PASSED] - return null: null]]></system-out>
         <system-err><![CDATA[]]></system-err>
      </testcase>
      <testcase name="Test Cases/Sprint 1/08HU-Configuraciones/106 Pantalla de Configuraciones" time="0.38" classname="Test Cases/Sprint 1/08HU-Configuraciones/106 Pantalla de Configuraciones" status="PASSED">
         <system-out><![CDATA[2022-05-24 00:50:45 - [TEST_CASE][PASSED] - Test Cases/Sprint 1/08HU-Configuraciones/106 Pantalla de Configuraciones: Test Cases/Sprint 1/08HU-Configuraciones/106 Pantalla de Configuraciones

2022-05-24 00:50:45 - [TEST_STEP][PASSED] - return null: null]]></system-out>
         <system-err><![CDATA[]]></system-err>
      </testcase>
      <testcase name="Test Cases/Sprint 1/08HU-Configuraciones/107 Validar navegación en la pantalla Configuraciones" time="0.351" classname="Test Cases/Sprint 1/08HU-Configuraciones/107 Validar navegación en la pantalla Configuraciones" status="PASSED">
         <system-out><![CDATA[2022-05-24 00:50:45 - [TEST_CASE][PASSED] - Test Cases/Sprint 1/08HU-Configuraciones/107 Validar navegación en la pantalla Configuraciones: Test Cases/Sprint 1/08HU-Configuraciones/107 Validar navegación en la pantalla Configuraciones

2022-05-24 00:50:46 - [TEST_STEP][PASSED] - return null: null]]></system-out>
         <system-err><![CDATA[]]></system-err>
      </testcase>
      <testcase name="Test Cases/Sprint 1/08HU-Configuraciones/108 Opciones inhabilitadas para este Sprint - Pantalla configuraciones" time="0.352" classname="Test Cases/Sprint 1/08HU-Configuraciones/108 Opciones inhabilitadas para este Sprint - Pantalla configuraciones" status="PASSED">
         <system-out><![CDATA[2022-05-24 00:50:46 - [TEST_CASE][PASSED] - Test Cases/Sprint 1/08HU-Configuraciones/108 Opciones inhabilitadas para este Sprint - Pantalla configuraciones: Test Cases/Sprint 1/08HU-Configuraciones/108 Opciones inhabilitadas para este Sprint - Pantalla configuraciones

2022-05-24 00:50:46 - [TEST_STEP][PASSED] - return null: null]]></system-out>
         <system-err><![CDATA[]]></system-err>
      </testcase>
      <testcase name="Test Cases/Sprint 1/08HU-Configuraciones/109 Validar navegación en la Pantalla Método de acceso predeterminado Configuraciones" time="0.379" classname="Test Cases/Sprint 1/08HU-Configuraciones/109 Validar navegación en la Pantalla Método de acceso predeterminado Configuraciones" status="PASSED">
         <system-out><![CDATA[2022-05-24 00:50:46 - [TEST_CASE][PASSED] - Test Cases/Sprint 1/08HU-Configuraciones/109 Validar navegación en la Pantalla Método de acceso predeterminado Configuraciones: Test Cases/Sprint 1/08HU-Configuraciones/109 Validar navegación en la Pantalla Método de acceso predeterminado Configuraciones

2022-05-24 00:50:46 - [TEST_STEP][PASSED] - return null: null]]></system-out>
         <system-err><![CDATA[]]></system-err>
      </testcase>
      <system-out><![CDATA[2022-05-24 00:50:43 - [TEST_SUITE][PASSED] - 08 HU-Configuraciones: Test Cases/Sprint 1/08HU-Configuraciones/109 Validar navegación en la Pantalla Método de acceso predeterminado Configuraciones]]></system-out>
      <system-err><![CDATA[]]></system-err>
   </testsuite>
</testsuites>
