<?xml version="1.0" encoding="UTF-8"?>
<testsuites name="02 HU- Soporte" time="394.506" tests="7" failures="2" errors="0">
   <testsuite name="02 HU- Soporte" tests="7" failures="2" errors="0" time="394.506" skipped="0" timestamp="2022-05-23 11:30:21" hostname="Jose_Arrieta - Jose-Arrieta" id="Test Suites/Sprint 1/02 HU- Soporte">
      <properties>
         <property name="deviceName" value="TECNO MOBILE LIMITED TECNO KE5k (Android 10)"/>
         <property name="devicePlatform" value=""/>
         <property name="logFolder" value="C:\\Users\\Jose_Arrieta\\git\\UENO-App-Android\\UENO-App-Android\\Reports\\20220523_113018\\Sprint 1\\02 HU- Soporte\\20220523_113018"/>
         <property name="logFiles" value="C:\\Users\\Jose_Arrieta\\git\\UENO-App-Android\\UENO-App-Android\\Reports\\20220523_113018\\Sprint 1\\02 HU- Soporte\\20220523_113018\\appium.log, C:\\Users\\Jose_Arrieta\\git\\UENO-App-Android\\UENO-App-Android\\Reports\\20220523_113018\\Sprint 1\\02 HU- Soporte\\20220523_113018\\execution0.log"/>
         <property name="attachments" value="C:\\Users\\Jose_Arrieta\\git\\UENO-App-Android\\UENO-App-Android\\Reports\\20220523_113018\\Sprint 1\\02 HU- Soporte\\20220523_113018\\1653320062789.png, C:\\Users\\Jose_Arrieta\\git\\UENO-App-Android\\UENO-App-Android\\Reports\\20220523_113018\\Sprint 1\\02 HU- Soporte\\20220523_113018\\1653320125352.png, C:\\Users\\Jose_Arrieta\\git\\UENO-App-Android\\UENO-App-Android\\Reports\\20220523_113018\\Sprint 1\\02 HU- Soporte\\20220523_113018\\1653320154126.png"/>
         <property name="hostName" value="Jose_Arrieta - Jose-Arrieta"/>
         <property name="os" value="Windows 10 64bit"/>
         <property name="appiumServerStatus" value="{&quot;value&quot;:{&quot;build&quot;:{&quot;version&quot;:&quot;1.22.3&quot;}},&quot;sessionId&quot;:null,&quot;status&quot;:0}"/>
         <property name="katalonVersion" value="8.3.0.208"/>
         <property name="deviceOS" value="Android"/>
         <property name="appiumVersion" value="1.22.3"/>
         <property name="deviceModel" value="TECNO KE5k"/>
         <property name="hostAddress" value="192.168.0.103"/>
         <property name="deviceManufacturer" value="TECNO MOBILE LIMITED"/>
         <property name="deviceId" value="06066331AX013408"/>
         <property name="deviceName" value="TECNO MOBILE LIMITED TECNO KE5k (Android 10)"/>
         <property name="deviceOSVersion" value="10"/>
      </properties>
      <testcase name="Test Cases/Sprint 1/02HU-Soporte/20 Estructura de la pantalla - Pantalla de Soporte" time="46.553" classname="Test Cases/Sprint 1/02HU-Soporte/20 Estructura de la pantalla - Pantalla de Soporte" status="PASSED">
         <system-out><![CDATA[2022-05-23 11:30:21 - [TEST_CASE][PASSED] - Test Cases/Sprint 1/02HU-Soporte/20 Estructura de la pantalla - Pantalla de Soporte: Test Cases/Sprint 1/02HU-Soporte/20 Estructura de la pantalla - Pantalla de Soporte

2022-05-23 11:30:22 - [TEST_STEP][PASSED] - startApplication(APKjose, false): Started app at: 'C:\Users\Jose_Arrieta\Desktop\JA\Proyectos\Automatizacion de pruebas\APK para inicio\crtopyinfinitymobilebanking-release (8).apk'

2022-05-23 11:30:22 - [MESSAGE][WARNING] - Test object with id 'Object Repository/cierre de sesion/android.widget.TextView - Sesin cerrada por inactividad. Ingres de nuevo' does not exist

2022-05-23 11:30:22 - [MESSAGE][WARNING] - Test object with id 'Object Repository/falla de conexion dashboard/android.widget.TextView - Ups Hubo una falla en la conexin. Por favor, verific y prob de nuevo' does not exist

2022-05-23 11:30:22 - [MESSAGE][WARNING] - Test object with id 'Object Repository/dasboard/android.widget.TextView - Te gustara activar tu huella digital como mtodo de acceso predeterminado' does not exist

2022-05-23 11:30:23 - [MESSAGE][INFO] - User set preference: ['deviceId', '']

2022-05-23 11:30:23 - [MESSAGE][INFO] - Detected NodeJS location: "C:\Program Files\nodejs\node.exe"

2022-05-23 11:30:25 - [MESSAGE][INFO] - Appium server started on port 61.861

2022-05-23 11:30:47 - [MESSAGE][INFO] - Failed to get OS statusbar's information using default method.

2022-05-23 11:30:47 - [MESSAGE][PASSED] - Started app at: 'C:\Users\Jose_Arrieta\Desktop\JA\Proyectos\Automatizacion de pruebas\APK para inicio\crtopyinfinitymobilebanking-release (8).apk'

2022-05-23 11:30:47 - [TEST_STEP][PASSED] - delay(10, STOP_ON_FAILURE): Delayed 10 second(s)

2022-05-23 11:30:57 - [MESSAGE][PASSED] - Delayed 10 second(s)

2022-05-23 11:30:57 - [TEST_STEP][PASSED] - tap(findTestObject("Sprint 1/Login/android.widget.Button - Soporte"), 0): Tapped on element 'Object Repository/Sprint 1/Login/android.widget.Button - Soporte'

2022-05-23 11:30:57 - [MESSAGE][WARNING] - Timeout '0' is invalid. Using default page load timeout: '30'

2022-05-23 11:31:00 - [MESSAGE][PASSED] - Tapped on element 'Object Repository/Sprint 1/Login/android.widget.Button - Soporte'

2022-05-23 11:31:00 - [TEST_STEP][PASSED] - SoporteTitulo = getText(findTestObject("Sprint 1/Soporte/android.widget.TextView - Soporte Titulo"), 0): Text of element 'Object Repository/Sprint 1/Soporte/android.widget.TextView - Soporte Titulo' is: 'Soporte'

2022-05-23 11:31:00 - [MESSAGE][WARNING] - Timeout '0' is invalid. Using default page load timeout: '30'

2022-05-23 11:31:01 - [MESSAGE][PASSED] - Text of element 'Object Repository/Sprint 1/Soporte/android.widget.TextView - Soporte Titulo' is: 'Soporte'

2022-05-23 11:31:01 - [TEST_STEP][PASSED] - verifyEqual(SoporteTitulo, "Soporte"): Actual object 'Soporte' and expected object 'Soporte' are equal

2022-05-23 11:31:01 - [MESSAGE][PASSED] - Actual object 'Soporte' and expected object 'Soporte' are equal

2022-05-23 11:31:01 - [TEST_STEP][PASSED] - PreguntasFrecuentes = getText(findTestObject("Sprint 1/Soporte/android.widget.TextView - Preguntas frecuentes"), 0): Text of element 'Object Repository/Sprint 1/Soporte/android.widget.TextView - Preguntas frecuentes' is: 'Preguntas frecuentes'

2022-05-23 11:31:01 - [MESSAGE][WARNING] - Timeout '0' is invalid. Using default page load timeout: '30'

2022-05-23 11:31:02 - [MESSAGE][PASSED] - Text of element 'Object Repository/Sprint 1/Soporte/android.widget.TextView - Preguntas frecuentes' is: 'Preguntas frecuentes'

2022-05-23 11:31:02 - [TEST_STEP][PASSED] - verifyEqual(PreguntasFrecuentes, "Preguntas frecuentes"): Actual object 'Preguntas frecuentes' and expected object 'Preguntas frecuentes' are equal

2022-05-23 11:31:02 - [MESSAGE][PASSED] - Actual object 'Preguntas frecuentes' and expected object 'Preguntas frecuentes' are equal

2022-05-23 11:31:02 - [TEST_STEP][PASSED] - Basesycondiciones = getText(findTestObject("Sprint 1/Soporte/android.widget.TextView - Bases y condiciones (1)"), 0): Text of element 'Object Repository/Sprint 1/Soporte/android.widget.TextView - Bases y condiciones (1)' is: 'Bases y condiciones'

2022-05-23 11:31:02 - [MESSAGE][WARNING] - Timeout '0' is invalid. Using default page load timeout: '30'

2022-05-23 11:31:02 - [MESSAGE][PASSED] - Text of element 'Object Repository/Sprint 1/Soporte/android.widget.TextView - Bases y condiciones (1)' is: 'Bases y condiciones'

2022-05-23 11:31:02 - [TEST_STEP][PASSED] - verifyEqual(Basesycondiciones, "Bases y condiciones"): Actual object 'Bases y condiciones' and expected object 'Bases y condiciones' are equal

2022-05-23 11:31:02 - [MESSAGE][PASSED] - Actual object 'Bases y condiciones' and expected object 'Bases y condiciones' are equal

2022-05-23 11:31:02 - [TEST_STEP][PASSED] - Seguridad = getText(findTestObject("Sprint 1/Soporte/android.widget.TextView - Seguridad"), 0): Text of element 'Object Repository/Sprint 1/Soporte/android.widget.TextView - Seguridad' is: 'Seguridad'

2022-05-23 11:31:02 - [MESSAGE][WARNING] - Timeout '0' is invalid. Using default page load timeout: '30'

2022-05-23 11:31:03 - [MESSAGE][PASSED] - Text of element 'Object Repository/Sprint 1/Soporte/android.widget.TextView - Seguridad' is: 'Seguridad'

2022-05-23 11:31:03 - [TEST_STEP][PASSED] - verifyEqual(Seguridad, "Seguridad"): Actual object 'Seguridad' and expected object 'Seguridad' are equal

2022-05-23 11:31:03 - [MESSAGE][PASSED] - Actual object 'Seguridad' and expected object 'Seguridad' are equal

2022-05-23 11:31:03 - [TEST_STEP][PASSED] - tap(findTestObject("Sprint 1/Soporte/android.widget.ImageView Boton Back"), 0): Tapped on element 'Object Repository/Sprint 1/Soporte/android.widget.ImageView Boton Back'

2022-05-23 11:31:03 - [MESSAGE][WARNING] - Timeout '0' is invalid. Using default page load timeout: '30'

2022-05-23 11:31:04 - [MESSAGE][PASSED] - Tapped on element 'Object Repository/Sprint 1/Soporte/android.widget.ImageView Boton Back'

2022-05-23 11:31:04 - [TEST_STEP][PASSED] - tap(findTestObject("Sprint 1/Soporte/android.widget.Button - Soporte pantalla de inicio"), 0): Tapped on element 'Object Repository/Sprint 1/Soporte/android.widget.Button - Soporte pantalla de inicio'

2022-05-23 11:31:04 - [MESSAGE][WARNING] - Timeout '0' is invalid. Using default page load timeout: '30'

2022-05-23 11:31:05 - [MESSAGE][PASSED] - Tapped on element 'Object Repository/Sprint 1/Soporte/android.widget.Button - Soporte pantalla de inicio'

2022-05-23 11:31:05 - [TEST_STEP][PASSED] - tap(findTestObject("Sprint 1/Soporte/android.widget.ImageView boton compartir"), 0): Tapped on element 'Object Repository/Sprint 1/Soporte/android.widget.ImageView boton compartir'

2022-05-23 11:31:05 - [MESSAGE][WARNING] - Timeout '0' is invalid. Using default page load timeout: '30'

2022-05-23 11:31:07 - [MESSAGE][PASSED] - Tapped on element 'Object Repository/Sprint 1/Soporte/android.widget.ImageView boton compartir'

2022-05-23 11:31:07 - [TEST_STEP][PASSED] - Textocompartir = getText(findTestObject("Sprint 1/Soporte/android.widget.TextView - Se copi la informacin de esta versin en tu dispositivo"), 0): Text of element 'Object Repository/Sprint 1/Soporte/android.widget.TextView - Se copi la informacin de esta versin en tu dispositivo' is: 'Se copió la información de esta versión en tu dispositivo.'

2022-05-23 11:31:07 - [MESSAGE][WARNING] - Timeout '0' is invalid. Using default page load timeout: '30'

2022-05-23 11:31:08 - [MESSAGE][PASSED] - Text of element 'Object Repository/Sprint 1/Soporte/android.widget.TextView - Se copi la informacin de esta versin en tu dispositivo' is: 'Se copió la información de esta versión en tu dispositivo.'

2022-05-23 11:31:08 - [TEST_STEP][PASSED] - verifyEqual(Textocompartir, "Se copió la información de esta versión en tu dispositivo."): Actual object 'Se copió la información de esta versión en tu dispositivo.' and expected object 'Se copió la información de esta versión en tu dispositivo.' are equal

2022-05-23 11:31:08 - [MESSAGE][PASSED] - Actual object 'Se copió la información de esta versión en tu dispositivo.' and expected object 'Se copió la información de esta versión en tu dispositivo.' are equal]]></system-out>
         <system-err><![CDATA[]]></system-err>
      </testcase>
      <testcase name="Test Cases/Sprint 1/02HU-Soporte/21 Especificaciones Funcionales - Pantalla Soporte desde la opción Soporte del menú principal de la App" time="24.924" classname="Test Cases/Sprint 1/02HU-Soporte/21 Especificaciones Funcionales - Pantalla Soporte desde la opción Soporte del menú principal de la App" status="PASSED">
         <system-out><![CDATA[2022-05-23 11:31:08 - [TEST_CASE][PASSED] - Test Cases/Sprint 1/02HU-Soporte/21 Especificaciones Funcionales - Pantalla Soporte desde la opción Soporte del menú principal de la App: Test Cases/Sprint 1/02HU-Soporte/21 Especificaciones Funcionales - Pantalla Soporte desde la opción Soporte del menú principal de la App

2022-05-23 11:31:08 - [TEST_STEP][PASSED] - startApplication(APKjose, false): Started app at: 'C:\Users\Jose_Arrieta\Desktop\JA\Proyectos\Automatizacion de pruebas\APK para inicio\crtopyinfinitymobilebanking-release (8).apk'

2022-05-23 11:31:08 - [MESSAGE][INFO] - User set preference: ['deviceId', '']

2022-05-23 11:31:18 - [MESSAGE][PASSED] - Started app at: 'C:\Users\Jose_Arrieta\Desktop\JA\Proyectos\Automatizacion de pruebas\APK para inicio\crtopyinfinitymobilebanking-release (8).apk'

2022-05-23 11:31:18 - [TEST_STEP][PASSED] - delay(10, CONTINUE_ON_FAILURE): Delayed 10 second(s)

2022-05-23 11:31:28 - [MESSAGE][PASSED] - Delayed 10 second(s)

2022-05-23 11:31:28 - [TEST_STEP][PASSED] - tap(findTestObject("Sprint 1/Soporte/android.widget.Button - Soporte pantalla de inicio"), 0): Tapped on element 'Object Repository/Sprint 1/Soporte/android.widget.Button - Soporte pantalla de inicio'

2022-05-23 11:31:28 - [MESSAGE][WARNING] - Timeout '0' is invalid. Using default page load timeout: '30'

2022-05-23 11:31:31 - [MESSAGE][PASSED] - Tapped on element 'Object Repository/Sprint 1/Soporte/android.widget.Button - Soporte pantalla de inicio'

2022-05-23 11:31:31 - [TEST_STEP][PASSED] - tap(findTestObject("Sprint 1/Soporte/android.widget.ImageView Boton Back"), 0): Tapped on element 'Object Repository/Sprint 1/Soporte/android.widget.ImageView Boton Back'

2022-05-23 11:31:31 - [MESSAGE][WARNING] - Timeout '0' is invalid. Using default page load timeout: '30'

2022-05-23 11:31:32 - [MESSAGE][PASSED] - Tapped on element 'Object Repository/Sprint 1/Soporte/android.widget.ImageView Boton Back']]></system-out>
         <system-err><![CDATA[]]></system-err>
      </testcase>
      <testcase name="Test Cases/Sprint 1/02HU-Soporte/22 Especificaciones Funcionales - Validar las opciones en la pantalla de soporte" time="57.114" classname="Test Cases/Sprint 1/02HU-Soporte/22 Especificaciones Funcionales - Validar las opciones en la pantalla de soporte" status="PASSED">
         <system-out><![CDATA[2022-05-23 11:31:32 - [TEST_CASE][PASSED] - Test Cases/Sprint 1/02HU-Soporte/22 Especificaciones Funcionales - Validar las opciones en la pantalla de soporte: Test Cases/Sprint 1/02HU-Soporte/22 Especificaciones Funcionales - Validar las opciones en la pantalla de soporte

2022-05-23 11:31:33 - [TEST_STEP][PASSED] - startApplication(APKjose, true): Started app at: 'C:\Users\Jose_Arrieta\Desktop\JA\Proyectos\Automatizacion de pruebas\APK para inicio\crtopyinfinitymobilebanking-release (8).apk'

2022-05-23 11:31:33 - [MESSAGE][INFO] - User set preference: ['deviceId', '']

2022-05-23 11:32:01 - [MESSAGE][PASSED] - Started app at: 'C:\Users\Jose_Arrieta\Desktop\JA\Proyectos\Automatizacion de pruebas\APK para inicio\crtopyinfinitymobilebanking-release (8).apk'

2022-05-23 11:32:01 - [TEST_STEP][PASSED] - delay(10, CONTINUE_ON_FAILURE): Delayed 10 second(s)

2022-05-23 11:32:11 - [MESSAGE][PASSED] - Delayed 10 second(s)

2022-05-23 11:32:11 - [TEST_STEP][PASSED] - tap(findTestObject("Sprint 1/Login/android.widget.Button - Soporte"), 0): Tapped on element 'Object Repository/Sprint 1/Login/android.widget.Button - Soporte'

2022-05-23 11:32:11 - [MESSAGE][WARNING] - Timeout '0' is invalid. Using default page load timeout: '30'

2022-05-23 11:32:14 - [MESSAGE][PASSED] - Tapped on element 'Object Repository/Sprint 1/Login/android.widget.Button - Soporte'

2022-05-23 11:32:14 - [TEST_STEP][PASSED] - tap(findTestObject("Object Repository/Sprint 1/Soporte/android.widget.TextView - Preguntas frecuentes (1)"), 0): Tapped on element 'Object Repository/Sprint 1/Soporte/android.widget.TextView - Preguntas frecuentes (1)'

2022-05-23 11:32:14 - [MESSAGE][WARNING] - Timeout '0' is invalid. Using default page load timeout: '30'

2022-05-23 11:32:15 - [MESSAGE][PASSED] - Tapped on element 'Object Repository/Sprint 1/Soporte/android.widget.TextView - Preguntas frecuentes (1)'

2022-05-23 11:32:15 - [TEST_STEP][PASSED] - tap(findTestObject("Sprint 1/Soporte/android.widget.ImageView Back Preguntas Frecuentes"), 0): Tapped on element 'Object Repository/Sprint 1/Soporte/android.widget.ImageView Back Preguntas Frecuentes'

2022-05-23 11:32:15 - [MESSAGE][WARNING] - Timeout '0' is invalid. Using default page load timeout: '30'

2022-05-23 11:32:20 - [MESSAGE][PASSED] - Tapped on element 'Object Repository/Sprint 1/Soporte/android.widget.ImageView Back Preguntas Frecuentes'

2022-05-23 11:32:20 - [TEST_STEP][PASSED] - tap(findTestObject("Object Repository/Sprint 1/Soporte/android.widget.TextView - Bases y condiciones (1)"), 0): Tapped on element 'Object Repository/Sprint 1/Soporte/android.widget.TextView - Bases y condiciones (1)'

2022-05-23 11:32:20 - [MESSAGE][WARNING] - Timeout '0' is invalid. Using default page load timeout: '30'

2022-05-23 11:32:21 - [MESSAGE][PASSED] - Tapped on element 'Object Repository/Sprint 1/Soporte/android.widget.TextView - Bases y condiciones (1)'

2022-05-23 11:32:21 - [TEST_STEP][PASSED] - tap(findTestObject("Sprint 1/Soporte/android.widget.ImageView Back Bases y Condiciones"), 0): Tapped on element 'Object Repository/Sprint 1/Soporte/android.widget.ImageView Back Bases y Condiciones'

2022-05-23 11:32:21 - [MESSAGE][WARNING] - Timeout '0' is invalid. Using default page load timeout: '30'

2022-05-23 11:32:26 - [MESSAGE][PASSED] - Tapped on element 'Object Repository/Sprint 1/Soporte/android.widget.ImageView Back Bases y Condiciones'

2022-05-23 11:32:26 - [TEST_STEP][PASSED] - tap(findTestObject("Object Repository/Sprint 1/Soporte/android.widget.TextView - Seguridad"), 0): Tapped on element 'Object Repository/Sprint 1/Soporte/android.widget.TextView - Seguridad'

2022-05-23 11:32:26 - [MESSAGE][WARNING] - Timeout '0' is invalid. Using default page load timeout: '30'

2022-05-23 11:32:26 - [MESSAGE][PASSED] - Tapped on element 'Object Repository/Sprint 1/Soporte/android.widget.TextView - Seguridad'

2022-05-23 11:32:26 - [TEST_STEP][PASSED] - tap(findTestObject("Sprint 1/Soporte/android.widget.ImageView Back Seguridad"), 0): Tapped on element 'Object Repository/Sprint 1/Soporte/android.widget.ImageView Back Seguridad'

2022-05-23 11:32:26 - [MESSAGE][WARNING] - Timeout '0' is invalid. Using default page load timeout: '30'

2022-05-23 11:32:30 - [MESSAGE][PASSED] - Tapped on element 'Object Repository/Sprint 1/Soporte/android.widget.ImageView Back Seguridad']]></system-out>
         <system-err><![CDATA[]]></system-err>
      </testcase>
      <testcase name="Test Cases/Sprint 1/02HU-Soporte/23 Especificaciones Funcionales - Compartir" time="43.892" classname="Test Cases/Sprint 1/02HU-Soporte/23 Especificaciones Funcionales - Compartir" status="PASSED">
         <system-out><![CDATA[2022-05-23 11:32:30 - [TEST_CASE][PASSED] - Test Cases/Sprint 1/02HU-Soporte/23 Especificaciones Funcionales - Compartir: Test Cases/Sprint 1/02HU-Soporte/23 Especificaciones Funcionales - Compartir

2022-05-23 11:32:30 - [TEST_STEP][PASSED] - startApplication(APKjose, true): Started app at: 'C:\Users\Jose_Arrieta\Desktop\JA\Proyectos\Automatizacion de pruebas\APK para inicio\crtopyinfinitymobilebanking-release (8).apk'

2022-05-23 11:32:30 - [MESSAGE][INFO] - User set preference: ['deviceId', '']

2022-05-23 11:32:58 - [MESSAGE][PASSED] - Started app at: 'C:\Users\Jose_Arrieta\Desktop\JA\Proyectos\Automatizacion de pruebas\APK para inicio\crtopyinfinitymobilebanking-release (8).apk'

2022-05-23 11:32:58 - [TEST_STEP][PASSED] - delay(10, CONTINUE_ON_FAILURE): Delayed 10 second(s)

2022-05-23 11:33:08 - [MESSAGE][PASSED] - Delayed 10 second(s)

2022-05-23 11:33:08 - [TEST_STEP][PASSED] - tap(findTestObject("Sprint 1/Soporte/android.widget.Button - Soporte pantalla de inicio"), 0): Tapped on element 'Object Repository/Sprint 1/Soporte/android.widget.Button - Soporte pantalla de inicio'

2022-05-23 11:33:08 - [MESSAGE][WARNING] - Timeout '0' is invalid. Using default page load timeout: '30'

2022-05-23 11:33:11 - [MESSAGE][PASSED] - Tapped on element 'Object Repository/Sprint 1/Soporte/android.widget.Button - Soporte pantalla de inicio'

2022-05-23 11:33:11 - [TEST_STEP][PASSED] - tap(findTestObject("Sprint 1/Soporte/android.widget.ImageView boton compartir"), 0): Tapped on element 'Object Repository/Sprint 1/Soporte/android.widget.ImageView boton compartir'

2022-05-23 11:33:11 - [MESSAGE][WARNING] - Timeout '0' is invalid. Using default page load timeout: '30'

2022-05-23 11:33:13 - [MESSAGE][PASSED] - Tapped on element 'Object Repository/Sprint 1/Soporte/android.widget.ImageView boton compartir'

2022-05-23 11:33:13 - [TEST_STEP][PASSED] - Textocompartir = getText(findTestObject("Sprint 1/Soporte/android.widget.TextView - Se copi la informacin de esta versin en tu dispositivo"), 0): Text of element 'Object Repository/Sprint 1/Soporte/android.widget.TextView - Se copi la informacin de esta versin en tu dispositivo' is: 'Se copió la información de esta versión en tu dispositivo.'

2022-05-23 11:33:13 - [MESSAGE][WARNING] - Timeout '0' is invalid. Using default page load timeout: '30'

2022-05-23 11:33:13 - [MESSAGE][PASSED] - Text of element 'Object Repository/Sprint 1/Soporte/android.widget.TextView - Se copi la informacin de esta versin en tu dispositivo' is: 'Se copió la información de esta versión en tu dispositivo.'

2022-05-23 11:33:13 - [TEST_STEP][PASSED] - verifyEqual(Textocompartir, "Se copió la información de esta versión en tu dispositivo."): Actual object 'Se copió la información de esta versión en tu dispositivo.' and expected object 'Se copió la información de esta versión en tu dispositivo.' are equal

2022-05-23 11:33:13 - [MESSAGE][PASSED] - Actual object 'Se copió la información de esta versión en tu dispositivo.' and expected object 'Se copió la información de esta versión en tu dispositivo.' are equal]]></system-out>
         <system-err><![CDATA[]]></system-err>
      </testcase>
      <testcase name="Test Cases/Sprint 1/02HU-Soporte/24 - Especificaciones Funcionales - Opción Llamanos" time="43.173" classname="Test Cases/Sprint 1/02HU-Soporte/24 - Especificaciones Funcionales - Opción Llamanos" status="PASSED">
         <system-out><![CDATA[2022-05-23 11:33:13 - [TEST_CASE][PASSED] - Test Cases/Sprint 1/02HU-Soporte/24 - Especificaciones Funcionales - Opción Llamanos: Test Cases/Sprint 1/02HU-Soporte/24 - Especificaciones Funcionales - Opción Llamanos

2022-05-23 11:33:14 - [TEST_STEP][PASSED] - startApplication(APKjose, true): Started app at: 'C:\Users\Jose_Arrieta\Desktop\JA\Proyectos\Automatizacion de pruebas\APK para inicio\crtopyinfinitymobilebanking-release (8).apk'

2022-05-23 11:33:14 - [MESSAGE][INFO] - User set preference: ['deviceId', '']

2022-05-23 11:33:41 - [MESSAGE][PASSED] - Started app at: 'C:\Users\Jose_Arrieta\Desktop\JA\Proyectos\Automatizacion de pruebas\APK para inicio\crtopyinfinitymobilebanking-release (8).apk'

2022-05-23 11:33:41 - [TEST_STEP][PASSED] - delay(10, CONTINUE_ON_FAILURE): Delayed 10 second(s)

2022-05-23 11:33:51 - [MESSAGE][PASSED] - Delayed 10 second(s)

2022-05-23 11:33:51 - [TEST_STEP][PASSED] - tap(findTestObject("Sprint 1/Login/android.widget.Button - Soporte"), 0): Tapped on element 'Object Repository/Sprint 1/Login/android.widget.Button - Soporte'

2022-05-23 11:33:52 - [MESSAGE][WARNING] - Timeout '0' is invalid. Using default page load timeout: '30'

2022-05-23 11:33:54 - [MESSAGE][PASSED] - Tapped on element 'Object Repository/Sprint 1/Login/android.widget.Button - Soporte'

2022-05-23 11:33:54 - [TEST_STEP][PASSED] - takeScreenshot("", CONTINUE_ON_FAILURE): Screenshot is taken

2022-05-23 11:33:55 - [MESSAGE][WARNING] -  (Result too large)

2022-05-23 11:33:55 - [MESSAGE][PASSED] - Screenshot is taken

2022-05-23 11:33:55 - [TEST_STEP][PASSED] - tap(findTestObject("Sprint 1/Soporte/android.widget.ImageView Boton Back"), 0): Tapped on element 'Object Repository/Sprint 1/Soporte/android.widget.ImageView Boton Back'

2022-05-23 11:33:55 - [MESSAGE][WARNING] - Timeout '0' is invalid. Using default page load timeout: '30'

2022-05-23 11:33:57 - [MESSAGE][PASSED] - Tapped on element 'Object Repository/Sprint 1/Soporte/android.widget.ImageView Boton Back']]></system-out>
         <system-err><![CDATA[]]></system-err>
      </testcase>
      <testcase name="Test Cases/Sprint 1/02HU-Soporte/25 Especificaciones funcionales - Falla de conexión en Preguntas Frecuentes y Pantalla Bases y condiciones" time="89.158" classname="Test Cases/Sprint 1/02HU-Soporte/25 Especificaciones funcionales - Falla de conexión en Preguntas Frecuentes y Pantalla Bases y condiciones" status="FAILED">
         <failure type="FAILED" message="Test Cases/Sprint 1/02HU-Soporte/25 Especificaciones funcionales - Falla de conexión en Preguntas Frecuentes y Pantalla Bases y condiciones FAILED.
Reason:
com.kms.katalon.core.exception.StepFailedException: Cannot toogle airplane mode (Root cause: org.openqa.selenium.WebDriverException: An unknown server-side error occurred while processing the command. Original error: Error executing adbExec. Original error: 'Command 'C:\\Users\\Jose_Arrieta\\AppData\\Local\\Android\\Sdk\\platform-tools\\adb.exe -P 5037 -s 06066331AX013408 shell am broadcast -a android.intent.action.AIRPLANE_MODE --ez state true' exited with code 255'; Command output: Security exception: Permission Denial: not allowed to send broadcast android.intent.action.AIRPLANE_MODE from pid=29729, uid=2000

java.lang.SecurityException: Permission Denial: not allowed to send broadcast android.intent.action.AIRPLANE_MODE from pid=29729, uid=2000
	at com.android.server.am.ActivityManagerService.broadcastIntentLocked(ActivityManagerService.java:16285)
	at com.android.server.am.ActivityManagerService.broadcastIntentLocked(ActivityManagerService.java:16151)
	at com.android.server.am.ActivityManagerService.broadcastIntent(ActivityManagerService.java:16984)
	at com.android.server.am.ActivityManagerShellCommand.runSendBroadcast(ActivityManagerShellCommand.java:768)
	at com.android.server.am.ActivityManagerShellCommand.onCommand(ActivityManagerShellCommand.java:192)
	at android.os.ShellCommand.exec(ShellCommand.java:104)
	at com.android.server.am.ActivityManagerService.onShellCommand(ActivityManagerService.java:10691)
	at android.os.Binder.shellCommand(Binder.java:884)
	at android.os.Binder.onTransact(Binder.java:768)
	at android.app.IActivityManager$Stub.onTransact(IActivityManager.java:4863)
	at com.android.server.am.ActivityManagerService.onTransact(ActivityManagerService.java:3101)
	at android.os.Binder.execTransactInternal(Binder.java:1038)
	at android.os.Binder.execTransact(Binder.java:997)

Build info: version: '3.141.59', revision: 'e82be7d358', time: '2018-11-14T08:25:53'
System info: host: 'JOSE-ARRIETA', ip: '192.168.0.103', os.name: 'Windows 10', os.arch: 'amd64', os.version: '10.0', java.version: '1.8.0_282'
Driver info: com.kms.katalon.core.appium.driver.SwipeableAndroidDriver
Capabilities {app: C:\Users\Jose_Arrieta\Deskt..., appPackage: com.verticalapps.KonyMobile..., autoGrantPermissions: true, automationName: uiautomator2, chromedriverPort: 61862, databaseEnabled: false, desired: {app: C:\Users\Jose_Arrieta\Deskt..., autoGrantPermissions: true, automationName: uiautomator2, chromedriverPort: 61862, deviceId: , deviceName: TECNO MOBILE LIMITED TECNO ..., fullReset: false, newCommandTimeout: 1800, noReset: true, platform: ANDROID, platformName: android, platformVersion: 10, systemPort: 59928, udid: 06066331AX013408}, deviceApiLevel: 29, deviceId: , deviceManufacturer: TECNO MOBILE LIMITED, deviceModel: TECNO KE5k, deviceName: 06066331AX013408, deviceScreenDensity: 320, deviceScreenSize: 720x1600, deviceUDID: 06066331AX013408, fullReset: false, javascriptEnabled: true, locationContextEnabled: false, networkConnectionEnabled: true, newCommandTimeout: 1800, noReset: true, pixelRatio: 2, platform: ANDROID, platformName: Android, platformVersion: 10, statBarHeight: 64, systemPort: 59928, takesScreenshot: true, udid: 06066331AX013408, viewportRect: {height: 1376, left: 0, top: 64, width: 720}, warnings: {}, webStorageEnabled: false}
Session ID: 2de8b68c-e28b-4a0e-82d0-41fee8218a1b
	at org.openqa.selenium.remote.http.W3CHttpResponseCodec.createException(W3CHttpResponseCodec.java:187)
	at org.openqa.selenium.remote.http.W3CHttpResponseCodec.decode(W3CHttpResponseCodec.java:122)
	at org.openqa.selenium.remote.http.W3CHttpResponseCodec.decode(W3CHttpResponseCodec.java:49)
	at org.openqa.selenium.remote.HttpCommandExecutor.execute(HttpCommandExecutor.java:158)
	at io.appium.java_client.remote.AppiumCommandExecutor.execute(AppiumCommandExecutor.java:239)
	at org.openqa.selenium.remote.RemoteWebDriver.execute(RemoteWebDriver.java:552)
	at io.appium.java_client.DefaultGenericMobileDriver.execute(DefaultGenericMobileDriver.java:42)
	at io.appium.java_client.AppiumDriver.execute(AppiumDriver.java:1)
	at io.appium.java_client.android.AndroidDriver.execute(AndroidDriver.java:1)
	at com.kms.katalon.core.appium.driver.SwipeableAndroidDriver.execute(SwipeableAndroidDriver.java:1)
	at io.appium.java_client.CommandExecutionHelper.execute(CommandExecutionHelper.java:27)
	at io.appium.java_client.android.connection.HasNetworkConnection.setConnection(HasNetworkConnection.java:34)
	at com.kms.katalon.core.mobile.keyword.builtin.ToggleAirplaneModeKeyword$_toggleAirplaneMode_closure1.doCall(ToggleAirplaneModeKeyword.groovy:64)
	at com.kms.katalon.core.mobile.keyword.builtin.ToggleAirplaneModeKeyword$_toggleAirplaneMode_closure1.call(ToggleAirplaneModeKeyword.groovy)
	at com.kms.katalon.core.mobile.keyword.internal.MobileKeywordMain.runKeyword(MobileKeywordMain.groovy:21)
	at com.kms.katalon.core.mobile.keyword.builtin.ToggleAirplaneModeKeyword.toggleAirplaneMode(ToggleAirplaneModeKeyword.groovy:51)
	at com.kms.katalon.core.mobile.keyword.builtin.ToggleAirplaneModeKeyword.execute(ToggleAirplaneModeKeyword.groovy:46)
	at com.kms.katalon.core.keyword.internal.KeywordExecutor.executeKeywordForPlatform(KeywordExecutor.groovy:74)
	at com.kms.katalon.core.mobile.keyword.MobileBuiltInKeywords.toggleAirplaneMode(MobileBuiltInKeywords.groovy:1167)
	at com.kms.katalon.core.mobile.keyword.MobileBuiltInKeywords$toggleAirplaneMode$3.call(Unknown Source)
	at 25 Especificaciones funcionales - Falla de conexión en Preguntas Frecuentes y Pantalla Bases y condiciones.run(25 Especificaciones funcionales - Falla de conexión en Preguntas Frecuentes y Pantalla Bases y condiciones:26)
	at com.kms.katalon.core.main.ScriptEngine.run(ScriptEngine.java:194)
	at com.kms.katalon.core.main.ScriptEngine.runScriptAsRawText(ScriptEngine.java:119)
	at com.kms.katalon.core.main.TestCaseExecutor.runScript(TestCaseExecutor.java:445)
	at com.kms.katalon.core.main.TestCaseExecutor.doExecute(TestCaseExecutor.java:436)
	at com.kms.katalon.core.main.TestCaseExecutor.processExecutionPhase(TestCaseExecutor.java:415)
	at com.kms.katalon.core.main.TestCaseExecutor.accessMainPhase(TestCaseExecutor.java:407)
	at com.kms.katalon.core.main.TestCaseExecutor.execute(TestCaseExecutor.java:284)
	at com.kms.katalon.core.common.CommonExecutor.accessTestCaseMainPhase(CommonExecutor.java:65)
	at com.kms.katalon.core.main.TestSuiteExecutor.accessTestSuiteMainPhase(TestSuiteExecutor.java:144)
	at com.kms.katalon.core.main.TestSuiteExecutor.execute(TestSuiteExecutor.java:106)
	at com.kms.katalon.core.main.TestCaseMain.startTestSuite(TestCaseMain.java:185)
	at com.kms.katalon.core.main.TestCaseMain$startTestSuite$0.call(Unknown Source)
	at TempTestSuite1653319818525.run(TempTestSuite1653319818525.groovy:36)
)
	at com.kms.katalon.core.keyword.internal.KeywordMain.stepFailed(KeywordMain.groovy:39)
	at com.kms.katalon.core.mobile.keyword.internal.MobileKeywordMain.stepFailed(MobileKeywordMain.groovy:40)
	at com.kms.katalon.core.mobile.keyword.internal.MobileKeywordMain.runKeyword(MobileKeywordMain.groovy:23)
	at com.kms.katalon.core.mobile.keyword.builtin.ToggleAirplaneModeKeyword.toggleAirplaneMode(ToggleAirplaneModeKeyword.groovy:51)
	at com.kms.katalon.core.mobile.keyword.builtin.ToggleAirplaneModeKeyword.execute(ToggleAirplaneModeKeyword.groovy:46)
	at com.kms.katalon.core.keyword.internal.KeywordExecutor.executeKeywordForPlatform(KeywordExecutor.groovy:74)
	at com.kms.katalon.core.mobile.keyword.MobileBuiltInKeywords.toggleAirplaneMode(MobileBuiltInKeywords.groovy:1167)
	at com.kms.katalon.core.mobile.keyword.MobileBuiltInKeywords$toggleAirplaneMode$3.call(Unknown Source)
	at 25 Especificaciones funcionales - Falla de conexión en Preguntas Frecuentes y Pantalla Bases y condiciones.run(25 Especificaciones funcionales - Falla de conexión en Preguntas Frecuentes y Pantalla Bases y condiciones:26)
	at com.kms.katalon.core.main.ScriptEngine.run(ScriptEngine.java:194)
	at com.kms.katalon.core.main.ScriptEngine.runScriptAsRawText(ScriptEngine.java:119)
	at com.kms.katalon.core.main.TestCaseExecutor.runScript(TestCaseExecutor.java:445)
	at com.kms.katalon.core.main.TestCaseExecutor.doExecute(TestCaseExecutor.java:436)
	at com.kms.katalon.core.main.TestCaseExecutor.processExecutionPhase(TestCaseExecutor.java:415)
	at com.kms.katalon.core.main.TestCaseExecutor.accessMainPhase(TestCaseExecutor.java:407)
	at com.kms.katalon.core.main.TestCaseExecutor.execute(TestCaseExecutor.java:284)
	at com.kms.katalon.core.common.CommonExecutor.accessTestCaseMainPhase(CommonExecutor.java:65)
	at com.kms.katalon.core.main.TestSuiteExecutor.accessTestSuiteMainPhase(TestSuiteExecutor.java:144)
	at com.kms.katalon.core.main.TestSuiteExecutor.execute(TestSuiteExecutor.java:106)
	at com.kms.katalon.core.main.TestCaseMain.startTestSuite(TestCaseMain.java:185)
	at com.kms.katalon.core.main.TestCaseMain$startTestSuite$0.call(Unknown Source)
	at TempTestSuite1653319818525.run(TempTestSuite1653319818525.groovy:36)
Caused by: org.openqa.selenium.WebDriverException: An unknown server-side error occurred while processing the command. Original error: Error executing adbExec. Original error: 'Command 'C:\\Users\\Jose_Arrieta\\AppData\\Local\\Android\\Sdk\\platform-tools\\adb.exe -P 5037 -s 06066331AX013408 shell am broadcast -a android.intent.action.AIRPLANE_MODE --ez state true' exited with code 255'; Command output: Security exception: Permission Denial: not allowed to send broadcast android.intent.action.AIRPLANE_MODE from pid=29729, uid=2000

java.lang.SecurityException: Permission Denial: not allowed to send broadcast android.intent.action.AIRPLANE_MODE from pid=29729, uid=2000
	at com.android.server.am.ActivityManagerService.broadcastIntentLocked(ActivityManagerService.java:16285)
	at com.android.server.am.ActivityManagerService.broadcastIntentLocked(ActivityManagerService.java:16151)
	at com.android.server.am.ActivityManagerService.broadcastIntent(ActivityManagerService.java:16984)
	at com.android.server.am.ActivityManagerShellCommand.runSendBroadcast(ActivityManagerShellCommand.java:768)
	at com.android.server.am.ActivityManagerShellCommand.onCommand(ActivityManagerShellCommand.java:192)
	at android.os.ShellCommand.exec(ShellCommand.java:104)
	at com.android.server.am.ActivityManagerService.onShellCommand(ActivityManagerService.java:10691)
	at android.os.Binder.shellCommand(Binder.java:884)
	at android.os.Binder.onTransact(Binder.java:768)
	at android.app.IActivityManager$Stub.onTransact(IActivityManager.java:4863)
	at com.android.server.am.ActivityManagerService.onTransact(ActivityManagerService.java:3101)
	at android.os.Binder.execTransactInternal(Binder.java:1038)
	at android.os.Binder.execTransact(Binder.java:997)

Build info: version: '3.141.59', revision: 'e82be7d358', time: '2018-11-14T08:25:53'
System info: host: 'JOSE-ARRIETA', ip: '192.168.0.103', os.name: 'Windows 10', os.arch: 'amd64', os.version: '10.0', java.version: '1.8.0_282'
Driver info: com.kms.katalon.core.appium.driver.SwipeableAndroidDriver
Capabilities {app: C:\Users\Jose_Arrieta\Deskt..., appPackage: com.verticalapps.KonyMobile..., autoGrantPermissions: true, automationName: uiautomator2, chromedriverPort: 61862, databaseEnabled: false, desired: {app: C:\Users\Jose_Arrieta\Deskt..., autoGrantPermissions: true, automationName: uiautomator2, chromedriverPort: 61862, deviceId: , deviceName: TECNO MOBILE LIMITED TECNO ..., fullReset: false, newCommandTimeout: 1800, noReset: true, platform: ANDROID, platformName: android, platformVersion: 10, systemPort: 59928, udid: 06066331AX013408}, deviceApiLevel: 29, deviceId: , deviceManufacturer: TECNO MOBILE LIMITED, deviceModel: TECNO KE5k, deviceName: 06066331AX013408, deviceScreenDensity: 320, deviceScreenSize: 720x1600, deviceUDID: 06066331AX013408, fullReset: false, javascriptEnabled: true, locationContextEnabled: false, networkConnectionEnabled: true, newCommandTimeout: 1800, noReset: true, pixelRatio: 2, platform: ANDROID, platformName: Android, platformVersion: 10, statBarHeight: 64, systemPort: 59928, takesScreenshot: true, udid: 06066331AX013408, viewportRect: {height: 1376, left: 0, top: 64, width: 720}, warnings: {}, webStorageEnabled: false}
Session ID: 2de8b68c-e28b-4a0e-82d0-41fee8218a1b
	at org.openqa.selenium.remote.http.W3CHttpResponseCodec.createException(W3CHttpResponseCodec.java:187)
	at org.openqa.selenium.remote.http.W3CHttpResponseCodec.decode(W3CHttpResponseCodec.java:122)
	at org.openqa.selenium.remote.http.W3CHttpResponseCodec.decode(W3CHttpResponseCodec.java:49)
	at org.openqa.selenium.remote.HttpCommandExecutor.execute(HttpCommandExecutor.java:158)
	at io.appium.java_client.remote.AppiumCommandExecutor.execute(AppiumCommandExecutor.java:239)
	at org.openqa.selenium.remote.RemoteWebDriver.execute(RemoteWebDriver.java:552)
	at io.appium.java_client.DefaultGenericMobileDriver.execute(DefaultGenericMobileDriver.java:42)
	at io.appium.java_client.AppiumDriver.execute(AppiumDriver.java:1)
	at io.appium.java_client.android.AndroidDriver.execute(AndroidDriver.java:1)
	at com.kms.katalon.core.appium.driver.SwipeableAndroidDriver.execute(SwipeableAndroidDriver.java:1)
	at io.appium.java_client.CommandExecutionHelper.execute(CommandExecutionHelper.java:27)
	at io.appium.java_client.android.connection.HasNetworkConnection.setConnection(HasNetworkConnection.java:34)
	at com.kms.katalon.core.mobile.keyword.builtin.ToggleAirplaneModeKeyword$_toggleAirplaneMode_closure1.doCall(ToggleAirplaneModeKeyword.groovy:64)
	at com.kms.katalon.core.mobile.keyword.builtin.ToggleAirplaneModeKeyword$_toggleAirplaneMode_closure1.call(ToggleAirplaneModeKeyword.groovy)
	at com.kms.katalon.core.mobile.keyword.internal.MobileKeywordMain.runKeyword(MobileKeywordMain.groovy:21)
	... 19 more
"/>
         <system-out><![CDATA[2022-05-23 11:33:57 - [TEST_CASE][FAILED] - Test Cases/Sprint 1/02HU-Soporte/25 Especificaciones funcionales - Falla de conexión en Preguntas Frecuentes y Pantalla Bases y condiciones: Test Cases/Sprint 1/02HU-Soporte/25 Especificaciones funcionales - Falla de conexión en Preguntas Frecuentes y Pantalla Bases y condiciones FAILED.
Reason:
com.kms.katalon.core.exception.StepFailedException: Cannot toogle airplane mode (Root cause: org.openqa.selenium.WebDriverException: An unknown server-side error occurred while processing the command. Original error: Error executing adbExec. Original error: 'Command 'C:\\Users\\Jose_Arrieta\\AppData\\Local\\Android\\Sdk\\platform-tools\\adb.exe -P 5037 -s 06066331AX013408 shell am broadcast -a android.intent.action.AIRPLANE_MODE --ez state true' exited with code 255'; Command output: Security exception: Permission Denial: not allowed to send broadcast android.intent.action.AIRPLANE_MODE from pid=29729, uid=2000

java.lang.SecurityException: Permission Denial: not allowed to send broadcast android.intent.action.AIRPLANE_MODE from pid=29729, uid=2000
	at com.android.server.am.ActivityManagerService.broadcastIntentLocked(ActivityManagerService.java:16285)
	at com.android.server.am.ActivityManagerService.broadcastIntentLocked(ActivityManagerService.java:16151)
	at com.android.server.am.ActivityManagerService.broadcastIntent(ActivityManagerService.java:16984)
	at com.android.server.am.ActivityManagerShellCommand.runSendBroadcast(ActivityManagerShellCommand.java:768)
	at com.android.server.am.ActivityManagerShellCommand.onCommand(ActivityManagerShellCommand.java:192)
	at android.os.ShellCommand.exec(ShellCommand.java:104)
	at com.android.server.am.ActivityManagerService.onShellCommand(ActivityManagerService.java:10691)
	at android.os.Binder.shellCommand(Binder.java:884)
	at android.os.Binder.onTransact(Binder.java:768)
	at android.app.IActivityManager$Stub.onTransact(IActivityManager.java:4863)
	at com.android.server.am.ActivityManagerService.onTransact(ActivityManagerService.java:3101)
	at android.os.Binder.execTransactInternal(Binder.java:1038)
	at android.os.Binder.execTransact(Binder.java:997)

Build info: version: '3.141.59', revision: 'e82be7d358', time: '2018-11-14T08:25:53'
System info: host: 'JOSE-ARRIETA', ip: '192.168.0.103', os.name: 'Windows 10', os.arch: 'amd64', os.version: '10.0', java.version: '1.8.0_282'
Driver info: com.kms.katalon.core.appium.driver.SwipeableAndroidDriver
Capabilities {app: C:\Users\Jose_Arrieta\Deskt..., appPackage: com.verticalapps.KonyMobile..., autoGrantPermissions: true, automationName: uiautomator2, chromedriverPort: 61862, databaseEnabled: false, desired: {app: C:\Users\Jose_Arrieta\Deskt..., autoGrantPermissions: true, automationName: uiautomator2, chromedriverPort: 61862, deviceId: , deviceName: TECNO MOBILE LIMITED TECNO ..., fullReset: false, newCommandTimeout: 1800, noReset: true, platform: ANDROID, platformName: android, platformVersion: 10, systemPort: 59928, udid: 06066331AX013408}, deviceApiLevel: 29, deviceId: , deviceManufacturer: TECNO MOBILE LIMITED, deviceModel: TECNO KE5k, deviceName: 06066331AX013408, deviceScreenDensity: 320, deviceScreenSize: 720x1600, deviceUDID: 06066331AX013408, fullReset: false, javascriptEnabled: true, locationContextEnabled: false, networkConnectionEnabled: true, newCommandTimeout: 1800, noReset: true, pixelRatio: 2, platform: ANDROID, platformName: Android, platformVersion: 10, statBarHeight: 64, systemPort: 59928, takesScreenshot: true, udid: 06066331AX013408, viewportRect: {height: 1376, left: 0, top: 64, width: 720}, warnings: {}, webStorageEnabled: false}
Session ID: 2de8b68c-e28b-4a0e-82d0-41fee8218a1b
	at org.openqa.selenium.remote.http.W3CHttpResponseCodec.createException(W3CHttpResponseCodec.java:187)
	at org.openqa.selenium.remote.http.W3CHttpResponseCodec.decode(W3CHttpResponseCodec.java:122)
	at org.openqa.selenium.remote.http.W3CHttpResponseCodec.decode(W3CHttpResponseCodec.java:49)
	at org.openqa.selenium.remote.HttpCommandExecutor.execute(HttpCommandExecutor.java:158)
	at io.appium.java_client.remote.AppiumCommandExecutor.execute(AppiumCommandExecutor.java:239)
	at org.openqa.selenium.remote.RemoteWebDriver.execute(RemoteWebDriver.java:552)
	at io.appium.java_client.DefaultGenericMobileDriver.execute(DefaultGenericMobileDriver.java:42)
	at io.appium.java_client.AppiumDriver.execute(AppiumDriver.java:1)
	at io.appium.java_client.android.AndroidDriver.execute(AndroidDriver.java:1)
	at com.kms.katalon.core.appium.driver.SwipeableAndroidDriver.execute(SwipeableAndroidDriver.java:1)
	at io.appium.java_client.CommandExecutionHelper.execute(CommandExecutionHelper.java:27)
	at io.appium.java_client.android.connection.HasNetworkConnection.setConnection(HasNetworkConnection.java:34)
	at com.kms.katalon.core.mobile.keyword.builtin.ToggleAirplaneModeKeyword$_toggleAirplaneMode_closure1.doCall(ToggleAirplaneModeKeyword.groovy:64)
	at com.kms.katalon.core.mobile.keyword.builtin.ToggleAirplaneModeKeyword$_toggleAirplaneMode_closure1.call(ToggleAirplaneModeKeyword.groovy)
	at com.kms.katalon.core.mobile.keyword.internal.MobileKeywordMain.runKeyword(MobileKeywordMain.groovy:21)
	at com.kms.katalon.core.mobile.keyword.builtin.ToggleAirplaneModeKeyword.toggleAirplaneMode(ToggleAirplaneModeKeyword.groovy:51)
	at com.kms.katalon.core.mobile.keyword.builtin.ToggleAirplaneModeKeyword.execute(ToggleAirplaneModeKeyword.groovy:46)
	at com.kms.katalon.core.keyword.internal.KeywordExecutor.executeKeywordForPlatform(KeywordExecutor.groovy:74)
	at com.kms.katalon.core.mobile.keyword.MobileBuiltInKeywords.toggleAirplaneMode(MobileBuiltInKeywords.groovy:1167)
	at com.kms.katalon.core.mobile.keyword.MobileBuiltInKeywords$toggleAirplaneMode$3.call(Unknown Source)
	at 25 Especificaciones funcionales - Falla de conexión en Preguntas Frecuentes y Pantalla Bases y condiciones.run(25 Especificaciones funcionales - Falla de conexión en Preguntas Frecuentes y Pantalla Bases y condiciones:26)
	at com.kms.katalon.core.main.ScriptEngine.run(ScriptEngine.java:194)
	at com.kms.katalon.core.main.ScriptEngine.runScriptAsRawText(ScriptEngine.java:119)
	at com.kms.katalon.core.main.TestCaseExecutor.runScript(TestCaseExecutor.java:445)
	at com.kms.katalon.core.main.TestCaseExecutor.doExecute(TestCaseExecutor.java:436)
	at com.kms.katalon.core.main.TestCaseExecutor.processExecutionPhase(TestCaseExecutor.java:415)
	at com.kms.katalon.core.main.TestCaseExecutor.accessMainPhase(TestCaseExecutor.java:407)
	at com.kms.katalon.core.main.TestCaseExecutor.execute(TestCaseExecutor.java:284)
	at com.kms.katalon.core.common.CommonExecutor.accessTestCaseMainPhase(CommonExecutor.java:65)
	at com.kms.katalon.core.main.TestSuiteExecutor.accessTestSuiteMainPhase(TestSuiteExecutor.java:144)
	at com.kms.katalon.core.main.TestSuiteExecutor.execute(TestSuiteExecutor.java:106)
	at com.kms.katalon.core.main.TestCaseMain.startTestSuite(TestCaseMain.java:185)
	at com.kms.katalon.core.main.TestCaseMain$startTestSuite$0.call(Unknown Source)
	at TempTestSuite1653319818525.run(TempTestSuite1653319818525.groovy:36)
)
	at com.kms.katalon.core.keyword.internal.KeywordMain.stepFailed(KeywordMain.groovy:39)
	at com.kms.katalon.core.mobile.keyword.internal.MobileKeywordMain.stepFailed(MobileKeywordMain.groovy:40)
	at com.kms.katalon.core.mobile.keyword.internal.MobileKeywordMain.runKeyword(MobileKeywordMain.groovy:23)
	at com.kms.katalon.core.mobile.keyword.builtin.ToggleAirplaneModeKeyword.toggleAirplaneMode(ToggleAirplaneModeKeyword.groovy:51)
	at com.kms.katalon.core.mobile.keyword.builtin.ToggleAirplaneModeKeyword.execute(ToggleAirplaneModeKeyword.groovy:46)
	at com.kms.katalon.core.keyword.internal.KeywordExecutor.executeKeywordForPlatform(KeywordExecutor.groovy:74)
	at com.kms.katalon.core.mobile.keyword.MobileBuiltInKeywords.toggleAirplaneMode(MobileBuiltInKeywords.groovy:1167)
	at com.kms.katalon.core.mobile.keyword.MobileBuiltInKeywords$toggleAirplaneMode$3.call(Unknown Source)
	at 25 Especificaciones funcionales - Falla de conexión en Preguntas Frecuentes y Pantalla Bases y condiciones.run(25 Especificaciones funcionales - Falla de conexión en Preguntas Frecuentes y Pantalla Bases y condiciones:26)
	at com.kms.katalon.core.main.ScriptEngine.run(ScriptEngine.java:194)
	at com.kms.katalon.core.main.ScriptEngine.runScriptAsRawText(ScriptEngine.java:119)
	at com.kms.katalon.core.main.TestCaseExecutor.runScript(TestCaseExecutor.java:445)
	at com.kms.katalon.core.main.TestCaseExecutor.doExecute(TestCaseExecutor.java:436)
	at com.kms.katalon.core.main.TestCaseExecutor.processExecutionPhase(TestCaseExecutor.java:415)
	at com.kms.katalon.core.main.TestCaseExecutor.accessMainPhase(TestCaseExecutor.java:407)
	at com.kms.katalon.core.main.TestCaseExecutor.execute(TestCaseExecutor.java:284)
	at com.kms.katalon.core.common.CommonExecutor.accessTestCaseMainPhase(CommonExecutor.java:65)
	at com.kms.katalon.core.main.TestSuiteExecutor.accessTestSuiteMainPhase(TestSuiteExecutor.java:144)
	at com.kms.katalon.core.main.TestSuiteExecutor.execute(TestSuiteExecutor.java:106)
	at com.kms.katalon.core.main.TestCaseMain.startTestSuite(TestCaseMain.java:185)
	at com.kms.katalon.core.main.TestCaseMain$startTestSuite$0.call(Unknown Source)
	at TempTestSuite1653319818525.run(TempTestSuite1653319818525.groovy:36)
Caused by: org.openqa.selenium.WebDriverException: An unknown server-side error occurred while processing the command. Original error: Error executing adbExec. Original error: 'Command 'C:\\Users\\Jose_Arrieta\\AppData\\Local\\Android\\Sdk\\platform-tools\\adb.exe -P 5037 -s 06066331AX013408 shell am broadcast -a android.intent.action.AIRPLANE_MODE --ez state true' exited with code 255'; Command output: Security exception: Permission Denial: not allowed to send broadcast android.intent.action.AIRPLANE_MODE from pid=29729, uid=2000

java.lang.SecurityException: Permission Denial: not allowed to send broadcast android.intent.action.AIRPLANE_MODE from pid=29729, uid=2000
	at com.android.server.am.ActivityManagerService.broadcastIntentLocked(ActivityManagerService.java:16285)
	at com.android.server.am.ActivityManagerService.broadcastIntentLocked(ActivityManagerService.java:16151)
	at com.android.server.am.ActivityManagerService.broadcastIntent(ActivityManagerService.java:16984)
	at com.android.server.am.ActivityManagerShellCommand.runSendBroadcast(ActivityManagerShellCommand.java:768)
	at com.android.server.am.ActivityManagerShellCommand.onCommand(ActivityManagerShellCommand.java:192)
	at android.os.ShellCommand.exec(ShellCommand.java:104)
	at com.android.server.am.ActivityManagerService.onShellCommand(ActivityManagerService.java:10691)
	at android.os.Binder.shellCommand(Binder.java:884)
	at android.os.Binder.onTransact(Binder.java:768)
	at android.app.IActivityManager$Stub.onTransact(IActivityManager.java:4863)
	at com.android.server.am.ActivityManagerService.onTransact(ActivityManagerService.java:3101)
	at android.os.Binder.execTransactInternal(Binder.java:1038)
	at android.os.Binder.execTransact(Binder.java:997)

Build info: version: '3.141.59', revision: 'e82be7d358', time: '2018-11-14T08:25:53'
System info: host: 'JOSE-ARRIETA', ip: '192.168.0.103', os.name: 'Windows 10', os.arch: 'amd64', os.version: '10.0', java.version: '1.8.0_282'
Driver info: com.kms.katalon.core.appium.driver.SwipeableAndroidDriver
Capabilities {app: C:\Users\Jose_Arrieta\Deskt..., appPackage: com.verticalapps.KonyMobile..., autoGrantPermissions: true, automationName: uiautomator2, chromedriverPort: 61862, databaseEnabled: false, desired: {app: C:\Users\Jose_Arrieta\Deskt..., autoGrantPermissions: true, automationName: uiautomator2, chromedriverPort: 61862, deviceId: , deviceName: TECNO MOBILE LIMITED TECNO ..., fullReset: false, newCommandTimeout: 1800, noReset: true, platform: ANDROID, platformName: android, platformVersion: 10, systemPort: 59928, udid: 06066331AX013408}, deviceApiLevel: 29, deviceId: , deviceManufacturer: TECNO MOBILE LIMITED, deviceModel: TECNO KE5k, deviceName: 06066331AX013408, deviceScreenDensity: 320, deviceScreenSize: 720x1600, deviceUDID: 06066331AX013408, fullReset: false, javascriptEnabled: true, locationContextEnabled: false, networkConnectionEnabled: true, newCommandTimeout: 1800, noReset: true, pixelRatio: 2, platform: ANDROID, platformName: Android, platformVersion: 10, statBarHeight: 64, systemPort: 59928, takesScreenshot: true, udid: 06066331AX013408, viewportRect: {height: 1376, left: 0, top: 64, width: 720}, warnings: {}, webStorageEnabled: false}
Session ID: 2de8b68c-e28b-4a0e-82d0-41fee8218a1b
	at org.openqa.selenium.remote.http.W3CHttpResponseCodec.createException(W3CHttpResponseCodec.java:187)
	at org.openqa.selenium.remote.http.W3CHttpResponseCodec.decode(W3CHttpResponseCodec.java:122)
	at org.openqa.selenium.remote.http.W3CHttpResponseCodec.decode(W3CHttpResponseCodec.java:49)
	at org.openqa.selenium.remote.HttpCommandExecutor.execute(HttpCommandExecutor.java:158)
	at io.appium.java_client.remote.AppiumCommandExecutor.execute(AppiumCommandExecutor.java:239)
	at org.openqa.selenium.remote.RemoteWebDriver.execute(RemoteWebDriver.java:552)
	at io.appium.java_client.DefaultGenericMobileDriver.execute(DefaultGenericMobileDriver.java:42)
	at io.appium.java_client.AppiumDriver.execute(AppiumDriver.java:1)
	at io.appium.java_client.android.AndroidDriver.execute(AndroidDriver.java:1)
	at com.kms.katalon.core.appium.driver.SwipeableAndroidDriver.execute(SwipeableAndroidDriver.java:1)
	at io.appium.java_client.CommandExecutionHelper.execute(CommandExecutionHelper.java:27)
	at io.appium.java_client.android.connection.HasNetworkConnection.setConnection(HasNetworkConnection.java:34)
	at com.kms.katalon.core.mobile.keyword.builtin.ToggleAirplaneModeKeyword$_toggleAirplaneMode_closure1.doCall(ToggleAirplaneModeKeyword.groovy:64)
	at com.kms.katalon.core.mobile.keyword.builtin.ToggleAirplaneModeKeyword$_toggleAirplaneMode_closure1.call(ToggleAirplaneModeKeyword.groovy)
	at com.kms.katalon.core.mobile.keyword.internal.MobileKeywordMain.runKeyword(MobileKeywordMain.groovy:21)
	... 19 more


2022-05-23 11:33:57 - [TEST_STEP][PASSED] - startApplication(APKjose, false): Started app at: 'C:\Users\Jose_Arrieta\Desktop\JA\Proyectos\Automatizacion de pruebas\APK para inicio\crtopyinfinitymobilebanking-release (8).apk'

2022-05-23 11:33:57 - [MESSAGE][INFO] - User set preference: ['deviceId', '']

2022-05-23 11:34:08 - [MESSAGE][PASSED] - Started app at: 'C:\Users\Jose_Arrieta\Desktop\JA\Proyectos\Automatizacion de pruebas\APK para inicio\crtopyinfinitymobilebanking-release (8).apk'

2022-05-23 11:34:08 - [TEST_STEP][PASSED] - delay(10, CONTINUE_ON_FAILURE): Delayed 10 second(s)

2022-05-23 11:34:18 - [MESSAGE][PASSED] - Delayed 10 second(s)

2022-05-23 11:34:18 - [TEST_STEP][PASSED] - tap(findTestObject("Sprint 1/Soporte/android.widget.Button - Soporte pantalla de inicio"), 0): Tapped on element 'Object Repository/Sprint 1/Soporte/android.widget.Button - Soporte pantalla de inicio'

2022-05-23 11:34:18 - [MESSAGE][WARNING] - Timeout '0' is invalid. Using default page load timeout: '30'

2022-05-23 11:34:22 - [MESSAGE][PASSED] - Tapped on element 'Object Repository/Sprint 1/Soporte/android.widget.Button - Soporte pantalla de inicio'

2022-05-23 11:34:22 - [TEST_STEP][FAILED] - toggleAirplaneMode("yes", CONTINUE_ON_FAILURE): Cannot toogle airplane mode (Root cause: org.openqa.selenium.WebDriverException: An unknown server-side error occurred while processing the command. Original error: Error executing adbExec. Original error: 'Command 'C:\\Users\\Jose_Arrieta\\AppData\\Local\\Android\\Sdk\\platform-tools\\adb.exe -P 5037 -s 06066331AX013408 shell am broadcast -a android.intent.action.AIRPLANE_MODE --ez state true' exited with code 255'; Command output: Security exception: Permission Denial: not allowed to send broadcast android.intent.action.AIRPLANE_MODE from pid=29729, uid=2000

java.lang.SecurityException: Permission Denial: not allowed to send broadcast android.intent.action.AIRPLANE_MODE from pid=29729, uid=2000
	at com.android.server.am.ActivityManagerService.broadcastIntentLocked(ActivityManagerService.java:16285)
	at com.android.server.am.ActivityManagerService.broadcastIntentLocked(ActivityManagerService.java:16151)
	at com.android.server.am.ActivityManagerService.broadcastIntent(ActivityManagerService.java:16984)
	at com.android.server.am.ActivityManagerShellCommand.runSendBroadcast(ActivityManagerShellCommand.java:768)
	at com.android.server.am.ActivityManagerShellCommand.onCommand(ActivityManagerShellCommand.java:192)
	at android.os.ShellCommand.exec(ShellCommand.java:104)
	at com.android.server.am.ActivityManagerService.onShellCommand(ActivityManagerService.java:10691)
	at android.os.Binder.shellCommand(Binder.java:884)
	at android.os.Binder.onTransact(Binder.java:768)
	at android.app.IActivityManager$Stub.onTransact(IActivityManager.java:4863)
	at com.android.server.am.ActivityManagerService.onTransact(ActivityManagerService.java:3101)
	at android.os.Binder.execTransactInternal(Binder.java:1038)
	at android.os.Binder.execTransact(Binder.java:997)

Build info: version: '3.141.59', revision: 'e82be7d358', time: '2018-11-14T08:25:53'
System info: host: 'JOSE-ARRIETA', ip: '192.168.0.103', os.name: 'Windows 10', os.arch: 'amd64', os.version: '10.0', java.version: '1.8.0_282'
Driver info: com.kms.katalon.core.appium.driver.SwipeableAndroidDriver
Capabilities {app: C:\Users\Jose_Arrieta\Deskt..., appPackage: com.verticalapps.KonyMobile..., autoGrantPermissions: true, automationName: uiautomator2, chromedriverPort: 61862, databaseEnabled: false, desired: {app: C:\Users\Jose_Arrieta\Deskt..., autoGrantPermissions: true, automationName: uiautomator2, chromedriverPort: 61862, deviceId: , deviceName: TECNO MOBILE LIMITED TECNO ..., fullReset: false, newCommandTimeout: 1800, noReset: true, platform: ANDROID, platformName: android, platformVersion: 10, systemPort: 59928, udid: 06066331AX013408}, deviceApiLevel: 29, deviceId: , deviceManufacturer: TECNO MOBILE LIMITED, deviceModel: TECNO KE5k, deviceName: 06066331AX013408, deviceScreenDensity: 320, deviceScreenSize: 720x1600, deviceUDID: 06066331AX013408, fullReset: false, javascriptEnabled: true, locationContextEnabled: false, networkConnectionEnabled: true, newCommandTimeout: 1800, noReset: true, pixelRatio: 2, platform: ANDROID, platformName: Android, platformVersion: 10, statBarHeight: 64, systemPort: 59928, takesScreenshot: true, udid: 06066331AX013408, viewportRect: {height: 1376, left: 0, top: 64, width: 720}, warnings: {}, webStorageEnabled: false}
Session ID: 2de8b68c-e28b-4a0e-82d0-41fee8218a1b
	at org.openqa.selenium.remote.http.W3CHttpResponseCodec.createException(W3CHttpResponseCodec.java:187)
	at org.openqa.selenium.remote.http.W3CHttpResponseCodec.decode(W3CHttpResponseCodec.java:122)
	at org.openqa.selenium.remote.http.W3CHttpResponseCodec.decode(W3CHttpResponseCodec.java:49)
	at org.openqa.selenium.remote.HttpCommandExecutor.execute(HttpCommandExecutor.java:158)
	at io.appium.java_client.remote.AppiumCommandExecutor.execute(AppiumCommandExecutor.java:239)
	at org.openqa.selenium.remote.RemoteWebDriver.execute(RemoteWebDriver.java:552)
	at io.appium.java_client.DefaultGenericMobileDriver.execute(DefaultGenericMobileDriver.java:42)
	at io.appium.java_client.AppiumDriver.execute(AppiumDriver.java:1)
	at io.appium.java_client.android.AndroidDriver.execute(AndroidDriver.java:1)
	at com.kms.katalon.core.appium.driver.SwipeableAndroidDriver.execute(SwipeableAndroidDriver.java:1)
	at io.appium.java_client.CommandExecutionHelper.execute(CommandExecutionHelper.java:27)
	at io.appium.java_client.android.connection.HasNetworkConnection.setConnection(HasNetworkConnection.java:34)
	at com.kms.katalon.core.mobile.keyword.builtin.ToggleAirplaneModeKeyword$_toggleAirplaneMode_closure1.doCall(ToggleAirplaneModeKeyword.groovy:64)
	at com.kms.katalon.core.mobile.keyword.builtin.ToggleAirplaneModeKeyword$_toggleAirplaneMode_closure1.call(ToggleAirplaneModeKeyword.groovy)
	at com.kms.katalon.core.mobile.keyword.internal.MobileKeywordMain.runKeyword(MobileKeywordMain.groovy:21)
	at com.kms.katalon.core.mobile.keyword.builtin.ToggleAirplaneModeKeyword.toggleAirplaneMode(ToggleAirplaneModeKeyword.groovy:51)
	at com.kms.katalon.core.mobile.keyword.builtin.ToggleAirplaneModeKeyword.execute(ToggleAirplaneModeKeyword.groovy:46)
	at com.kms.katalon.core.keyword.internal.KeywordExecutor.executeKeywordForPlatform(KeywordExecutor.groovy:74)
	at com.kms.katalon.core.mobile.keyword.MobileBuiltInKeywords.toggleAirplaneMode(MobileBuiltInKeywords.groovy:1167)
	at com.kms.katalon.core.mobile.keyword.MobileBuiltInKeywords$toggleAirplaneMode$3.call(Unknown Source)
	at 25 Especificaciones funcionales - Falla de conexión en Preguntas Frecuentes y Pantalla Bases y condiciones.run(25 Especificaciones funcionales - Falla de conexión en Preguntas Frecuentes y Pantalla Bases y condiciones:26)
	at com.kms.katalon.core.main.ScriptEngine.run(ScriptEngine.java:194)
	at com.kms.katalon.core.main.ScriptEngine.runScriptAsRawText(ScriptEngine.java:119)
	at com.kms.katalon.core.main.TestCaseExecutor.runScript(TestCaseExecutor.java:445)
	at com.kms.katalon.core.main.TestCaseExecutor.doExecute(TestCaseExecutor.java:436)
	at com.kms.katalon.core.main.TestCaseExecutor.processExecutionPhase(TestCaseExecutor.java:415)
	at com.kms.katalon.core.main.TestCaseExecutor.accessMainPhase(TestCaseExecutor.java:407)
	at com.kms.katalon.core.main.TestCaseExecutor.execute(TestCaseExecutor.java:284)
	at com.kms.katalon.core.common.CommonExecutor.accessTestCaseMainPhase(CommonExecutor.java:65)
	at com.kms.katalon.core.main.TestSuiteExecutor.accessTestSuiteMainPhase(TestSuiteExecutor.java:144)
	at com.kms.katalon.core.main.TestSuiteExecutor.execute(TestSuiteExecutor.java:106)
	at com.kms.katalon.core.main.TestCaseMain.startTestSuite(TestCaseMain.java:185)
	at com.kms.katalon.core.main.TestCaseMain$startTestSuite$0.call(Unknown Source)
	at TempTestSuite1653319818525.run(TempTestSuite1653319818525.groovy:36)
)

2022-05-23 11:34:23 - [MESSAGE][FAILED] - Cannot toogle airplane mode (Root cause: org.openqa.selenium.WebDriverException: An unknown server-side error occurred while processing the command. Original error: Error executing adbExec. Original error: 'Command 'C:\\Users\\Jose_Arrieta\\AppData\\Local\\Android\\Sdk\\platform-tools\\adb.exe -P 5037 -s 06066331AX013408 shell am broadcast -a android.intent.action.AIRPLANE_MODE --ez state true' exited with code 255'; Command output: Security exception: Permission Denial: not allowed to send broadcast android.intent.action.AIRPLANE_MODE from pid=29729, uid=2000

java.lang.SecurityException: Permission Denial: not allowed to send broadcast android.intent.action.AIRPLANE_MODE from pid=29729, uid=2000
	at com.android.server.am.ActivityManagerService.broadcastIntentLocked(ActivityManagerService.java:16285)
	at com.android.server.am.ActivityManagerService.broadcastIntentLocked(ActivityManagerService.java:16151)
	at com.android.server.am.ActivityManagerService.broadcastIntent(ActivityManagerService.java:16984)
	at com.android.server.am.ActivityManagerShellCommand.runSendBroadcast(ActivityManagerShellCommand.java:768)
	at com.android.server.am.ActivityManagerShellCommand.onCommand(ActivityManagerShellCommand.java:192)
	at android.os.ShellCommand.exec(ShellCommand.java:104)
	at com.android.server.am.ActivityManagerService.onShellCommand(ActivityManagerService.java:10691)
	at android.os.Binder.shellCommand(Binder.java:884)
	at android.os.Binder.onTransact(Binder.java:768)
	at android.app.IActivityManager$Stub.onTransact(IActivityManager.java:4863)
	at com.android.server.am.ActivityManagerService.onTransact(ActivityManagerService.java:3101)
	at android.os.Binder.execTransactInternal(Binder.java:1038)
	at android.os.Binder.execTransact(Binder.java:997)

Build info: version: '3.141.59', revision: 'e82be7d358', time: '2018-11-14T08:25:53'
System info: host: 'JOSE-ARRIETA', ip: '192.168.0.103', os.name: 'Windows 10', os.arch: 'amd64', os.version: '10.0', java.version: '1.8.0_282'
Driver info: com.kms.katalon.core.appium.driver.SwipeableAndroidDriver
Capabilities {app: C:\Users\Jose_Arrieta\Deskt..., appPackage: com.verticalapps.KonyMobile..., autoGrantPermissions: true, automationName: uiautomator2, chromedriverPort: 61862, databaseEnabled: false, desired: {app: C:\Users\Jose_Arrieta\Deskt..., autoGrantPermissions: true, automationName: uiautomator2, chromedriverPort: 61862, deviceId: , deviceName: TECNO MOBILE LIMITED TECNO ..., fullReset: false, newCommandTimeout: 1800, noReset: true, platform: ANDROID, platformName: android, platformVersion: 10, systemPort: 59928, udid: 06066331AX013408}, deviceApiLevel: 29, deviceId: , deviceManufacturer: TECNO MOBILE LIMITED, deviceModel: TECNO KE5k, deviceName: 06066331AX013408, deviceScreenDensity: 320, deviceScreenSize: 720x1600, deviceUDID: 06066331AX013408, fullReset: false, javascriptEnabled: true, locationContextEnabled: false, networkConnectionEnabled: true, newCommandTimeout: 1800, noReset: true, pixelRatio: 2, platform: ANDROID, platformName: Android, platformVersion: 10, statBarHeight: 64, systemPort: 59928, takesScreenshot: true, udid: 06066331AX013408, viewportRect: {height: 1376, left: 0, top: 64, width: 720}, warnings: {}, webStorageEnabled: false}
Session ID: 2de8b68c-e28b-4a0e-82d0-41fee8218a1b
	at org.openqa.selenium.remote.http.W3CHttpResponseCodec.createException(W3CHttpResponseCodec.java:187)
	at org.openqa.selenium.remote.http.W3CHttpResponseCodec.decode(W3CHttpResponseCodec.java:122)
	at org.openqa.selenium.remote.http.W3CHttpResponseCodec.decode(W3CHttpResponseCodec.java:49)
	at org.openqa.selenium.remote.HttpCommandExecutor.execute(HttpCommandExecutor.java:158)
	at io.appium.java_client.remote.AppiumCommandExecutor.execute(AppiumCommandExecutor.java:239)
	at org.openqa.selenium.remote.RemoteWebDriver.execute(RemoteWebDriver.java:552)
	at io.appium.java_client.DefaultGenericMobileDriver.execute(DefaultGenericMobileDriver.java:42)
	at io.appium.java_client.AppiumDriver.execute(AppiumDriver.java:1)
	at io.appium.java_client.android.AndroidDriver.execute(AndroidDriver.java:1)
	at com.kms.katalon.core.appium.driver.SwipeableAndroidDriver.execute(SwipeableAndroidDriver.java:1)
	at io.appium.java_client.CommandExecutionHelper.execute(CommandExecutionHelper.java:27)
	at io.appium.java_client.android.connection.HasNetworkConnection.setConnection(HasNetworkConnection.java:34)
	at com.kms.katalon.core.mobile.keyword.builtin.ToggleAirplaneModeKeyword$_toggleAirplaneMode_closure1.doCall(ToggleAirplaneModeKeyword.groovy:64)
	at com.kms.katalon.core.mobile.keyword.builtin.ToggleAirplaneModeKeyword$_toggleAirplaneMode_closure1.call(ToggleAirplaneModeKeyword.groovy)
	at com.kms.katalon.core.mobile.keyword.internal.MobileKeywordMain.runKeyword(MobileKeywordMain.groovy:21)
	at com.kms.katalon.core.mobile.keyword.builtin.ToggleAirplaneModeKeyword.toggleAirplaneMode(ToggleAirplaneModeKeyword.groovy:51)
	at com.kms.katalon.core.mobile.keyword.builtin.ToggleAirplaneModeKeyword.execute(ToggleAirplaneModeKeyword.groovy:46)
	at com.kms.katalon.core.keyword.internal.KeywordExecutor.executeKeywordForPlatform(KeywordExecutor.groovy:74)
	at com.kms.katalon.core.mobile.keyword.MobileBuiltInKeywords.toggleAirplaneMode(MobileBuiltInKeywords.groovy:1167)
	at com.kms.katalon.core.mobile.keyword.MobileBuiltInKeywords$toggleAirplaneMode$3.call(Unknown Source)
	at 25 Especificaciones funcionales - Falla de conexión en Preguntas Frecuentes y Pantalla Bases y condiciones.run(25 Especificaciones funcionales - Falla de conexión en Preguntas Frecuentes y Pantalla Bases y condiciones:26)
	at com.kms.katalon.core.main.ScriptEngine.run(ScriptEngine.java:194)
	at com.kms.katalon.core.main.ScriptEngine.runScriptAsRawText(ScriptEngine.java:119)
	at com.kms.katalon.core.main.TestCaseExecutor.runScript(TestCaseExecutor.java:445)
	at com.kms.katalon.core.main.TestCaseExecutor.doExecute(TestCaseExecutor.java:436)
	at com.kms.katalon.core.main.TestCaseExecutor.processExecutionPhase(TestCaseExecutor.java:415)
	at com.kms.katalon.core.main.TestCaseExecutor.accessMainPhase(TestCaseExecutor.java:407)
	at com.kms.katalon.core.main.TestCaseExecutor.execute(TestCaseExecutor.java:284)
	at com.kms.katalon.core.common.CommonExecutor.accessTestCaseMainPhase(CommonExecutor.java:65)
	at com.kms.katalon.core.main.TestSuiteExecutor.accessTestSuiteMainPhase(TestSuiteExecutor.java:144)
	at com.kms.katalon.core.main.TestSuiteExecutor.execute(TestSuiteExecutor.java:106)
	at com.kms.katalon.core.main.TestCaseMain.startTestSuite(TestCaseMain.java:185)
	at com.kms.katalon.core.main.TestCaseMain$startTestSuite$0.call(Unknown Source)
	at TempTestSuite1653319818525.run(TempTestSuite1653319818525.groovy:36)
)
[[ATTACHMENT|C:\\Users\\Jose_Arrieta\\git\\UENO-App-Android\\UENO-App-Android\\Reports\\20220523_113018\\Sprint 1\\02 HU- Soporte\\20220523_113018\\1653320062789.png]]

2022-05-23 11:34:23 - [TEST_STEP][PASSED] - tap(findTestObject("Sprint 1/Soporte/android.widget.TextView - Preguntas frecuentes"), 0): Tapped on element 'Object Repository/Sprint 1/Soporte/android.widget.TextView - Preguntas frecuentes'

2022-05-23 11:34:23 - [MESSAGE][WARNING] - Timeout '0' is invalid. Using default page load timeout: '30'

2022-05-23 11:34:24 - [MESSAGE][PASSED] - Tapped on element 'Object Repository/Sprint 1/Soporte/android.widget.TextView - Preguntas frecuentes'

2022-05-23 11:34:24 - [TEST_STEP][FAILED] - Falladeconexion = getText(findTestObject("Sprint 1/Soporte/android.widget.TextView - Ups Hubo una falla en la conexin. Por favor, verific y prob de nuevo"), 0): Object Object Repository/Sprint 1/Soporte/android.widget.TextView - Ups Hubo una falla en la conexin. Por favor, verific y prob de nuevo not found

2022-05-23 11:34:24 - [MESSAGE][WARNING] - Timeout '0' is invalid. Using default page load timeout: '30'

2022-05-23 11:34:54 - [MESSAGE][FAILED] - Object Object Repository/Sprint 1/Soporte/android.widget.TextView - Ups Hubo una falla en la conexin. Por favor, verific y prob de nuevo not found

2022-05-23 11:34:54 - [TEST_STEP][FAILED] - verifyEqual(Falladeconexion, "Ups! Hubo una falla en la conexión. Por favor, verificá y probá de nuevo."): Unable to verify equal between actual object 'null' and expected object 'Ups! Hubo una falla en la conexión. Por favor, verificá y probá de nuevo.' (Root cause: com.kms.katalon.core.exception.StepFailedException: Actual object 'null' and expected object 'Ups! Hubo una falla en la conexión. Por favor, verificá y probá de nuevo.' are not equal
	at com.kms.katalon.core.keyword.builtin.VerifyEqualKeyword$_verifyEqual_closure1.doCall(VerifyEqualKeyword.groovy:58)
	at com.kms.katalon.core.keyword.builtin.VerifyEqualKeyword$_verifyEqual_closure1.call(VerifyEqualKeyword.groovy)
	at com.kms.katalon.core.keyword.internal.KeywordMain.runKeyword(KeywordMain.groovy:74)
	at com.kms.katalon.core.keyword.builtin.VerifyEqualKeyword.verifyEqual(VerifyEqualKeyword.groovy:63)
	at com.kms.katalon.core.keyword.builtin.VerifyEqualKeyword.execute(VerifyEqualKeyword.groovy:44)
	at com.kms.katalon.core.keyword.internal.KeywordExecutor.executeKeywordForPlatform(KeywordExecutor.groovy:74)
	at com.kms.katalon.core.keyword.BuiltinKeywords.verifyEqual(BuiltinKeywords.groovy:141)
	at 25 Especificaciones funcionales - Falla de conexión en Preguntas Frecuentes y Pantalla Bases y condiciones.run(25 Especificaciones funcionales - Falla de conexión en Preguntas Frecuentes y Pantalla Bases y condiciones:33)
	at com.kms.katalon.core.main.ScriptEngine.run(ScriptEngine.java:194)
	at com.kms.katalon.core.main.ScriptEngine.runScriptAsRawText(ScriptEngine.java:119)
	at com.kms.katalon.core.main.TestCaseExecutor.runScript(TestCaseExecutor.java:445)
	at com.kms.katalon.core.main.TestCaseExecutor.doExecute(TestCaseExecutor.java:436)
	at com.kms.katalon.core.main.TestCaseExecutor.processExecutionPhase(TestCaseExecutor.java:415)
	at com.kms.katalon.core.main.TestCaseExecutor.accessMainPhase(TestCaseExecutor.java:407)
	at com.kms.katalon.core.main.TestCaseExecutor.execute(TestCaseExecutor.java:284)
	at com.kms.katalon.core.common.CommonExecutor.accessTestCaseMainPhase(CommonExecutor.java:65)
	at com.kms.katalon.core.main.TestSuiteExecutor.accessTestSuiteMainPhase(TestSuiteExecutor.java:144)
	at com.kms.katalon.core.main.TestSuiteExecutor.execute(TestSuiteExecutor.java:106)
	at com.kms.katalon.core.main.TestCaseMain.startTestSuite(TestCaseMain.java:185)
	at com.kms.katalon.core.main.TestCaseMain$startTestSuite$0.call(Unknown Source)
	at TempTestSuite1653319818525.run(TempTestSuite1653319818525.groovy:36)
)

2022-05-23 11:34:54 - [MESSAGE][FAILED] - Unable to verify equal between actual object 'null' and expected object 'Ups! Hubo una falla en la conexión. Por favor, verificá y probá de nuevo.' (Root cause: com.kms.katalon.core.exception.StepFailedException: Actual object 'null' and expected object 'Ups! Hubo una falla en la conexión. Por favor, verificá y probá de nuevo.' are not equal
	at com.kms.katalon.core.keyword.builtin.VerifyEqualKeyword$_verifyEqual_closure1.doCall(VerifyEqualKeyword.groovy:58)
	at com.kms.katalon.core.keyword.builtin.VerifyEqualKeyword$_verifyEqual_closure1.call(VerifyEqualKeyword.groovy)
	at com.kms.katalon.core.keyword.internal.KeywordMain.runKeyword(KeywordMain.groovy:74)
	at com.kms.katalon.core.keyword.builtin.VerifyEqualKeyword.verifyEqual(VerifyEqualKeyword.groovy:63)
	at com.kms.katalon.core.keyword.builtin.VerifyEqualKeyword.execute(VerifyEqualKeyword.groovy:44)
	at com.kms.katalon.core.keyword.internal.KeywordExecutor.executeKeywordForPlatform(KeywordExecutor.groovy:74)
	at com.kms.katalon.core.keyword.BuiltinKeywords.verifyEqual(BuiltinKeywords.groovy:141)
	at 25 Especificaciones funcionales - Falla de conexión en Preguntas Frecuentes y Pantalla Bases y condiciones.run(25 Especificaciones funcionales - Falla de conexión en Preguntas Frecuentes y Pantalla Bases y condiciones:33)
	at com.kms.katalon.core.main.ScriptEngine.run(ScriptEngine.java:194)
	at com.kms.katalon.core.main.ScriptEngine.runScriptAsRawText(ScriptEngine.java:119)
	at com.kms.katalon.core.main.TestCaseExecutor.runScript(TestCaseExecutor.java:445)
	at com.kms.katalon.core.main.TestCaseExecutor.doExecute(TestCaseExecutor.java:436)
	at com.kms.katalon.core.main.TestCaseExecutor.processExecutionPhase(TestCaseExecutor.java:415)
	at com.kms.katalon.core.main.TestCaseExecutor.accessMainPhase(TestCaseExecutor.java:407)
	at com.kms.katalon.core.main.TestCaseExecutor.execute(TestCaseExecutor.java:284)
	at com.kms.katalon.core.common.CommonExecutor.accessTestCaseMainPhase(CommonExecutor.java:65)
	at com.kms.katalon.core.main.TestSuiteExecutor.accessTestSuiteMainPhase(TestSuiteExecutor.java:144)
	at com.kms.katalon.core.main.TestSuiteExecutor.execute(TestSuiteExecutor.java:106)
	at com.kms.katalon.core.main.TestCaseMain.startTestSuite(TestCaseMain.java:185)
	at com.kms.katalon.core.main.TestCaseMain$startTestSuite$0.call(Unknown Source)
	at TempTestSuite1653319818525.run(TempTestSuite1653319818525.groovy:36)
)

2022-05-23 11:34:54 - [TEST_STEP][FAILED] - tap(findTestObject("Sprint 1/Soporte/android.widget.Button - ACEPTAR falla de conexion"), 0): Object Object Repository/Sprint 1/Soporte/android.widget.Button - ACEPTAR falla de conexion not found

2022-05-23 11:34:54 - [MESSAGE][WARNING] - Timeout '0' is invalid. Using default page load timeout: '30'

2022-05-23 11:35:24 - [MESSAGE][FAILED] - Object Object Repository/Sprint 1/Soporte/android.widget.Button - ACEPTAR falla de conexion not found

2022-05-23 11:35:24 - [TEST_STEP][FAILED] - toggleAirplaneMode("no", CONTINUE_ON_FAILURE): Cannot toogle airplane mode (Root cause: org.openqa.selenium.WebDriverException: An unknown server-side error occurred while processing the command. Original error: Error executing adbExec. Original error: 'Command 'C:\\Users\\Jose_Arrieta\\AppData\\Local\\Android\\Sdk\\platform-tools\\adb.exe -P 5037 -s 06066331AX013408 shell am broadcast -a android.intent.action.AIRPLANE_MODE --ez state false' exited with code 255'; Command output: Security exception: Permission Denial: not allowed to send broadcast android.intent.action.AIRPLANE_MODE from pid=30117, uid=2000

java.lang.SecurityException: Permission Denial: not allowed to send broadcast android.intent.action.AIRPLANE_MODE from pid=30117, uid=2000
	at com.android.server.am.ActivityManagerService.broadcastIntentLocked(ActivityManagerService.java:16285)
	at com.android.server.am.ActivityManagerService.broadcastIntentLocked(ActivityManagerService.java:16151)
	at com.android.server.am.ActivityManagerService.broadcastIntent(ActivityManagerService.java:16984)
	at com.android.server.am.ActivityManagerShellCommand.runSendBroadcast(ActivityManagerShellCommand.java:768)
	at com.android.server.am.ActivityManagerShellCommand.onCommand(ActivityManagerShellCommand.java:192)
	at android.os.ShellCommand.exec(ShellCommand.java:104)
	at com.android.server.am.ActivityManagerService.onShellCommand(ActivityManagerService.java:10691)
	at android.os.Binder.shellCommand(Binder.java:884)
	at android.os.Binder.onTransact(Binder.java:768)
	at android.app.IActivityManager$Stub.onTransact(IActivityManager.java:4863)
	at com.android.server.am.ActivityManagerService.onTransact(ActivityManagerService.java:3101)
	at android.os.Binder.execTransactInternal(Binder.java:1038)
	at android.os.Binder.execTransact(Binder.java:997)

Build info: version: '3.141.59', revision: 'e82be7d358', time: '2018-11-14T08:25:53'
System info: host: 'JOSE-ARRIETA', ip: '192.168.0.103', os.name: 'Windows 10', os.arch: 'amd64', os.version: '10.0', java.version: '1.8.0_282'
Driver info: com.kms.katalon.core.appium.driver.SwipeableAndroidDriver
Capabilities {app: C:\Users\Jose_Arrieta\Deskt..., appPackage: com.verticalapps.KonyMobile..., autoGrantPermissions: true, automationName: uiautomator2, chromedriverPort: 61862, databaseEnabled: false, desired: {app: C:\Users\Jose_Arrieta\Deskt..., autoGrantPermissions: true, automationName: uiautomator2, chromedriverPort: 61862, deviceId: , deviceName: TECNO MOBILE LIMITED TECNO ..., fullReset: false, newCommandTimeout: 1800, noReset: true, platform: ANDROID, platformName: android, platformVersion: 10, systemPort: 59928, udid: 06066331AX013408}, deviceApiLevel: 29, deviceId: , deviceManufacturer: TECNO MOBILE LIMITED, deviceModel: TECNO KE5k, deviceName: 06066331AX013408, deviceScreenDensity: 320, deviceScreenSize: 720x1600, deviceUDID: 06066331AX013408, fullReset: false, javascriptEnabled: true, locationContextEnabled: false, networkConnectionEnabled: true, newCommandTimeout: 1800, noReset: true, pixelRatio: 2, platform: ANDROID, platformName: Android, platformVersion: 10, statBarHeight: 64, systemPort: 59928, takesScreenshot: true, udid: 06066331AX013408, viewportRect: {height: 1376, left: 0, top: 64, width: 720}, warnings: {}, webStorageEnabled: false}
Session ID: 2de8b68c-e28b-4a0e-82d0-41fee8218a1b
	at org.openqa.selenium.remote.http.W3CHttpResponseCodec.createException(W3CHttpResponseCodec.java:187)
	at org.openqa.selenium.remote.http.W3CHttpResponseCodec.decode(W3CHttpResponseCodec.java:122)
	at org.openqa.selenium.remote.http.W3CHttpResponseCodec.decode(W3CHttpResponseCodec.java:49)
	at org.openqa.selenium.remote.HttpCommandExecutor.execute(HttpCommandExecutor.java:158)
	at io.appium.java_client.remote.AppiumCommandExecutor.execute(AppiumCommandExecutor.java:239)
	at org.openqa.selenium.remote.RemoteWebDriver.execute(RemoteWebDriver.java:552)
	at io.appium.java_client.DefaultGenericMobileDriver.execute(DefaultGenericMobileDriver.java:42)
	at io.appium.java_client.AppiumDriver.execute(AppiumDriver.java:1)
	at io.appium.java_client.android.AndroidDriver.execute(AndroidDriver.java:1)
	at com.kms.katalon.core.appium.driver.SwipeableAndroidDriver.execute(SwipeableAndroidDriver.java:1)
	at io.appium.java_client.CommandExecutionHelper.execute(CommandExecutionHelper.java:27)
	at io.appium.java_client.android.connection.HasNetworkConnection.setConnection(HasNetworkConnection.java:34)
	at com.kms.katalon.core.mobile.keyword.builtin.ToggleAirplaneModeKeyword$_toggleAirplaneMode_closure1.doCall(ToggleAirplaneModeKeyword.groovy:64)
	at com.kms.katalon.core.mobile.keyword.builtin.ToggleAirplaneModeKeyword$_toggleAirplaneMode_closure1.call(ToggleAirplaneModeKeyword.groovy)
	at com.kms.katalon.core.mobile.keyword.internal.MobileKeywordMain.runKeyword(MobileKeywordMain.groovy:21)
	at com.kms.katalon.core.mobile.keyword.builtin.ToggleAirplaneModeKeyword.toggleAirplaneMode(ToggleAirplaneModeKeyword.groovy:51)
	at com.kms.katalon.core.mobile.keyword.builtin.ToggleAirplaneModeKeyword.execute(ToggleAirplaneModeKeyword.groovy:46)
	at com.kms.katalon.core.keyword.internal.KeywordExecutor.executeKeywordForPlatform(KeywordExecutor.groovy:74)
	at com.kms.katalon.core.mobile.keyword.MobileBuiltInKeywords.toggleAirplaneMode(MobileBuiltInKeywords.groovy:1167)
	at com.kms.katalon.core.mobile.keyword.MobileBuiltInKeywords$toggleAirplaneMode$3.call(Unknown Source)
	at 25 Especificaciones funcionales - Falla de conexión en Preguntas Frecuentes y Pantalla Bases y condiciones.run(25 Especificaciones funcionales - Falla de conexión en Preguntas Frecuentes y Pantalla Bases y condiciones:37)
	at com.kms.katalon.core.main.ScriptEngine.run(ScriptEngine.java:194)
	at com.kms.katalon.core.main.ScriptEngine.runScriptAsRawText(ScriptEngine.java:119)
	at com.kms.katalon.core.main.TestCaseExecutor.runScript(TestCaseExecutor.java:445)
	at com.kms.katalon.core.main.TestCaseExecutor.doExecute(TestCaseExecutor.java:436)
	at com.kms.katalon.core.main.TestCaseExecutor.processExecutionPhase(TestCaseExecutor.java:415)
	at com.kms.katalon.core.main.TestCaseExecutor.accessMainPhase(TestCaseExecutor.java:407)
	at com.kms.katalon.core.main.TestCaseExecutor.execute(TestCaseExecutor.java:284)
	at com.kms.katalon.core.common.CommonExecutor.accessTestCaseMainPhase(CommonExecutor.java:65)
	at com.kms.katalon.core.main.TestSuiteExecutor.accessTestSuiteMainPhase(TestSuiteExecutor.java:144)
	at com.kms.katalon.core.main.TestSuiteExecutor.execute(TestSuiteExecutor.java:106)
	at com.kms.katalon.core.main.TestCaseMain.startTestSuite(TestCaseMain.java:185)
	at com.kms.katalon.core.main.TestCaseMain$startTestSuite$0.call(Unknown Source)
	at TempTestSuite1653319818525.run(TempTestSuite1653319818525.groovy:36)
)

2022-05-23 11:35:26 - [MESSAGE][FAILED] - Cannot toogle airplane mode (Root cause: org.openqa.selenium.WebDriverException: An unknown server-side error occurred while processing the command. Original error: Error executing adbExec. Original error: 'Command 'C:\\Users\\Jose_Arrieta\\AppData\\Local\\Android\\Sdk\\platform-tools\\adb.exe -P 5037 -s 06066331AX013408 shell am broadcast -a android.intent.action.AIRPLANE_MODE --ez state false' exited with code 255'; Command output: Security exception: Permission Denial: not allowed to send broadcast android.intent.action.AIRPLANE_MODE from pid=30117, uid=2000

java.lang.SecurityException: Permission Denial: not allowed to send broadcast android.intent.action.AIRPLANE_MODE from pid=30117, uid=2000
	at com.android.server.am.ActivityManagerService.broadcastIntentLocked(ActivityManagerService.java:16285)
	at com.android.server.am.ActivityManagerService.broadcastIntentLocked(ActivityManagerService.java:16151)
	at com.android.server.am.ActivityManagerService.broadcastIntent(ActivityManagerService.java:16984)
	at com.android.server.am.ActivityManagerShellCommand.runSendBroadcast(ActivityManagerShellCommand.java:768)
	at com.android.server.am.ActivityManagerShellCommand.onCommand(ActivityManagerShellCommand.java:192)
	at android.os.ShellCommand.exec(ShellCommand.java:104)
	at com.android.server.am.ActivityManagerService.onShellCommand(ActivityManagerService.java:10691)
	at android.os.Binder.shellCommand(Binder.java:884)
	at android.os.Binder.onTransact(Binder.java:768)
	at android.app.IActivityManager$Stub.onTransact(IActivityManager.java:4863)
	at com.android.server.am.ActivityManagerService.onTransact(ActivityManagerService.java:3101)
	at android.os.Binder.execTransactInternal(Binder.java:1038)
	at android.os.Binder.execTransact(Binder.java:997)

Build info: version: '3.141.59', revision: 'e82be7d358', time: '2018-11-14T08:25:53'
System info: host: 'JOSE-ARRIETA', ip: '192.168.0.103', os.name: 'Windows 10', os.arch: 'amd64', os.version: '10.0', java.version: '1.8.0_282'
Driver info: com.kms.katalon.core.appium.driver.SwipeableAndroidDriver
Capabilities {app: C:\Users\Jose_Arrieta\Deskt..., appPackage: com.verticalapps.KonyMobile..., autoGrantPermissions: true, automationName: uiautomator2, chromedriverPort: 61862, databaseEnabled: false, desired: {app: C:\Users\Jose_Arrieta\Deskt..., autoGrantPermissions: true, automationName: uiautomator2, chromedriverPort: 61862, deviceId: , deviceName: TECNO MOBILE LIMITED TECNO ..., fullReset: false, newCommandTimeout: 1800, noReset: true, platform: ANDROID, platformName: android, platformVersion: 10, systemPort: 59928, udid: 06066331AX013408}, deviceApiLevel: 29, deviceId: , deviceManufacturer: TECNO MOBILE LIMITED, deviceModel: TECNO KE5k, deviceName: 06066331AX013408, deviceScreenDensity: 320, deviceScreenSize: 720x1600, deviceUDID: 06066331AX013408, fullReset: false, javascriptEnabled: true, locationContextEnabled: false, networkConnectionEnabled: true, newCommandTimeout: 1800, noReset: true, pixelRatio: 2, platform: ANDROID, platformName: Android, platformVersion: 10, statBarHeight: 64, systemPort: 59928, takesScreenshot: true, udid: 06066331AX013408, viewportRect: {height: 1376, left: 0, top: 64, width: 720}, warnings: {}, webStorageEnabled: false}
Session ID: 2de8b68c-e28b-4a0e-82d0-41fee8218a1b
	at org.openqa.selenium.remote.http.W3CHttpResponseCodec.createException(W3CHttpResponseCodec.java:187)
	at org.openqa.selenium.remote.http.W3CHttpResponseCodec.decode(W3CHttpResponseCodec.java:122)
	at org.openqa.selenium.remote.http.W3CHttpResponseCodec.decode(W3CHttpResponseCodec.java:49)
	at org.openqa.selenium.remote.HttpCommandExecutor.execute(HttpCommandExecutor.java:158)
	at io.appium.java_client.remote.AppiumCommandExecutor.execute(AppiumCommandExecutor.java:239)
	at org.openqa.selenium.remote.RemoteWebDriver.execute(RemoteWebDriver.java:552)
	at io.appium.java_client.DefaultGenericMobileDriver.execute(DefaultGenericMobileDriver.java:42)
	at io.appium.java_client.AppiumDriver.execute(AppiumDriver.java:1)
	at io.appium.java_client.android.AndroidDriver.execute(AndroidDriver.java:1)
	at com.kms.katalon.core.appium.driver.SwipeableAndroidDriver.execute(SwipeableAndroidDriver.java:1)
	at io.appium.java_client.CommandExecutionHelper.execute(CommandExecutionHelper.java:27)
	at io.appium.java_client.android.connection.HasNetworkConnection.setConnection(HasNetworkConnection.java:34)
	at com.kms.katalon.core.mobile.keyword.builtin.ToggleAirplaneModeKeyword$_toggleAirplaneMode_closure1.doCall(ToggleAirplaneModeKeyword.groovy:64)
	at com.kms.katalon.core.mobile.keyword.builtin.ToggleAirplaneModeKeyword$_toggleAirplaneMode_closure1.call(ToggleAirplaneModeKeyword.groovy)
	at com.kms.katalon.core.mobile.keyword.internal.MobileKeywordMain.runKeyword(MobileKeywordMain.groovy:21)
	at com.kms.katalon.core.mobile.keyword.builtin.ToggleAirplaneModeKeyword.toggleAirplaneMode(ToggleAirplaneModeKeyword.groovy:51)
	at com.kms.katalon.core.mobile.keyword.builtin.ToggleAirplaneModeKeyword.execute(ToggleAirplaneModeKeyword.groovy:46)
	at com.kms.katalon.core.keyword.internal.KeywordExecutor.executeKeywordForPlatform(KeywordExecutor.groovy:74)
	at com.kms.katalon.core.mobile.keyword.MobileBuiltInKeywords.toggleAirplaneMode(MobileBuiltInKeywords.groovy:1167)
	at com.kms.katalon.core.mobile.keyword.MobileBuiltInKeywords$toggleAirplaneMode$3.call(Unknown Source)
	at 25 Especificaciones funcionales - Falla de conexión en Preguntas Frecuentes y Pantalla Bases y condiciones.run(25 Especificaciones funcionales - Falla de conexión en Preguntas Frecuentes y Pantalla Bases y condiciones:37)
	at com.kms.katalon.core.main.ScriptEngine.run(ScriptEngine.java:194)
	at com.kms.katalon.core.main.ScriptEngine.runScriptAsRawText(ScriptEngine.java:119)
	at com.kms.katalon.core.main.TestCaseExecutor.runScript(TestCaseExecutor.java:445)
	at com.kms.katalon.core.main.TestCaseExecutor.doExecute(TestCaseExecutor.java:436)
	at com.kms.katalon.core.main.TestCaseExecutor.processExecutionPhase(TestCaseExecutor.java:415)
	at com.kms.katalon.core.main.TestCaseExecutor.accessMainPhase(TestCaseExecutor.java:407)
	at com.kms.katalon.core.main.TestCaseExecutor.execute(TestCaseExecutor.java:284)
	at com.kms.katalon.core.common.CommonExecutor.accessTestCaseMainPhase(CommonExecutor.java:65)
	at com.kms.katalon.core.main.TestSuiteExecutor.accessTestSuiteMainPhase(TestSuiteExecutor.java:144)
	at com.kms.katalon.core.main.TestSuiteExecutor.execute(TestSuiteExecutor.java:106)
	at com.kms.katalon.core.main.TestCaseMain.startTestSuite(TestCaseMain.java:185)
	at com.kms.katalon.core.main.TestCaseMain$startTestSuite$0.call(Unknown Source)
	at TempTestSuite1653319818525.run(TempTestSuite1653319818525.groovy:36)
)
[[ATTACHMENT|C:\\Users\\Jose_Arrieta\\git\\UENO-App-Android\\UENO-App-Android\\Reports\\20220523_113018\\Sprint 1\\02 HU- Soporte\\20220523_113018\\1653320125352.png]]]]></system-out>
         <system-err><![CDATA[2022-05-23 11:33:57 - [TEST_CASE][FAILED] - Test Cases/Sprint 1/02HU-Soporte/25 Especificaciones funcionales - Falla de conexión en Preguntas Frecuentes y Pantalla Bases y condiciones: Test Cases/Sprint 1/02HU-Soporte/25 Especificaciones funcionales - Falla de conexión en Preguntas Frecuentes y Pantalla Bases y condiciones FAILED.
Reason:
com.kms.katalon.core.exception.StepFailedException: Cannot toogle airplane mode (Root cause: org.openqa.selenium.WebDriverException: An unknown server-side error occurred while processing the command. Original error: Error executing adbExec. Original error: 'Command 'C:\\Users\\Jose_Arrieta\\AppData\\Local\\Android\\Sdk\\platform-tools\\adb.exe -P 5037 -s 06066331AX013408 shell am broadcast -a android.intent.action.AIRPLANE_MODE --ez state true' exited with code 255'; Command output: Security exception: Permission Denial: not allowed to send broadcast android.intent.action.AIRPLANE_MODE from pid=29729, uid=2000

java.lang.SecurityException: Permission Denial: not allowed to send broadcast android.intent.action.AIRPLANE_MODE from pid=29729, uid=2000
	at com.android.server.am.ActivityManagerService.broadcastIntentLocked(ActivityManagerService.java:16285)
	at com.android.server.am.ActivityManagerService.broadcastIntentLocked(ActivityManagerService.java:16151)
	at com.android.server.am.ActivityManagerService.broadcastIntent(ActivityManagerService.java:16984)
	at com.android.server.am.ActivityManagerShellCommand.runSendBroadcast(ActivityManagerShellCommand.java:768)
	at com.android.server.am.ActivityManagerShellCommand.onCommand(ActivityManagerShellCommand.java:192)
	at android.os.ShellCommand.exec(ShellCommand.java:104)
	at com.android.server.am.ActivityManagerService.onShellCommand(ActivityManagerService.java:10691)
	at android.os.Binder.shellCommand(Binder.java:884)
	at android.os.Binder.onTransact(Binder.java:768)
	at android.app.IActivityManager$Stub.onTransact(IActivityManager.java:4863)
	at com.android.server.am.ActivityManagerService.onTransact(ActivityManagerService.java:3101)
	at android.os.Binder.execTransactInternal(Binder.java:1038)
	at android.os.Binder.execTransact(Binder.java:997)

Build info: version: '3.141.59', revision: 'e82be7d358', time: '2018-11-14T08:25:53'
System info: host: 'JOSE-ARRIETA', ip: '192.168.0.103', os.name: 'Windows 10', os.arch: 'amd64', os.version: '10.0', java.version: '1.8.0_282'
Driver info: com.kms.katalon.core.appium.driver.SwipeableAndroidDriver
Capabilities {app: C:\Users\Jose_Arrieta\Deskt..., appPackage: com.verticalapps.KonyMobile..., autoGrantPermissions: true, automationName: uiautomator2, chromedriverPort: 61862, databaseEnabled: false, desired: {app: C:\Users\Jose_Arrieta\Deskt..., autoGrantPermissions: true, automationName: uiautomator2, chromedriverPort: 61862, deviceId: , deviceName: TECNO MOBILE LIMITED TECNO ..., fullReset: false, newCommandTimeout: 1800, noReset: true, platform: ANDROID, platformName: android, platformVersion: 10, systemPort: 59928, udid: 06066331AX013408}, deviceApiLevel: 29, deviceId: , deviceManufacturer: TECNO MOBILE LIMITED, deviceModel: TECNO KE5k, deviceName: 06066331AX013408, deviceScreenDensity: 320, deviceScreenSize: 720x1600, deviceUDID: 06066331AX013408, fullReset: false, javascriptEnabled: true, locationContextEnabled: false, networkConnectionEnabled: true, newCommandTimeout: 1800, noReset: true, pixelRatio: 2, platform: ANDROID, platformName: Android, platformVersion: 10, statBarHeight: 64, systemPort: 59928, takesScreenshot: true, udid: 06066331AX013408, viewportRect: {height: 1376, left: 0, top: 64, width: 720}, warnings: {}, webStorageEnabled: false}
Session ID: 2de8b68c-e28b-4a0e-82d0-41fee8218a1b
	at org.openqa.selenium.remote.http.W3CHttpResponseCodec.createException(W3CHttpResponseCodec.java:187)
	at org.openqa.selenium.remote.http.W3CHttpResponseCodec.decode(W3CHttpResponseCodec.java:122)
	at org.openqa.selenium.remote.http.W3CHttpResponseCodec.decode(W3CHttpResponseCodec.java:49)
	at org.openqa.selenium.remote.HttpCommandExecutor.execute(HttpCommandExecutor.java:158)
	at io.appium.java_client.remote.AppiumCommandExecutor.execute(AppiumCommandExecutor.java:239)
	at org.openqa.selenium.remote.RemoteWebDriver.execute(RemoteWebDriver.java:552)
	at io.appium.java_client.DefaultGenericMobileDriver.execute(DefaultGenericMobileDriver.java:42)
	at io.appium.java_client.AppiumDriver.execute(AppiumDriver.java:1)
	at io.appium.java_client.android.AndroidDriver.execute(AndroidDriver.java:1)
	at com.kms.katalon.core.appium.driver.SwipeableAndroidDriver.execute(SwipeableAndroidDriver.java:1)
	at io.appium.java_client.CommandExecutionHelper.execute(CommandExecutionHelper.java:27)
	at io.appium.java_client.android.connection.HasNetworkConnection.setConnection(HasNetworkConnection.java:34)
	at com.kms.katalon.core.mobile.keyword.builtin.ToggleAirplaneModeKeyword$_toggleAirplaneMode_closure1.doCall(ToggleAirplaneModeKeyword.groovy:64)
	at com.kms.katalon.core.mobile.keyword.builtin.ToggleAirplaneModeKeyword$_toggleAirplaneMode_closure1.call(ToggleAirplaneModeKeyword.groovy)
	at com.kms.katalon.core.mobile.keyword.internal.MobileKeywordMain.runKeyword(MobileKeywordMain.groovy:21)
	at com.kms.katalon.core.mobile.keyword.builtin.ToggleAirplaneModeKeyword.toggleAirplaneMode(ToggleAirplaneModeKeyword.groovy:51)
	at com.kms.katalon.core.mobile.keyword.builtin.ToggleAirplaneModeKeyword.execute(ToggleAirplaneModeKeyword.groovy:46)
	at com.kms.katalon.core.keyword.internal.KeywordExecutor.executeKeywordForPlatform(KeywordExecutor.groovy:74)
	at com.kms.katalon.core.mobile.keyword.MobileBuiltInKeywords.toggleAirplaneMode(MobileBuiltInKeywords.groovy:1167)
	at com.kms.katalon.core.mobile.keyword.MobileBuiltInKeywords$toggleAirplaneMode$3.call(Unknown Source)
	at 25 Especificaciones funcionales - Falla de conexión en Preguntas Frecuentes y Pantalla Bases y condiciones.run(25 Especificaciones funcionales - Falla de conexión en Preguntas Frecuentes y Pantalla Bases y condiciones:26)
	at com.kms.katalon.core.main.ScriptEngine.run(ScriptEngine.java:194)
	at com.kms.katalon.core.main.ScriptEngine.runScriptAsRawText(ScriptEngine.java:119)
	at com.kms.katalon.core.main.TestCaseExecutor.runScript(TestCaseExecutor.java:445)
	at com.kms.katalon.core.main.TestCaseExecutor.doExecute(TestCaseExecutor.java:436)
	at com.kms.katalon.core.main.TestCaseExecutor.processExecutionPhase(TestCaseExecutor.java:415)
	at com.kms.katalon.core.main.TestCaseExecutor.accessMainPhase(TestCaseExecutor.java:407)
	at com.kms.katalon.core.main.TestCaseExecutor.execute(TestCaseExecutor.java:284)
	at com.kms.katalon.core.common.CommonExecutor.accessTestCaseMainPhase(CommonExecutor.java:65)
	at com.kms.katalon.core.main.TestSuiteExecutor.accessTestSuiteMainPhase(TestSuiteExecutor.java:144)
	at com.kms.katalon.core.main.TestSuiteExecutor.execute(TestSuiteExecutor.java:106)
	at com.kms.katalon.core.main.TestCaseMain.startTestSuite(TestCaseMain.java:185)
	at com.kms.katalon.core.main.TestCaseMain$startTestSuite$0.call(Unknown Source)
	at TempTestSuite1653319818525.run(TempTestSuite1653319818525.groovy:36)
)
	at com.kms.katalon.core.keyword.internal.KeywordMain.stepFailed(KeywordMain.groovy:39)
	at com.kms.katalon.core.mobile.keyword.internal.MobileKeywordMain.stepFailed(MobileKeywordMain.groovy:40)
	at com.kms.katalon.core.mobile.keyword.internal.MobileKeywordMain.runKeyword(MobileKeywordMain.groovy:23)
	at com.kms.katalon.core.mobile.keyword.builtin.ToggleAirplaneModeKeyword.toggleAirplaneMode(ToggleAirplaneModeKeyword.groovy:51)
	at com.kms.katalon.core.mobile.keyword.builtin.ToggleAirplaneModeKeyword.execute(ToggleAirplaneModeKeyword.groovy:46)
	at com.kms.katalon.core.keyword.internal.KeywordExecutor.executeKeywordForPlatform(KeywordExecutor.groovy:74)
	at com.kms.katalon.core.mobile.keyword.MobileBuiltInKeywords.toggleAirplaneMode(MobileBuiltInKeywords.groovy:1167)
	at com.kms.katalon.core.mobile.keyword.MobileBuiltInKeywords$toggleAirplaneMode$3.call(Unknown Source)
	at 25 Especificaciones funcionales - Falla de conexión en Preguntas Frecuentes y Pantalla Bases y condiciones.run(25 Especificaciones funcionales - Falla de conexión en Preguntas Frecuentes y Pantalla Bases y condiciones:26)
	at com.kms.katalon.core.main.ScriptEngine.run(ScriptEngine.java:194)
	at com.kms.katalon.core.main.ScriptEngine.runScriptAsRawText(ScriptEngine.java:119)
	at com.kms.katalon.core.main.TestCaseExecutor.runScript(TestCaseExecutor.java:445)
	at com.kms.katalon.core.main.TestCaseExecutor.doExecute(TestCaseExecutor.java:436)
	at com.kms.katalon.core.main.TestCaseExecutor.processExecutionPhase(TestCaseExecutor.java:415)
	at com.kms.katalon.core.main.TestCaseExecutor.accessMainPhase(TestCaseExecutor.java:407)
	at com.kms.katalon.core.main.TestCaseExecutor.execute(TestCaseExecutor.java:284)
	at com.kms.katalon.core.common.CommonExecutor.accessTestCaseMainPhase(CommonExecutor.java:65)
	at com.kms.katalon.core.main.TestSuiteExecutor.accessTestSuiteMainPhase(TestSuiteExecutor.java:144)
	at com.kms.katalon.core.main.TestSuiteExecutor.execute(TestSuiteExecutor.java:106)
	at com.kms.katalon.core.main.TestCaseMain.startTestSuite(TestCaseMain.java:185)
	at com.kms.katalon.core.main.TestCaseMain$startTestSuite$0.call(Unknown Source)
	at TempTestSuite1653319818525.run(TempTestSuite1653319818525.groovy:36)
Caused by: org.openqa.selenium.WebDriverException: An unknown server-side error occurred while processing the command. Original error: Error executing adbExec. Original error: 'Command 'C:\\Users\\Jose_Arrieta\\AppData\\Local\\Android\\Sdk\\platform-tools\\adb.exe -P 5037 -s 06066331AX013408 shell am broadcast -a android.intent.action.AIRPLANE_MODE --ez state true' exited with code 255'; Command output: Security exception: Permission Denial: not allowed to send broadcast android.intent.action.AIRPLANE_MODE from pid=29729, uid=2000

java.lang.SecurityException: Permission Denial: not allowed to send broadcast android.intent.action.AIRPLANE_MODE from pid=29729, uid=2000
	at com.android.server.am.ActivityManagerService.broadcastIntentLocked(ActivityManagerService.java:16285)
	at com.android.server.am.ActivityManagerService.broadcastIntentLocked(ActivityManagerService.java:16151)
	at com.android.server.am.ActivityManagerService.broadcastIntent(ActivityManagerService.java:16984)
	at com.android.server.am.ActivityManagerShellCommand.runSendBroadcast(ActivityManagerShellCommand.java:768)
	at com.android.server.am.ActivityManagerShellCommand.onCommand(ActivityManagerShellCommand.java:192)
	at android.os.ShellCommand.exec(ShellCommand.java:104)
	at com.android.server.am.ActivityManagerService.onShellCommand(ActivityManagerService.java:10691)
	at android.os.Binder.shellCommand(Binder.java:884)
	at android.os.Binder.onTransact(Binder.java:768)
	at android.app.IActivityManager$Stub.onTransact(IActivityManager.java:4863)
	at com.android.server.am.ActivityManagerService.onTransact(ActivityManagerService.java:3101)
	at android.os.Binder.execTransactInternal(Binder.java:1038)
	at android.os.Binder.execTransact(Binder.java:997)

Build info: version: '3.141.59', revision: 'e82be7d358', time: '2018-11-14T08:25:53'
System info: host: 'JOSE-ARRIETA', ip: '192.168.0.103', os.name: 'Windows 10', os.arch: 'amd64', os.version: '10.0', java.version: '1.8.0_282'
Driver info: com.kms.katalon.core.appium.driver.SwipeableAndroidDriver
Capabilities {app: C:\Users\Jose_Arrieta\Deskt..., appPackage: com.verticalapps.KonyMobile..., autoGrantPermissions: true, automationName: uiautomator2, chromedriverPort: 61862, databaseEnabled: false, desired: {app: C:\Users\Jose_Arrieta\Deskt..., autoGrantPermissions: true, automationName: uiautomator2, chromedriverPort: 61862, deviceId: , deviceName: TECNO MOBILE LIMITED TECNO ..., fullReset: false, newCommandTimeout: 1800, noReset: true, platform: ANDROID, platformName: android, platformVersion: 10, systemPort: 59928, udid: 06066331AX013408}, deviceApiLevel: 29, deviceId: , deviceManufacturer: TECNO MOBILE LIMITED, deviceModel: TECNO KE5k, deviceName: 06066331AX013408, deviceScreenDensity: 320, deviceScreenSize: 720x1600, deviceUDID: 06066331AX013408, fullReset: false, javascriptEnabled: true, locationContextEnabled: false, networkConnectionEnabled: true, newCommandTimeout: 1800, noReset: true, pixelRatio: 2, platform: ANDROID, platformName: Android, platformVersion: 10, statBarHeight: 64, systemPort: 59928, takesScreenshot: true, udid: 06066331AX013408, viewportRect: {height: 1376, left: 0, top: 64, width: 720}, warnings: {}, webStorageEnabled: false}
Session ID: 2de8b68c-e28b-4a0e-82d0-41fee8218a1b
	at org.openqa.selenium.remote.http.W3CHttpResponseCodec.createException(W3CHttpResponseCodec.java:187)
	at org.openqa.selenium.remote.http.W3CHttpResponseCodec.decode(W3CHttpResponseCodec.java:122)
	at org.openqa.selenium.remote.http.W3CHttpResponseCodec.decode(W3CHttpResponseCodec.java:49)
	at org.openqa.selenium.remote.HttpCommandExecutor.execute(HttpCommandExecutor.java:158)
	at io.appium.java_client.remote.AppiumCommandExecutor.execute(AppiumCommandExecutor.java:239)
	at org.openqa.selenium.remote.RemoteWebDriver.execute(RemoteWebDriver.java:552)
	at io.appium.java_client.DefaultGenericMobileDriver.execute(DefaultGenericMobileDriver.java:42)
	at io.appium.java_client.AppiumDriver.execute(AppiumDriver.java:1)
	at io.appium.java_client.android.AndroidDriver.execute(AndroidDriver.java:1)
	at com.kms.katalon.core.appium.driver.SwipeableAndroidDriver.execute(SwipeableAndroidDriver.java:1)
	at io.appium.java_client.CommandExecutionHelper.execute(CommandExecutionHelper.java:27)
	at io.appium.java_client.android.connection.HasNetworkConnection.setConnection(HasNetworkConnection.java:34)
	at com.kms.katalon.core.mobile.keyword.builtin.ToggleAirplaneModeKeyword$_toggleAirplaneMode_closure1.doCall(ToggleAirplaneModeKeyword.groovy:64)
	at com.kms.katalon.core.mobile.keyword.builtin.ToggleAirplaneModeKeyword$_toggleAirplaneMode_closure1.call(ToggleAirplaneModeKeyword.groovy)
	at com.kms.katalon.core.mobile.keyword.internal.MobileKeywordMain.runKeyword(MobileKeywordMain.groovy:21)
	... 19 more]]></system-err>
      </testcase>
      <testcase name="Test Cases/Sprint 1/02HU-Soporte/26 Falla de Conexión en la pantalla de Seguridad" time="89.375" classname="Test Cases/Sprint 1/02HU-Soporte/26 Falla de Conexión en la pantalla de Seguridad" status="FAILED">
         <failure type="FAILED" message="Test Cases/Sprint 1/02HU-Soporte/26 Falla de Conexión en la pantalla de Seguridad FAILED.
Reason:
com.kms.katalon.core.exception.StepFailedException: Cannot toogle airplane mode (Root cause: org.openqa.selenium.WebDriverException: An unknown server-side error occurred while processing the command. Original error: Error executing adbExec. Original error: 'Command 'C:\\Users\\Jose_Arrieta\\AppData\\Local\\Android\\Sdk\\platform-tools\\adb.exe -P 5037 -s 06066331AX013408 shell am broadcast -a android.intent.action.AIRPLANE_MODE --ez state true' exited with code 255'; Command output: Security exception: Permission Denial: not allowed to send broadcast android.intent.action.AIRPLANE_MODE from pid=31083, uid=2000

java.lang.SecurityException: Permission Denial: not allowed to send broadcast android.intent.action.AIRPLANE_MODE from pid=31083, uid=2000
	at com.android.server.am.ActivityManagerService.broadcastIntentLocked(ActivityManagerService.java:16285)
	at com.android.server.am.ActivityManagerService.broadcastIntentLocked(ActivityManagerService.java:16151)
	at com.android.server.am.ActivityManagerService.broadcastIntent(ActivityManagerService.java:16984)
	at com.android.server.am.ActivityManagerShellCommand.runSendBroadcast(ActivityManagerShellCommand.java:768)
	at com.android.server.am.ActivityManagerShellCommand.onCommand(ActivityManagerShellCommand.java:192)
	at android.os.ShellCommand.exec(ShellCommand.java:104)
	at com.android.server.am.ActivityManagerService.onShellCommand(ActivityManagerService.java:10691)
	at android.os.Binder.shellCommand(Binder.java:884)
	at android.os.Binder.onTransact(Binder.java:768)
	at android.app.IActivityManager$Stub.onTransact(IActivityManager.java:4863)
	at com.android.server.am.ActivityManagerService.onTransact(ActivityManagerService.java:3101)
	at android.os.Binder.execTransactInternal(Binder.java:1038)
	at android.os.Binder.execTransact(Binder.java:997)

Build info: version: '3.141.59', revision: 'e82be7d358', time: '2018-11-14T08:25:53'
System info: host: 'JOSE-ARRIETA', ip: '192.168.0.103', os.name: 'Windows 10', os.arch: 'amd64', os.version: '10.0', java.version: '1.8.0_282'
Driver info: com.kms.katalon.core.appium.driver.SwipeableAndroidDriver
Capabilities {app: C:\Users\Jose_Arrieta\Deskt..., appPackage: com.verticalapps.KonyMobile..., autoGrantPermissions: true, automationName: uiautomator2, chromedriverPort: 61862, databaseEnabled: false, desired: {app: C:\Users\Jose_Arrieta\Deskt..., autoGrantPermissions: true, automationName: uiautomator2, chromedriverPort: 61862, deviceId: , deviceName: TECNO MOBILE LIMITED TECNO ..., fullReset: false, newCommandTimeout: 1800, noReset: true, platform: ANDROID, platformName: android, platformVersion: 10, systemPort: 60103, udid: 06066331AX013408}, deviceApiLevel: 29, deviceId: , deviceManufacturer: TECNO MOBILE LIMITED, deviceModel: TECNO KE5k, deviceName: 06066331AX013408, deviceScreenDensity: 320, deviceScreenSize: 720x1600, deviceUDID: 06066331AX013408, fullReset: false, javascriptEnabled: true, locationContextEnabled: false, networkConnectionEnabled: true, newCommandTimeout: 1800, noReset: true, pixelRatio: 2, platform: ANDROID, platformName: Android, platformVersion: 10, statBarHeight: 64, systemPort: 60103, takesScreenshot: true, udid: 06066331AX013408, viewportRect: {height: 1376, left: 0, top: 64, width: 720}, warnings: {}, webStorageEnabled: false}
Session ID: 681c2dc9-f785-49d5-9305-c826d413f2de
	at org.openqa.selenium.remote.http.W3CHttpResponseCodec.createException(W3CHttpResponseCodec.java:187)
	at org.openqa.selenium.remote.http.W3CHttpResponseCodec.decode(W3CHttpResponseCodec.java:122)
	at org.openqa.selenium.remote.http.W3CHttpResponseCodec.decode(W3CHttpResponseCodec.java:49)
	at org.openqa.selenium.remote.HttpCommandExecutor.execute(HttpCommandExecutor.java:158)
	at io.appium.java_client.remote.AppiumCommandExecutor.execute(AppiumCommandExecutor.java:239)
	at org.openqa.selenium.remote.RemoteWebDriver.execute(RemoteWebDriver.java:552)
	at io.appium.java_client.DefaultGenericMobileDriver.execute(DefaultGenericMobileDriver.java:42)
	at io.appium.java_client.AppiumDriver.execute(AppiumDriver.java:1)
	at io.appium.java_client.android.AndroidDriver.execute(AndroidDriver.java:1)
	at com.kms.katalon.core.appium.driver.SwipeableAndroidDriver.execute(SwipeableAndroidDriver.java:1)
	at io.appium.java_client.CommandExecutionHelper.execute(CommandExecutionHelper.java:27)
	at io.appium.java_client.android.connection.HasNetworkConnection.setConnection(HasNetworkConnection.java:34)
	at com.kms.katalon.core.mobile.keyword.builtin.ToggleAirplaneModeKeyword$_toggleAirplaneMode_closure1.doCall(ToggleAirplaneModeKeyword.groovy:64)
	at com.kms.katalon.core.mobile.keyword.builtin.ToggleAirplaneModeKeyword$_toggleAirplaneMode_closure1.call(ToggleAirplaneModeKeyword.groovy)
	at com.kms.katalon.core.mobile.keyword.internal.MobileKeywordMain.runKeyword(MobileKeywordMain.groovy:21)
	at com.kms.katalon.core.mobile.keyword.builtin.ToggleAirplaneModeKeyword.toggleAirplaneMode(ToggleAirplaneModeKeyword.groovy:51)
	at com.kms.katalon.core.mobile.keyword.builtin.ToggleAirplaneModeKeyword.execute(ToggleAirplaneModeKeyword.groovy:46)
	at com.kms.katalon.core.keyword.internal.KeywordExecutor.executeKeywordForPlatform(KeywordExecutor.groovy:74)
	at com.kms.katalon.core.mobile.keyword.MobileBuiltInKeywords.toggleAirplaneMode(MobileBuiltInKeywords.groovy:1167)
	at com.kms.katalon.core.mobile.keyword.MobileBuiltInKeywords$toggleAirplaneMode$3.call(Unknown Source)
	at 26 Falla de Conexión en la pantalla de Seguridad.run(26 Falla de Conexión en la pantalla de Seguridad:26)
	at com.kms.katalon.core.main.ScriptEngine.run(ScriptEngine.java:194)
	at com.kms.katalon.core.main.ScriptEngine.runScriptAsRawText(ScriptEngine.java:119)
	at com.kms.katalon.core.main.TestCaseExecutor.runScript(TestCaseExecutor.java:445)
	at com.kms.katalon.core.main.TestCaseExecutor.doExecute(TestCaseExecutor.java:436)
	at com.kms.katalon.core.main.TestCaseExecutor.processExecutionPhase(TestCaseExecutor.java:415)
	at com.kms.katalon.core.main.TestCaseExecutor.accessMainPhase(TestCaseExecutor.java:407)
	at com.kms.katalon.core.main.TestCaseExecutor.execute(TestCaseExecutor.java:284)
	at com.kms.katalon.core.common.CommonExecutor.accessTestCaseMainPhase(CommonExecutor.java:65)
	at com.kms.katalon.core.main.TestSuiteExecutor.accessTestSuiteMainPhase(TestSuiteExecutor.java:144)
	at com.kms.katalon.core.main.TestSuiteExecutor.execute(TestSuiteExecutor.java:106)
	at com.kms.katalon.core.main.TestCaseMain.startTestSuite(TestCaseMain.java:185)
	at com.kms.katalon.core.main.TestCaseMain$startTestSuite$0.call(Unknown Source)
	at TempTestSuite1653319818525.run(TempTestSuite1653319818525.groovy:36)
)
	at com.kms.katalon.core.keyword.internal.KeywordMain.stepFailed(KeywordMain.groovy:39)
	at com.kms.katalon.core.mobile.keyword.internal.MobileKeywordMain.stepFailed(MobileKeywordMain.groovy:40)
	at com.kms.katalon.core.mobile.keyword.internal.MobileKeywordMain.runKeyword(MobileKeywordMain.groovy:23)
	at com.kms.katalon.core.mobile.keyword.builtin.ToggleAirplaneModeKeyword.toggleAirplaneMode(ToggleAirplaneModeKeyword.groovy:51)
	at com.kms.katalon.core.mobile.keyword.builtin.ToggleAirplaneModeKeyword.execute(ToggleAirplaneModeKeyword.groovy:46)
	at com.kms.katalon.core.keyword.internal.KeywordExecutor.executeKeywordForPlatform(KeywordExecutor.groovy:74)
	at com.kms.katalon.core.mobile.keyword.MobileBuiltInKeywords.toggleAirplaneMode(MobileBuiltInKeywords.groovy:1167)
	at com.kms.katalon.core.mobile.keyword.MobileBuiltInKeywords$toggleAirplaneMode$3.call(Unknown Source)
	at 26 Falla de Conexión en la pantalla de Seguridad.run(26 Falla de Conexión en la pantalla de Seguridad:26)
	at com.kms.katalon.core.main.ScriptEngine.run(ScriptEngine.java:194)
	at com.kms.katalon.core.main.ScriptEngine.runScriptAsRawText(ScriptEngine.java:119)
	at com.kms.katalon.core.main.TestCaseExecutor.runScript(TestCaseExecutor.java:445)
	at com.kms.katalon.core.main.TestCaseExecutor.doExecute(TestCaseExecutor.java:436)
	at com.kms.katalon.core.main.TestCaseExecutor.processExecutionPhase(TestCaseExecutor.java:415)
	at com.kms.katalon.core.main.TestCaseExecutor.accessMainPhase(TestCaseExecutor.java:407)
	at com.kms.katalon.core.main.TestCaseExecutor.execute(TestCaseExecutor.java:284)
	at com.kms.katalon.core.common.CommonExecutor.accessTestCaseMainPhase(CommonExecutor.java:65)
	at com.kms.katalon.core.main.TestSuiteExecutor.accessTestSuiteMainPhase(TestSuiteExecutor.java:144)
	at com.kms.katalon.core.main.TestSuiteExecutor.execute(TestSuiteExecutor.java:106)
	at com.kms.katalon.core.main.TestCaseMain.startTestSuite(TestCaseMain.java:185)
	at com.kms.katalon.core.main.TestCaseMain$startTestSuite$0.call(Unknown Source)
	at TempTestSuite1653319818525.run(TempTestSuite1653319818525.groovy:36)
Caused by: org.openqa.selenium.WebDriverException: An unknown server-side error occurred while processing the command. Original error: Error executing adbExec. Original error: 'Command 'C:\\Users\\Jose_Arrieta\\AppData\\Local\\Android\\Sdk\\platform-tools\\adb.exe -P 5037 -s 06066331AX013408 shell am broadcast -a android.intent.action.AIRPLANE_MODE --ez state true' exited with code 255'; Command output: Security exception: Permission Denial: not allowed to send broadcast android.intent.action.AIRPLANE_MODE from pid=31083, uid=2000

java.lang.SecurityException: Permission Denial: not allowed to send broadcast android.intent.action.AIRPLANE_MODE from pid=31083, uid=2000
	at com.android.server.am.ActivityManagerService.broadcastIntentLocked(ActivityManagerService.java:16285)
	at com.android.server.am.ActivityManagerService.broadcastIntentLocked(ActivityManagerService.java:16151)
	at com.android.server.am.ActivityManagerService.broadcastIntent(ActivityManagerService.java:16984)
	at com.android.server.am.ActivityManagerShellCommand.runSendBroadcast(ActivityManagerShellCommand.java:768)
	at com.android.server.am.ActivityManagerShellCommand.onCommand(ActivityManagerShellCommand.java:192)
	at android.os.ShellCommand.exec(ShellCommand.java:104)
	at com.android.server.am.ActivityManagerService.onShellCommand(ActivityManagerService.java:10691)
	at android.os.Binder.shellCommand(Binder.java:884)
	at android.os.Binder.onTransact(Binder.java:768)
	at android.app.IActivityManager$Stub.onTransact(IActivityManager.java:4863)
	at com.android.server.am.ActivityManagerService.onTransact(ActivityManagerService.java:3101)
	at android.os.Binder.execTransactInternal(Binder.java:1038)
	at android.os.Binder.execTransact(Binder.java:997)

Build info: version: '3.141.59', revision: 'e82be7d358', time: '2018-11-14T08:25:53'
System info: host: 'JOSE-ARRIETA', ip: '192.168.0.103', os.name: 'Windows 10', os.arch: 'amd64', os.version: '10.0', java.version: '1.8.0_282'
Driver info: com.kms.katalon.core.appium.driver.SwipeableAndroidDriver
Capabilities {app: C:\Users\Jose_Arrieta\Deskt..., appPackage: com.verticalapps.KonyMobile..., autoGrantPermissions: true, automationName: uiautomator2, chromedriverPort: 61862, databaseEnabled: false, desired: {app: C:\Users\Jose_Arrieta\Deskt..., autoGrantPermissions: true, automationName: uiautomator2, chromedriverPort: 61862, deviceId: , deviceName: TECNO MOBILE LIMITED TECNO ..., fullReset: false, newCommandTimeout: 1800, noReset: true, platform: ANDROID, platformName: android, platformVersion: 10, systemPort: 60103, udid: 06066331AX013408}, deviceApiLevel: 29, deviceId: , deviceManufacturer: TECNO MOBILE LIMITED, deviceModel: TECNO KE5k, deviceName: 06066331AX013408, deviceScreenDensity: 320, deviceScreenSize: 720x1600, deviceUDID: 06066331AX013408, fullReset: false, javascriptEnabled: true, locationContextEnabled: false, networkConnectionEnabled: true, newCommandTimeout: 1800, noReset: true, pixelRatio: 2, platform: ANDROID, platformName: Android, platformVersion: 10, statBarHeight: 64, systemPort: 60103, takesScreenshot: true, udid: 06066331AX013408, viewportRect: {height: 1376, left: 0, top: 64, width: 720}, warnings: {}, webStorageEnabled: false}
Session ID: 681c2dc9-f785-49d5-9305-c826d413f2de
	at org.openqa.selenium.remote.http.W3CHttpResponseCodec.createException(W3CHttpResponseCodec.java:187)
	at org.openqa.selenium.remote.http.W3CHttpResponseCodec.decode(W3CHttpResponseCodec.java:122)
	at org.openqa.selenium.remote.http.W3CHttpResponseCodec.decode(W3CHttpResponseCodec.java:49)
	at org.openqa.selenium.remote.HttpCommandExecutor.execute(HttpCommandExecutor.java:158)
	at io.appium.java_client.remote.AppiumCommandExecutor.execute(AppiumCommandExecutor.java:239)
	at org.openqa.selenium.remote.RemoteWebDriver.execute(RemoteWebDriver.java:552)
	at io.appium.java_client.DefaultGenericMobileDriver.execute(DefaultGenericMobileDriver.java:42)
	at io.appium.java_client.AppiumDriver.execute(AppiumDriver.java:1)
	at io.appium.java_client.android.AndroidDriver.execute(AndroidDriver.java:1)
	at com.kms.katalon.core.appium.driver.SwipeableAndroidDriver.execute(SwipeableAndroidDriver.java:1)
	at io.appium.java_client.CommandExecutionHelper.execute(CommandExecutionHelper.java:27)
	at io.appium.java_client.android.connection.HasNetworkConnection.setConnection(HasNetworkConnection.java:34)
	at com.kms.katalon.core.mobile.keyword.builtin.ToggleAirplaneModeKeyword$_toggleAirplaneMode_closure1.doCall(ToggleAirplaneModeKeyword.groovy:64)
	at com.kms.katalon.core.mobile.keyword.builtin.ToggleAirplaneModeKeyword$_toggleAirplaneMode_closure1.call(ToggleAirplaneModeKeyword.groovy)
	at com.kms.katalon.core.mobile.keyword.internal.MobileKeywordMain.runKeyword(MobileKeywordMain.groovy:21)
	... 19 more
"/>
         <system-out><![CDATA[2022-05-23 11:35:26 - [TEST_CASE][FAILED] - Test Cases/Sprint 1/02HU-Soporte/26 Falla de Conexión en la pantalla de Seguridad: Test Cases/Sprint 1/02HU-Soporte/26 Falla de Conexión en la pantalla de Seguridad FAILED.
Reason:
com.kms.katalon.core.exception.StepFailedException: Cannot toogle airplane mode (Root cause: org.openqa.selenium.WebDriverException: An unknown server-side error occurred while processing the command. Original error: Error executing adbExec. Original error: 'Command 'C:\\Users\\Jose_Arrieta\\AppData\\Local\\Android\\Sdk\\platform-tools\\adb.exe -P 5037 -s 06066331AX013408 shell am broadcast -a android.intent.action.AIRPLANE_MODE --ez state true' exited with code 255'; Command output: Security exception: Permission Denial: not allowed to send broadcast android.intent.action.AIRPLANE_MODE from pid=31083, uid=2000

java.lang.SecurityException: Permission Denial: not allowed to send broadcast android.intent.action.AIRPLANE_MODE from pid=31083, uid=2000
	at com.android.server.am.ActivityManagerService.broadcastIntentLocked(ActivityManagerService.java:16285)
	at com.android.server.am.ActivityManagerService.broadcastIntentLocked(ActivityManagerService.java:16151)
	at com.android.server.am.ActivityManagerService.broadcastIntent(ActivityManagerService.java:16984)
	at com.android.server.am.ActivityManagerShellCommand.runSendBroadcast(ActivityManagerShellCommand.java:768)
	at com.android.server.am.ActivityManagerShellCommand.onCommand(ActivityManagerShellCommand.java:192)
	at android.os.ShellCommand.exec(ShellCommand.java:104)
	at com.android.server.am.ActivityManagerService.onShellCommand(ActivityManagerService.java:10691)
	at android.os.Binder.shellCommand(Binder.java:884)
	at android.os.Binder.onTransact(Binder.java:768)
	at android.app.IActivityManager$Stub.onTransact(IActivityManager.java:4863)
	at com.android.server.am.ActivityManagerService.onTransact(ActivityManagerService.java:3101)
	at android.os.Binder.execTransactInternal(Binder.java:1038)
	at android.os.Binder.execTransact(Binder.java:997)

Build info: version: '3.141.59', revision: 'e82be7d358', time: '2018-11-14T08:25:53'
System info: host: 'JOSE-ARRIETA', ip: '192.168.0.103', os.name: 'Windows 10', os.arch: 'amd64', os.version: '10.0', java.version: '1.8.0_282'
Driver info: com.kms.katalon.core.appium.driver.SwipeableAndroidDriver
Capabilities {app: C:\Users\Jose_Arrieta\Deskt..., appPackage: com.verticalapps.KonyMobile..., autoGrantPermissions: true, automationName: uiautomator2, chromedriverPort: 61862, databaseEnabled: false, desired: {app: C:\Users\Jose_Arrieta\Deskt..., autoGrantPermissions: true, automationName: uiautomator2, chromedriverPort: 61862, deviceId: , deviceName: TECNO MOBILE LIMITED TECNO ..., fullReset: false, newCommandTimeout: 1800, noReset: true, platform: ANDROID, platformName: android, platformVersion: 10, systemPort: 60103, udid: 06066331AX013408}, deviceApiLevel: 29, deviceId: , deviceManufacturer: TECNO MOBILE LIMITED, deviceModel: TECNO KE5k, deviceName: 06066331AX013408, deviceScreenDensity: 320, deviceScreenSize: 720x1600, deviceUDID: 06066331AX013408, fullReset: false, javascriptEnabled: true, locationContextEnabled: false, networkConnectionEnabled: true, newCommandTimeout: 1800, noReset: true, pixelRatio: 2, platform: ANDROID, platformName: Android, platformVersion: 10, statBarHeight: 64, systemPort: 60103, takesScreenshot: true, udid: 06066331AX013408, viewportRect: {height: 1376, left: 0, top: 64, width: 720}, warnings: {}, webStorageEnabled: false}
Session ID: 681c2dc9-f785-49d5-9305-c826d413f2de
	at org.openqa.selenium.remote.http.W3CHttpResponseCodec.createException(W3CHttpResponseCodec.java:187)
	at org.openqa.selenium.remote.http.W3CHttpResponseCodec.decode(W3CHttpResponseCodec.java:122)
	at org.openqa.selenium.remote.http.W3CHttpResponseCodec.decode(W3CHttpResponseCodec.java:49)
	at org.openqa.selenium.remote.HttpCommandExecutor.execute(HttpCommandExecutor.java:158)
	at io.appium.java_client.remote.AppiumCommandExecutor.execute(AppiumCommandExecutor.java:239)
	at org.openqa.selenium.remote.RemoteWebDriver.execute(RemoteWebDriver.java:552)
	at io.appium.java_client.DefaultGenericMobileDriver.execute(DefaultGenericMobileDriver.java:42)
	at io.appium.java_client.AppiumDriver.execute(AppiumDriver.java:1)
	at io.appium.java_client.android.AndroidDriver.execute(AndroidDriver.java:1)
	at com.kms.katalon.core.appium.driver.SwipeableAndroidDriver.execute(SwipeableAndroidDriver.java:1)
	at io.appium.java_client.CommandExecutionHelper.execute(CommandExecutionHelper.java:27)
	at io.appium.java_client.android.connection.HasNetworkConnection.setConnection(HasNetworkConnection.java:34)
	at com.kms.katalon.core.mobile.keyword.builtin.ToggleAirplaneModeKeyword$_toggleAirplaneMode_closure1.doCall(ToggleAirplaneModeKeyword.groovy:64)
	at com.kms.katalon.core.mobile.keyword.builtin.ToggleAirplaneModeKeyword$_toggleAirplaneMode_closure1.call(ToggleAirplaneModeKeyword.groovy)
	at com.kms.katalon.core.mobile.keyword.internal.MobileKeywordMain.runKeyword(MobileKeywordMain.groovy:21)
	at com.kms.katalon.core.mobile.keyword.builtin.ToggleAirplaneModeKeyword.toggleAirplaneMode(ToggleAirplaneModeKeyword.groovy:51)
	at com.kms.katalon.core.mobile.keyword.builtin.ToggleAirplaneModeKeyword.execute(ToggleAirplaneModeKeyword.groovy:46)
	at com.kms.katalon.core.keyword.internal.KeywordExecutor.executeKeywordForPlatform(KeywordExecutor.groovy:74)
	at com.kms.katalon.core.mobile.keyword.MobileBuiltInKeywords.toggleAirplaneMode(MobileBuiltInKeywords.groovy:1167)
	at com.kms.katalon.core.mobile.keyword.MobileBuiltInKeywords$toggleAirplaneMode$3.call(Unknown Source)
	at 26 Falla de Conexión en la pantalla de Seguridad.run(26 Falla de Conexión en la pantalla de Seguridad:26)
	at com.kms.katalon.core.main.ScriptEngine.run(ScriptEngine.java:194)
	at com.kms.katalon.core.main.ScriptEngine.runScriptAsRawText(ScriptEngine.java:119)
	at com.kms.katalon.core.main.TestCaseExecutor.runScript(TestCaseExecutor.java:445)
	at com.kms.katalon.core.main.TestCaseExecutor.doExecute(TestCaseExecutor.java:436)
	at com.kms.katalon.core.main.TestCaseExecutor.processExecutionPhase(TestCaseExecutor.java:415)
	at com.kms.katalon.core.main.TestCaseExecutor.accessMainPhase(TestCaseExecutor.java:407)
	at com.kms.katalon.core.main.TestCaseExecutor.execute(TestCaseExecutor.java:284)
	at com.kms.katalon.core.common.CommonExecutor.accessTestCaseMainPhase(CommonExecutor.java:65)
	at com.kms.katalon.core.main.TestSuiteExecutor.accessTestSuiteMainPhase(TestSuiteExecutor.java:144)
	at com.kms.katalon.core.main.TestSuiteExecutor.execute(TestSuiteExecutor.java:106)
	at com.kms.katalon.core.main.TestCaseMain.startTestSuite(TestCaseMain.java:185)
	at com.kms.katalon.core.main.TestCaseMain$startTestSuite$0.call(Unknown Source)
	at TempTestSuite1653319818525.run(TempTestSuite1653319818525.groovy:36)
)
	at com.kms.katalon.core.keyword.internal.KeywordMain.stepFailed(KeywordMain.groovy:39)
	at com.kms.katalon.core.mobile.keyword.internal.MobileKeywordMain.stepFailed(MobileKeywordMain.groovy:40)
	at com.kms.katalon.core.mobile.keyword.internal.MobileKeywordMain.runKeyword(MobileKeywordMain.groovy:23)
	at com.kms.katalon.core.mobile.keyword.builtin.ToggleAirplaneModeKeyword.toggleAirplaneMode(ToggleAirplaneModeKeyword.groovy:51)
	at com.kms.katalon.core.mobile.keyword.builtin.ToggleAirplaneModeKeyword.execute(ToggleAirplaneModeKeyword.groovy:46)
	at com.kms.katalon.core.keyword.internal.KeywordExecutor.executeKeywordForPlatform(KeywordExecutor.groovy:74)
	at com.kms.katalon.core.mobile.keyword.MobileBuiltInKeywords.toggleAirplaneMode(MobileBuiltInKeywords.groovy:1167)
	at com.kms.katalon.core.mobile.keyword.MobileBuiltInKeywords$toggleAirplaneMode$3.call(Unknown Source)
	at 26 Falla de Conexión en la pantalla de Seguridad.run(26 Falla de Conexión en la pantalla de Seguridad:26)
	at com.kms.katalon.core.main.ScriptEngine.run(ScriptEngine.java:194)
	at com.kms.katalon.core.main.ScriptEngine.runScriptAsRawText(ScriptEngine.java:119)
	at com.kms.katalon.core.main.TestCaseExecutor.runScript(TestCaseExecutor.java:445)
	at com.kms.katalon.core.main.TestCaseExecutor.doExecute(TestCaseExecutor.java:436)
	at com.kms.katalon.core.main.TestCaseExecutor.processExecutionPhase(TestCaseExecutor.java:415)
	at com.kms.katalon.core.main.TestCaseExecutor.accessMainPhase(TestCaseExecutor.java:407)
	at com.kms.katalon.core.main.TestCaseExecutor.execute(TestCaseExecutor.java:284)
	at com.kms.katalon.core.common.CommonExecutor.accessTestCaseMainPhase(CommonExecutor.java:65)
	at com.kms.katalon.core.main.TestSuiteExecutor.accessTestSuiteMainPhase(TestSuiteExecutor.java:144)
	at com.kms.katalon.core.main.TestSuiteExecutor.execute(TestSuiteExecutor.java:106)
	at com.kms.katalon.core.main.TestCaseMain.startTestSuite(TestCaseMain.java:185)
	at com.kms.katalon.core.main.TestCaseMain$startTestSuite$0.call(Unknown Source)
	at TempTestSuite1653319818525.run(TempTestSuite1653319818525.groovy:36)
Caused by: org.openqa.selenium.WebDriverException: An unknown server-side error occurred while processing the command. Original error: Error executing adbExec. Original error: 'Command 'C:\\Users\\Jose_Arrieta\\AppData\\Local\\Android\\Sdk\\platform-tools\\adb.exe -P 5037 -s 06066331AX013408 shell am broadcast -a android.intent.action.AIRPLANE_MODE --ez state true' exited with code 255'; Command output: Security exception: Permission Denial: not allowed to send broadcast android.intent.action.AIRPLANE_MODE from pid=31083, uid=2000

java.lang.SecurityException: Permission Denial: not allowed to send broadcast android.intent.action.AIRPLANE_MODE from pid=31083, uid=2000
	at com.android.server.am.ActivityManagerService.broadcastIntentLocked(ActivityManagerService.java:16285)
	at com.android.server.am.ActivityManagerService.broadcastIntentLocked(ActivityManagerService.java:16151)
	at com.android.server.am.ActivityManagerService.broadcastIntent(ActivityManagerService.java:16984)
	at com.android.server.am.ActivityManagerShellCommand.runSendBroadcast(ActivityManagerShellCommand.java:768)
	at com.android.server.am.ActivityManagerShellCommand.onCommand(ActivityManagerShellCommand.java:192)
	at android.os.ShellCommand.exec(ShellCommand.java:104)
	at com.android.server.am.ActivityManagerService.onShellCommand(ActivityManagerService.java:10691)
	at android.os.Binder.shellCommand(Binder.java:884)
	at android.os.Binder.onTransact(Binder.java:768)
	at android.app.IActivityManager$Stub.onTransact(IActivityManager.java:4863)
	at com.android.server.am.ActivityManagerService.onTransact(ActivityManagerService.java:3101)
	at android.os.Binder.execTransactInternal(Binder.java:1038)
	at android.os.Binder.execTransact(Binder.java:997)

Build info: version: '3.141.59', revision: 'e82be7d358', time: '2018-11-14T08:25:53'
System info: host: 'JOSE-ARRIETA', ip: '192.168.0.103', os.name: 'Windows 10', os.arch: 'amd64', os.version: '10.0', java.version: '1.8.0_282'
Driver info: com.kms.katalon.core.appium.driver.SwipeableAndroidDriver
Capabilities {app: C:\Users\Jose_Arrieta\Deskt..., appPackage: com.verticalapps.KonyMobile..., autoGrantPermissions: true, automationName: uiautomator2, chromedriverPort: 61862, databaseEnabled: false, desired: {app: C:\Users\Jose_Arrieta\Deskt..., autoGrantPermissions: true, automationName: uiautomator2, chromedriverPort: 61862, deviceId: , deviceName: TECNO MOBILE LIMITED TECNO ..., fullReset: false, newCommandTimeout: 1800, noReset: true, platform: ANDROID, platformName: android, platformVersion: 10, systemPort: 60103, udid: 06066331AX013408}, deviceApiLevel: 29, deviceId: , deviceManufacturer: TECNO MOBILE LIMITED, deviceModel: TECNO KE5k, deviceName: 06066331AX013408, deviceScreenDensity: 320, deviceScreenSize: 720x1600, deviceUDID: 06066331AX013408, fullReset: false, javascriptEnabled: true, locationContextEnabled: false, networkConnectionEnabled: true, newCommandTimeout: 1800, noReset: true, pixelRatio: 2, platform: ANDROID, platformName: Android, platformVersion: 10, statBarHeight: 64, systemPort: 60103, takesScreenshot: true, udid: 06066331AX013408, viewportRect: {height: 1376, left: 0, top: 64, width: 720}, warnings: {}, webStorageEnabled: false}
Session ID: 681c2dc9-f785-49d5-9305-c826d413f2de
	at org.openqa.selenium.remote.http.W3CHttpResponseCodec.createException(W3CHttpResponseCodec.java:187)
	at org.openqa.selenium.remote.http.W3CHttpResponseCodec.decode(W3CHttpResponseCodec.java:122)
	at org.openqa.selenium.remote.http.W3CHttpResponseCodec.decode(W3CHttpResponseCodec.java:49)
	at org.openqa.selenium.remote.HttpCommandExecutor.execute(HttpCommandExecutor.java:158)
	at io.appium.java_client.remote.AppiumCommandExecutor.execute(AppiumCommandExecutor.java:239)
	at org.openqa.selenium.remote.RemoteWebDriver.execute(RemoteWebDriver.java:552)
	at io.appium.java_client.DefaultGenericMobileDriver.execute(DefaultGenericMobileDriver.java:42)
	at io.appium.java_client.AppiumDriver.execute(AppiumDriver.java:1)
	at io.appium.java_client.android.AndroidDriver.execute(AndroidDriver.java:1)
	at com.kms.katalon.core.appium.driver.SwipeableAndroidDriver.execute(SwipeableAndroidDriver.java:1)
	at io.appium.java_client.CommandExecutionHelper.execute(CommandExecutionHelper.java:27)
	at io.appium.java_client.android.connection.HasNetworkConnection.setConnection(HasNetworkConnection.java:34)
	at com.kms.katalon.core.mobile.keyword.builtin.ToggleAirplaneModeKeyword$_toggleAirplaneMode_closure1.doCall(ToggleAirplaneModeKeyword.groovy:64)
	at com.kms.katalon.core.mobile.keyword.builtin.ToggleAirplaneModeKeyword$_toggleAirplaneMode_closure1.call(ToggleAirplaneModeKeyword.groovy)
	at com.kms.katalon.core.mobile.keyword.internal.MobileKeywordMain.runKeyword(MobileKeywordMain.groovy:21)
	... 19 more


2022-05-23 11:35:26 - [TEST_STEP][PASSED] - startApplication(APKjose, false): Started app at: 'C:\Users\Jose_Arrieta\Desktop\JA\Proyectos\Automatizacion de pruebas\APK para inicio\crtopyinfinitymobilebanking-release (8).apk'

2022-05-23 11:35:26 - [MESSAGE][INFO] - User set preference: ['deviceId', '']

2022-05-23 11:35:40 - [MESSAGE][PASSED] - Started app at: 'C:\Users\Jose_Arrieta\Desktop\JA\Proyectos\Automatizacion de pruebas\APK para inicio\crtopyinfinitymobilebanking-release (8).apk'

2022-05-23 11:35:40 - [TEST_STEP][PASSED] - delay(10, CONTINUE_ON_FAILURE): Delayed 10 second(s)

2022-05-23 11:35:50 - [MESSAGE][PASSED] - Delayed 10 second(s)

2022-05-23 11:35:50 - [TEST_STEP][PASSED] - tap(findTestObject("Sprint 1/Soporte/android.widget.Button - Soporte pantalla de inicio"), 0): Tapped on element 'Object Repository/Sprint 1/Soporte/android.widget.Button - Soporte pantalla de inicio'

2022-05-23 11:35:50 - [MESSAGE][WARNING] - Timeout '0' is invalid. Using default page load timeout: '30'

2022-05-23 11:35:53 - [MESSAGE][PASSED] - Tapped on element 'Object Repository/Sprint 1/Soporte/android.widget.Button - Soporte pantalla de inicio'

2022-05-23 11:35:53 - [TEST_STEP][FAILED] - toggleAirplaneMode("yes", CONTINUE_ON_FAILURE): Cannot toogle airplane mode (Root cause: org.openqa.selenium.WebDriverException: An unknown server-side error occurred while processing the command. Original error: Error executing adbExec. Original error: 'Command 'C:\\Users\\Jose_Arrieta\\AppData\\Local\\Android\\Sdk\\platform-tools\\adb.exe -P 5037 -s 06066331AX013408 shell am broadcast -a android.intent.action.AIRPLANE_MODE --ez state true' exited with code 255'; Command output: Security exception: Permission Denial: not allowed to send broadcast android.intent.action.AIRPLANE_MODE from pid=31083, uid=2000

java.lang.SecurityException: Permission Denial: not allowed to send broadcast android.intent.action.AIRPLANE_MODE from pid=31083, uid=2000
	at com.android.server.am.ActivityManagerService.broadcastIntentLocked(ActivityManagerService.java:16285)
	at com.android.server.am.ActivityManagerService.broadcastIntentLocked(ActivityManagerService.java:16151)
	at com.android.server.am.ActivityManagerService.broadcastIntent(ActivityManagerService.java:16984)
	at com.android.server.am.ActivityManagerShellCommand.runSendBroadcast(ActivityManagerShellCommand.java:768)
	at com.android.server.am.ActivityManagerShellCommand.onCommand(ActivityManagerShellCommand.java:192)
	at android.os.ShellCommand.exec(ShellCommand.java:104)
	at com.android.server.am.ActivityManagerService.onShellCommand(ActivityManagerService.java:10691)
	at android.os.Binder.shellCommand(Binder.java:884)
	at android.os.Binder.onTransact(Binder.java:768)
	at android.app.IActivityManager$Stub.onTransact(IActivityManager.java:4863)
	at com.android.server.am.ActivityManagerService.onTransact(ActivityManagerService.java:3101)
	at android.os.Binder.execTransactInternal(Binder.java:1038)
	at android.os.Binder.execTransact(Binder.java:997)

Build info: version: '3.141.59', revision: 'e82be7d358', time: '2018-11-14T08:25:53'
System info: host: 'JOSE-ARRIETA', ip: '192.168.0.103', os.name: 'Windows 10', os.arch: 'amd64', os.version: '10.0', java.version: '1.8.0_282'
Driver info: com.kms.katalon.core.appium.driver.SwipeableAndroidDriver
Capabilities {app: C:\Users\Jose_Arrieta\Deskt..., appPackage: com.verticalapps.KonyMobile..., autoGrantPermissions: true, automationName: uiautomator2, chromedriverPort: 61862, databaseEnabled: false, desired: {app: C:\Users\Jose_Arrieta\Deskt..., autoGrantPermissions: true, automationName: uiautomator2, chromedriverPort: 61862, deviceId: , deviceName: TECNO MOBILE LIMITED TECNO ..., fullReset: false, newCommandTimeout: 1800, noReset: true, platform: ANDROID, platformName: android, platformVersion: 10, systemPort: 60103, udid: 06066331AX013408}, deviceApiLevel: 29, deviceId: , deviceManufacturer: TECNO MOBILE LIMITED, deviceModel: TECNO KE5k, deviceName: 06066331AX013408, deviceScreenDensity: 320, deviceScreenSize: 720x1600, deviceUDID: 06066331AX013408, fullReset: false, javascriptEnabled: true, locationContextEnabled: false, networkConnectionEnabled: true, newCommandTimeout: 1800, noReset: true, pixelRatio: 2, platform: ANDROID, platformName: Android, platformVersion: 10, statBarHeight: 64, systemPort: 60103, takesScreenshot: true, udid: 06066331AX013408, viewportRect: {height: 1376, left: 0, top: 64, width: 720}, warnings: {}, webStorageEnabled: false}
Session ID: 681c2dc9-f785-49d5-9305-c826d413f2de
	at org.openqa.selenium.remote.http.W3CHttpResponseCodec.createException(W3CHttpResponseCodec.java:187)
	at org.openqa.selenium.remote.http.W3CHttpResponseCodec.decode(W3CHttpResponseCodec.java:122)
	at org.openqa.selenium.remote.http.W3CHttpResponseCodec.decode(W3CHttpResponseCodec.java:49)
	at org.openqa.selenium.remote.HttpCommandExecutor.execute(HttpCommandExecutor.java:158)
	at io.appium.java_client.remote.AppiumCommandExecutor.execute(AppiumCommandExecutor.java:239)
	at org.openqa.selenium.remote.RemoteWebDriver.execute(RemoteWebDriver.java:552)
	at io.appium.java_client.DefaultGenericMobileDriver.execute(DefaultGenericMobileDriver.java:42)
	at io.appium.java_client.AppiumDriver.execute(AppiumDriver.java:1)
	at io.appium.java_client.android.AndroidDriver.execute(AndroidDriver.java:1)
	at com.kms.katalon.core.appium.driver.SwipeableAndroidDriver.execute(SwipeableAndroidDriver.java:1)
	at io.appium.java_client.CommandExecutionHelper.execute(CommandExecutionHelper.java:27)
	at io.appium.java_client.android.connection.HasNetworkConnection.setConnection(HasNetworkConnection.java:34)
	at com.kms.katalon.core.mobile.keyword.builtin.ToggleAirplaneModeKeyword$_toggleAirplaneMode_closure1.doCall(ToggleAirplaneModeKeyword.groovy:64)
	at com.kms.katalon.core.mobile.keyword.builtin.ToggleAirplaneModeKeyword$_toggleAirplaneMode_closure1.call(ToggleAirplaneModeKeyword.groovy)
	at com.kms.katalon.core.mobile.keyword.internal.MobileKeywordMain.runKeyword(MobileKeywordMain.groovy:21)
	at com.kms.katalon.core.mobile.keyword.builtin.ToggleAirplaneModeKeyword.toggleAirplaneMode(ToggleAirplaneModeKeyword.groovy:51)
	at com.kms.katalon.core.mobile.keyword.builtin.ToggleAirplaneModeKeyword.execute(ToggleAirplaneModeKeyword.groovy:46)
	at com.kms.katalon.core.keyword.internal.KeywordExecutor.executeKeywordForPlatform(KeywordExecutor.groovy:74)
	at com.kms.katalon.core.mobile.keyword.MobileBuiltInKeywords.toggleAirplaneMode(MobileBuiltInKeywords.groovy:1167)
	at com.kms.katalon.core.mobile.keyword.MobileBuiltInKeywords$toggleAirplaneMode$3.call(Unknown Source)
	at 26 Falla de Conexión en la pantalla de Seguridad.run(26 Falla de Conexión en la pantalla de Seguridad:26)
	at com.kms.katalon.core.main.ScriptEngine.run(ScriptEngine.java:194)
	at com.kms.katalon.core.main.ScriptEngine.runScriptAsRawText(ScriptEngine.java:119)
	at com.kms.katalon.core.main.TestCaseExecutor.runScript(TestCaseExecutor.java:445)
	at com.kms.katalon.core.main.TestCaseExecutor.doExecute(TestCaseExecutor.java:436)
	at com.kms.katalon.core.main.TestCaseExecutor.processExecutionPhase(TestCaseExecutor.java:415)
	at com.kms.katalon.core.main.TestCaseExecutor.accessMainPhase(TestCaseExecutor.java:407)
	at com.kms.katalon.core.main.TestCaseExecutor.execute(TestCaseExecutor.java:284)
	at com.kms.katalon.core.common.CommonExecutor.accessTestCaseMainPhase(CommonExecutor.java:65)
	at com.kms.katalon.core.main.TestSuiteExecutor.accessTestSuiteMainPhase(TestSuiteExecutor.java:144)
	at com.kms.katalon.core.main.TestSuiteExecutor.execute(TestSuiteExecutor.java:106)
	at com.kms.katalon.core.main.TestCaseMain.startTestSuite(TestCaseMain.java:185)
	at com.kms.katalon.core.main.TestCaseMain$startTestSuite$0.call(Unknown Source)
	at TempTestSuite1653319818525.run(TempTestSuite1653319818525.groovy:36)
)

2022-05-23 11:35:54 - [MESSAGE][FAILED] - Cannot toogle airplane mode (Root cause: org.openqa.selenium.WebDriverException: An unknown server-side error occurred while processing the command. Original error: Error executing adbExec. Original error: 'Command 'C:\\Users\\Jose_Arrieta\\AppData\\Local\\Android\\Sdk\\platform-tools\\adb.exe -P 5037 -s 06066331AX013408 shell am broadcast -a android.intent.action.AIRPLANE_MODE --ez state true' exited with code 255'; Command output: Security exception: Permission Denial: not allowed to send broadcast android.intent.action.AIRPLANE_MODE from pid=31083, uid=2000

java.lang.SecurityException: Permission Denial: not allowed to send broadcast android.intent.action.AIRPLANE_MODE from pid=31083, uid=2000
	at com.android.server.am.ActivityManagerService.broadcastIntentLocked(ActivityManagerService.java:16285)
	at com.android.server.am.ActivityManagerService.broadcastIntentLocked(ActivityManagerService.java:16151)
	at com.android.server.am.ActivityManagerService.broadcastIntent(ActivityManagerService.java:16984)
	at com.android.server.am.ActivityManagerShellCommand.runSendBroadcast(ActivityManagerShellCommand.java:768)
	at com.android.server.am.ActivityManagerShellCommand.onCommand(ActivityManagerShellCommand.java:192)
	at android.os.ShellCommand.exec(ShellCommand.java:104)
	at com.android.server.am.ActivityManagerService.onShellCommand(ActivityManagerService.java:10691)
	at android.os.Binder.shellCommand(Binder.java:884)
	at android.os.Binder.onTransact(Binder.java:768)
	at android.app.IActivityManager$Stub.onTransact(IActivityManager.java:4863)
	at com.android.server.am.ActivityManagerService.onTransact(ActivityManagerService.java:3101)
	at android.os.Binder.execTransactInternal(Binder.java:1038)
	at android.os.Binder.execTransact(Binder.java:997)

Build info: version: '3.141.59', revision: 'e82be7d358', time: '2018-11-14T08:25:53'
System info: host: 'JOSE-ARRIETA', ip: '192.168.0.103', os.name: 'Windows 10', os.arch: 'amd64', os.version: '10.0', java.version: '1.8.0_282'
Driver info: com.kms.katalon.core.appium.driver.SwipeableAndroidDriver
Capabilities {app: C:\Users\Jose_Arrieta\Deskt..., appPackage: com.verticalapps.KonyMobile..., autoGrantPermissions: true, automationName: uiautomator2, chromedriverPort: 61862, databaseEnabled: false, desired: {app: C:\Users\Jose_Arrieta\Deskt..., autoGrantPermissions: true, automationName: uiautomator2, chromedriverPort: 61862, deviceId: , deviceName: TECNO MOBILE LIMITED TECNO ..., fullReset: false, newCommandTimeout: 1800, noReset: true, platform: ANDROID, platformName: android, platformVersion: 10, systemPort: 60103, udid: 06066331AX013408}, deviceApiLevel: 29, deviceId: , deviceManufacturer: TECNO MOBILE LIMITED, deviceModel: TECNO KE5k, deviceName: 06066331AX013408, deviceScreenDensity: 320, deviceScreenSize: 720x1600, deviceUDID: 06066331AX013408, fullReset: false, javascriptEnabled: true, locationContextEnabled: false, networkConnectionEnabled: true, newCommandTimeout: 1800, noReset: true, pixelRatio: 2, platform: ANDROID, platformName: Android, platformVersion: 10, statBarHeight: 64, systemPort: 60103, takesScreenshot: true, udid: 06066331AX013408, viewportRect: {height: 1376, left: 0, top: 64, width: 720}, warnings: {}, webStorageEnabled: false}
Session ID: 681c2dc9-f785-49d5-9305-c826d413f2de
	at org.openqa.selenium.remote.http.W3CHttpResponseCodec.createException(W3CHttpResponseCodec.java:187)
	at org.openqa.selenium.remote.http.W3CHttpResponseCodec.decode(W3CHttpResponseCodec.java:122)
	at org.openqa.selenium.remote.http.W3CHttpResponseCodec.decode(W3CHttpResponseCodec.java:49)
	at org.openqa.selenium.remote.HttpCommandExecutor.execute(HttpCommandExecutor.java:158)
	at io.appium.java_client.remote.AppiumCommandExecutor.execute(AppiumCommandExecutor.java:239)
	at org.openqa.selenium.remote.RemoteWebDriver.execute(RemoteWebDriver.java:552)
	at io.appium.java_client.DefaultGenericMobileDriver.execute(DefaultGenericMobileDriver.java:42)
	at io.appium.java_client.AppiumDriver.execute(AppiumDriver.java:1)
	at io.appium.java_client.android.AndroidDriver.execute(AndroidDriver.java:1)
	at com.kms.katalon.core.appium.driver.SwipeableAndroidDriver.execute(SwipeableAndroidDriver.java:1)
	at io.appium.java_client.CommandExecutionHelper.execute(CommandExecutionHelper.java:27)
	at io.appium.java_client.android.connection.HasNetworkConnection.setConnection(HasNetworkConnection.java:34)
	at com.kms.katalon.core.mobile.keyword.builtin.ToggleAirplaneModeKeyword$_toggleAirplaneMode_closure1.doCall(ToggleAirplaneModeKeyword.groovy:64)
	at com.kms.katalon.core.mobile.keyword.builtin.ToggleAirplaneModeKeyword$_toggleAirplaneMode_closure1.call(ToggleAirplaneModeKeyword.groovy)
	at com.kms.katalon.core.mobile.keyword.internal.MobileKeywordMain.runKeyword(MobileKeywordMain.groovy:21)
	at com.kms.katalon.core.mobile.keyword.builtin.ToggleAirplaneModeKeyword.toggleAirplaneMode(ToggleAirplaneModeKeyword.groovy:51)
	at com.kms.katalon.core.mobile.keyword.builtin.ToggleAirplaneModeKeyword.execute(ToggleAirplaneModeKeyword.groovy:46)
	at com.kms.katalon.core.keyword.internal.KeywordExecutor.executeKeywordForPlatform(KeywordExecutor.groovy:74)
	at com.kms.katalon.core.mobile.keyword.MobileBuiltInKeywords.toggleAirplaneMode(MobileBuiltInKeywords.groovy:1167)
	at com.kms.katalon.core.mobile.keyword.MobileBuiltInKeywords$toggleAirplaneMode$3.call(Unknown Source)
	at 26 Falla de Conexión en la pantalla de Seguridad.run(26 Falla de Conexión en la pantalla de Seguridad:26)
	at com.kms.katalon.core.main.ScriptEngine.run(ScriptEngine.java:194)
	at com.kms.katalon.core.main.ScriptEngine.runScriptAsRawText(ScriptEngine.java:119)
	at com.kms.katalon.core.main.TestCaseExecutor.runScript(TestCaseExecutor.java:445)
	at com.kms.katalon.core.main.TestCaseExecutor.doExecute(TestCaseExecutor.java:436)
	at com.kms.katalon.core.main.TestCaseExecutor.processExecutionPhase(TestCaseExecutor.java:415)
	at com.kms.katalon.core.main.TestCaseExecutor.accessMainPhase(TestCaseExecutor.java:407)
	at com.kms.katalon.core.main.TestCaseExecutor.execute(TestCaseExecutor.java:284)
	at com.kms.katalon.core.common.CommonExecutor.accessTestCaseMainPhase(CommonExecutor.java:65)
	at com.kms.katalon.core.main.TestSuiteExecutor.accessTestSuiteMainPhase(TestSuiteExecutor.java:144)
	at com.kms.katalon.core.main.TestSuiteExecutor.execute(TestSuiteExecutor.java:106)
	at com.kms.katalon.core.main.TestCaseMain.startTestSuite(TestCaseMain.java:185)
	at com.kms.katalon.core.main.TestCaseMain$startTestSuite$0.call(Unknown Source)
	at TempTestSuite1653319818525.run(TempTestSuite1653319818525.groovy:36)
)
[[ATTACHMENT|C:\\Users\\Jose_Arrieta\\git\\UENO-App-Android\\UENO-App-Android\\Reports\\20220523_113018\\Sprint 1\\02 HU- Soporte\\20220523_113018\\1653320154126.png]]

2022-05-23 11:35:54 - [TEST_STEP][PASSED] - tap(findTestObject("Sprint 1/Soporte/android.widget.TextView - Seguridad"), 0): Tapped on element 'Object Repository/Sprint 1/Soporte/android.widget.TextView - Seguridad'

2022-05-23 11:35:55 - [MESSAGE][WARNING] - Timeout '0' is invalid. Using default page load timeout: '30'

2022-05-23 11:35:55 - [MESSAGE][PASSED] - Tapped on element 'Object Repository/Sprint 1/Soporte/android.widget.TextView - Seguridad'

2022-05-23 11:35:55 - [TEST_STEP][FAILED] - Falladeconexion = getText(findTestObject("Sprint 1/Soporte/android.widget.TextView - Ups Hubo una falla en la conexin. Por favor, verific y prob de nuevo"), 0): Object Object Repository/Sprint 1/Soporte/android.widget.TextView - Ups Hubo una falla en la conexin. Por favor, verific y prob de nuevo not found

2022-05-23 11:35:55 - [MESSAGE][WARNING] - Timeout '0' is invalid. Using default page load timeout: '30'

2022-05-23 11:36:25 - [MESSAGE][FAILED] - Object Object Repository/Sprint 1/Soporte/android.widget.TextView - Ups Hubo una falla en la conexin. Por favor, verific y prob de nuevo not found

2022-05-23 11:36:25 - [TEST_STEP][FAILED] - verifyEqual(Falladeconexion, "Ups! Hubo una falla en la conexión. Por favor, verificá y probá de nuevo."): Unable to verify equal between actual object 'null' and expected object 'Ups! Hubo una falla en la conexión. Por favor, verificá y probá de nuevo.' (Root cause: com.kms.katalon.core.exception.StepFailedException: Actual object 'null' and expected object 'Ups! Hubo una falla en la conexión. Por favor, verificá y probá de nuevo.' are not equal
	at com.kms.katalon.core.keyword.builtin.VerifyEqualKeyword$_verifyEqual_closure1.doCall(VerifyEqualKeyword.groovy:58)
	at com.kms.katalon.core.keyword.builtin.VerifyEqualKeyword$_verifyEqual_closure1.call(VerifyEqualKeyword.groovy)
	at com.kms.katalon.core.keyword.internal.KeywordMain.runKeyword(KeywordMain.groovy:74)
	at com.kms.katalon.core.keyword.builtin.VerifyEqualKeyword.verifyEqual(VerifyEqualKeyword.groovy:63)
	at com.kms.katalon.core.keyword.builtin.VerifyEqualKeyword.execute(VerifyEqualKeyword.groovy:44)
	at com.kms.katalon.core.keyword.internal.KeywordExecutor.executeKeywordForPlatform(KeywordExecutor.groovy:74)
	at com.kms.katalon.core.keyword.BuiltinKeywords.verifyEqual(BuiltinKeywords.groovy:141)
	at 26 Falla de Conexión en la pantalla de Seguridad.run(26 Falla de Conexión en la pantalla de Seguridad:33)
	at com.kms.katalon.core.main.ScriptEngine.run(ScriptEngine.java:194)
	at com.kms.katalon.core.main.ScriptEngine.runScriptAsRawText(ScriptEngine.java:119)
	at com.kms.katalon.core.main.TestCaseExecutor.runScript(TestCaseExecutor.java:445)
	at com.kms.katalon.core.main.TestCaseExecutor.doExecute(TestCaseExecutor.java:436)
	at com.kms.katalon.core.main.TestCaseExecutor.processExecutionPhase(TestCaseExecutor.java:415)
	at com.kms.katalon.core.main.TestCaseExecutor.accessMainPhase(TestCaseExecutor.java:407)
	at com.kms.katalon.core.main.TestCaseExecutor.execute(TestCaseExecutor.java:284)
	at com.kms.katalon.core.common.CommonExecutor.accessTestCaseMainPhase(CommonExecutor.java:65)
	at com.kms.katalon.core.main.TestSuiteExecutor.accessTestSuiteMainPhase(TestSuiteExecutor.java:144)
	at com.kms.katalon.core.main.TestSuiteExecutor.execute(TestSuiteExecutor.java:106)
	at com.kms.katalon.core.main.TestCaseMain.startTestSuite(TestCaseMain.java:185)
	at com.kms.katalon.core.main.TestCaseMain$startTestSuite$0.call(Unknown Source)
	at TempTestSuite1653319818525.run(TempTestSuite1653319818525.groovy:36)
)

2022-05-23 11:36:25 - [MESSAGE][FAILED] - Unable to verify equal between actual object 'null' and expected object 'Ups! Hubo una falla en la conexión. Por favor, verificá y probá de nuevo.' (Root cause: com.kms.katalon.core.exception.StepFailedException: Actual object 'null' and expected object 'Ups! Hubo una falla en la conexión. Por favor, verificá y probá de nuevo.' are not equal
	at com.kms.katalon.core.keyword.builtin.VerifyEqualKeyword$_verifyEqual_closure1.doCall(VerifyEqualKeyword.groovy:58)
	at com.kms.katalon.core.keyword.builtin.VerifyEqualKeyword$_verifyEqual_closure1.call(VerifyEqualKeyword.groovy)
	at com.kms.katalon.core.keyword.internal.KeywordMain.runKeyword(KeywordMain.groovy:74)
	at com.kms.katalon.core.keyword.builtin.VerifyEqualKeyword.verifyEqual(VerifyEqualKeyword.groovy:63)
	at com.kms.katalon.core.keyword.builtin.VerifyEqualKeyword.execute(VerifyEqualKeyword.groovy:44)
	at com.kms.katalon.core.keyword.internal.KeywordExecutor.executeKeywordForPlatform(KeywordExecutor.groovy:74)
	at com.kms.katalon.core.keyword.BuiltinKeywords.verifyEqual(BuiltinKeywords.groovy:141)
	at 26 Falla de Conexión en la pantalla de Seguridad.run(26 Falla de Conexión en la pantalla de Seguridad:33)
	at com.kms.katalon.core.main.ScriptEngine.run(ScriptEngine.java:194)
	at com.kms.katalon.core.main.ScriptEngine.runScriptAsRawText(ScriptEngine.java:119)
	at com.kms.katalon.core.main.TestCaseExecutor.runScript(TestCaseExecutor.java:445)
	at com.kms.katalon.core.main.TestCaseExecutor.doExecute(TestCaseExecutor.java:436)
	at com.kms.katalon.core.main.TestCaseExecutor.processExecutionPhase(TestCaseExecutor.java:415)
	at com.kms.katalon.core.main.TestCaseExecutor.accessMainPhase(TestCaseExecutor.java:407)
	at com.kms.katalon.core.main.TestCaseExecutor.execute(TestCaseExecutor.java:284)
	at com.kms.katalon.core.common.CommonExecutor.accessTestCaseMainPhase(CommonExecutor.java:65)
	at com.kms.katalon.core.main.TestSuiteExecutor.accessTestSuiteMainPhase(TestSuiteExecutor.java:144)
	at com.kms.katalon.core.main.TestSuiteExecutor.execute(TestSuiteExecutor.java:106)
	at com.kms.katalon.core.main.TestCaseMain.startTestSuite(TestCaseMain.java:185)
	at com.kms.katalon.core.main.TestCaseMain$startTestSuite$0.call(Unknown Source)
	at TempTestSuite1653319818525.run(TempTestSuite1653319818525.groovy:36)
)

2022-05-23 11:36:25 - [TEST_STEP][FAILED] - tap(findTestObject("Sprint 1/Soporte/android.widget.Button - ACEPTAR falla de conexion"), 0): Object Object Repository/Sprint 1/Soporte/android.widget.Button - ACEPTAR falla de conexion not found

2022-05-23 11:36:25 - [MESSAGE][WARNING] - Timeout '0' is invalid. Using default page load timeout: '30'

2022-05-23 11:36:55 - [MESSAGE][FAILED] - Object Object Repository/Sprint 1/Soporte/android.widget.Button - ACEPTAR falla de conexion not found]]></system-out>
         <system-err><![CDATA[2022-05-23 11:35:26 - [TEST_CASE][FAILED] - Test Cases/Sprint 1/02HU-Soporte/26 Falla de Conexión en la pantalla de Seguridad: Test Cases/Sprint 1/02HU-Soporte/26 Falla de Conexión en la pantalla de Seguridad FAILED.
Reason:
com.kms.katalon.core.exception.StepFailedException: Cannot toogle airplane mode (Root cause: org.openqa.selenium.WebDriverException: An unknown server-side error occurred while processing the command. Original error: Error executing adbExec. Original error: 'Command 'C:\\Users\\Jose_Arrieta\\AppData\\Local\\Android\\Sdk\\platform-tools\\adb.exe -P 5037 -s 06066331AX013408 shell am broadcast -a android.intent.action.AIRPLANE_MODE --ez state true' exited with code 255'; Command output: Security exception: Permission Denial: not allowed to send broadcast android.intent.action.AIRPLANE_MODE from pid=31083, uid=2000

java.lang.SecurityException: Permission Denial: not allowed to send broadcast android.intent.action.AIRPLANE_MODE from pid=31083, uid=2000
	at com.android.server.am.ActivityManagerService.broadcastIntentLocked(ActivityManagerService.java:16285)
	at com.android.server.am.ActivityManagerService.broadcastIntentLocked(ActivityManagerService.java:16151)
	at com.android.server.am.ActivityManagerService.broadcastIntent(ActivityManagerService.java:16984)
	at com.android.server.am.ActivityManagerShellCommand.runSendBroadcast(ActivityManagerShellCommand.java:768)
	at com.android.server.am.ActivityManagerShellCommand.onCommand(ActivityManagerShellCommand.java:192)
	at android.os.ShellCommand.exec(ShellCommand.java:104)
	at com.android.server.am.ActivityManagerService.onShellCommand(ActivityManagerService.java:10691)
	at android.os.Binder.shellCommand(Binder.java:884)
	at android.os.Binder.onTransact(Binder.java:768)
	at android.app.IActivityManager$Stub.onTransact(IActivityManager.java:4863)
	at com.android.server.am.ActivityManagerService.onTransact(ActivityManagerService.java:3101)
	at android.os.Binder.execTransactInternal(Binder.java:1038)
	at android.os.Binder.execTransact(Binder.java:997)

Build info: version: '3.141.59', revision: 'e82be7d358', time: '2018-11-14T08:25:53'
System info: host: 'JOSE-ARRIETA', ip: '192.168.0.103', os.name: 'Windows 10', os.arch: 'amd64', os.version: '10.0', java.version: '1.8.0_282'
Driver info: com.kms.katalon.core.appium.driver.SwipeableAndroidDriver
Capabilities {app: C:\Users\Jose_Arrieta\Deskt..., appPackage: com.verticalapps.KonyMobile..., autoGrantPermissions: true, automationName: uiautomator2, chromedriverPort: 61862, databaseEnabled: false, desired: {app: C:\Users\Jose_Arrieta\Deskt..., autoGrantPermissions: true, automationName: uiautomator2, chromedriverPort: 61862, deviceId: , deviceName: TECNO MOBILE LIMITED TECNO ..., fullReset: false, newCommandTimeout: 1800, noReset: true, platform: ANDROID, platformName: android, platformVersion: 10, systemPort: 60103, udid: 06066331AX013408}, deviceApiLevel: 29, deviceId: , deviceManufacturer: TECNO MOBILE LIMITED, deviceModel: TECNO KE5k, deviceName: 06066331AX013408, deviceScreenDensity: 320, deviceScreenSize: 720x1600, deviceUDID: 06066331AX013408, fullReset: false, javascriptEnabled: true, locationContextEnabled: false, networkConnectionEnabled: true, newCommandTimeout: 1800, noReset: true, pixelRatio: 2, platform: ANDROID, platformName: Android, platformVersion: 10, statBarHeight: 64, systemPort: 60103, takesScreenshot: true, udid: 06066331AX013408, viewportRect: {height: 1376, left: 0, top: 64, width: 720}, warnings: {}, webStorageEnabled: false}
Session ID: 681c2dc9-f785-49d5-9305-c826d413f2de
	at org.openqa.selenium.remote.http.W3CHttpResponseCodec.createException(W3CHttpResponseCodec.java:187)
	at org.openqa.selenium.remote.http.W3CHttpResponseCodec.decode(W3CHttpResponseCodec.java:122)
	at org.openqa.selenium.remote.http.W3CHttpResponseCodec.decode(W3CHttpResponseCodec.java:49)
	at org.openqa.selenium.remote.HttpCommandExecutor.execute(HttpCommandExecutor.java:158)
	at io.appium.java_client.remote.AppiumCommandExecutor.execute(AppiumCommandExecutor.java:239)
	at org.openqa.selenium.remote.RemoteWebDriver.execute(RemoteWebDriver.java:552)
	at io.appium.java_client.DefaultGenericMobileDriver.execute(DefaultGenericMobileDriver.java:42)
	at io.appium.java_client.AppiumDriver.execute(AppiumDriver.java:1)
	at io.appium.java_client.android.AndroidDriver.execute(AndroidDriver.java:1)
	at com.kms.katalon.core.appium.driver.SwipeableAndroidDriver.execute(SwipeableAndroidDriver.java:1)
	at io.appium.java_client.CommandExecutionHelper.execute(CommandExecutionHelper.java:27)
	at io.appium.java_client.android.connection.HasNetworkConnection.setConnection(HasNetworkConnection.java:34)
	at com.kms.katalon.core.mobile.keyword.builtin.ToggleAirplaneModeKeyword$_toggleAirplaneMode_closure1.doCall(ToggleAirplaneModeKeyword.groovy:64)
	at com.kms.katalon.core.mobile.keyword.builtin.ToggleAirplaneModeKeyword$_toggleAirplaneMode_closure1.call(ToggleAirplaneModeKeyword.groovy)
	at com.kms.katalon.core.mobile.keyword.internal.MobileKeywordMain.runKeyword(MobileKeywordMain.groovy:21)
	at com.kms.katalon.core.mobile.keyword.builtin.ToggleAirplaneModeKeyword.toggleAirplaneMode(ToggleAirplaneModeKeyword.groovy:51)
	at com.kms.katalon.core.mobile.keyword.builtin.ToggleAirplaneModeKeyword.execute(ToggleAirplaneModeKeyword.groovy:46)
	at com.kms.katalon.core.keyword.internal.KeywordExecutor.executeKeywordForPlatform(KeywordExecutor.groovy:74)
	at com.kms.katalon.core.mobile.keyword.MobileBuiltInKeywords.toggleAirplaneMode(MobileBuiltInKeywords.groovy:1167)
	at com.kms.katalon.core.mobile.keyword.MobileBuiltInKeywords$toggleAirplaneMode$3.call(Unknown Source)
	at 26 Falla de Conexión en la pantalla de Seguridad.run(26 Falla de Conexión en la pantalla de Seguridad:26)
	at com.kms.katalon.core.main.ScriptEngine.run(ScriptEngine.java:194)
	at com.kms.katalon.core.main.ScriptEngine.runScriptAsRawText(ScriptEngine.java:119)
	at com.kms.katalon.core.main.TestCaseExecutor.runScript(TestCaseExecutor.java:445)
	at com.kms.katalon.core.main.TestCaseExecutor.doExecute(TestCaseExecutor.java:436)
	at com.kms.katalon.core.main.TestCaseExecutor.processExecutionPhase(TestCaseExecutor.java:415)
	at com.kms.katalon.core.main.TestCaseExecutor.accessMainPhase(TestCaseExecutor.java:407)
	at com.kms.katalon.core.main.TestCaseExecutor.execute(TestCaseExecutor.java:284)
	at com.kms.katalon.core.common.CommonExecutor.accessTestCaseMainPhase(CommonExecutor.java:65)
	at com.kms.katalon.core.main.TestSuiteExecutor.accessTestSuiteMainPhase(TestSuiteExecutor.java:144)
	at com.kms.katalon.core.main.TestSuiteExecutor.execute(TestSuiteExecutor.java:106)
	at com.kms.katalon.core.main.TestCaseMain.startTestSuite(TestCaseMain.java:185)
	at com.kms.katalon.core.main.TestCaseMain$startTestSuite$0.call(Unknown Source)
	at TempTestSuite1653319818525.run(TempTestSuite1653319818525.groovy:36)
)
	at com.kms.katalon.core.keyword.internal.KeywordMain.stepFailed(KeywordMain.groovy:39)
	at com.kms.katalon.core.mobile.keyword.internal.MobileKeywordMain.stepFailed(MobileKeywordMain.groovy:40)
	at com.kms.katalon.core.mobile.keyword.internal.MobileKeywordMain.runKeyword(MobileKeywordMain.groovy:23)
	at com.kms.katalon.core.mobile.keyword.builtin.ToggleAirplaneModeKeyword.toggleAirplaneMode(ToggleAirplaneModeKeyword.groovy:51)
	at com.kms.katalon.core.mobile.keyword.builtin.ToggleAirplaneModeKeyword.execute(ToggleAirplaneModeKeyword.groovy:46)
	at com.kms.katalon.core.keyword.internal.KeywordExecutor.executeKeywordForPlatform(KeywordExecutor.groovy:74)
	at com.kms.katalon.core.mobile.keyword.MobileBuiltInKeywords.toggleAirplaneMode(MobileBuiltInKeywords.groovy:1167)
	at com.kms.katalon.core.mobile.keyword.MobileBuiltInKeywords$toggleAirplaneMode$3.call(Unknown Source)
	at 26 Falla de Conexión en la pantalla de Seguridad.run(26 Falla de Conexión en la pantalla de Seguridad:26)
	at com.kms.katalon.core.main.ScriptEngine.run(ScriptEngine.java:194)
	at com.kms.katalon.core.main.ScriptEngine.runScriptAsRawText(ScriptEngine.java:119)
	at com.kms.katalon.core.main.TestCaseExecutor.runScript(TestCaseExecutor.java:445)
	at com.kms.katalon.core.main.TestCaseExecutor.doExecute(TestCaseExecutor.java:436)
	at com.kms.katalon.core.main.TestCaseExecutor.processExecutionPhase(TestCaseExecutor.java:415)
	at com.kms.katalon.core.main.TestCaseExecutor.accessMainPhase(TestCaseExecutor.java:407)
	at com.kms.katalon.core.main.TestCaseExecutor.execute(TestCaseExecutor.java:284)
	at com.kms.katalon.core.common.CommonExecutor.accessTestCaseMainPhase(CommonExecutor.java:65)
	at com.kms.katalon.core.main.TestSuiteExecutor.accessTestSuiteMainPhase(TestSuiteExecutor.java:144)
	at com.kms.katalon.core.main.TestSuiteExecutor.execute(TestSuiteExecutor.java:106)
	at com.kms.katalon.core.main.TestCaseMain.startTestSuite(TestCaseMain.java:185)
	at com.kms.katalon.core.main.TestCaseMain$startTestSuite$0.call(Unknown Source)
	at TempTestSuite1653319818525.run(TempTestSuite1653319818525.groovy:36)
Caused by: org.openqa.selenium.WebDriverException: An unknown server-side error occurred while processing the command. Original error: Error executing adbExec. Original error: 'Command 'C:\\Users\\Jose_Arrieta\\AppData\\Local\\Android\\Sdk\\platform-tools\\adb.exe -P 5037 -s 06066331AX013408 shell am broadcast -a android.intent.action.AIRPLANE_MODE --ez state true' exited with code 255'; Command output: Security exception: Permission Denial: not allowed to send broadcast android.intent.action.AIRPLANE_MODE from pid=31083, uid=2000

java.lang.SecurityException: Permission Denial: not allowed to send broadcast android.intent.action.AIRPLANE_MODE from pid=31083, uid=2000
	at com.android.server.am.ActivityManagerService.broadcastIntentLocked(ActivityManagerService.java:16285)
	at com.android.server.am.ActivityManagerService.broadcastIntentLocked(ActivityManagerService.java:16151)
	at com.android.server.am.ActivityManagerService.broadcastIntent(ActivityManagerService.java:16984)
	at com.android.server.am.ActivityManagerShellCommand.runSendBroadcast(ActivityManagerShellCommand.java:768)
	at com.android.server.am.ActivityManagerShellCommand.onCommand(ActivityManagerShellCommand.java:192)
	at android.os.ShellCommand.exec(ShellCommand.java:104)
	at com.android.server.am.ActivityManagerService.onShellCommand(ActivityManagerService.java:10691)
	at android.os.Binder.shellCommand(Binder.java:884)
	at android.os.Binder.onTransact(Binder.java:768)
	at android.app.IActivityManager$Stub.onTransact(IActivityManager.java:4863)
	at com.android.server.am.ActivityManagerService.onTransact(ActivityManagerService.java:3101)
	at android.os.Binder.execTransactInternal(Binder.java:1038)
	at android.os.Binder.execTransact(Binder.java:997)

Build info: version: '3.141.59', revision: 'e82be7d358', time: '2018-11-14T08:25:53'
System info: host: 'JOSE-ARRIETA', ip: '192.168.0.103', os.name: 'Windows 10', os.arch: 'amd64', os.version: '10.0', java.version: '1.8.0_282'
Driver info: com.kms.katalon.core.appium.driver.SwipeableAndroidDriver
Capabilities {app: C:\Users\Jose_Arrieta\Deskt..., appPackage: com.verticalapps.KonyMobile..., autoGrantPermissions: true, automationName: uiautomator2, chromedriverPort: 61862, databaseEnabled: false, desired: {app: C:\Users\Jose_Arrieta\Deskt..., autoGrantPermissions: true, automationName: uiautomator2, chromedriverPort: 61862, deviceId: , deviceName: TECNO MOBILE LIMITED TECNO ..., fullReset: false, newCommandTimeout: 1800, noReset: true, platform: ANDROID, platformName: android, platformVersion: 10, systemPort: 60103, udid: 06066331AX013408}, deviceApiLevel: 29, deviceId: , deviceManufacturer: TECNO MOBILE LIMITED, deviceModel: TECNO KE5k, deviceName: 06066331AX013408, deviceScreenDensity: 320, deviceScreenSize: 720x1600, deviceUDID: 06066331AX013408, fullReset: false, javascriptEnabled: true, locationContextEnabled: false, networkConnectionEnabled: true, newCommandTimeout: 1800, noReset: true, pixelRatio: 2, platform: ANDROID, platformName: Android, platformVersion: 10, statBarHeight: 64, systemPort: 60103, takesScreenshot: true, udid: 06066331AX013408, viewportRect: {height: 1376, left: 0, top: 64, width: 720}, warnings: {}, webStorageEnabled: false}
Session ID: 681c2dc9-f785-49d5-9305-c826d413f2de
	at org.openqa.selenium.remote.http.W3CHttpResponseCodec.createException(W3CHttpResponseCodec.java:187)
	at org.openqa.selenium.remote.http.W3CHttpResponseCodec.decode(W3CHttpResponseCodec.java:122)
	at org.openqa.selenium.remote.http.W3CHttpResponseCodec.decode(W3CHttpResponseCodec.java:49)
	at org.openqa.selenium.remote.HttpCommandExecutor.execute(HttpCommandExecutor.java:158)
	at io.appium.java_client.remote.AppiumCommandExecutor.execute(AppiumCommandExecutor.java:239)
	at org.openqa.selenium.remote.RemoteWebDriver.execute(RemoteWebDriver.java:552)
	at io.appium.java_client.DefaultGenericMobileDriver.execute(DefaultGenericMobileDriver.java:42)
	at io.appium.java_client.AppiumDriver.execute(AppiumDriver.java:1)
	at io.appium.java_client.android.AndroidDriver.execute(AndroidDriver.java:1)
	at com.kms.katalon.core.appium.driver.SwipeableAndroidDriver.execute(SwipeableAndroidDriver.java:1)
	at io.appium.java_client.CommandExecutionHelper.execute(CommandExecutionHelper.java:27)
	at io.appium.java_client.android.connection.HasNetworkConnection.setConnection(HasNetworkConnection.java:34)
	at com.kms.katalon.core.mobile.keyword.builtin.ToggleAirplaneModeKeyword$_toggleAirplaneMode_closure1.doCall(ToggleAirplaneModeKeyword.groovy:64)
	at com.kms.katalon.core.mobile.keyword.builtin.ToggleAirplaneModeKeyword$_toggleAirplaneMode_closure1.call(ToggleAirplaneModeKeyword.groovy)
	at com.kms.katalon.core.mobile.keyword.internal.MobileKeywordMain.runKeyword(MobileKeywordMain.groovy:21)
	... 19 more]]></system-err>
      </testcase>
      <system-out><![CDATA[2022-05-23 11:30:21 - [TEST_SUITE][FAILED] - 02 HU- Soporte: Test Cases/Sprint 1/02HU-Soporte/25 Especificaciones funcionales - Falla de conexión en Preguntas Frecuentes y Pantalla Bases y condiciones FAILED.
Reason:
com.kms.katalon.core.exception.StepFailedException: Cannot toogle airplane mode (Root cause: org.openqa.selenium.WebDriverException: An unknown server-side error occurred while processing the command. Original error: Error executing adbExec. Original error: 'Command 'C:\\Users\\Jose_Arrieta\\AppData\\Local\\Android\\Sdk\\platform-tools\\adb.exe -P 5037 -s 06066331AX013408 shell am broadcast -a android.intent.action.AIRPLANE_MODE --ez state true' exited with code 255'; Command output: Security exception: Permission Denial: not allowed to send broadcast android.intent.action.AIRPLANE_MODE from pid=29729, uid=2000

java.lang.SecurityException: Permission Denial: not allowed to send broadcast android.intent.action.AIRPLANE_MODE from pid=29729, uid=2000
	at com.android.server.am.ActivityManagerService.broadcastIntentLocked(ActivityManagerService.java:16285)
	at com.android.server.am.ActivityManagerService.broadcastIntentLocked(ActivityManagerService.java:16151)
	at com.android.server.am.ActivityManagerService.broadcastIntent(ActivityManagerService.java:16984)
	at com.android.server.am.ActivityManagerShellCommand.runSendBroadcast(ActivityManagerShellCommand.java:768)
	at com.android.server.am.ActivityManagerShellCommand.onCommand(ActivityManagerShellCommand.java:192)
	at android.os.ShellCommand.exec(ShellCommand.java:104)
	at com.android.server.am.ActivityManagerService.onShellCommand(ActivityManagerService.java:10691)
	at android.os.Binder.shellCommand(Binder.java:884)
	at android.os.Binder.onTransact(Binder.java:768)
	at android.app.IActivityManager$Stub.onTransact(IActivityManager.java:4863)
	at com.android.server.am.ActivityManagerService.onTransact(ActivityManagerService.java:3101)
	at android.os.Binder.execTransactInternal(Binder.java:1038)
	at android.os.Binder.execTransact(Binder.java:997)

Build info: version: '3.141.59', revision: 'e82be7d358', time: '2018-11-14T08:25:53'
System info: host: 'JOSE-ARRIETA', ip: '192.168.0.103', os.name: 'Windows 10', os.arch: 'amd64', os.version: '10.0', java.version: '1.8.0_282'
Driver info: com.kms.katalon.core.appium.driver.SwipeableAndroidDriver
Capabilities {app: C:\Users\Jose_Arrieta\Deskt..., appPackage: com.verticalapps.KonyMobile..., autoGrantPermissions: true, automationName: uiautomator2, chromedriverPort: 61862, databaseEnabled: false, desired: {app: C:\Users\Jose_Arrieta\Deskt..., autoGrantPermissions: true, automationName: uiautomator2, chromedriverPort: 61862, deviceId: , deviceName: TECNO MOBILE LIMITED TECNO ..., fullReset: false, newCommandTimeout: 1800, noReset: true, platform: ANDROID, platformName: android, platformVersion: 10, systemPort: 59928, udid: 06066331AX013408}, deviceApiLevel: 29, deviceId: , deviceManufacturer: TECNO MOBILE LIMITED, deviceModel: TECNO KE5k, deviceName: 06066331AX013408, deviceScreenDensity: 320, deviceScreenSize: 720x1600, deviceUDID: 06066331AX013408, fullReset: false, javascriptEnabled: true, locationContextEnabled: false, networkConnectionEnabled: true, newCommandTimeout: 1800, noReset: true, pixelRatio: 2, platform: ANDROID, platformName: Android, platformVersion: 10, statBarHeight: 64, systemPort: 59928, takesScreenshot: true, udid: 06066331AX013408, viewportRect: {height: 1376, left: 0, top: 64, width: 720}, warnings: {}, webStorageEnabled: false}
Session ID: 2de8b68c-e28b-4a0e-82d0-41fee8218a1b
	at org.openqa.selenium.remote.http.W3CHttpResponseCodec.createException(W3CHttpResponseCodec.java:187)
	at org.openqa.selenium.remote.http.W3CHttpResponseCodec.decode(W3CHttpResponseCodec.java:122)
	at org.openqa.selenium.remote.http.W3CHttpResponseCodec.decode(W3CHttpResponseCodec.java:49)
	at org.openqa.selenium.remote.HttpCommandExecutor.execute(HttpCommandExecutor.java:158)
	at io.appium.java_client.remote.AppiumCommandExecutor.execute(AppiumCommandExecutor.java:239)
	at org.openqa.selenium.remote.RemoteWebDriver.execute(RemoteWebDriver.java:552)
	at io.appium.java_client.DefaultGenericMobileDriver.execute(DefaultGenericMobileDriver.java:42)
	at io.appium.java_client.AppiumDriver.execute(AppiumDriver.java:1)
	at io.appium.java_client.android.AndroidDriver.execute(AndroidDriver.java:1)
	at com.kms.katalon.core.appium.driver.SwipeableAndroidDriver.execute(SwipeableAndroidDriver.java:1)
	at io.appium.java_client.CommandExecutionHelper.execute(CommandExecutionHelper.java:27)
	at io.appium.java_client.android.connection.HasNetworkConnection.setConnection(HasNetworkConnection.java:34)
	at com.kms.katalon.core.mobile.keyword.builtin.ToggleAirplaneModeKeyword$_toggleAirplaneMode_closure1.doCall(ToggleAirplaneModeKeyword.groovy:64)
	at com.kms.katalon.core.mobile.keyword.builtin.ToggleAirplaneModeKeyword$_toggleAirplaneMode_closure1.call(ToggleAirplaneModeKeyword.groovy)
	at com.kms.katalon.core.mobile.keyword.internal.MobileKeywordMain.runKeyword(MobileKeywordMain.groovy:21)
	at com.kms.katalon.core.mobile.keyword.builtin.ToggleAirplaneModeKeyword.toggleAirplaneMode(ToggleAirplaneModeKeyword.groovy:51)
	at com.kms.katalon.core.mobile.keyword.builtin.ToggleAirplaneModeKeyword.execute(ToggleAirplaneModeKeyword.groovy:46)
	at com.kms.katalon.core.keyword.internal.KeywordExecutor.executeKeywordForPlatform(KeywordExecutor.groovy:74)
	at com.kms.katalon.core.mobile.keyword.MobileBuiltInKeywords.toggleAirplaneMode(MobileBuiltInKeywords.groovy:1167)
	at com.kms.katalon.core.mobile.keyword.MobileBuiltInKeywords$toggleAirplaneMode$3.call(Unknown Source)
	at 25 Especificaciones funcionales - Falla de conexión en Preguntas Frecuentes y Pantalla Bases y condiciones.run(25 Especificaciones funcionales - Falla de conexión en Preguntas Frecuentes y Pantalla Bases y condiciones:26)
	at com.kms.katalon.core.main.ScriptEngine.run(ScriptEngine.java:194)
	at com.kms.katalon.core.main.ScriptEngine.runScriptAsRawText(ScriptEngine.java:119)
	at com.kms.katalon.core.main.TestCaseExecutor.runScript(TestCaseExecutor.java:445)
	at com.kms.katalon.core.main.TestCaseExecutor.doExecute(TestCaseExecutor.java:436)
	at com.kms.katalon.core.main.TestCaseExecutor.processExecutionPhase(TestCaseExecutor.java:415)
	at com.kms.katalon.core.main.TestCaseExecutor.accessMainPhase(TestCaseExecutor.java:407)
	at com.kms.katalon.core.main.TestCaseExecutor.execute(TestCaseExecutor.java:284)
	at com.kms.katalon.core.common.CommonExecutor.accessTestCaseMainPhase(CommonExecutor.java:65)
	at com.kms.katalon.core.main.TestSuiteExecutor.accessTestSuiteMainPhase(TestSuiteExecutor.java:144)
	at com.kms.katalon.core.main.TestSuiteExecutor.execute(TestSuiteExecutor.java:106)
	at com.kms.katalon.core.main.TestCaseMain.startTestSuite(TestCaseMain.java:185)
	at com.kms.katalon.core.main.TestCaseMain$startTestSuite$0.call(Unknown Source)
	at TempTestSuite1653319818525.run(TempTestSuite1653319818525.groovy:36)
)
	at com.kms.katalon.core.keyword.internal.KeywordMain.stepFailed(KeywordMain.groovy:39)
	at com.kms.katalon.core.mobile.keyword.internal.MobileKeywordMain.stepFailed(MobileKeywordMain.groovy:40)
	at com.kms.katalon.core.mobile.keyword.internal.MobileKeywordMain.runKeyword(MobileKeywordMain.groovy:23)
	at com.kms.katalon.core.mobile.keyword.builtin.ToggleAirplaneModeKeyword.toggleAirplaneMode(ToggleAirplaneModeKeyword.groovy:51)
	at com.kms.katalon.core.mobile.keyword.builtin.ToggleAirplaneModeKeyword.execute(ToggleAirplaneModeKeyword.groovy:46)
	at com.kms.katalon.core.keyword.internal.KeywordExecutor.executeKeywordForPlatform(KeywordExecutor.groovy:74)
	at com.kms.katalon.core.mobile.keyword.MobileBuiltInKeywords.toggleAirplaneMode(MobileBuiltInKeywords.groovy:1167)
	at com.kms.katalon.core.mobile.keyword.MobileBuiltInKeywords$toggleAirplaneMode$3.call(Unknown Source)
	at 25 Especificaciones funcionales - Falla de conexión en Preguntas Frecuentes y Pantalla Bases y condiciones.run(25 Especificaciones funcionales - Falla de conexión en Preguntas Frecuentes y Pantalla Bases y condiciones:26)
	at com.kms.katalon.core.main.ScriptEngine.run(ScriptEngine.java:194)
	at com.kms.katalon.core.main.ScriptEngine.runScriptAsRawText(ScriptEngine.java:119)
	at com.kms.katalon.core.main.TestCaseExecutor.runScript(TestCaseExecutor.java:445)
	at com.kms.katalon.core.main.TestCaseExecutor.doExecute(TestCaseExecutor.java:436)
	at com.kms.katalon.core.main.TestCaseExecutor.processExecutionPhase(TestCaseExecutor.java:415)
	at com.kms.katalon.core.main.TestCaseExecutor.accessMainPhase(TestCaseExecutor.java:407)
	at com.kms.katalon.core.main.TestCaseExecutor.execute(TestCaseExecutor.java:284)
	at com.kms.katalon.core.common.CommonExecutor.accessTestCaseMainPhase(CommonExecutor.java:65)
	at com.kms.katalon.core.main.TestSuiteExecutor.accessTestSuiteMainPhase(TestSuiteExecutor.java:144)
	at com.kms.katalon.core.main.TestSuiteExecutor.execute(TestSuiteExecutor.java:106)
	at com.kms.katalon.core.main.TestCaseMain.startTestSuite(TestCaseMain.java:185)
	at com.kms.katalon.core.main.TestCaseMain$startTestSuite$0.call(Unknown Source)
	at TempTestSuite1653319818525.run(TempTestSuite1653319818525.groovy:36)
Caused by: org.openqa.selenium.WebDriverException: An unknown server-side error occurred while processing the command. Original error: Error executing adbExec. Original error: 'Command 'C:\\Users\\Jose_Arrieta\\AppData\\Local\\Android\\Sdk\\platform-tools\\adb.exe -P 5037 -s 06066331AX013408 shell am broadcast -a android.intent.action.AIRPLANE_MODE --ez state true' exited with code 255'; Command output: Security exception: Permission Denial: not allowed to send broadcast android.intent.action.AIRPLANE_MODE from pid=29729, uid=2000

java.lang.SecurityException: Permission Denial: not allowed to send broadcast android.intent.action.AIRPLANE_MODE from pid=29729, uid=2000
	at com.android.server.am.ActivityManagerService.broadcastIntentLocked(ActivityManagerService.java:16285)
	at com.android.server.am.ActivityManagerService.broadcastIntentLocked(ActivityManagerService.java:16151)
	at com.android.server.am.ActivityManagerService.broadcastIntent(ActivityManagerService.java:16984)
	at com.android.server.am.ActivityManagerShellCommand.runSendBroadcast(ActivityManagerShellCommand.java:768)
	at com.android.server.am.ActivityManagerShellCommand.onCommand(ActivityManagerShellCommand.java:192)
	at android.os.ShellCommand.exec(ShellCommand.java:104)
	at com.android.server.am.ActivityManagerService.onShellCommand(ActivityManagerService.java:10691)
	at android.os.Binder.shellCommand(Binder.java:884)
	at android.os.Binder.onTransact(Binder.java:768)
	at android.app.IActivityManager$Stub.onTransact(IActivityManager.java:4863)
	at com.android.server.am.ActivityManagerService.onTransact(ActivityManagerService.java:3101)
	at android.os.Binder.execTransactInternal(Binder.java:1038)
	at android.os.Binder.execTransact(Binder.java:997)

Build info: version: '3.141.59', revision: 'e82be7d358', time: '2018-11-14T08:25:53'
System info: host: 'JOSE-ARRIETA', ip: '192.168.0.103', os.name: 'Windows 10', os.arch: 'amd64', os.version: '10.0', java.version: '1.8.0_282'
Driver info: com.kms.katalon.core.appium.driver.SwipeableAndroidDriver
Capabilities {app: C:\Users\Jose_Arrieta\Deskt..., appPackage: com.verticalapps.KonyMobile..., autoGrantPermissions: true, automationName: uiautomator2, chromedriverPort: 61862, databaseEnabled: false, desired: {app: C:\Users\Jose_Arrieta\Deskt..., autoGrantPermissions: true, automationName: uiautomator2, chromedriverPort: 61862, deviceId: , deviceName: TECNO MOBILE LIMITED TECNO ..., fullReset: false, newCommandTimeout: 1800, noReset: true, platform: ANDROID, platformName: android, platformVersion: 10, systemPort: 59928, udid: 06066331AX013408}, deviceApiLevel: 29, deviceId: , deviceManufacturer: TECNO MOBILE LIMITED, deviceModel: TECNO KE5k, deviceName: 06066331AX013408, deviceScreenDensity: 320, deviceScreenSize: 720x1600, deviceUDID: 06066331AX013408, fullReset: false, javascriptEnabled: true, locationContextEnabled: false, networkConnectionEnabled: true, newCommandTimeout: 1800, noReset: true, pixelRatio: 2, platform: ANDROID, platformName: Android, platformVersion: 10, statBarHeight: 64, systemPort: 59928, takesScreenshot: true, udid: 06066331AX013408, viewportRect: {height: 1376, left: 0, top: 64, width: 720}, warnings: {}, webStorageEnabled: false}
Session ID: 2de8b68c-e28b-4a0e-82d0-41fee8218a1b
	at org.openqa.selenium.remote.http.W3CHttpResponseCodec.createException(W3CHttpResponseCodec.java:187)
	at org.openqa.selenium.remote.http.W3CHttpResponseCodec.decode(W3CHttpResponseCodec.java:122)
	at org.openqa.selenium.remote.http.W3CHttpResponseCodec.decode(W3CHttpResponseCodec.java:49)
	at org.openqa.selenium.remote.HttpCommandExecutor.execute(HttpCommandExecutor.java:158)
	at io.appium.java_client.remote.AppiumCommandExecutor.execute(AppiumCommandExecutor.java:239)
	at org.openqa.selenium.remote.RemoteWebDriver.execute(RemoteWebDriver.java:552)
	at io.appium.java_client.DefaultGenericMobileDriver.execute(DefaultGenericMobileDriver.java:42)
	at io.appium.java_client.AppiumDriver.execute(AppiumDriver.java:1)
	at io.appium.java_client.android.AndroidDriver.execute(AndroidDriver.java:1)
	at com.kms.katalon.core.appium.driver.SwipeableAndroidDriver.execute(SwipeableAndroidDriver.java:1)
	at io.appium.java_client.CommandExecutionHelper.execute(CommandExecutionHelper.java:27)
	at io.appium.java_client.android.connection.HasNetworkConnection.setConnection(HasNetworkConnection.java:34)
	at com.kms.katalon.core.mobile.keyword.builtin.ToggleAirplaneModeKeyword$_toggleAirplaneMode_closure1.doCall(ToggleAirplaneModeKeyword.groovy:64)
	at com.kms.katalon.core.mobile.keyword.builtin.ToggleAirplaneModeKeyword$_toggleAirplaneMode_closure1.call(ToggleAirplaneModeKeyword.groovy)
	at com.kms.katalon.core.mobile.keyword.internal.MobileKeywordMain.runKeyword(MobileKeywordMain.groovy:21)
	... 19 more]]></system-out>
      <system-err><![CDATA[2022-05-23 11:30:21 - [TEST_SUITE][FAILED] - 02 HU- Soporte: Test Cases/Sprint 1/02HU-Soporte/25 Especificaciones funcionales - Falla de conexión en Preguntas Frecuentes y Pantalla Bases y condiciones FAILED.
Reason:
com.kms.katalon.core.exception.StepFailedException: Cannot toogle airplane mode (Root cause: org.openqa.selenium.WebDriverException: An unknown server-side error occurred while processing the command. Original error: Error executing adbExec. Original error: 'Command 'C:\\Users\\Jose_Arrieta\\AppData\\Local\\Android\\Sdk\\platform-tools\\adb.exe -P 5037 -s 06066331AX013408 shell am broadcast -a android.intent.action.AIRPLANE_MODE --ez state true' exited with code 255'; Command output: Security exception: Permission Denial: not allowed to send broadcast android.intent.action.AIRPLANE_MODE from pid=29729, uid=2000

java.lang.SecurityException: Permission Denial: not allowed to send broadcast android.intent.action.AIRPLANE_MODE from pid=29729, uid=2000
	at com.android.server.am.ActivityManagerService.broadcastIntentLocked(ActivityManagerService.java:16285)
	at com.android.server.am.ActivityManagerService.broadcastIntentLocked(ActivityManagerService.java:16151)
	at com.android.server.am.ActivityManagerService.broadcastIntent(ActivityManagerService.java:16984)
	at com.android.server.am.ActivityManagerShellCommand.runSendBroadcast(ActivityManagerShellCommand.java:768)
	at com.android.server.am.ActivityManagerShellCommand.onCommand(ActivityManagerShellCommand.java:192)
	at android.os.ShellCommand.exec(ShellCommand.java:104)
	at com.android.server.am.ActivityManagerService.onShellCommand(ActivityManagerService.java:10691)
	at android.os.Binder.shellCommand(Binder.java:884)
	at android.os.Binder.onTransact(Binder.java:768)
	at android.app.IActivityManager$Stub.onTransact(IActivityManager.java:4863)
	at com.android.server.am.ActivityManagerService.onTransact(ActivityManagerService.java:3101)
	at android.os.Binder.execTransactInternal(Binder.java:1038)
	at android.os.Binder.execTransact(Binder.java:997)

Build info: version: '3.141.59', revision: 'e82be7d358', time: '2018-11-14T08:25:53'
System info: host: 'JOSE-ARRIETA', ip: '192.168.0.103', os.name: 'Windows 10', os.arch: 'amd64', os.version: '10.0', java.version: '1.8.0_282'
Driver info: com.kms.katalon.core.appium.driver.SwipeableAndroidDriver
Capabilities {app: C:\Users\Jose_Arrieta\Deskt..., appPackage: com.verticalapps.KonyMobile..., autoGrantPermissions: true, automationName: uiautomator2, chromedriverPort: 61862, databaseEnabled: false, desired: {app: C:\Users\Jose_Arrieta\Deskt..., autoGrantPermissions: true, automationName: uiautomator2, chromedriverPort: 61862, deviceId: , deviceName: TECNO MOBILE LIMITED TECNO ..., fullReset: false, newCommandTimeout: 1800, noReset: true, platform: ANDROID, platformName: android, platformVersion: 10, systemPort: 59928, udid: 06066331AX013408}, deviceApiLevel: 29, deviceId: , deviceManufacturer: TECNO MOBILE LIMITED, deviceModel: TECNO KE5k, deviceName: 06066331AX013408, deviceScreenDensity: 320, deviceScreenSize: 720x1600, deviceUDID: 06066331AX013408, fullReset: false, javascriptEnabled: true, locationContextEnabled: false, networkConnectionEnabled: true, newCommandTimeout: 1800, noReset: true, pixelRatio: 2, platform: ANDROID, platformName: Android, platformVersion: 10, statBarHeight: 64, systemPort: 59928, takesScreenshot: true, udid: 06066331AX013408, viewportRect: {height: 1376, left: 0, top: 64, width: 720}, warnings: {}, webStorageEnabled: false}
Session ID: 2de8b68c-e28b-4a0e-82d0-41fee8218a1b
	at org.openqa.selenium.remote.http.W3CHttpResponseCodec.createException(W3CHttpResponseCodec.java:187)
	at org.openqa.selenium.remote.http.W3CHttpResponseCodec.decode(W3CHttpResponseCodec.java:122)
	at org.openqa.selenium.remote.http.W3CHttpResponseCodec.decode(W3CHttpResponseCodec.java:49)
	at org.openqa.selenium.remote.HttpCommandExecutor.execute(HttpCommandExecutor.java:158)
	at io.appium.java_client.remote.AppiumCommandExecutor.execute(AppiumCommandExecutor.java:239)
	at org.openqa.selenium.remote.RemoteWebDriver.execute(RemoteWebDriver.java:552)
	at io.appium.java_client.DefaultGenericMobileDriver.execute(DefaultGenericMobileDriver.java:42)
	at io.appium.java_client.AppiumDriver.execute(AppiumDriver.java:1)
	at io.appium.java_client.android.AndroidDriver.execute(AndroidDriver.java:1)
	at com.kms.katalon.core.appium.driver.SwipeableAndroidDriver.execute(SwipeableAndroidDriver.java:1)
	at io.appium.java_client.CommandExecutionHelper.execute(CommandExecutionHelper.java:27)
	at io.appium.java_client.android.connection.HasNetworkConnection.setConnection(HasNetworkConnection.java:34)
	at com.kms.katalon.core.mobile.keyword.builtin.ToggleAirplaneModeKeyword$_toggleAirplaneMode_closure1.doCall(ToggleAirplaneModeKeyword.groovy:64)
	at com.kms.katalon.core.mobile.keyword.builtin.ToggleAirplaneModeKeyword$_toggleAirplaneMode_closure1.call(ToggleAirplaneModeKeyword.groovy)
	at com.kms.katalon.core.mobile.keyword.internal.MobileKeywordMain.runKeyword(MobileKeywordMain.groovy:21)
	at com.kms.katalon.core.mobile.keyword.builtin.ToggleAirplaneModeKeyword.toggleAirplaneMode(ToggleAirplaneModeKeyword.groovy:51)
	at com.kms.katalon.core.mobile.keyword.builtin.ToggleAirplaneModeKeyword.execute(ToggleAirplaneModeKeyword.groovy:46)
	at com.kms.katalon.core.keyword.internal.KeywordExecutor.executeKeywordForPlatform(KeywordExecutor.groovy:74)
	at com.kms.katalon.core.mobile.keyword.MobileBuiltInKeywords.toggleAirplaneMode(MobileBuiltInKeywords.groovy:1167)
	at com.kms.katalon.core.mobile.keyword.MobileBuiltInKeywords$toggleAirplaneMode$3.call(Unknown Source)
	at 25 Especificaciones funcionales - Falla de conexión en Preguntas Frecuentes y Pantalla Bases y condiciones.run(25 Especificaciones funcionales - Falla de conexión en Preguntas Frecuentes y Pantalla Bases y condiciones:26)
	at com.kms.katalon.core.main.ScriptEngine.run(ScriptEngine.java:194)
	at com.kms.katalon.core.main.ScriptEngine.runScriptAsRawText(ScriptEngine.java:119)
	at com.kms.katalon.core.main.TestCaseExecutor.runScript(TestCaseExecutor.java:445)
	at com.kms.katalon.core.main.TestCaseExecutor.doExecute(TestCaseExecutor.java:436)
	at com.kms.katalon.core.main.TestCaseExecutor.processExecutionPhase(TestCaseExecutor.java:415)
	at com.kms.katalon.core.main.TestCaseExecutor.accessMainPhase(TestCaseExecutor.java:407)
	at com.kms.katalon.core.main.TestCaseExecutor.execute(TestCaseExecutor.java:284)
	at com.kms.katalon.core.common.CommonExecutor.accessTestCaseMainPhase(CommonExecutor.java:65)
	at com.kms.katalon.core.main.TestSuiteExecutor.accessTestSuiteMainPhase(TestSuiteExecutor.java:144)
	at com.kms.katalon.core.main.TestSuiteExecutor.execute(TestSuiteExecutor.java:106)
	at com.kms.katalon.core.main.TestCaseMain.startTestSuite(TestCaseMain.java:185)
	at com.kms.katalon.core.main.TestCaseMain$startTestSuite$0.call(Unknown Source)
	at TempTestSuite1653319818525.run(TempTestSuite1653319818525.groovy:36)
)
	at com.kms.katalon.core.keyword.internal.KeywordMain.stepFailed(KeywordMain.groovy:39)
	at com.kms.katalon.core.mobile.keyword.internal.MobileKeywordMain.stepFailed(MobileKeywordMain.groovy:40)
	at com.kms.katalon.core.mobile.keyword.internal.MobileKeywordMain.runKeyword(MobileKeywordMain.groovy:23)
	at com.kms.katalon.core.mobile.keyword.builtin.ToggleAirplaneModeKeyword.toggleAirplaneMode(ToggleAirplaneModeKeyword.groovy:51)
	at com.kms.katalon.core.mobile.keyword.builtin.ToggleAirplaneModeKeyword.execute(ToggleAirplaneModeKeyword.groovy:46)
	at com.kms.katalon.core.keyword.internal.KeywordExecutor.executeKeywordForPlatform(KeywordExecutor.groovy:74)
	at com.kms.katalon.core.mobile.keyword.MobileBuiltInKeywords.toggleAirplaneMode(MobileBuiltInKeywords.groovy:1167)
	at com.kms.katalon.core.mobile.keyword.MobileBuiltInKeywords$toggleAirplaneMode$3.call(Unknown Source)
	at 25 Especificaciones funcionales - Falla de conexión en Preguntas Frecuentes y Pantalla Bases y condiciones.run(25 Especificaciones funcionales - Falla de conexión en Preguntas Frecuentes y Pantalla Bases y condiciones:26)
	at com.kms.katalon.core.main.ScriptEngine.run(ScriptEngine.java:194)
	at com.kms.katalon.core.main.ScriptEngine.runScriptAsRawText(ScriptEngine.java:119)
	at com.kms.katalon.core.main.TestCaseExecutor.runScript(TestCaseExecutor.java:445)
	at com.kms.katalon.core.main.TestCaseExecutor.doExecute(TestCaseExecutor.java:436)
	at com.kms.katalon.core.main.TestCaseExecutor.processExecutionPhase(TestCaseExecutor.java:415)
	at com.kms.katalon.core.main.TestCaseExecutor.accessMainPhase(TestCaseExecutor.java:407)
	at com.kms.katalon.core.main.TestCaseExecutor.execute(TestCaseExecutor.java:284)
	at com.kms.katalon.core.common.CommonExecutor.accessTestCaseMainPhase(CommonExecutor.java:65)
	at com.kms.katalon.core.main.TestSuiteExecutor.accessTestSuiteMainPhase(TestSuiteExecutor.java:144)
	at com.kms.katalon.core.main.TestSuiteExecutor.execute(TestSuiteExecutor.java:106)
	at com.kms.katalon.core.main.TestCaseMain.startTestSuite(TestCaseMain.java:185)
	at com.kms.katalon.core.main.TestCaseMain$startTestSuite$0.call(Unknown Source)
	at TempTestSuite1653319818525.run(TempTestSuite1653319818525.groovy:36)
Caused by: org.openqa.selenium.WebDriverException: An unknown server-side error occurred while processing the command. Original error: Error executing adbExec. Original error: 'Command 'C:\\Users\\Jose_Arrieta\\AppData\\Local\\Android\\Sdk\\platform-tools\\adb.exe -P 5037 -s 06066331AX013408 shell am broadcast -a android.intent.action.AIRPLANE_MODE --ez state true' exited with code 255'; Command output: Security exception: Permission Denial: not allowed to send broadcast android.intent.action.AIRPLANE_MODE from pid=29729, uid=2000

java.lang.SecurityException: Permission Denial: not allowed to send broadcast android.intent.action.AIRPLANE_MODE from pid=29729, uid=2000
	at com.android.server.am.ActivityManagerService.broadcastIntentLocked(ActivityManagerService.java:16285)
	at com.android.server.am.ActivityManagerService.broadcastIntentLocked(ActivityManagerService.java:16151)
	at com.android.server.am.ActivityManagerService.broadcastIntent(ActivityManagerService.java:16984)
	at com.android.server.am.ActivityManagerShellCommand.runSendBroadcast(ActivityManagerShellCommand.java:768)
	at com.android.server.am.ActivityManagerShellCommand.onCommand(ActivityManagerShellCommand.java:192)
	at android.os.ShellCommand.exec(ShellCommand.java:104)
	at com.android.server.am.ActivityManagerService.onShellCommand(ActivityManagerService.java:10691)
	at android.os.Binder.shellCommand(Binder.java:884)
	at android.os.Binder.onTransact(Binder.java:768)
	at android.app.IActivityManager$Stub.onTransact(IActivityManager.java:4863)
	at com.android.server.am.ActivityManagerService.onTransact(ActivityManagerService.java:3101)
	at android.os.Binder.execTransactInternal(Binder.java:1038)
	at android.os.Binder.execTransact(Binder.java:997)

Build info: version: '3.141.59', revision: 'e82be7d358', time: '2018-11-14T08:25:53'
System info: host: 'JOSE-ARRIETA', ip: '192.168.0.103', os.name: 'Windows 10', os.arch: 'amd64', os.version: '10.0', java.version: '1.8.0_282'
Driver info: com.kms.katalon.core.appium.driver.SwipeableAndroidDriver
Capabilities {app: C:\Users\Jose_Arrieta\Deskt..., appPackage: com.verticalapps.KonyMobile..., autoGrantPermissions: true, automationName: uiautomator2, chromedriverPort: 61862, databaseEnabled: false, desired: {app: C:\Users\Jose_Arrieta\Deskt..., autoGrantPermissions: true, automationName: uiautomator2, chromedriverPort: 61862, deviceId: , deviceName: TECNO MOBILE LIMITED TECNO ..., fullReset: false, newCommandTimeout: 1800, noReset: true, platform: ANDROID, platformName: android, platformVersion: 10, systemPort: 59928, udid: 06066331AX013408}, deviceApiLevel: 29, deviceId: , deviceManufacturer: TECNO MOBILE LIMITED, deviceModel: TECNO KE5k, deviceName: 06066331AX013408, deviceScreenDensity: 320, deviceScreenSize: 720x1600, deviceUDID: 06066331AX013408, fullReset: false, javascriptEnabled: true, locationContextEnabled: false, networkConnectionEnabled: true, newCommandTimeout: 1800, noReset: true, pixelRatio: 2, platform: ANDROID, platformName: Android, platformVersion: 10, statBarHeight: 64, systemPort: 59928, takesScreenshot: true, udid: 06066331AX013408, viewportRect: {height: 1376, left: 0, top: 64, width: 720}, warnings: {}, webStorageEnabled: false}
Session ID: 2de8b68c-e28b-4a0e-82d0-41fee8218a1b
	at org.openqa.selenium.remote.http.W3CHttpResponseCodec.createException(W3CHttpResponseCodec.java:187)
	at org.openqa.selenium.remote.http.W3CHttpResponseCodec.decode(W3CHttpResponseCodec.java:122)
	at org.openqa.selenium.remote.http.W3CHttpResponseCodec.decode(W3CHttpResponseCodec.java:49)
	at org.openqa.selenium.remote.HttpCommandExecutor.execute(HttpCommandExecutor.java:158)
	at io.appium.java_client.remote.AppiumCommandExecutor.execute(AppiumCommandExecutor.java:239)
	at org.openqa.selenium.remote.RemoteWebDriver.execute(RemoteWebDriver.java:552)
	at io.appium.java_client.DefaultGenericMobileDriver.execute(DefaultGenericMobileDriver.java:42)
	at io.appium.java_client.AppiumDriver.execute(AppiumDriver.java:1)
	at io.appium.java_client.android.AndroidDriver.execute(AndroidDriver.java:1)
	at com.kms.katalon.core.appium.driver.SwipeableAndroidDriver.execute(SwipeableAndroidDriver.java:1)
	at io.appium.java_client.CommandExecutionHelper.execute(CommandExecutionHelper.java:27)
	at io.appium.java_client.android.connection.HasNetworkConnection.setConnection(HasNetworkConnection.java:34)
	at com.kms.katalon.core.mobile.keyword.builtin.ToggleAirplaneModeKeyword$_toggleAirplaneMode_closure1.doCall(ToggleAirplaneModeKeyword.groovy:64)
	at com.kms.katalon.core.mobile.keyword.builtin.ToggleAirplaneModeKeyword$_toggleAirplaneMode_closure1.call(ToggleAirplaneModeKeyword.groovy)
	at com.kms.katalon.core.mobile.keyword.internal.MobileKeywordMain.runKeyword(MobileKeywordMain.groovy:21)
	... 19 more]]></system-err>
   </testsuite>
</testsuites>
